<?xml version="1.0" encoding="UTF-8"?>
<testsuite xmlns:xsi="http://www.w3.org/2001/XMLSchema-instance" xsi:noNamespaceSchemaLocation="https://maven.apache.org/surefire/maven-surefire-plugin/xsd/surefire-test-report-3.0.xsd" version="3.0" name="TestSuite" time="117.28" tests="7" errors="0" skipped="0" failures="7">
  <properties>
    <property name="appender.console.type" value="Console"/>
    <property name="cucumber.publish.quiet" value="true"/>
    <property name="appender.console.layout.pattern" value="%highlight{[%p]}{FATAL=red blink, ERROR=red bold, WARN=yellow bold, INFO=fg_#0060a8 bold, DEBUG=fg_#43b02a bold, TRACE=black} %style{%m }%style{| %-logger}{bright_black} %style{- %-thread}{bright_black} %style{- %d{hh:mm:ss a}}{bright_black} %n"/>
    <property name="java.specification.version" value="17"/>
    <property name="sun.cpu.isalist" value="amd64"/>
    <property name="capabilities.appiumVersion" value=""/>
    <property name="sun.jnu.encoding" value="Cp1252"/>
    <property name="setPreserveOrder" value="true"/>
    <property name="sun.arch.data.model" value="64"/>
    <property name="disableLogging" value="false"/>
    <property name="java.vendor.url" value="http://www.azul.com/"/>
    <property name="logger.app.level" value="WARN"/>
    <property name="cucumber.filter.name" value=""/>
    <property name="sun.boot.library.path" value="C:\Users\haide\OneDrive\Documents\NetBeansJDKs\zulu17.42.19-ca-jdk17.0.7-win_x64_1\zulu17.42.19-ca-jdk17.0.7-win_x64\bin"/>
    <property name="sun.java.command" value="C:\Users\haide\AppData\Local\Temp\surefire10779266853951070629\surefirebooter-20230501124917596_3.jar C:\Users\haide\AppData\Local\Temp\surefire10779266853951070629 2023-05-01T12-49-17_391-jvmRun1 surefire-20230501124917596_1tmp surefire_0-20230501124917596_2tmp"/>
    <property name="jdk.debug" value="release"/>
    <property name="appender.console.filter.threshold.type" value="ThresholdFilter"/>
    <property name="java.specification.vendor" value="Oracle Corporation"/>
    <property name="java.version.date" value="2023-04-18"/>
    <property name="java.home" value="C:\Users\haide\OneDrive\Documents\NetBeansJDKs\zulu17.42.19-ca-jdk17.0.7-win_x64_1\zulu17.42.19-ca-jdk17.0.7-win_x64"/>
    <property name="testng.dtd.http" value="true"/>
    <property name="basedir" value="C:\Users\haide\Desktop\Shaft Example"/>
    <property name="file.separator" value="\"/>
    <property name="java.vm.compressedOopsMode" value="Zero based"/>
    <property name="line.separator" value="&#10;"/>
    <property name="java.vm.specification.vendor" value="Oracle Corporation"/>
    <property name="java.specification.name" value="Java Platform API Specification"/>
    <property name="appender.file.layout.pattern" value="[%-5level] %d{yyyy-MM-dd HH:mm:ss.SSS} [%t] %c{1} - %msg%n"/>
    <property name="cucumber.object-factory" value=""/>
    <property name="targetOperatingSystem" value="WINDOWS"/>
    <property name="rootLogger" value="debug, STDOUT, LOGFILE"/>
    <property name="user.script" value=""/>
    <property name="appender.file.layout.type" value="PatternLayout"/>
    <property name="sun.management.compiler" value="HotSpot 64-Bit Tiered Compilers"/>
    <property name="java.runtime.version" value="17.0.7+7-LTS"/>
    <property name="appender.file.fileName" value="target/logs/log4j.log"/>
    <property name="user.name" value="Haiden"/>
    <property name="file.encoding" value="Cp1252"/>
    <property name="capabilities.deviceQuery" value=""/>
    <property name="java.vendor.version" value="Zulu17.42+19-CA"/>
    <property name="appender.file.filter.threshold.type" value="ThresholdFilter"/>
    <property name="localRepository" value="C:\Users\haide\.m2\repository"/>
    <property name="java.io.tmpdir" value="C:\Users\haide\AppData\Local\Temp\"/>
    <property name="capabilities.accessKey" value=""/>
    <property name="java.version" value="17.0.7"/>
    <property name="java.vm.specification.name" value="Java Virtual Machine Specification"/>
    <property name="sun.os.patch.level" value=""/>
    <property name="native.encoding" value="Cp1252"/>
    <property name="java.library.path" value="C:\Users\haide\OneDrive\Documents\NetBeansJDKs\zulu17.42.19-ca-jdk17.0.7-win_x64_1\zulu17.42.19-ca-jdk17.0.7-win_x64\bin;C:\WINDOWS\Sun\Java\bin;C:\WINDOWS\system32;C:\WINDOWS;C:\Program Files\Eclipse Adoptium\jdk-17.0.4.101-hotspot\bin;C:\Program Files\Common Files\Oracle\Java\javapath;C:\Program Files (x86)\Common Files\Oracle\Java\javapath;C:\Windows\system32;C:\Windows;C:\Windows\System32\Wbem;C:\Windows\System32\WindowsPowerShell\v1.0\;C:\Windows\System32\OpenSSH\;C:\Program Files\NVIDIA Corporation\NVIDIA NvDLISR;C:\Program Files (x86)\NVIDIA Corporation\PhysX\Common;C:\WINDOWS\system32;C:\WINDOWS;C:\WINDOWS\System32\Wbem;C:\WINDOWS\System32\WindowsPowerShell\v1.0\;C:\WINDOWS\System32\OpenSSH\;C:\Program Files\dotnet\;D:\Games\Unknown-Horizons\python\Lib\site-packages\fife;C:\Program Files\Csound6_x64\bin;C:\ProgramData\chocolatey\bin;C:\Program Files\VSCodium\bin;C:\Program Files\nodejs\;C:\Program Files\LinuxSampler;C:\Program Files\LinuxSampler\64;C:\Program Files\LinuxSampler\32;C:\Program Files\Airshipper\;C:\Program Files\Git\cmd;C:\Users\haide\AppData\Local\Programs\Python\Python311\Scripts\;C:\Users\haide\AppData\Local\Programs\Python\Python311\;C:\Users\haide\AppData\Local\Programs\Python\Python37-32\Scripts\;C:\Users\haide\AppData\Local\Programs\Python\Python37-32\;C:\Users\haide\scoop\shims;C:\Users\haide\AppData\Local\Microsoft\WindowsApps;C:\Windows\SysWow64\;C:\Users\haide\.dotnet\tools;C:\Users\haide\AppData\Local\Microsoft\WindowsApps;C:\Users\haide\AppData\Roaming\npm;C:\Program Files\TestProject Agent;C:\Users\haide\AppData\Local\Programs\VSCodium\bin;."/>
    <property name="CUCUMBER_PUBLISH_ENABLED" value="false"/>
    <property name="java.vendor" value="Azul Systems, Inc."/>
    <property name="cucumber.execution.strict" value="true"/>
    <property name="sun.io.unicode.encoding" value="UnicodeLittle"/>
    <property name="cucumber.features" value="src/test/resources"/>
    <property name="appender.console.filter.threshold.level" value="info"/>
    <property name="webdriver.chrome.driver" value="C:\Users\haide\.cache\selenium\chromedriver\win32\112.0.5615.49\chromedriver.exe"/>
    <property name="sun.awt.enableExtraMouseButtons" value="true"/>
    <property name="java.class.path" value="C:\Users\haide\Desktop\Shaft Example\target\test-classes;C:\Users\haide\Desktop\Shaft Example\target\classes;C:\Users\haide\.m2\repository\io\github\shafthq\SHAFT_ENGINE\7.2.20230425\SHAFT_ENGINE-7.2.20230425.jar;C:\Users\haide\.m2\repository\org\testng\testng\7.7.1\testng-7.7.1.jar;C:\Users\haide\.m2\repository\com\beust\jcommander\1.82\jcommander-1.82.jar;C:\Users\haide\.m2\repository\org\webjars\jquery\3.6.1\jquery-3.6.1.jar;C:\Users\haide\.m2\repository\org\seleniumhq\selenium\selenium-java\4.9.0\selenium-java-4.9.0.jar;C:\Users\haide\.m2\repository\org\seleniumhq\selenium\selenium-api\4.9.0\selenium-api-4.9.0.jar;C:\Users\haide\.m2\repository\org\seleniumhq\selenium\selenium-chrome-driver\4.9.0\selenium-chrome-driver-4.9.0.jar;C:\Users\haide\.m2\repository\org\seleniumhq\selenium\selenium-chromium-driver\4.9.0\selenium-chromium-driver-4.9.0.jar;C:\Users\haide\.m2\repository\org\seleniumhq\selenium\selenium-json\4.9.0\selenium-json-4.9.0.jar;C:\Users\haide\.m2\repository\org\seleniumhq\selenium\selenium-manager\4.9.0\selenium-manager-4.9.0.jar;C:\Users\haide\.m2\repository\org\seleniumhq\selenium\selenium-devtools-v110\4.9.0\selenium-devtools-v110-4.9.0.jar;C:\Users\haide\.m2\repository\org\seleniumhq\selenium\selenium-devtools-v111\4.9.0\selenium-devtools-v111-4.9.0.jar;C:\Users\haide\.m2\repository\org\seleniumhq\selenium\selenium-devtools-v112\4.9.0\selenium-devtools-v112-4.9.0.jar;C:\Users\haide\.m2\repository\org\seleniumhq\selenium\selenium-devtools-v85\4.9.0\selenium-devtools-v85-4.9.0.jar;C:\Users\haide\.m2\repository\org\seleniumhq\selenium\selenium-edge-driver\4.9.0\selenium-edge-driver-4.9.0.jar;C:\Users\haide\.m2\repository\org\seleniumhq\selenium\selenium-firefox-driver\4.9.0\selenium-firefox-driver-4.9.0.jar;C:\Users\haide\.m2\repository\org\seleniumhq\selenium\selenium-ie-driver\4.9.0\selenium-ie-driver-4.9.0.jar;C:\Users\haide\.m2\repository\org\seleniumhq\selenium\selenium-remote-driver\4.9.0\selenium-remote-driver-4.9.0.jar;C:\Users\haide\.m2\repository\io\netty\netty-codec-http\4.1.91.Final\netty-codec-http-4.1.91.Final.jar;C:\Users\haide\.m2\repository\io\netty\netty-transport-classes-epoll\4.1.91.Final\netty-transport-classes-epoll-4.1.91.Final.jar;C:\Users\haide\.m2\repository\io\netty\netty-transport-classes-kqueue\4.1.91.Final\netty-transport-classes-kqueue-4.1.91.Final.jar;C:\Users\haide\.m2\repository\io\netty\netty-transport-native-epoll\4.1.91.Final\netty-transport-native-epoll-4.1.91.Final.jar;C:\Users\haide\.m2\repository\io\netty\netty-transport-native-kqueue\4.1.91.Final\netty-transport-native-kqueue-4.1.91.Final.jar;C:\Users\haide\.m2\repository\io\opentelemetry\opentelemetry-api\1.25.0\opentelemetry-api-1.25.0.jar;C:\Users\haide\.m2\repository\io\opentelemetry\opentelemetry-context\1.25.0\opentelemetry-context-1.25.0.jar;C:\Users\haide\.m2\repository\io\opentelemetry\opentelemetry-exporter-logging\1.25.0\opentelemetry-exporter-logging-1.25.0.jar;C:\Users\haide\.m2\repository\io\opentelemetry\opentelemetry-sdk-metrics\1.25.0\opentelemetry-sdk-metrics-1.25.0.jar;C:\Users\haide\.m2\repository\io\opentelemetry\opentelemetry-sdk-logs\1.25.0-alpha\opentelemetry-sdk-logs-1.25.0-alpha.jar;C:\Users\haide\.m2\repository\io\opentelemetry\opentelemetry-api-logs\1.25.0-alpha\opentelemetry-api-logs-1.25.0-alpha.jar;C:\Users\haide\.m2\repository\io\opentelemetry\opentelemetry-api-events\1.25.0-alpha\opentelemetry-api-events-1.25.0-alpha.jar;C:\Users\haide\.m2\repository\io\opentelemetry\opentelemetry-sdk-common\1.25.0\opentelemetry-sdk-common-1.25.0.jar;C:\Users\haide\.m2\repository\io\opentelemetry\opentelemetry-sdk-extension-autoconfigure-spi\1.25.0\opentelemetry-sdk-extension-autoconfigure-spi-1.25.0.jar;C:\Users\haide\.m2\repository\io\opentelemetry\opentelemetry-sdk-extension-autoconfigure\1.25.0-alpha\opentelemetry-sdk-extension-autoconfigure-1.25.0-alpha.jar;C:\Users\haide\.m2\repository\io\opentelemetry\opentelemetry-sdk-trace\1.25.0\opentelemetry-sdk-trace-1.25.0.jar;C:\Users\haide\.m2\repository\io\opentelemetry\opentelemetry-sdk\1.25.0\opentelemetry-sdk-1.25.0.jar;C:\Users\haide\.m2\repository\io\opentelemetry\opentelemetry-semconv\1.25.0-alpha\opentelemetry-semconv-1.25.0-alpha.jar;C:\Users\haide\.m2\repository\io\ous\jtoml\2.0.0\jtoml-2.0.0.jar;C:\Users\haide\.m2\repository\net\bytebuddy\byte-buddy\1.14.4\byte-buddy-1.14.4.jar;C:\Users\haide\.m2\repository\org\asynchttpclient\async-http-client\2.12.3\async-http-client-2.12.3.jar;C:\Users\haide\.m2\repository\org\asynchttpclient\async-http-client-netty-utils\2.12.3\async-http-client-netty-utils-2.12.3.jar;C:\Users\haide\.m2\repository\io\netty\netty-codec-socks\4.1.60.Final\netty-codec-socks-4.1.60.Final.jar;C:\Users\haide\.m2\repository\io\netty\netty-handler-proxy\4.1.60.Final\netty-handler-proxy-4.1.60.Final.jar;C:\Users\haide\.m2\repository\io\netty\netty-transport-native-epoll\4.1.60.Final\netty-transport-native-epoll-4.1.60.Final-linux-x86_64.jar;C:\Users\haide\.m2\repository\io\netty\netty-transport-native-kqueue\4.1.60.Final\netty-transport-native-kqueue-4.1.60.Final-osx-x86_64.jar;C:\Users\haide\.m2\repository\com\typesafe\netty\netty-reactive-streams\2.0.4\netty-reactive-streams-2.0.4.jar;C:\Users\haide\.m2\repository\com\sun\activation\jakarta.activation\1.2.2\jakarta.activation-1.2.2.jar;C:\Users\haide\.m2\repository\org\seleniumhq\selenium\selenium-safari-driver\4.9.0\selenium-safari-driver-4.9.0.jar;C:\Users\haide\.m2\repository\org\seleniumhq\selenium\selenium-support\4.9.0\selenium-support-4.9.0.jar;C:\Users\haide\.m2\repository\org\seleniumhq\selenium\selenium-http-jdk-client\4.9.0\selenium-http-jdk-client-4.9.0.jar;C:\Users\haide\.m2\repository\com\google\auto\service\auto-service-annotations\1.0.1\auto-service-annotations-1.0.1.jar;C:\Users\haide\.m2\repository\com\google\auto\service\auto-service\1.0.1\auto-service-1.0.1.jar;C:\Users\haide\.m2\repository\com\google\auto\auto-common\1.2\auto-common-1.2.jar;C:\Users\haide\.m2\repository\org\seleniumhq\selenium\selenium-http\4.9.0\selenium-http-4.9.0.jar;C:\Users\haide\.m2\repository\dev\failsafe\failsafe\3.3.1\failsafe-3.3.1.jar;C:\Users\haide\.m2\repository\io\netty\netty-handler\4.1.91.Final\netty-handler-4.1.91.Final.jar;C:\Users\haide\.m2\repository\io\netty\netty-common\4.1.91.Final\netty-common-4.1.91.Final.jar;C:\Users\haide\.m2\repository\io\netty\netty-resolver\4.1.91.Final\netty-resolver-4.1.91.Final.jar;C:\Users\haide\.m2\repository\io\netty\netty-buffer\4.1.91.Final\netty-buffer-4.1.91.Final.jar;C:\Users\haide\.m2\repository\io\netty\netty-transport\4.1.91.Final\netty-transport-4.1.91.Final.jar;C:\Users\haide\.m2\repository\io\netty\netty-transport-native-unix-common\4.1.91.Final\netty-transport-native-unix-common-4.1.91.Final.jar;C:\Users\haide\.m2\repository\io\netty\netty-codec\4.1.91.Final\netty-codec-4.1.91.Final.jar;C:\Users\haide\.m2\repository\io\appium\java-client\8.3.0\java-client-8.3.0.jar;C:\Users\haide\.m2\repository\com\google\code\gson\gson\2.10\gson-2.10.jar;C:\Users\haide\.m2\repository\cglib\cglib\3.3.0\cglib-3.3.0.jar;C:\Users\haide\.m2\repository\org\ow2\asm\asm\7.1\asm-7.1.jar;C:\Users\haide\.m2\repository\commons-validator\commons-validator\1.7\commons-validator-1.7.jar;C:\Users\haide\.m2\repository\commons-beanutils\commons-beanutils\1.9.4\commons-beanutils-1.9.4.jar;C:\Users\haide\.m2\repository\commons-digester\commons-digester\2.1\commons-digester-2.1.jar;C:\Users\haide\.m2\repository\commons-collections\commons-collections\3.2.2\commons-collections-3.2.2.jar;C:\Users\haide\.m2\repository\org\apache\commons\commons-lang3\3.12.0\commons-lang3-3.12.0.jar;C:\Users\haide\.m2\repository\commons-io\commons-io\2.11.0\commons-io-2.11.0.jar;C:\Users\haide\.m2\repository\io\github\bonigarcia\webdrivermanager\5.3.2\webdrivermanager-5.3.2.jar;C:\Users\haide\.m2\repository\com\github\docker-java\docker-java\3.2.14\docker-java-3.2.14.jar;C:\Users\haide\.m2\repository\com\github\docker-java\docker-java-core\3.2.14\docker-java-core-3.2.14.jar;C:\Users\haide\.m2\repository\com\github\docker-java\docker-java-api\3.2.14\docker-java-api-3.2.14.jar;C:\Users\haide\.m2\repository\org\slf4j\jcl-over-slf4j\1.7.30\jcl-over-slf4j-1.7.30.jar;C:\Users\haide\.m2\repository\com\github\docker-java\docker-java-transport-httpclient5\3.2.14\docker-java-transport-httpclient5-3.2.14.jar;C:\Users\haide\.m2\repository\com\github\docker-java\docker-java-transport\3.2.14\docker-java-transport-3.2.14.jar;C:\Users\haide\.m2\repository\net\java\dev\jna\jna\5.12.1\jna-5.12.1.jar;C:\Users\haide\.m2\repository\org\brotli\dec\0.1.2\dec-0.1.2.jar;C:\Users\haide\.m2\repository\org\apache\httpcomponents\client5\httpclient5\5.2.1\httpclient5-5.2.1.jar;C:\Users\haide\.m2\repository\org\apache\httpcomponents\core5\httpcore5\5.2\httpcore5-5.2.jar;C:\Users\haide\.m2\repository\org\apache\httpcomponents\core5\httpcore5-h2\5.2\httpcore5-h2-5.2.jar;C:\Users\haide\.m2\repository\io\cucumber\cucumber-java\7.11.2\cucumber-java-7.11.2.jar;C:\Users\haide\.m2\repository\io\cucumber\cucumber-core\7.11.2\cucumber-core-7.11.2.jar;C:\Users\haide\.m2\repository\io\cucumber\cucumber-gherkin\7.11.2\cucumber-gherkin-7.11.2.jar;C:\Users\haide\.m2\repository\io\cucumber\cucumber-gherkin-messages\7.11.2\cucumber-gherkin-messages-7.11.2.jar;C:\Users\haide\.m2\repository\io\cucumber\gherkin\26.0.3\gherkin-26.0.3.jar;C:\Users\haide\.m2\repository\io\cucumber\messages\21.0.1\messages-21.0.1.jar;C:\Users\haide\.m2\repository\io\cucumber\tag-expressions\5.0.1\tag-expressions-5.0.1.jar;C:\Users\haide\.m2\repository\io\cucumber\cucumber-expressions\16.1.2\cucumber-expressions-16.1.2.jar;C:\Users\haide\.m2\repository\io\cucumber\datatable\7.11.2\datatable-7.11.2.jar;C:\Users\haide\.m2\repository\io\cucumber\cucumber-plugin\7.11.2\cucumber-plugin-7.11.2.jar;C:\Users\haide\.m2\repository\io\cucumber\docstring\7.11.2\docstring-7.11.2.jar;C:\Users\haide\.m2\repository\io\cucumber\html-formatter\20.2.1\html-formatter-20.2.1.jar;C:\Users\haide\.m2\repository\io\cucumber\junit-xml-formatter\0.1.0\junit-xml-formatter-0.1.0.jar;C:\Users\haide\.m2\repository\io\cucumber\ci-environment\9.1.0\ci-environment-9.1.0.jar;C:\Users\haide\.m2\repository\org\apiguardian\apiguardian-api\1.1.2\apiguardian-api-1.1.2.jar;C:\Users\haide\.m2\repository\io\cucumber\cucumber-testng\7.11.2\cucumber-testng-7.11.2.jar;C:\Users\haide\.m2\repository\io\cucumber\cucumber-picocontainer\7.11.2\cucumber-picocontainer-7.11.2.jar;C:\Users\haide\.m2\repository\org\picocontainer\picocontainer\2.15\picocontainer-2.15.jar;C:\Users\haide\.m2\repository\org\apache\poi\poi\5.2.3\poi-5.2.3.jar;C:\Users\haide\.m2\repository\commons-codec\commons-codec\1.15\commons-codec-1.15.jar;C:\Users\haide\.m2\repository\org\apache\commons\commons-collections4\4.4\commons-collections4-4.4.jar;C:\Users\haide\.m2\repository\org\apache\commons\commons-math3\3.6.1\commons-math3-3.6.1.jar;C:\Users\haide\.m2\repository\com\zaxxer\SparseBitSet\1.2\SparseBitSet-1.2.jar;C:\Users\haide\.m2\repository\org\apache\logging\log4j\log4j-api\2.18.0\log4j-api-2.18.0.jar;C:\Users\haide\.m2\repository\org\apache\poi\poi-ooxml\5.2.3\poi-ooxml-5.2.3.jar;C:\Users\haide\.m2\repository\org\apache\poi\poi-ooxml-lite\5.2.3\poi-ooxml-lite-5.2.3.jar;C:\Users\haide\.m2\repository\org\apache\xmlbeans\xmlbeans\5.1.1\xmlbeans-5.1.1.jar;C:\Users\haide\.m2\repository\org\apache\commons\commons-compress\1.21\commons-compress-1.21.jar;C:\Users\haide\.m2\repository\com\github\virtuald\curvesapi\1.07\curvesapi-1.07.jar;C:\Users\haide\.m2\repository\io\qameta\allure\allure-testng\2.21.0\allure-testng-2.21.0.jar;C:\Users\haide\.m2\repository\io\qameta\allure\allure-test-filter\2.21.0\allure-test-filter-2.21.0.jar;C:\Users\haide\.m2\repository\io\qameta\allure\allure-java-commons\2.21.0\allure-java-commons-2.21.0.jar;C:\Users\haide\.m2\repository\io\qameta\allure\allure-model\2.21.0\allure-model-2.21.0.jar;C:\Users\haide\.m2\repository\io\qameta\allure\allure-cucumber7-jvm\2.21.0\allure-cucumber7-jvm-2.21.0.jar;C:\Users\haide\.m2\repository\org\aspectj\aspectjweaver\1.9.19\aspectjweaver-1.9.19.jar;C:\Users\haide\.m2\repository\com\aventstack\extentreports\5.0.9\extentreports-5.0.9.jar;C:\Users\haide\.m2\repository\io\reactivex\rxjava3\rxjava\3.0.4\rxjava-3.0.4.jar;C:\Users\haide\.m2\repository\org\reactivestreams\reactive-streams\1.0.3\reactive-streams-1.0.3.jar;C:\Users\haide\.m2\repository\org\freemarker\freemarker\2.3.30\freemarker-2.3.30.jar;C:\Users\haide\.m2\repository\org\apache\pdfbox\pdfbox\2.0.28\pdfbox-2.0.28.jar;C:\Users\haide\.m2\repository\org\apache\pdfbox\fontbox\2.0.28\fontbox-2.0.28.jar;C:\Users\haide\.m2\repository\commons-logging\commons-logging\1.2\commons-logging-1.2.jar;C:\Users\haide\.m2\repository\io\rest-assured\rest-assured\5.3.0\rest-assured-5.3.0.jar;C:\Users\haide\.m2\repository\org\apache\groovy\groovy\4.0.6\groovy-4.0.6.jar;C:\Users\haide\.m2\repository\org\apache\groovy\groovy-xml\4.0.6\groovy-xml-4.0.6.jar;C:\Users\haide\.m2\repository\org\apache\httpcomponents\httpclient\4.5.13\httpclient-4.5.13.jar;C:\Users\haide\.m2\repository\org\apache\httpcomponents\httpcore\4.4.13\httpcore-4.4.13.jar;C:\Users\haide\.m2\repository\org\apache\httpcomponents\httpmime\4.5.13\httpmime-4.5.13.jar;C:\Users\haide\.m2\repository\org\hamcrest\hamcrest\2.1\hamcrest-2.1.jar;C:\Users\haide\.m2\repository\org\ccil\cowan\tagsoup\tagsoup\1.2.1\tagsoup-1.2.1.jar;C:\Users\haide\.m2\repository\io\rest-assured\json-path\5.3.0\json-path-5.3.0.jar;C:\Users\haide\.m2\repository\org\apache\groovy\groovy-json\4.0.6\groovy-json-4.0.6.jar;C:\Users\haide\.m2\repository\io\rest-assured\rest-assured-common\5.3.0\rest-assured-common-5.3.0.jar;C:\Users\haide\.m2\repository\io\rest-assured\xml-path\5.3.0\xml-path-5.3.0.jar;C:\Users\haide\.m2\repository\com\googlecode\json-simple\json-simple\1.1.1\json-simple-1.1.1.jar;C:\Users\haide\.m2\repository\com\jayway\jsonpath\json-path\2.8.0\json-path-2.8.0.jar;C:\Users\haide\.m2\repository\net\minidev\json-smart\2.4.10\json-smart-2.4.10.jar;C:\Users\haide\.m2\repository\net\minidev\accessors-smart\2.4.9\accessors-smart-2.4.9.jar;C:\Users\haide\.m2\repository\org\skyscreamer\jsonassert\1.5.1\jsonassert-1.5.1.jar;C:\Users\haide\.m2\repository\com\vaadin\external\google\android-json\0.0.20131108.vaadin1\android-json-0.0.20131108.vaadin1.jar;C:\Users\haide\.m2\repository\eu\medsea\mimeutil\mime-util\2.1.3\mime-util-2.1.3.jar;C:\Users\haide\.m2\repository\io\rest-assured\json-schema-validator\5.3.0\json-schema-validator-5.3.0.jar;C:\Users\haide\.m2\repository\com\github\java-json-tools\json-schema-validator\2.2.14\json-schema-validator-2.2.14.jar;C:\Users\haide\.m2\repository\com\github\java-json-tools\jackson-coreutils-equivalence\1.0\jackson-coreutils-equivalence-1.0.jar;C:\Users\haide\.m2\repository\com\github\java-json-tools\jackson-coreutils\2.0\jackson-coreutils-2.0.jar;C:\Users\haide\.m2\repository\com\github\java-json-tools\msg-simple\1.2\msg-simple-1.2.jar;C:\Users\haide\.m2\repository\com\github\java-json-tools\btf\1.3\btf-1.3.jar;C:\Users\haide\.m2\repository\com\github\java-json-tools\json-schema-core\1.2.14\json-schema-core-1.2.14.jar;C:\Users\haide\.m2\repository\com\github\java-json-tools\uri-template\0.10\uri-template-0.10.jar;C:\Users\haide\.m2\repository\org\mozilla\rhino\1.7.7.2\rhino-1.7.7.2.jar;C:\Users\haide\.m2\repository\com\sun\mail\mailapi\1.6.2\mailapi-1.6.2.jar;C:\Users\haide\.m2\repository\com\googlecode\libphonenumber\libphonenumber\8.11.1\libphonenumber-8.11.1.jar;C:\Users\haide\.m2\repository\net\sf\jopt-simple\jopt-simple\5.0.4\jopt-simple-5.0.4.jar;C:\Users\haide\.m2\repository\com\fasterxml\jackson\datatype\jackson-datatype-jdk8\2.15.0\jackson-datatype-jdk8-2.15.0.jar;C:\Users\haide\.m2\repository\com\fasterxml\jackson\core\jackson-core\2.15.0\jackson-core-2.15.0.jar;C:\Users\haide\.m2\repository\com\fasterxml\jackson\core\jackson-databind\2.15.0\jackson-databind-2.15.0.jar;C:\Users\haide\.m2\repository\com\fasterxml\jackson\core\jackson-annotations\2.15.0\jackson-annotations-2.15.0.jar;C:\Users\haide\.m2\repository\com\applitools\eyes-images-java4\4.14.0\eyes-images-java4-4.14.0.jar;C:\Users\haide\.m2\repository\com\applitools\eyes-common-java4\4.14.0\eyes-common-java4-4.14.0.jar;C:\Users\haide\.m2\repository\org\imgscalr\imgscalr-lib\4.2\imgscalr-lib-4.2.jar;C:\Users\haide\.m2\repository\com\helger\ph-css\6.1.1\ph-css-6.1.1.jar;C:\Users\haide\.m2\repository\com\helger\ph-commons\9.0.2\ph-commons-9.0.2.jar;C:\Users\haide\.m2\repository\com\applitools\eyes-sdk-core-java4\4.14.0\eyes-sdk-core-java4-4.14.0.jar;C:\Users\haide\.m2\repository\com\applitools\eyes-connectivity-java4-jersey2x\4.14.0\eyes-connectivity-java4-jersey2x-4.14.0.jar;C:\Users\haide\.m2\repository\org\glassfish\jersey\connectors\jersey-apache-connector\2.16\jersey-apache-connector-2.16.jar;C:\Users\haide\.m2\repository\org\glassfish\jersey\core\jersey-common\2.16\jersey-common-2.16.jar;C:\Users\haide\.m2\repository\javax\annotation\javax.annotation-api\1.2\javax.annotation-api-1.2.jar;C:\Users\haide\.m2\repository\org\glassfish\jersey\bundles\repackaged\jersey-guava\2.16\jersey-guava-2.16.jar;C:\Users\haide\.m2\repository\org\glassfish\hk2\osgi-resource-locator\1.0.1\osgi-resource-locator-1.0.1.jar;C:\Users\haide\.m2\repository\javax\ws\rs\javax.ws.rs-api\2.0.1\javax.ws.rs-api-2.0.1.jar;C:\Users\haide\.m2\repository\org\glassfish\jersey\core\jersey-client\2.16\jersey-client-2.16.jar;C:\Users\haide\.m2\repository\org\glassfish\hk2\hk2-api\2.4.0-b09\hk2-api-2.4.0-b09.jar;C:\Users\haide\.m2\repository\org\glassfish\hk2\hk2-utils\2.4.0-b09\hk2-utils-2.4.0-b09.jar;C:\Users\haide\.m2\repository\org\glassfish\hk2\external\aopalliance-repackaged\2.4.0-b09\aopalliance-repackaged-2.4.0-b09.jar;C:\Users\haide\.m2\repository\org\glassfish\hk2\external\javax.inject\2.4.0-b09\javax.inject-2.4.0-b09.jar;C:\Users\haide\.m2\repository\org\glassfish\hk2\hk2-locator\2.4.0-b09\hk2-locator-2.4.0-b09.jar;C:\Users\haide\.m2\repository\org\openpnp\opencv\4.7.0-0\opencv-4.7.0-0.jar;C:\Users\haide\.m2\repository\com\sikulix\sikulixapi\2.0.5\sikulixapi-2.0.5.jar;C:\Users\haide\.m2\repository\org\python\jython-slim\2.7.2\jython-slim-2.7.2.jar;C:\Users\haide\.m2\repository\org\antlr\antlr\3.5.2\antlr-3.5.2.jar;C:\Users\haide\.m2\repository\org\antlr\ST4\4.0.8\ST4-4.0.8.jar;C:\Users\haide\.m2\repository\javax\servlet\javax.servlet-api\3.1.0\javax.servlet-api-3.1.0.jar;C:\Users\haide\.m2\repository\org\antlr\antlr-runtime\3.5.2\antlr-runtime-3.5.2.jar;C:\Users\haide\.m2\repository\org\bouncycastle\bcpkix-jdk15on\1.62\bcpkix-jdk15on-1.62.jar;C:\Users\haide\.m2\repository\org\bouncycastle\bcprov-jdk15on\1.62\bcprov-jdk15on-1.62.jar;C:\Users\haide\.m2\repository\org\ow2\asm\asm-commons\7.1\asm-commons-7.1.jar;C:\Users\haide\.m2\repository\org\ow2\asm\asm-analysis\7.1\asm-analysis-7.1.jar;C:\Users\haide\.m2\repository\org\ow2\asm\asm-util\7.1\asm-util-7.1.jar;C:\Users\haide\.m2\repository\com\ibm\icu\icu4j\59.1\icu4j-59.1.jar;C:\Users\haide\.m2\repository\com\carrotsearch\java-sizeof\0.0.5\java-sizeof-0.0.5.jar;C:\Users\haide\.m2\repository\com\github\jnr\jffi\1.2.20\jffi-1.2.20.jar;C:\Users\haide\.m2\repository\com\github\jnr\jnr-netdb\1.1.6\jnr-netdb-1.1.6.jar;C:\Users\haide\.m2\repository\com\github\jnr\jnr-ffi\2.1.10\jnr-ffi-2.1.10.jar;C:\Users\haide\.m2\repository\com\github\jnr\jffi\1.2.19\jffi-1.2.19-native.jar;C:\Users\haide\.m2\repository\com\github\jnr\jnr-a64asm\1.0.0\jnr-a64asm-1.0.0.jar;C:\Users\haide\.m2\repository\com\github\jnr\jnr-x86asm\1.0.2\jnr-x86asm-1.0.2.jar;C:\Users\haide\.m2\repository\com\github\jnr\jnr-posix\3.0.50\jnr-posix-3.0.50.jar;C:\Users\haide\.m2\repository\com\github\jnr\jnr-constants\0.9.12\jnr-constants-0.9.12.jar;C:\Users\haide\.m2\repository\jline\jline\2.14.5\jline-2.14.5.jar;C:\Users\haide\.m2\repository\org\apache\ant\ant\1.9.7\ant-1.9.7.jar;C:\Users\haide\.m2\repository\org\apache\ant\ant-launcher\1.9.7\ant-launcher-1.9.7.jar;C:\Users\haide\.m2\repository\com\sikulix\sikulix2tigervnc\1.1.4\sikulix2tigervnc-1.1.4.jar;C:\Users\haide\.m2\repository\commons-cli\commons-cli\1.4\commons-cli-1.4.jar;C:\Users\haide\.m2\repository\org\apache\commons\commons-exec\1.3\commons-exec-1.3.jar;C:\Users\haide\.m2\repository\net\java\dev\jna\jna-platform\5.6.0\jna-platform-5.6.0.jar;C:\Users\haide\.m2\repository\net\oneandone\reflections8\reflections8\0.11.6\reflections8-0.11.6.jar;C:\Users\haide\.m2\repository\org\javassist\javassist\3.22.0-GA\javassist-3.22.0-GA.jar;C:\Users\haide\.m2\repository\net\sourceforge\tess4j\tess4j\4.5.4\tess4j-4.5.4.jar;C:\Users\haide\.m2\repository\com\github\jai-imageio\jai-imageio-core\1.4.0\jai-imageio-core-1.4.0.jar;C:\Users\haide\.m2\repository\org\ghost4j\ghost4j\1.0.1\ghost4j-1.0.1.jar;C:\Users\haide\.m2\repository\org\apache\xmlgraphics\xmlgraphics-commons\1.4\xmlgraphics-commons-1.4.jar;C:\Users\haide\.m2\repository\com\lowagie\itext\2.1.7\itext-2.1.7.jar;C:\Users\haide\.m2\repository\org\apache\pdfbox\pdfbox-tools\2.0.21\pdfbox-tools-2.0.21.jar;C:\Users\haide\.m2\repository\org\apache\pdfbox\pdfbox-debugger\2.0.21\pdfbox-debugger-2.0.21.jar;C:\Users\haide\.m2\repository\org\apache\pdfbox\jbig2-imageio\3.0.3\jbig2-imageio-3.0.3.jar;C:\Users\haide\.m2\repository\net\sourceforge\lept4j\lept4j\1.13.2\lept4j-1.13.2.jar;C:\Users\haide\.m2\repository\org\jboss\jboss-vfs\3.2.15.Final\jboss-vfs-3.2.15.Final.jar;C:\Users\haide\.m2\repository\org\jboss\logging\jboss-logging\3.1.4.GA\jboss-logging-3.1.4.GA.jar;C:\Users\haide\.m2\repository\net\sf\py4j\py4j\0.10.9.1\py4j-0.10.9.1.jar;C:\Users\haide\.m2\repository\com\epam\healenium\healenium-web\3.4.2\healenium-web-3.4.2.jar;C:\Users\haide\.m2\repository\com\typesafe\config\1.4.2\config-1.4.2.jar;C:\Users\haide\.m2\repository\com\epam\healenium\tree-comparing\0.4.11\tree-comparing-0.4.11.jar;C:\Users\haide\.m2\repository\org\apache\commons\commons-text\1.6\commons-text-1.6.jar;C:\Users\haide\.m2\repository\com\squareup\okhttp3\okhttp\4.9.3\okhttp-4.9.3.jar;C:\Users\haide\.m2\repository\com\squareup\okio\okio\2.8.0\okio-2.8.0.jar;C:\Users\haide\.m2\repository\org\jetbrains\kotlin\kotlin-stdlib-common\1.4.0\kotlin-stdlib-common-1.4.0.jar;C:\Users\haide\.m2\repository\org\jetbrains\kotlin\kotlin-stdlib\1.4.10\kotlin-stdlib-1.4.10.jar;C:\Users\haide\.m2\repository\com\squareup\okhttp3\logging-interceptor\4.10.0\logging-interceptor-4.10.0.jar;C:\Users\haide\.m2\repository\org\jetbrains\kotlin\kotlin-stdlib-jdk8\1.6.10\kotlin-stdlib-jdk8-1.6.10.jar;C:\Users\haide\.m2\repository\org\jetbrains\kotlin\kotlin-stdlib-jdk7\1.6.10\kotlin-stdlib-jdk7-1.6.10.jar;C:\Users\haide\.m2\repository\org\mapstruct\mapstruct\1.4.2.Final\mapstruct-1.4.2.Final.jar;C:\Users\haide\.m2\repository\one\util\streamex\0.8.1\streamex-0.8.1.jar;C:\Users\haide\.m2\repository\org\mapstruct\mapstruct-processor\1.4.2.Final\mapstruct-processor-1.4.2.Final.jar;C:\Users\haide\.m2\repository\com\assertthat\selenium-shutterbug\1.6\selenium-shutterbug-1.6.jar;C:\Users\haide\.m2\repository\com\github\zafarkhaja\java-semver\0.9.0\java-semver-0.9.0.jar;C:\Users\haide\.m2\repository\com\jcraft\jsch\0.1.55\jsch-0.1.55.jar;C:\Users\haide\.m2\repository\com\mysql\mysql-connector-j\8.0.33\mysql-connector-j-8.0.33.jar;C:\Users\haide\.m2\repository\com\google\protobuf\protobuf-java\3.21.9\protobuf-java-3.21.9.jar;C:\Users\haide\.m2\repository\com\microsoft\sqlserver\mssql-jdbc\9.4.1.jre16-preview\mssql-jdbc-9.4.1.jre16-preview.jar;C:\Users\haide\.m2\repository\postgresql\postgresql\9.1-901-1.jdbc4\postgresql-9.1-901-1.jdbc4.jar;C:\Users\haide\.m2\repository\com\ibm\db2\jcc\db2jcc\db2jcc4\db2jcc-db2jcc4.jar;C:\Users\haide\.m2\repository\ws\schild\jave-all-deps\3.3.1\jave-all-deps-3.3.1.jar;C:\Users\haide\.m2\repository\ws\schild\jave-core\3.3.1\jave-core-3.3.1.jar;C:\Users\haide\.m2\repository\ws\schild\jave-nativebin-win32\3.3.1\jave-nativebin-win32-3.3.1.jar;C:\Users\haide\.m2\repository\ws\schild\jave-nativebin-win64\3.3.1\jave-nativebin-win64-3.3.1.jar;C:\Users\haide\.m2\repository\ws\schild\jave-nativebin-linux32\3.3.1\jave-nativebin-linux32-3.3.1.jar;C:\Users\haide\.m2\repository\ws\schild\jave-nativebin-linux64\3.3.1\jave-nativebin-linux64-3.3.1.jar;C:\Users\haide\.m2\repository\ws\schild\jave-nativebin-osx64\3.3.1\jave-nativebin-osx64-3.3.1.jar;C:\Users\haide\.m2\repository\ws\schild\jave-nativebin-osxm1\3.3.1\jave-nativebin-osxm1-3.3.1.jar;C:\Users\haide\.m2\repository\ws\schild\jave-nativebin-linux-arm32\3.3.1\jave-nativebin-linux-arm32-3.3.1.jar;C:\Users\haide\.m2\repository\ws\schild\jave-nativebin-linux-arm64\3.3.1\jave-nativebin-linux-arm64-3.3.1.jar;C:\Users\haide\.m2\repository\com\automation-remarks\video-recorder-testng\2.0\video-recorder-testng-2.0.jar;C:\Users\haide\.m2\repository\com\automation-remarks\video-recorder-core\2.0\video-recorder-core-2.0.jar;C:\Users\haide\.m2\repository\org\zeroturnaround\zt-exec\1.10\zt-exec-1.10.jar;C:\Users\haide\.m2\repository\org\awaitility\awaitility\3.1.6\awaitility-3.1.6.jar;C:\Users\haide\.m2\repository\org\hamcrest\hamcrest-library\1.3\hamcrest-library-1.3.jar;C:\Users\haide\.m2\repository\org\hamcrest\hamcrest-core\1.3\hamcrest-core-1.3.jar;C:\Users\haide\.m2\repository\org\objenesis\objenesis\2.6\objenesis-2.6.jar;C:\Users\haide\.m2\repository\org\json\json\20180813\json-20180813.jar;C:\Users\haide\.m2\repository\org\apache\logging\log4j\log4j-slf4j2-impl\2.20.0\log4j-slf4j2-impl-2.20.0.jar;C:\Users\haide\.m2\repository\org\slf4j\slf4j-api\2.0.6\slf4j-api-2.0.6.jar;C:\Users\haide\.m2\repository\org\apache\logging\log4j\log4j-core\2.20.0\log4j-core-2.20.0.jar;C:\Users\haide\.m2\repository\org\apache\logging\log4j\log4j-1.2-api\2.20.0\log4j-1.2-api-2.20.0.jar;C:\Users\haide\.m2\repository\com\google\guava\guava\31.1-jre\guava-31.1-jre.jar;C:\Users\haide\.m2\repository\com\google\guava\failureaccess\1.0.1\failureaccess-1.0.1.jar;C:\Users\haide\.m2\repository\com\google\guava\listenablefuture\9999.0-empty-to-avoid-conflict-with-guava\listenablefuture-9999.0-empty-to-avoid-conflict-with-guava.jar;C:\Users\haide\.m2\repository\com\google\code\findbugs\jsr305\3.0.2\jsr305-3.0.2.jar;C:\Users\haide\.m2\repository\org\checkerframework\checker-qual\3.12.0\checker-qual-3.12.0.jar;C:\Users\haide\.m2\repository\com\google\errorprone\error_prone_annotations\2.11.0\error_prone_annotations-2.11.0.jar;C:\Users\haide\.m2\repository\com\google\j2objc\j2objc-annotations\1.3\j2objc-annotations-1.3.jar;C:\Users\haide\.m2\repository\org\projectlombok\lombok\1.18.26\lombok-1.18.26.jar;C:\Users\haide\.m2\repository\com\google\crypto\tink\tink\1.9.0\tink-1.9.0.jar;C:\Users\haide\.m2\repository\com\google\http-client\google-http-client\1.43.1\google-http-client-1.43.1.jar;C:\Users\haide\.m2\repository\io\opencensus\opencensus-api\0.31.1\opencensus-api-0.31.1.jar;C:\Users\haide\.m2\repository\io\grpc\grpc-context\1.27.2\grpc-context-1.27.2.jar;C:\Users\haide\.m2\repository\io\opencensus\opencensus-contrib-http-util\0.31.1\opencensus-contrib-http-util-0.31.1.jar;C:\Users\haide\.m2\repository\joda-time\joda-time\2.12.5\joda-time-2.12.5.jar;C:\Users\haide\.m2\repository\com\google\crypto\tink\tink-awskms\1.8.0\tink-awskms-1.8.0.jar;C:\Users\haide\.m2\repository\com\amazonaws\aws-java-sdk-core\1.12.182\aws-java-sdk-core-1.12.182.jar;C:\Users\haide\.m2\repository\software\amazon\ion\ion-java\1.0.2\ion-java-1.0.2.jar;C:\Users\haide\.m2\repository\com\fasterxml\jackson\dataformat\jackson-dataformat-cbor\2.12.6\jackson-dataformat-cbor-2.12.6.jar;C:\Users\haide\.m2\repository\com\amazonaws\aws-java-sdk-kms\1.12.182\aws-java-sdk-kms-1.12.182.jar;C:\Users\haide\.m2\repository\com\amazonaws\jmespath-java\1.12.182\jmespath-java-1.12.182.jar;C:\Users\haide\.m2\repository\com\google\crypto\tink\tink-gcpkms\1.8.0\tink-gcpkms-1.8.0.jar;C:\Users\haide\.m2\repository\com\google\api-client\google-api-client\2.2.0\google-api-client-2.2.0.jar;C:\Users\haide\.m2\repository\com\google\http-client\google-http-client-apache-v2\1.42.3\google-http-client-apache-v2-1.42.3.jar;C:\Users\haide\.m2\repository\com\google\apis\google-api-services-cloudkms\v1-rev20221107-2.0.0\google-api-services-cloudkms-v1-rev20221107-2.0.0.jar;C:\Users\haide\.m2\repository\com\google\auth\google-auth-library-oauth2-http\1.5.3\google-auth-library-oauth2-http-1.5.3.jar;C:\Users\haide\.m2\repository\com\google\auto\value\auto-value-annotations\1.9\auto-value-annotations-1.9.jar;C:\Users\haide\.m2\repository\com\google\auth\google-auth-library-credentials\1.5.3\google-auth-library-credentials-1.5.3.jar;C:\Users\haide\.m2\repository\com\google\http-client\google-http-client-gson\1.42.3\google-http-client-gson-1.42.3.jar;C:\Users\haide\.m2\repository\com\google\oauth-client\google-oauth-client\1.34.1\google-oauth-client-1.34.1.jar;C:\Users\haide\.m2\repository\org\yaml\snakeyaml\2.0\snakeyaml-2.0.jar;C:\Users\haide\.m2\repository\org\aeonbits\owner\owner-java8\1.0.12\owner-java8-1.0.12.jar;C:\Users\haide\.m2\repository\org\aeonbits\owner\owner\1.0.12\owner-1.0.12.jar;C:\Users\haide\.m2\repository\org\jacoco\jacoco-maven-plugin\0.8.8\jacoco-maven-plugin-0.8.8.jar;C:\Users\haide\.m2\repository\org\codehaus\plexus\plexus-utils\3.0.22\plexus-utils-3.0.22.jar;C:\Users\haide\.m2\repository\org\apache\maven\shared\file-management\1.2.1\file-management-1.2.1.jar;C:\Users\haide\.m2\repository\org\apache\maven\maven-plugin-api\2.0.6\maven-plugin-api-2.0.6.jar;C:\Users\haide\.m2\repository\org\apache\maven\shared\maven-shared-io\1.1\maven-shared-io-1.1.jar;C:\Users\haide\.m2\repository\org\apache\maven\maven-artifact\2.0.2\maven-artifact-2.0.2.jar;C:\Users\haide\.m2\repository\org\apache\maven\maven-artifact-manager\2.0.2\maven-artifact-manager-2.0.2.jar;C:\Users\haide\.m2\repository\org\apache\maven\maven-repository-metadata\2.0.2\maven-repository-metadata-2.0.2.jar;C:\Users\haide\.m2\repository\org\apache\maven\wagon\wagon-provider-api\1.0-alpha-6\wagon-provider-api-1.0-alpha-6.jar;C:\Users\haide\.m2\repository\org\codehaus\plexus\plexus-container-default\1.0-alpha-9\plexus-container-default-1.0-alpha-9.jar;C:\Users\haide\.m2\repository\junit\junit\3.8.1\junit-3.8.1.jar;C:\Users\haide\.m2\repository\classworlds\classworlds\1.1-alpha-2\classworlds-1.1-alpha-2.jar;C:\Users\haide\.m2\repository\org\apache\maven\reporting\maven-reporting-api\3.0\maven-reporting-api-3.0.jar;C:\Users\haide\.m2\repository\org\apache\maven\doxia\doxia-sink-api\1.0\doxia-sink-api-1.0.jar;C:\Users\haide\.m2\repository\org\jacoco\org.jacoco.agent\0.8.8\org.jacoco.agent-0.8.8-runtime.jar;C:\Users\haide\.m2\repository\org\jacoco\org.jacoco.core\0.8.8\org.jacoco.core-0.8.8.jar;C:\Users\haide\.m2\repository\org\ow2\asm\asm-tree\9.2\asm-tree-9.2.jar;C:\Users\haide\.m2\repository\org\jacoco\org.jacoco.report\0.8.8\org.jacoco.report-0.8.8.jar;C:\Users\haide\.m2\repository\org\jsoup\jsoup\1.15.4\jsoup-1.15.4.jar;"/>
    <property name="org.uncommons.reportng.escape-output" value="false"/>
    <property name="java.vm.vendor" value="Azul Systems, Inc."/>
    <property name="user.variant" value=""/>
    <property name="user.timezone" value="GMT+02:00"/>
    <property name="java.vm.specification.version" value="17"/>
    <property name="os.name" value="Windows 11"/>
    <property name="sun.java.launcher" value="SUN_STANDARD"/>
    <property name="user.country" value="US"/>
    <property name="surefire.test.class.path" value="C:\Users\haide\Desktop\Shaft Example\target\test-classes;C:\Users\haide\Desktop\Shaft Example\target\classes;C:\Users\haide\.m2\repository\io\github\shafthq\SHAFT_ENGINE\7.2.20230425\SHAFT_ENGINE-7.2.20230425.jar;C:\Users\haide\.m2\repository\org\testng\testng\7.7.1\testng-7.7.1.jar;C:\Users\haide\.m2\repository\com\beust\jcommander\1.82\jcommander-1.82.jar;C:\Users\haide\.m2\repository\org\webjars\jquery\3.6.1\jquery-3.6.1.jar;C:\Users\haide\.m2\repository\org\seleniumhq\selenium\selenium-java\4.9.0\selenium-java-4.9.0.jar;C:\Users\haide\.m2\repository\org\seleniumhq\selenium\selenium-api\4.9.0\selenium-api-4.9.0.jar;C:\Users\haide\.m2\repository\org\seleniumhq\selenium\selenium-chrome-driver\4.9.0\selenium-chrome-driver-4.9.0.jar;C:\Users\haide\.m2\repository\org\seleniumhq\selenium\selenium-chromium-driver\4.9.0\selenium-chromium-driver-4.9.0.jar;C:\Users\haide\.m2\repository\org\seleniumhq\selenium\selenium-json\4.9.0\selenium-json-4.9.0.jar;C:\Users\haide\.m2\repository\org\seleniumhq\selenium\selenium-manager\4.9.0\selenium-manager-4.9.0.jar;C:\Users\haide\.m2\repository\org\seleniumhq\selenium\selenium-devtools-v110\4.9.0\selenium-devtools-v110-4.9.0.jar;C:\Users\haide\.m2\repository\org\seleniumhq\selenium\selenium-devtools-v111\4.9.0\selenium-devtools-v111-4.9.0.jar;C:\Users\haide\.m2\repository\org\seleniumhq\selenium\selenium-devtools-v112\4.9.0\selenium-devtools-v112-4.9.0.jar;C:\Users\haide\.m2\repository\org\seleniumhq\selenium\selenium-devtools-v85\4.9.0\selenium-devtools-v85-4.9.0.jar;C:\Users\haide\.m2\repository\org\seleniumhq\selenium\selenium-edge-driver\4.9.0\selenium-edge-driver-4.9.0.jar;C:\Users\haide\.m2\repository\org\seleniumhq\selenium\selenium-firefox-driver\4.9.0\selenium-firefox-driver-4.9.0.jar;C:\Users\haide\.m2\repository\org\seleniumhq\selenium\selenium-ie-driver\4.9.0\selenium-ie-driver-4.9.0.jar;C:\Users\haide\.m2\repository\org\seleniumhq\selenium\selenium-remote-driver\4.9.0\selenium-remote-driver-4.9.0.jar;C:\Users\haide\.m2\repository\io\netty\netty-codec-http\4.1.91.Final\netty-codec-http-4.1.91.Final.jar;C:\Users\haide\.m2\repository\io\netty\netty-transport-classes-epoll\4.1.91.Final\netty-transport-classes-epoll-4.1.91.Final.jar;C:\Users\haide\.m2\repository\io\netty\netty-transport-classes-kqueue\4.1.91.Final\netty-transport-classes-kqueue-4.1.91.Final.jar;C:\Users\haide\.m2\repository\io\netty\netty-transport-native-epoll\4.1.91.Final\netty-transport-native-epoll-4.1.91.Final.jar;C:\Users\haide\.m2\repository\io\netty\netty-transport-native-kqueue\4.1.91.Final\netty-transport-native-kqueue-4.1.91.Final.jar;C:\Users\haide\.m2\repository\io\opentelemetry\opentelemetry-api\1.25.0\opentelemetry-api-1.25.0.jar;C:\Users\haide\.m2\repository\io\opentelemetry\opentelemetry-context\1.25.0\opentelemetry-context-1.25.0.jar;C:\Users\haide\.m2\repository\io\opentelemetry\opentelemetry-exporter-logging\1.25.0\opentelemetry-exporter-logging-1.25.0.jar;C:\Users\haide\.m2\repository\io\opentelemetry\opentelemetry-sdk-metrics\1.25.0\opentelemetry-sdk-metrics-1.25.0.jar;C:\Users\haide\.m2\repository\io\opentelemetry\opentelemetry-sdk-logs\1.25.0-alpha\opentelemetry-sdk-logs-1.25.0-alpha.jar;C:\Users\haide\.m2\repository\io\opentelemetry\opentelemetry-api-logs\1.25.0-alpha\opentelemetry-api-logs-1.25.0-alpha.jar;C:\Users\haide\.m2\repository\io\opentelemetry\opentelemetry-api-events\1.25.0-alpha\opentelemetry-api-events-1.25.0-alpha.jar;C:\Users\haide\.m2\repository\io\opentelemetry\opentelemetry-sdk-common\1.25.0\opentelemetry-sdk-common-1.25.0.jar;C:\Users\haide\.m2\repository\io\opentelemetry\opentelemetry-sdk-extension-autoconfigure-spi\1.25.0\opentelemetry-sdk-extension-autoconfigure-spi-1.25.0.jar;C:\Users\haide\.m2\repository\io\opentelemetry\opentelemetry-sdk-extension-autoconfigure\1.25.0-alpha\opentelemetry-sdk-extension-autoconfigure-1.25.0-alpha.jar;C:\Users\haide\.m2\repository\io\opentelemetry\opentelemetry-sdk-trace\1.25.0\opentelemetry-sdk-trace-1.25.0.jar;C:\Users\haide\.m2\repository\io\opentelemetry\opentelemetry-sdk\1.25.0\opentelemetry-sdk-1.25.0.jar;C:\Users\haide\.m2\repository\io\opentelemetry\opentelemetry-semconv\1.25.0-alpha\opentelemetry-semconv-1.25.0-alpha.jar;C:\Users\haide\.m2\repository\io\ous\jtoml\2.0.0\jtoml-2.0.0.jar;C:\Users\haide\.m2\repository\net\bytebuddy\byte-buddy\1.14.4\byte-buddy-1.14.4.jar;C:\Users\haide\.m2\repository\org\asynchttpclient\async-http-client\2.12.3\async-http-client-2.12.3.jar;C:\Users\haide\.m2\repository\org\asynchttpclient\async-http-client-netty-utils\2.12.3\async-http-client-netty-utils-2.12.3.jar;C:\Users\haide\.m2\repository\io\netty\netty-codec-socks\4.1.60.Final\netty-codec-socks-4.1.60.Final.jar;C:\Users\haide\.m2\repository\io\netty\netty-handler-proxy\4.1.60.Final\netty-handler-proxy-4.1.60.Final.jar;C:\Users\haide\.m2\repository\io\netty\netty-transport-native-epoll\4.1.60.Final\netty-transport-native-epoll-4.1.60.Final-linux-x86_64.jar;C:\Users\haide\.m2\repository\io\netty\netty-transport-native-kqueue\4.1.60.Final\netty-transport-native-kqueue-4.1.60.Final-osx-x86_64.jar;C:\Users\haide\.m2\repository\com\typesafe\netty\netty-reactive-streams\2.0.4\netty-reactive-streams-2.0.4.jar;C:\Users\haide\.m2\repository\com\sun\activation\jakarta.activation\1.2.2\jakarta.activation-1.2.2.jar;C:\Users\haide\.m2\repository\org\seleniumhq\selenium\selenium-safari-driver\4.9.0\selenium-safari-driver-4.9.0.jar;C:\Users\haide\.m2\repository\org\seleniumhq\selenium\selenium-support\4.9.0\selenium-support-4.9.0.jar;C:\Users\haide\.m2\repository\org\seleniumhq\selenium\selenium-http-jdk-client\4.9.0\selenium-http-jdk-client-4.9.0.jar;C:\Users\haide\.m2\repository\com\google\auto\service\auto-service-annotations\1.0.1\auto-service-annotations-1.0.1.jar;C:\Users\haide\.m2\repository\com\google\auto\service\auto-service\1.0.1\auto-service-1.0.1.jar;C:\Users\haide\.m2\repository\com\google\auto\auto-common\1.2\auto-common-1.2.jar;C:\Users\haide\.m2\repository\org\seleniumhq\selenium\selenium-http\4.9.0\selenium-http-4.9.0.jar;C:\Users\haide\.m2\repository\dev\failsafe\failsafe\3.3.1\failsafe-3.3.1.jar;C:\Users\haide\.m2\repository\io\netty\netty-handler\4.1.91.Final\netty-handler-4.1.91.Final.jar;C:\Users\haide\.m2\repository\io\netty\netty-common\4.1.91.Final\netty-common-4.1.91.Final.jar;C:\Users\haide\.m2\repository\io\netty\netty-resolver\4.1.91.Final\netty-resolver-4.1.91.Final.jar;C:\Users\haide\.m2\repository\io\netty\netty-buffer\4.1.91.Final\netty-buffer-4.1.91.Final.jar;C:\Users\haide\.m2\repository\io\netty\netty-transport\4.1.91.Final\netty-transport-4.1.91.Final.jar;C:\Users\haide\.m2\repository\io\netty\netty-transport-native-unix-common\4.1.91.Final\netty-transport-native-unix-common-4.1.91.Final.jar;C:\Users\haide\.m2\repository\io\netty\netty-codec\4.1.91.Final\netty-codec-4.1.91.Final.jar;C:\Users\haide\.m2\repository\io\appium\java-client\8.3.0\java-client-8.3.0.jar;C:\Users\haide\.m2\repository\com\google\code\gson\gson\2.10\gson-2.10.jar;C:\Users\haide\.m2\repository\cglib\cglib\3.3.0\cglib-3.3.0.jar;C:\Users\haide\.m2\repository\org\ow2\asm\asm\7.1\asm-7.1.jar;C:\Users\haide\.m2\repository\commons-validator\commons-validator\1.7\commons-validator-1.7.jar;C:\Users\haide\.m2\repository\commons-beanutils\commons-beanutils\1.9.4\commons-beanutils-1.9.4.jar;C:\Users\haide\.m2\repository\commons-digester\commons-digester\2.1\commons-digester-2.1.jar;C:\Users\haide\.m2\repository\commons-collections\commons-collections\3.2.2\commons-collections-3.2.2.jar;C:\Users\haide\.m2\repository\org\apache\commons\commons-lang3\3.12.0\commons-lang3-3.12.0.jar;C:\Users\haide\.m2\repository\commons-io\commons-io\2.11.0\commons-io-2.11.0.jar;C:\Users\haide\.m2\repository\io\github\bonigarcia\webdrivermanager\5.3.2\webdrivermanager-5.3.2.jar;C:\Users\haide\.m2\repository\com\github\docker-java\docker-java\3.2.14\docker-java-3.2.14.jar;C:\Users\haide\.m2\repository\com\github\docker-java\docker-java-core\3.2.14\docker-java-core-3.2.14.jar;C:\Users\haide\.m2\repository\com\github\docker-java\docker-java-api\3.2.14\docker-java-api-3.2.14.jar;C:\Users\haide\.m2\repository\org\slf4j\jcl-over-slf4j\1.7.30\jcl-over-slf4j-1.7.30.jar;C:\Users\haide\.m2\repository\com\github\docker-java\docker-java-transport-httpclient5\3.2.14\docker-java-transport-httpclient5-3.2.14.jar;C:\Users\haide\.m2\repository\com\github\docker-java\docker-java-transport\3.2.14\docker-java-transport-3.2.14.jar;C:\Users\haide\.m2\repository\net\java\dev\jna\jna\5.12.1\jna-5.12.1.jar;C:\Users\haide\.m2\repository\org\brotli\dec\0.1.2\dec-0.1.2.jar;C:\Users\haide\.m2\repository\org\apache\httpcomponents\client5\httpclient5\5.2.1\httpclient5-5.2.1.jar;C:\Users\haide\.m2\repository\org\apache\httpcomponents\core5\httpcore5\5.2\httpcore5-5.2.jar;C:\Users\haide\.m2\repository\org\apache\httpcomponents\core5\httpcore5-h2\5.2\httpcore5-h2-5.2.jar;C:\Users\haide\.m2\repository\io\cucumber\cucumber-java\7.11.2\cucumber-java-7.11.2.jar;C:\Users\haide\.m2\repository\io\cucumber\cucumber-core\7.11.2\cucumber-core-7.11.2.jar;C:\Users\haide\.m2\repository\io\cucumber\cucumber-gherkin\7.11.2\cucumber-gherkin-7.11.2.jar;C:\Users\haide\.m2\repository\io\cucumber\cucumber-gherkin-messages\7.11.2\cucumber-gherkin-messages-7.11.2.jar;C:\Users\haide\.m2\repository\io\cucumber\gherkin\26.0.3\gherkin-26.0.3.jar;C:\Users\haide\.m2\repository\io\cucumber\messages\21.0.1\messages-21.0.1.jar;C:\Users\haide\.m2\repository\io\cucumber\tag-expressions\5.0.1\tag-expressions-5.0.1.jar;C:\Users\haide\.m2\repository\io\cucumber\cucumber-expressions\16.1.2\cucumber-expressions-16.1.2.jar;C:\Users\haide\.m2\repository\io\cucumber\datatable\7.11.2\datatable-7.11.2.jar;C:\Users\haide\.m2\repository\io\cucumber\cucumber-plugin\7.11.2\cucumber-plugin-7.11.2.jar;C:\Users\haide\.m2\repository\io\cucumber\docstring\7.11.2\docstring-7.11.2.jar;C:\Users\haide\.m2\repository\io\cucumber\html-formatter\20.2.1\html-formatter-20.2.1.jar;C:\Users\haide\.m2\repository\io\cucumber\junit-xml-formatter\0.1.0\junit-xml-formatter-0.1.0.jar;C:\Users\haide\.m2\repository\io\cucumber\ci-environment\9.1.0\ci-environment-9.1.0.jar;C:\Users\haide\.m2\repository\org\apiguardian\apiguardian-api\1.1.2\apiguardian-api-1.1.2.jar;C:\Users\haide\.m2\repository\io\cucumber\cucumber-testng\7.11.2\cucumber-testng-7.11.2.jar;C:\Users\haide\.m2\repository\io\cucumber\cucumber-picocontainer\7.11.2\cucumber-picocontainer-7.11.2.jar;C:\Users\haide\.m2\repository\org\picocontainer\picocontainer\2.15\picocontainer-2.15.jar;C:\Users\haide\.m2\repository\org\apache\poi\poi\5.2.3\poi-5.2.3.jar;C:\Users\haide\.m2\repository\commons-codec\commons-codec\1.15\commons-codec-1.15.jar;C:\Users\haide\.m2\repository\org\apache\commons\commons-collections4\4.4\commons-collections4-4.4.jar;C:\Users\haide\.m2\repository\org\apache\commons\commons-math3\3.6.1\commons-math3-3.6.1.jar;C:\Users\haide\.m2\repository\com\zaxxer\SparseBitSet\1.2\SparseBitSet-1.2.jar;C:\Users\haide\.m2\repository\org\apache\logging\log4j\log4j-api\2.18.0\log4j-api-2.18.0.jar;C:\Users\haide\.m2\repository\org\apache\poi\poi-ooxml\5.2.3\poi-ooxml-5.2.3.jar;C:\Users\haide\.m2\repository\org\apache\poi\poi-ooxml-lite\5.2.3\poi-ooxml-lite-5.2.3.jar;C:\Users\haide\.m2\repository\org\apache\xmlbeans\xmlbeans\5.1.1\xmlbeans-5.1.1.jar;C:\Users\haide\.m2\repository\org\apache\commons\commons-compress\1.21\commons-compress-1.21.jar;C:\Users\haide\.m2\repository\com\github\virtuald\curvesapi\1.07\curvesapi-1.07.jar;C:\Users\haide\.m2\repository\io\qameta\allure\allure-testng\2.21.0\allure-testng-2.21.0.jar;C:\Users\haide\.m2\repository\io\qameta\allure\allure-test-filter\2.21.0\allure-test-filter-2.21.0.jar;C:\Users\haide\.m2\repository\io\qameta\allure\allure-java-commons\2.21.0\allure-java-commons-2.21.0.jar;C:\Users\haide\.m2\repository\io\qameta\allure\allure-model\2.21.0\allure-model-2.21.0.jar;C:\Users\haide\.m2\repository\io\qameta\allure\allure-cucumber7-jvm\2.21.0\allure-cucumber7-jvm-2.21.0.jar;C:\Users\haide\.m2\repository\org\aspectj\aspectjweaver\1.9.19\aspectjweaver-1.9.19.jar;C:\Users\haide\.m2\repository\com\aventstack\extentreports\5.0.9\extentreports-5.0.9.jar;C:\Users\haide\.m2\repository\io\reactivex\rxjava3\rxjava\3.0.4\rxjava-3.0.4.jar;C:\Users\haide\.m2\repository\org\reactivestreams\reactive-streams\1.0.3\reactive-streams-1.0.3.jar;C:\Users\haide\.m2\repository\org\freemarker\freemarker\2.3.30\freemarker-2.3.30.jar;C:\Users\haide\.m2\repository\org\apache\pdfbox\pdfbox\2.0.28\pdfbox-2.0.28.jar;C:\Users\haide\.m2\repository\org\apache\pdfbox\fontbox\2.0.28\fontbox-2.0.28.jar;C:\Users\haide\.m2\repository\commons-logging\commons-logging\1.2\commons-logging-1.2.jar;C:\Users\haide\.m2\repository\io\rest-assured\rest-assured\5.3.0\rest-assured-5.3.0.jar;C:\Users\haide\.m2\repository\org\apache\groovy\groovy\4.0.6\groovy-4.0.6.jar;C:\Users\haide\.m2\repository\org\apache\groovy\groovy-xml\4.0.6\groovy-xml-4.0.6.jar;C:\Users\haide\.m2\repository\org\apache\httpcomponents\httpclient\4.5.13\httpclient-4.5.13.jar;C:\Users\haide\.m2\repository\org\apache\httpcomponents\httpcore\4.4.13\httpcore-4.4.13.jar;C:\Users\haide\.m2\repository\org\apache\httpcomponents\httpmime\4.5.13\httpmime-4.5.13.jar;C:\Users\haide\.m2\repository\org\hamcrest\hamcrest\2.1\hamcrest-2.1.jar;C:\Users\haide\.m2\repository\org\ccil\cowan\tagsoup\tagsoup\1.2.1\tagsoup-1.2.1.jar;C:\Users\haide\.m2\repository\io\rest-assured\json-path\5.3.0\json-path-5.3.0.jar;C:\Users\haide\.m2\repository\org\apache\groovy\groovy-json\4.0.6\groovy-json-4.0.6.jar;C:\Users\haide\.m2\repository\io\rest-assured\rest-assured-common\5.3.0\rest-assured-common-5.3.0.jar;C:\Users\haide\.m2\repository\io\rest-assured\xml-path\5.3.0\xml-path-5.3.0.jar;C:\Users\haide\.m2\repository\com\googlecode\json-simple\json-simple\1.1.1\json-simple-1.1.1.jar;C:\Users\haide\.m2\repository\com\jayway\jsonpath\json-path\2.8.0\json-path-2.8.0.jar;C:\Users\haide\.m2\repository\net\minidev\json-smart\2.4.10\json-smart-2.4.10.jar;C:\Users\haide\.m2\repository\net\minidev\accessors-smart\2.4.9\accessors-smart-2.4.9.jar;C:\Users\haide\.m2\repository\org\skyscreamer\jsonassert\1.5.1\jsonassert-1.5.1.jar;C:\Users\haide\.m2\repository\com\vaadin\external\google\android-json\0.0.20131108.vaadin1\android-json-0.0.20131108.vaadin1.jar;C:\Users\haide\.m2\repository\eu\medsea\mimeutil\mime-util\2.1.3\mime-util-2.1.3.jar;C:\Users\haide\.m2\repository\io\rest-assured\json-schema-validator\5.3.0\json-schema-validator-5.3.0.jar;C:\Users\haide\.m2\repository\com\github\java-json-tools\json-schema-validator\2.2.14\json-schema-validator-2.2.14.jar;C:\Users\haide\.m2\repository\com\github\java-json-tools\jackson-coreutils-equivalence\1.0\jackson-coreutils-equivalence-1.0.jar;C:\Users\haide\.m2\repository\com\github\java-json-tools\jackson-coreutils\2.0\jackson-coreutils-2.0.jar;C:\Users\haide\.m2\repository\com\github\java-json-tools\msg-simple\1.2\msg-simple-1.2.jar;C:\Users\haide\.m2\repository\com\github\java-json-tools\btf\1.3\btf-1.3.jar;C:\Users\haide\.m2\repository\com\github\java-json-tools\json-schema-core\1.2.14\json-schema-core-1.2.14.jar;C:\Users\haide\.m2\repository\com\github\java-json-tools\uri-template\0.10\uri-template-0.10.jar;C:\Users\haide\.m2\repository\org\mozilla\rhino\1.7.7.2\rhino-1.7.7.2.jar;C:\Users\haide\.m2\repository\com\sun\mail\mailapi\1.6.2\mailapi-1.6.2.jar;C:\Users\haide\.m2\repository\com\googlecode\libphonenumber\libphonenumber\8.11.1\libphonenumber-8.11.1.jar;C:\Users\haide\.m2\repository\net\sf\jopt-simple\jopt-simple\5.0.4\jopt-simple-5.0.4.jar;C:\Users\haide\.m2\repository\com\fasterxml\jackson\datatype\jackson-datatype-jdk8\2.15.0\jackson-datatype-jdk8-2.15.0.jar;C:\Users\haide\.m2\repository\com\fasterxml\jackson\core\jackson-core\2.15.0\jackson-core-2.15.0.jar;C:\Users\haide\.m2\repository\com\fasterxml\jackson\core\jackson-databind\2.15.0\jackson-databind-2.15.0.jar;C:\Users\haide\.m2\repository\com\fasterxml\jackson\core\jackson-annotations\2.15.0\jackson-annotations-2.15.0.jar;C:\Users\haide\.m2\repository\com\applitools\eyes-images-java4\4.14.0\eyes-images-java4-4.14.0.jar;C:\Users\haide\.m2\repository\com\applitools\eyes-common-java4\4.14.0\eyes-common-java4-4.14.0.jar;C:\Users\haide\.m2\repository\org\imgscalr\imgscalr-lib\4.2\imgscalr-lib-4.2.jar;C:\Users\haide\.m2\repository\com\helger\ph-css\6.1.1\ph-css-6.1.1.jar;C:\Users\haide\.m2\repository\com\helger\ph-commons\9.0.2\ph-commons-9.0.2.jar;C:\Users\haide\.m2\repository\com\applitools\eyes-sdk-core-java4\4.14.0\eyes-sdk-core-java4-4.14.0.jar;C:\Users\haide\.m2\repository\com\applitools\eyes-connectivity-java4-jersey2x\4.14.0\eyes-connectivity-java4-jersey2x-4.14.0.jar;C:\Users\haide\.m2\repository\org\glassfish\jersey\connectors\jersey-apache-connector\2.16\jersey-apache-connector-2.16.jar;C:\Users\haide\.m2\repository\org\glassfish\jersey\core\jersey-common\2.16\jersey-common-2.16.jar;C:\Users\haide\.m2\repository\javax\annotation\javax.annotation-api\1.2\javax.annotation-api-1.2.jar;C:\Users\haide\.m2\repository\org\glassfish\jersey\bundles\repackaged\jersey-guava\2.16\jersey-guava-2.16.jar;C:\Users\haide\.m2\repository\org\glassfish\hk2\osgi-resource-locator\1.0.1\osgi-resource-locator-1.0.1.jar;C:\Users\haide\.m2\repository\javax\ws\rs\javax.ws.rs-api\2.0.1\javax.ws.rs-api-2.0.1.jar;C:\Users\haide\.m2\repository\org\glassfish\jersey\core\jersey-client\2.16\jersey-client-2.16.jar;C:\Users\haide\.m2\repository\org\glassfish\hk2\hk2-api\2.4.0-b09\hk2-api-2.4.0-b09.jar;C:\Users\haide\.m2\repository\org\glassfish\hk2\hk2-utils\2.4.0-b09\hk2-utils-2.4.0-b09.jar;C:\Users\haide\.m2\repository\org\glassfish\hk2\external\aopalliance-repackaged\2.4.0-b09\aopalliance-repackaged-2.4.0-b09.jar;C:\Users\haide\.m2\repository\org\glassfish\hk2\external\javax.inject\2.4.0-b09\javax.inject-2.4.0-b09.jar;C:\Users\haide\.m2\repository\org\glassfish\hk2\hk2-locator\2.4.0-b09\hk2-locator-2.4.0-b09.jar;C:\Users\haide\.m2\repository\org\openpnp\opencv\4.7.0-0\opencv-4.7.0-0.jar;C:\Users\haide\.m2\repository\com\sikulix\sikulixapi\2.0.5\sikulixapi-2.0.5.jar;C:\Users\haide\.m2\repository\org\python\jython-slim\2.7.2\jython-slim-2.7.2.jar;C:\Users\haide\.m2\repository\org\antlr\antlr\3.5.2\antlr-3.5.2.jar;C:\Users\haide\.m2\repository\org\antlr\ST4\4.0.8\ST4-4.0.8.jar;C:\Users\haide\.m2\repository\javax\servlet\javax.servlet-api\3.1.0\javax.servlet-api-3.1.0.jar;C:\Users\haide\.m2\repository\org\antlr\antlr-runtime\3.5.2\antlr-runtime-3.5.2.jar;C:\Users\haide\.m2\repository\org\bouncycastle\bcpkix-jdk15on\1.62\bcpkix-jdk15on-1.62.jar;C:\Users\haide\.m2\repository\org\bouncycastle\bcprov-jdk15on\1.62\bcprov-jdk15on-1.62.jar;C:\Users\haide\.m2\repository\org\ow2\asm\asm-commons\7.1\asm-commons-7.1.jar;C:\Users\haide\.m2\repository\org\ow2\asm\asm-analysis\7.1\asm-analysis-7.1.jar;C:\Users\haide\.m2\repository\org\ow2\asm\asm-util\7.1\asm-util-7.1.jar;C:\Users\haide\.m2\repository\com\ibm\icu\icu4j\59.1\icu4j-59.1.jar;C:\Users\haide\.m2\repository\com\carrotsearch\java-sizeof\0.0.5\java-sizeof-0.0.5.jar;C:\Users\haide\.m2\repository\com\github\jnr\jffi\1.2.20\jffi-1.2.20.jar;C:\Users\haide\.m2\repository\com\github\jnr\jnr-netdb\1.1.6\jnr-netdb-1.1.6.jar;C:\Users\haide\.m2\repository\com\github\jnr\jnr-ffi\2.1.10\jnr-ffi-2.1.10.jar;C:\Users\haide\.m2\repository\com\github\jnr\jffi\1.2.19\jffi-1.2.19-native.jar;C:\Users\haide\.m2\repository\com\github\jnr\jnr-a64asm\1.0.0\jnr-a64asm-1.0.0.jar;C:\Users\haide\.m2\repository\com\github\jnr\jnr-x86asm\1.0.2\jnr-x86asm-1.0.2.jar;C:\Users\haide\.m2\repository\com\github\jnr\jnr-posix\3.0.50\jnr-posix-3.0.50.jar;C:\Users\haide\.m2\repository\com\github\jnr\jnr-constants\0.9.12\jnr-constants-0.9.12.jar;C:\Users\haide\.m2\repository\jline\jline\2.14.5\jline-2.14.5.jar;C:\Users\haide\.m2\repository\org\apache\ant\ant\1.9.7\ant-1.9.7.jar;C:\Users\haide\.m2\repository\org\apache\ant\ant-launcher\1.9.7\ant-launcher-1.9.7.jar;C:\Users\haide\.m2\repository\com\sikulix\sikulix2tigervnc\1.1.4\sikulix2tigervnc-1.1.4.jar;C:\Users\haide\.m2\repository\commons-cli\commons-cli\1.4\commons-cli-1.4.jar;C:\Users\haide\.m2\repository\org\apache\commons\commons-exec\1.3\commons-exec-1.3.jar;C:\Users\haide\.m2\repository\net\java\dev\jna\jna-platform\5.6.0\jna-platform-5.6.0.jar;C:\Users\haide\.m2\repository\net\oneandone\reflections8\reflections8\0.11.6\reflections8-0.11.6.jar;C:\Users\haide\.m2\repository\org\javassist\javassist\3.22.0-GA\javassist-3.22.0-GA.jar;C:\Users\haide\.m2\repository\net\sourceforge\tess4j\tess4j\4.5.4\tess4j-4.5.4.jar;C:\Users\haide\.m2\repository\com\github\jai-imageio\jai-imageio-core\1.4.0\jai-imageio-core-1.4.0.jar;C:\Users\haide\.m2\repository\org\ghost4j\ghost4j\1.0.1\ghost4j-1.0.1.jar;C:\Users\haide\.m2\repository\org\apache\xmlgraphics\xmlgraphics-commons\1.4\xmlgraphics-commons-1.4.jar;C:\Users\haide\.m2\repository\com\lowagie\itext\2.1.7\itext-2.1.7.jar;C:\Users\haide\.m2\repository\org\apache\pdfbox\pdfbox-tools\2.0.21\pdfbox-tools-2.0.21.jar;C:\Users\haide\.m2\repository\org\apache\pdfbox\pdfbox-debugger\2.0.21\pdfbox-debugger-2.0.21.jar;C:\Users\haide\.m2\repository\org\apache\pdfbox\jbig2-imageio\3.0.3\jbig2-imageio-3.0.3.jar;C:\Users\haide\.m2\repository\net\sourceforge\lept4j\lept4j\1.13.2\lept4j-1.13.2.jar;C:\Users\haide\.m2\repository\org\jboss\jboss-vfs\3.2.15.Final\jboss-vfs-3.2.15.Final.jar;C:\Users\haide\.m2\repository\org\jboss\logging\jboss-logging\3.1.4.GA\jboss-logging-3.1.4.GA.jar;C:\Users\haide\.m2\repository\net\sf\py4j\py4j\0.10.9.1\py4j-0.10.9.1.jar;C:\Users\haide\.m2\repository\com\epam\healenium\healenium-web\3.4.2\healenium-web-3.4.2.jar;C:\Users\haide\.m2\repository\com\typesafe\config\1.4.2\config-1.4.2.jar;C:\Users\haide\.m2\repository\com\epam\healenium\tree-comparing\0.4.11\tree-comparing-0.4.11.jar;C:\Users\haide\.m2\repository\org\apache\commons\commons-text\1.6\commons-text-1.6.jar;C:\Users\haide\.m2\repository\com\squareup\okhttp3\okhttp\4.9.3\okhttp-4.9.3.jar;C:\Users\haide\.m2\repository\com\squareup\okio\okio\2.8.0\okio-2.8.0.jar;C:\Users\haide\.m2\repository\org\jetbrains\kotlin\kotlin-stdlib-common\1.4.0\kotlin-stdlib-common-1.4.0.jar;C:\Users\haide\.m2\repository\org\jetbrains\kotlin\kotlin-stdlib\1.4.10\kotlin-stdlib-1.4.10.jar;C:\Users\haide\.m2\repository\com\squareup\okhttp3\logging-interceptor\4.10.0\logging-interceptor-4.10.0.jar;C:\Users\haide\.m2\repository\org\jetbrains\kotlin\kotlin-stdlib-jdk8\1.6.10\kotlin-stdlib-jdk8-1.6.10.jar;C:\Users\haide\.m2\repository\org\jetbrains\kotlin\kotlin-stdlib-jdk7\1.6.10\kotlin-stdlib-jdk7-1.6.10.jar;C:\Users\haide\.m2\repository\org\mapstruct\mapstruct\1.4.2.Final\mapstruct-1.4.2.Final.jar;C:\Users\haide\.m2\repository\one\util\streamex\0.8.1\streamex-0.8.1.jar;C:\Users\haide\.m2\repository\org\mapstruct\mapstruct-processor\1.4.2.Final\mapstruct-processor-1.4.2.Final.jar;C:\Users\haide\.m2\repository\com\assertthat\selenium-shutterbug\1.6\selenium-shutterbug-1.6.jar;C:\Users\haide\.m2\repository\com\github\zafarkhaja\java-semver\0.9.0\java-semver-0.9.0.jar;C:\Users\haide\.m2\repository\com\jcraft\jsch\0.1.55\jsch-0.1.55.jar;C:\Users\haide\.m2\repository\com\mysql\mysql-connector-j\8.0.33\mysql-connector-j-8.0.33.jar;C:\Users\haide\.m2\repository\com\google\protobuf\protobuf-java\3.21.9\protobuf-java-3.21.9.jar;C:\Users\haide\.m2\repository\com\microsoft\sqlserver\mssql-jdbc\9.4.1.jre16-preview\mssql-jdbc-9.4.1.jre16-preview.jar;C:\Users\haide\.m2\repository\postgresql\postgresql\9.1-901-1.jdbc4\postgresql-9.1-901-1.jdbc4.jar;C:\Users\haide\.m2\repository\com\ibm\db2\jcc\db2jcc\db2jcc4\db2jcc-db2jcc4.jar;C:\Users\haide\.m2\repository\ws\schild\jave-all-deps\3.3.1\jave-all-deps-3.3.1.jar;C:\Users\haide\.m2\repository\ws\schild\jave-core\3.3.1\jave-core-3.3.1.jar;C:\Users\haide\.m2\repository\ws\schild\jave-nativebin-win32\3.3.1\jave-nativebin-win32-3.3.1.jar;C:\Users\haide\.m2\repository\ws\schild\jave-nativebin-win64\3.3.1\jave-nativebin-win64-3.3.1.jar;C:\Users\haide\.m2\repository\ws\schild\jave-nativebin-linux32\3.3.1\jave-nativebin-linux32-3.3.1.jar;C:\Users\haide\.m2\repository\ws\schild\jave-nativebin-linux64\3.3.1\jave-nativebin-linux64-3.3.1.jar;C:\Users\haide\.m2\repository\ws\schild\jave-nativebin-osx64\3.3.1\jave-nativebin-osx64-3.3.1.jar;C:\Users\haide\.m2\repository\ws\schild\jave-nativebin-osxm1\3.3.1\jave-nativebin-osxm1-3.3.1.jar;C:\Users\haide\.m2\repository\ws\schild\jave-nativebin-linux-arm32\3.3.1\jave-nativebin-linux-arm32-3.3.1.jar;C:\Users\haide\.m2\repository\ws\schild\jave-nativebin-linux-arm64\3.3.1\jave-nativebin-linux-arm64-3.3.1.jar;C:\Users\haide\.m2\repository\com\automation-remarks\video-recorder-testng\2.0\video-recorder-testng-2.0.jar;C:\Users\haide\.m2\repository\com\automation-remarks\video-recorder-core\2.0\video-recorder-core-2.0.jar;C:\Users\haide\.m2\repository\org\zeroturnaround\zt-exec\1.10\zt-exec-1.10.jar;C:\Users\haide\.m2\repository\org\awaitility\awaitility\3.1.6\awaitility-3.1.6.jar;C:\Users\haide\.m2\repository\org\hamcrest\hamcrest-library\1.3\hamcrest-library-1.3.jar;C:\Users\haide\.m2\repository\org\hamcrest\hamcrest-core\1.3\hamcrest-core-1.3.jar;C:\Users\haide\.m2\repository\org\objenesis\objenesis\2.6\objenesis-2.6.jar;C:\Users\haide\.m2\repository\org\json\json\20180813\json-20180813.jar;C:\Users\haide\.m2\repository\org\apache\logging\log4j\log4j-slf4j2-impl\2.20.0\log4j-slf4j2-impl-2.20.0.jar;C:\Users\haide\.m2\repository\org\slf4j\slf4j-api\2.0.6\slf4j-api-2.0.6.jar;C:\Users\haide\.m2\repository\org\apache\logging\log4j\log4j-core\2.20.0\log4j-core-2.20.0.jar;C:\Users\haide\.m2\repository\org\apache\logging\log4j\log4j-1.2-api\2.20.0\log4j-1.2-api-2.20.0.jar;C:\Users\haide\.m2\repository\com\google\guava\guava\31.1-jre\guava-31.1-jre.jar;C:\Users\haide\.m2\repository\com\google\guava\failureaccess\1.0.1\failureaccess-1.0.1.jar;C:\Users\haide\.m2\repository\com\google\guava\listenablefuture\9999.0-empty-to-avoid-conflict-with-guava\listenablefuture-9999.0-empty-to-avoid-conflict-with-guava.jar;C:\Users\haide\.m2\repository\com\google\code\findbugs\jsr305\3.0.2\jsr305-3.0.2.jar;C:\Users\haide\.m2\repository\org\checkerframework\checker-qual\3.12.0\checker-qual-3.12.0.jar;C:\Users\haide\.m2\repository\com\google\errorprone\error_prone_annotations\2.11.0\error_prone_annotations-2.11.0.jar;C:\Users\haide\.m2\repository\com\google\j2objc\j2objc-annotations\1.3\j2objc-annotations-1.3.jar;C:\Users\haide\.m2\repository\org\projectlombok\lombok\1.18.26\lombok-1.18.26.jar;C:\Users\haide\.m2\repository\com\google\crypto\tink\tink\1.9.0\tink-1.9.0.jar;C:\Users\haide\.m2\repository\com\google\http-client\google-http-client\1.43.1\google-http-client-1.43.1.jar;C:\Users\haide\.m2\repository\io\opencensus\opencensus-api\0.31.1\opencensus-api-0.31.1.jar;C:\Users\haide\.m2\repository\io\grpc\grpc-context\1.27.2\grpc-context-1.27.2.jar;C:\Users\haide\.m2\repository\io\opencensus\opencensus-contrib-http-util\0.31.1\opencensus-contrib-http-util-0.31.1.jar;C:\Users\haide\.m2\repository\joda-time\joda-time\2.12.5\joda-time-2.12.5.jar;C:\Users\haide\.m2\repository\com\google\crypto\tink\tink-awskms\1.8.0\tink-awskms-1.8.0.jar;C:\Users\haide\.m2\repository\com\amazonaws\aws-java-sdk-core\1.12.182\aws-java-sdk-core-1.12.182.jar;C:\Users\haide\.m2\repository\software\amazon\ion\ion-java\1.0.2\ion-java-1.0.2.jar;C:\Users\haide\.m2\repository\com\fasterxml\jackson\dataformat\jackson-dataformat-cbor\2.12.6\jackson-dataformat-cbor-2.12.6.jar;C:\Users\haide\.m2\repository\com\amazonaws\aws-java-sdk-kms\1.12.182\aws-java-sdk-kms-1.12.182.jar;C:\Users\haide\.m2\repository\com\amazonaws\jmespath-java\1.12.182\jmespath-java-1.12.182.jar;C:\Users\haide\.m2\repository\com\google\crypto\tink\tink-gcpkms\1.8.0\tink-gcpkms-1.8.0.jar;C:\Users\haide\.m2\repository\com\google\api-client\google-api-client\2.2.0\google-api-client-2.2.0.jar;C:\Users\haide\.m2\repository\com\google\http-client\google-http-client-apache-v2\1.42.3\google-http-client-apache-v2-1.42.3.jar;C:\Users\haide\.m2\repository\com\google\apis\google-api-services-cloudkms\v1-rev20221107-2.0.0\google-api-services-cloudkms-v1-rev20221107-2.0.0.jar;C:\Users\haide\.m2\repository\com\google\auth\google-auth-library-oauth2-http\1.5.3\google-auth-library-oauth2-http-1.5.3.jar;C:\Users\haide\.m2\repository\com\google\auto\value\auto-value-annotations\1.9\auto-value-annotations-1.9.jar;C:\Users\haide\.m2\repository\com\google\auth\google-auth-library-credentials\1.5.3\google-auth-library-credentials-1.5.3.jar;C:\Users\haide\.m2\repository\com\google\http-client\google-http-client-gson\1.42.3\google-http-client-gson-1.42.3.jar;C:\Users\haide\.m2\repository\com\google\oauth-client\google-oauth-client\1.34.1\google-oauth-client-1.34.1.jar;C:\Users\haide\.m2\repository\org\yaml\snakeyaml\2.0\snakeyaml-2.0.jar;C:\Users\haide\.m2\repository\org\aeonbits\owner\owner-java8\1.0.12\owner-java8-1.0.12.jar;C:\Users\haide\.m2\repository\org\aeonbits\owner\owner\1.0.12\owner-1.0.12.jar;C:\Users\haide\.m2\repository\org\jacoco\jacoco-maven-plugin\0.8.8\jacoco-maven-plugin-0.8.8.jar;C:\Users\haide\.m2\repository\org\codehaus\plexus\plexus-utils\3.0.22\plexus-utils-3.0.22.jar;C:\Users\haide\.m2\repository\org\apache\maven\shared\file-management\1.2.1\file-management-1.2.1.jar;C:\Users\haide\.m2\repository\org\apache\maven\maven-plugin-api\2.0.6\maven-plugin-api-2.0.6.jar;C:\Users\haide\.m2\repository\org\apache\maven\shared\maven-shared-io\1.1\maven-shared-io-1.1.jar;C:\Users\haide\.m2\repository\org\apache\maven\maven-artifact\2.0.2\maven-artifact-2.0.2.jar;C:\Users\haide\.m2\repository\org\apache\maven\maven-artifact-manager\2.0.2\maven-artifact-manager-2.0.2.jar;C:\Users\haide\.m2\repository\org\apache\maven\maven-repository-metadata\2.0.2\maven-repository-metadata-2.0.2.jar;C:\Users\haide\.m2\repository\org\apache\maven\wagon\wagon-provider-api\1.0-alpha-6\wagon-provider-api-1.0-alpha-6.jar;C:\Users\haide\.m2\repository\org\codehaus\plexus\plexus-container-default\1.0-alpha-9\plexus-container-default-1.0-alpha-9.jar;C:\Users\haide\.m2\repository\junit\junit\3.8.1\junit-3.8.1.jar;C:\Users\haide\.m2\repository\classworlds\classworlds\1.1-alpha-2\classworlds-1.1-alpha-2.jar;C:\Users\haide\.m2\repository\org\apache\maven\reporting\maven-reporting-api\3.0\maven-reporting-api-3.0.jar;C:\Users\haide\.m2\repository\org\apache\maven\doxia\doxia-sink-api\1.0\doxia-sink-api-1.0.jar;C:\Users\haide\.m2\repository\org\jacoco\org.jacoco.agent\0.8.8\org.jacoco.agent-0.8.8-runtime.jar;C:\Users\haide\.m2\repository\org\jacoco\org.jacoco.core\0.8.8\org.jacoco.core-0.8.8.jar;C:\Users\haide\.m2\repository\org\ow2\asm\asm-tree\9.2\asm-tree-9.2.jar;C:\Users\haide\.m2\repository\org\jacoco\org.jacoco.report\0.8.8\org.jacoco.report-0.8.8.jar;C:\Users\haide\.m2\repository\org\jsoup\jsoup\1.15.4\jsoup-1.15.4.jar;"/>
    <property name="cucumber.snippet-type" value="underscore"/>
    <property name="sun.cpu.endian" value="little"/>
    <property name="user.home" value="C:\Users\haide"/>
    <property name="user.language" value="en"/>
    <property name="setThreadCount" value="1"/>
    <property name="cucumber.execution.dry-run" value="false"/>
    <property name="setGroupByInstances" value="true"/>
    <property name="cucumber.execution.limit" value=""/>
    <property name="name" value="PropertiesConfig"/>
    <property name="cucumber.execution.wip" value="false"/>
    <property name="appender.console.name" value="STDOUT"/>
    <property name="appender.console.layout.type" value="PatternLayout"/>
    <property name="appender.file.name" value="LOGFILE"/>
    <property name="surefire.real.class.path" value="C:\Users\haide\AppData\Local\Temp\surefire10779266853951070629\surefirebooter-20230501124917596_3.jar"/>
    <property name="appender.console.layout.disableAnsi" value="false"/>
    <property name="cucumber.plugin" value="pretty, json:allure-results/cucumber.json, html:allure-results/cucumberReport.html, com.shaft.listeners.CucumberTestRunnerListener"/>
    <property name="path.separator" value=";"/>
    <property name="os.version" value="10.0"/>
    <property name="java.runtime.name" value="OpenJDK Runtime Environment"/>
    <property name="java.vm.name" value="OpenJDK 64-Bit Server VM"/>
    <property name="logger.app.name" value="org.apache.http.impl.client"/>
    <property name="maven.ext.class.path" value="C:\Program Files\NetBeans-15\netbeans\java\maven-nblib\netbeans-eventspy.jar"/>
    <property name="cucumber.ansi-colors.disabled" value="false"/>
    <property name="java.vendor.url.bug" value="http://www.azul.com/support/"/>
    <property name="cucumber.filter.tags" value=""/>
    <property name="user.dir" value="C:\Users\haide\Desktop\Shaft Example"/>
    <property name="os.arch" value="amd64"/>
    <property name="cucumber.execution.order" value="lexical"/>
    <property name="appender.file.type" value="File"/>
    <property name="setVerbose" value="1"/>
    <property name="setParallel" value="NONE"/>
    <property name="appender.file.filter.threshold.level" value="debug"/>
    <property name="setDataProviderThreadCount" value="1"/>
    <property name="java.vm.info" value="mixed mode, sharing"/>
    <property name="java.vm.version" value="17.0.7+7-LTS"/>
    <property name="cucumber.glue" value="customCucumberSteps, com.shaft.cucumber"/>
    <property name="java.class.version" value="61.0"/>
    <property name="webdriver.http.factory" value="jdk-http-client"/>
  </properties>
  <testcase name="Validate_data_in_home_page" classname="GuiTests.BaTest" time="9.41">
    <failure message="Assertion &quot;ValidateElementAttribute&quot; FAILED. Expected &quot;Value Should be &apos;CLASSIC&apos; for the &apos;text&apos; attribute, element locator &apos;By.xpath: /html/body/div[1]/div[3]/div/div/div/div[1]/div[2]/h4&apos;&quot; and Actual &quot;Failed to read the desired element attribute&quot;. Comparison Type &quot;CONTAINS&quot;. Validation Type &quot;POSITIVE&quot;. Root cause: &quot;java.lang.AssertionError: Failed to Get text from &quot;By.xpath: /html/body/div[1]/div[3]/div/div/div/div[1]/div[2]/h4&quot;.&quot;" type="java.lang.AssertionError"><![CDATA[java.lang.AssertionError: Assertion "ValidateElementAttribute" FAILED. Expected "Value Should be 'CLASSIC' for the 'text' attribute, element locator 'By.xpath: /html/body/div[1]/div[3]/div/div/div/div[1]/div[2]/h4'" and Actual "Failed to read the desired element attribute". Comparison Type "CONTAINS". Validation Type "POSITIVE". Root cause: "java.lang.AssertionError: Failed to Get text from "By.xpath: /html/body/div[1]/div[3]/div/div/div/div[1]/div[2]/h4"."
	at org.testng.Assert.fail(Assert.java:98)
	at com.shaft.tools.io.internal.FailureReporter.fail(FailureReporter.java:34)
	at com.shaft.validation.internal.ValidationsHelper.reportValidationState(ValidationsHelper.java:735)
	at com.shaft.validation.internal.ValidationsHelper.fail(ValidationsHelper.java:450)
	at com.shaft.validation.internal.ValidationsHelper.validateElementAttribute(ValidationsHelper.java:165)
	at com.shaft.validation.internal.ValidationsExecutor.perform(ValidationsExecutor.java:149)
	at GuiTests.BaTest.Validate_data_in_home_page(BaTest.java:42)
	at java.base/jdk.internal.reflect.NativeMethodAccessorImpl.invoke0(Native Method)
	at java.base/jdk.internal.reflect.NativeMethodAccessorImpl.invoke(NativeMethodAccessorImpl.java:77)
	at java.base/jdk.internal.reflect.DelegatingMethodAccessorImpl.invoke(DelegatingMethodAccessorImpl.java:43)
	at java.base/java.lang.reflect.Method.invoke(Method.java:568)
	at org.testng.internal.invokers.MethodInvocationHelper.invokeMethod(MethodInvocationHelper.java:139)
	at org.testng.internal.invokers.TestInvoker.invokeMethod(TestInvoker.java:677)
	at org.testng.internal.invokers.TestInvoker.invokeTestMethod(TestInvoker.java:221)
	at org.testng.internal.invokers.MethodRunner.runInSequence(MethodRunner.java:50)
	at org.testng.internal.invokers.TestInvoker$MethodInvocationAgent.invoke(TestInvoker.java:969)
	at org.testng.internal.invokers.TestInvoker.invokeTestMethods(TestInvoker.java:194)
	at org.testng.internal.invokers.TestMethodWorker.invokeTestMethods(TestMethodWorker.java:148)
	at org.testng.internal.invokers.TestMethodWorker.run(TestMethodWorker.java:128)
	at java.base/java.util.ArrayList.forEach(ArrayList.java:1511)
	at org.testng.TestRunner.privateRun(TestRunner.java:829)
	at org.testng.TestRunner.run(TestRunner.java:602)
	at org.testng.SuiteRunner.runTest(SuiteRunner.java:437)
	at org.testng.SuiteRunner.runSequentially(SuiteRunner.java:431)
	at org.testng.SuiteRunner.privateRun(SuiteRunner.java:391)
	at org.testng.SuiteRunner.run(SuiteRunner.java:330)
	at org.testng.SuiteRunnerWorker.runSuite(SuiteRunnerWorker.java:52)
	at org.testng.SuiteRunnerWorker.run(SuiteRunnerWorker.java:95)
	at org.testng.TestNG.runSuitesSequentially(TestNG.java:1256)
	at org.testng.TestNG.runSuitesLocally(TestNG.java:1176)
	at org.testng.TestNG.runSuites(TestNG.java:1099)
	at org.testng.TestNG.run(TestNG.java:1067)
	at org.apache.maven.surefire.testng.TestNGExecutor.run(TestNGExecutor.java:155)
	at org.apache.maven.surefire.testng.TestNGDirectoryTestSuite.executeMulti(TestNGDirectoryTestSuite.java:169)
	at org.apache.maven.surefire.testng.TestNGDirectoryTestSuite.execute(TestNGDirectoryTestSuite.java:88)
	at org.apache.maven.surefire.testng.TestNGProvider.invoke(TestNGProvider.java:137)
	at org.apache.maven.surefire.booter.ForkedBooter.runSuitesInProcess(ForkedBooter.java:385)
	at org.apache.maven.surefire.booter.ForkedBooter.execute(ForkedBooter.java:162)
	at org.apache.maven.surefire.booter.ForkedBooter.run(ForkedBooter.java:507)
	at org.apache.maven.surefire.booter.ForkedBooter.main(ForkedBooter.java:495)
Caused by: java.lang.AssertionError: Failed to Get text from "By.xpath: /html/body/div[1]/div[3]/div/div/div/div[1]/div[2]/h4".
	at org.testng.Assert.fail(Assert.java:110)
	at com.shaft.gui.element.internal.ElementActionsHelper.failAction(ElementActionsHelper.java:937)
	at com.shaft.gui.element.internal.ElementActionsHelper.failAction(ElementActionsHelper.java:869)
	at com.shaft.gui.element.internal.FluentElementActions.getText(FluentElementActions.java:581)
	at com.shaft.validation.internal.ValidationsHelper.validateElementAttribute(ValidationsHelper.java:154)
	... 35 more
]]></failure>
    <system-out><![CDATA[&amp#27;[38;2;0;96;168;1m[INFO]&amp#27;[m &amp#27;[m
------------------------------------------------------------------------------------------------------------------------------------------------
                                                      Powered by SHAFT Engine v7.2.20230425                                                      
------------------------------------------------------------------------------------------------------------------------------------------------
 &amp#27;[m&amp#27;[90m| com.shaft.tools.io.ReportManager&amp#27;[m &amp#27;[90m- main&amp#27;[m &amp#27;[90m- 12:49:21 PM&amp#27;[m 
&amp#27;[38;2;0;96;168;1m[INFO]&amp#27;[m &amp#27;[mLoaded OpenCV "opencv_java470". &amp#27;[m&amp#27;[90m| com.shaft.tools.io.ReportManager&amp#27;[m &amp#27;[90m- main&amp#27;[m &amp#27;[90m- 12:49:22 PM&amp#27;[m 
&amp#27;[38;2;0;96;168;1m[INFO]&amp#27;[m &amp#27;[mFile Action "DeleteFolder" successfully performed. With the following test data "Target Folder: "execution-summary"". &amp#27;[m&amp#27;[90m| com.shaft.tools.io.ReportManager&amp#27;[m &amp#27;[90m- main&amp#27;[m &amp#27;[90m- 12:49:22 PM&amp#27;[m 
&amp#27;[38;2;0;96;168;1m[INFO]&amp#27;[m &amp#27;[mInitializing Allure Reporting Environment... &amp#27;[m&amp#27;[90m| com.shaft.tools.io.ReportManager&amp#27;[m &amp#27;[90m- main&amp#27;[m &amp#27;[90m- 12:49:22 PM&amp#27;[m 
&amp#27;[38;2;0;96;168;1m[INFO]&amp#27;[m &amp#27;[mInitializing Extent Reporting Environment... &amp#27;[m&amp#27;[90m| com.shaft.tools.io.ReportManager&amp#27;[m &amp#27;[90m- main&amp#27;[m &amp#27;[90m- 12:49:22 PM&amp#27;[m 
&amp#27;[38;2;0;96;168;1m[INFO]&amp#27;[m &amp#27;[m
------------------------------------------------------------------------------------------------------------------------------------------------
                                             Starting execution of suite setup configuration method                                             
                                          'com.shaft.listeners.internal.ConfigurationHelper.suiteSetup'                                          
------------------------------------------------------------------------------------------------------------------------------------------------
 &amp#27;[m&amp#27;[90m| com.shaft.tools.io.ReportManager&amp#27;[m &amp#27;[90m- main&amp#27;[m &amp#27;[90m- 12:49:23 PM&amp#27;[m 
&amp#27;[38;2;0;96;168;1m[INFO]&amp#27;[m &amp#27;[mInitializing Important Links... &amp#27;[m&amp#27;[90m| com.shaft.tools.io.ReportManager&amp#27;[m &amp#27;[90m- main&amp#27;[m &amp#27;[90m- 12:49:23 PM&amp#27;[m 
&amp#27;[38;2;0;96;168;1m[INFO]&amp#27;[m &amp#27;[mInitializing Properties... &amp#27;[m&amp#27;[90m| com.shaft.tools.io.ReportManager&amp#27;[m &amp#27;[90m- main&amp#27;[m &amp#27;[90m- 12:49:23 PM&amp#27;[m 
&amp#27;[38;2;0;96;168;1m[INFO]&amp#27;[m &amp#27;[m
------------------------------------------------------------------------------------------------------------------------------------------------
                                            Starting execution of before method configuration method                                            
                                                         'GuiTests.BaTest.beforeMethod'                                                         
------------------------------------------------------------------------------------------------------------------------------------------------
 &amp#27;[m&amp#27;[90m| com.shaft.tools.io.ReportManager&amp#27;[m &amp#27;[90m- main&amp#27;[m &amp#27;[90m- 12:49:23 PM&amp#27;[m 
&amp#27;[38;2;0;96;168;1m[INFO]&amp#27;[m &amp#27;[mSetting "targetOperatingSystem" property with "WINDOWS". &amp#27;[m&amp#27;[90m| com.shaft.tools.io.ReportManager&amp#27;[m &amp#27;[90m- main&amp#27;[m &amp#27;[90m- 12:49:24 PM&amp#27;[m 
&amp#27;[38;2;0;96;168;1m[INFO]&amp#27;[m &amp#27;[mFile Action "DoesFileExist" successfully performed. With the following test data "File Path: "target/downloadedFiles/"". &amp#27;[m&amp#27;[90m| com.shaft.tools.io.ReportManager&amp#27;[m &amp#27;[90m- main&amp#27;[m &amp#27;[90m- 12:49:24 PM&amp#27;[m 
&amp#27;[38;2;0;96;168;1m[INFO]&amp#27;[m &amp#27;[mFile Action "GetAbsolutePath" successfully performed. With the following test data "Relative Folder Path: "src/test/resources/testDataFiles/target/downloadedFiles/"". &amp#27;[m&amp#27;[90m| com.shaft.tools.io.ReportManager&amp#27;[m &amp#27;[90m- main&amp#27;[m &amp#27;[90m- 12:49:24 PM&amp#27;[m 
&amp#27;[38;2;0;96;168;1m[INFO]&amp#27;[m &amp#27;[mFile Action "DoesFileExist" successfully performed. With the following test data "File Path: "target/downloadedFiles/"". &amp#27;[m&amp#27;[90m| com.shaft.tools.io.ReportManager&amp#27;[m &amp#27;[90m- main&amp#27;[m &amp#27;[90m- 12:49:24 PM&amp#27;[m 
&amp#27;[38;2;0;96;168;1m[INFO]&amp#27;[m &amp#27;[mFile Action "GetAbsolutePath" successfully performed. With the following test data "Relative Folder Path: "src/test/resources/testDataFiles/target/downloadedFiles/"". &amp#27;[m&amp#27;[90m| com.shaft.tools.io.ReportManager&amp#27;[m &amp#27;[90m- main&amp#27;[m &amp#27;[90m- 12:49:24 PM&amp#27;[m 
&amp#27;[38;2;0;96;168;1m[INFO]&amp#27;[m &amp#27;[mAttempting to run locally on: "WINDOWS | Chrome". &amp#27;[m&amp#27;[90m| com.shaft.tools.io.ReportManager&amp#27;[m &amp#27;[90m- main&amp#27;[m &amp#27;[90m- 12:49:24 PM&amp#27;[m 
&amp#27;[38;2;0;96;168;1m[INFO]&amp#27;[m &amp#27;[mIdentifying OS/Driver combination and selecting the correct driver version automatically. Please note that if a new driver executable will be downloaded it may take some time... &amp#27;[m&amp#27;[90m| com.shaft.tools.io.ReportManager&amp#27;[m &amp#27;[90m- main&amp#27;[m &amp#27;[90m- 12:49:24 PM&amp#27;[m 
&amp#27;[38;2;0;96;168;1m[INFO]&amp#27;[m &amp#27;[mUsing chromedriver 112.0.5615.49 (resolved driver for Chrome 112) &amp#27;[m&amp#27;[90m| io.github.bonigarcia.wdm.WebDriverManager&amp#27;[m &amp#27;[90m- main&amp#27;[m &amp#27;[90m- 12:49:24 PM&amp#27;[m 
&amp#27;[38;2;0;96;168;1m[INFO]&amp#27;[m &amp#27;[mExporting webdriver.chrome.driver as C:\Users\haide\.cache\selenium\chromedriver\win32\112.0.5615.49\chromedriver.exe &amp#27;[m&amp#27;[90m| io.github.bonigarcia.wdm.WebDriverManager&amp#27;[m &amp#27;[90m- main&amp#27;[m &amp#27;[90m- 12:49:24 PM&amp#27;[m 
&amp#27;[33;1m[WARN]&amp#27;[m &amp#27;[mStarting ChromeDriver 112.0.5615.49 (bd2a7bcb881c11e8cfe3078709382934e3916914-refs/branch-heads/5615@{#936}) on port 3049 &amp#27;[m&amp#27;[90m| com.shaft.tools.io.ReportManager&amp#27;[m &amp#27;[90m- Exec Stream Pumper&amp#27;[m &amp#27;[90m- 12:49:24 PM&amp#27;[m 
&amp#27;[33;1m[WARN]&amp#27;[m &amp#27;[mOnly local connections are allowed. &amp#27;[m&amp#27;[90m| com.shaft.tools.io.ReportManager&amp#27;[m &amp#27;[90m- Exec Stream Pumper&amp#27;[m &amp#27;[90m- 12:49:24 PM&amp#27;[m 
&amp#27;[33;1m[WARN]&amp#27;[m &amp#27;[mPlease see https://chromedriver.chromium.org/security-considerations for suggestions on keeping ChromeDriver safe. &amp#27;[m&amp#27;[90m| com.shaft.tools.io.ReportManager&amp#27;[m &amp#27;[90m- Exec Stream Pumper&amp#27;[m &amp#27;[90m- 12:49:24 PM&amp#27;[m 
&amp#27;[33;1m[WARN]&amp#27;[m &amp#27;[mChromeDriver was started successfully. &amp#27;[m&amp#27;[90m| com.shaft.tools.io.ReportManager&amp#27;[m &amp#27;[90m- Exec Stream Pumper&amp#27;[m &amp#27;[90m- 12:49:24 PM&amp#27;[m 
&amp#27;[38;2;0;96;168;1m[INFO]&amp#27;[m &amp#27;[mSuccessfully Opened: "WINDOWS | Chrome". &amp#27;[m&amp#27;[90m| com.shaft.tools.io.ReportManager&amp#27;[m &amp#27;[90m- main&amp#27;[m &amp#27;[90m- 12:49:25 PM&amp#27;[m 
&amp#27;[38;2;0;96;168;1m[INFO]&amp#27;[m &amp#27;[m
------------------------------------------------------------------------------------------------------------------------------------------------
                                        Starting Execution: '1 out of 4' test cases in the current suite                                        
                                            Test Method: 'GuiTests.BaTest.Validate_data_in_home_page'                                            
                                              Test Description: 'Price, Currency, Type are valid '                                              
------------------------------------------------------------------------------------------------------------------------------------------------
 &amp#27;[m&amp#27;[90m| com.shaft.tools.io.ReportManager&amp#27;[m &amp#27;[90m- main&amp#27;[m &amp#27;[90m- 12:49:25 PM&amp#27;[m 
&amp#27;[38;2;0;96;168;1m[INFO]&amp#27;[m &amp#27;[mTarget URL: "nullba-en" &amp#27;[m&amp#27;[90m| com.shaft.tools.io.ReportManager&amp#27;[m &amp#27;[90m- main&amp#27;[m &amp#27;[90m- 12:49:25 PM&amp#27;[m 
&amp#27;[38;2;0;96;168;1m[INFO]&amp#27;[m &amp#27;[mNavigate to url "nullba-en". &amp#27;[m&amp#27;[90m| com.shaft.tools.io.ReportManager&amp#27;[m &amp#27;[90m- main&amp#27;[m &amp#27;[90m- 12:49:25 PM&amp#27;[m 
&amp#27;[38;2;0;96;168;1m[INFO]&amp#27;[m &amp#27;[mFailed to Get text from "By.xpath: /html/body/div[1]/div[3]/div/div/div/div[1]/div[2]/h4". &amp#27;[m&amp#27;[90m| com.shaft.tools.io.ReportManager&amp#27;[m &amp#27;[90m- main&amp#27;[m &amp#27;[90m- 12:49:35 PM&amp#27;[m 
&amp#27;[31;1m[ERROR]&amp#27;[m &amp#27;[morg.openqa.selenium.NoSuchWindowException: no such window: target window already closed
from unknown error: web view not found
  (Session info: chrome=112.0.5615.138)
Build info: version: '4.9.0', revision: 'd7057100a6'
System info: os.name: 'Windows 11', os.arch: 'amd64', os.version: '10.0', java.version: '17.0.7'
Driver info: org.openqa.selenium.chrome.ChromeDriver
Command: [5a53d4f17c84fa558abb06a0b20a302e, executeCdpCommand {cmd=Page.getLayoutMetrics, params={}}]
Capabilities {acceptInsecureCerts: true, browserName: chrome, browserVersion: 112.0.5615.138, chrome: {chromedriverVersion: 112.0.5615.49 (bd2a7bcb881c..., userDataDir: C:\Users\haide\AppData\Loca...}, goog:chromeOptions: {debuggerAddress: localhost:56671}, networkConnectionEnabled: false, pageLoadStrategy: none, platformName: WINDOWS, proxy: Proxy(), se:cdp: ws://localhost:56671/devtoo..., se:cdpVersion: 112.0.5615.138, setWindowRect: true, strictFileInteractability: false, timeouts: {implicit: 0, pageLoad: 60000, script: 30000}, unhandledPromptBehavior: accept and notify, webauthn:extension:credBlob: true, webauthn:extension:largeBlob: true, webauthn:extension:minPinLength: true, webauthn:extension:prf: true, webauthn:virtualAuthenticators: true}
Session ID: 5a53d4f17c84fa558abb06a0b20a302e
 java.base/jdk.internal.reflect.NativeConstructorAccessorImpl.newInstance0(Native Method)
 java.base/jdk.internal.reflect.NativeConstructorAccessorImpl.newInstance(NativeConstructorAccessorImpl.java:77)
 java.base/jdk.internal.reflect.DelegatingConstructorAccessorImpl.newInstance(DelegatingConstructorAccessorImpl.java:45)
 java.base/java.lang.reflect.Constructor.newInstanceWithCaller(Constructor.java:499)
 java.base/java.lang.reflect.Constructor.newInstance(Constructor.java:480)
 org.openqa.selenium.remote.codec.w3c.W3CHttpResponseCodec.createException(W3CHttpResponseCodec.java:200)
 org.openqa.selenium.remote.codec.w3c.W3CHttpResponseCodec.decode(W3CHttpResponseCodec.java:133)
 org.openqa.selenium.remote.codec.w3c.W3CHttpResponseCodec.decode(W3CHttpResponseCodec.java:53)
 org.openqa.selenium.remote.HttpCommandExecutor.execute(HttpCommandExecutor.java:193)
 org.openqa.selenium.remote.service.DriverCommandExecutor.invokeExecute(DriverCommandExecutor.java:183)
 org.openqa.selenium.remote.service.DriverCommandExecutor.execute(DriverCommandExecutor.java:158)
 org.openqa.selenium.remote.RemoteWebDriver.execute(RemoteWebDriver.java:543)
 org.openqa.selenium.remote.RemoteWebDriver.execute(RemoteWebDriver.java:598)
 org.openqa.selenium.remote.RemoteExecuteMethod.execute(RemoteExecuteMethod.java:40)
 org.openqa.selenium.chromium.AddHasCdp$1.executeCdpCommand(AddHasCdp.java:58)
 org.openqa.selenium.chromium.ChromiumDriver.executeCdpCommand(ChromiumDriver.java:212)
 com.shaft.gui.internal.image.ScreenshotHelper.makeFullScreenshot(ScreenshotHelper.java:32)
 com.shaft.gui.internal.image.ScreenshotManager.takeFullPageScreenshot(ScreenshotManager.java:258)
 com.shaft.gui.internal.image.ScreenshotManager.takeScreenshot(ScreenshotManager.java:432)
 com.shaft.gui.internal.image.ScreenshotManager.internalCaptureScreenShot(ScreenshotManager.java:378)
 com.shaft.gui.internal.image.ScreenshotManager.captureScreenShot(ScreenshotManager.java:123)
 com.shaft.validation.internal.ValidationsHelper.reportValidationState(ValidationsHelper.java:688)
 com.shaft.validation.internal.ValidationsHelper.fail(ValidationsHelper.java:450)
 com.shaft.validation.internal.ValidationsHelper.validateElementAttribute(ValidationsHelper.java:165)
 com.shaft.validation.internal.ValidationsExecutor.perform(ValidationsExecutor.java:149)
 GuiTests.BaTest.Validate_data_in_home_page(BaTest.java:42)
 java.base/jdk.internal.reflect.NativeMethodAccessorImpl.invoke0(Native Method)
 java.base/jdk.internal.reflect.NativeMethodAccessorImpl.invoke(NativeMethodAccessorImpl.java:77)
 java.base/jdk.internal.reflect.DelegatingMethodAccessorImpl.invoke(DelegatingMethodAccessorImpl.java:43)
 java.base/java.lang.reflect.Method.invoke(Method.java:568)
 org.testng.internal.invokers.MethodInvocationHelper.invokeMethod(MethodInvocationHelper.java:139)
 org.testng.internal.invokers.TestInvoker.invokeMethod(TestInvoker.java:677)
 org.testng.internal.invokers.TestInvoker.invokeTestMethod(TestInvoker.java:221)
 org.testng.internal.invokers.MethodRunner.runInSequence(MethodRunner.java:50)
 org.testng.internal.invokers.TestInvoker$MethodInvocationAgent.invoke(TestInvoker.java:969)
 org.testng.internal.invokers.TestInvoker.invokeTestMethods(TestInvoker.java:194)
 org.testng.internal.invokers.TestMethodWorker.invokeTestMethods(TestMethodWorker.java:148)
 org.testng.internal.invokers.TestMethodWorker.run(TestMethodWorker.java:128)
 java.base/java.util.ArrayList.forEach(ArrayList.java:1511)
 org.testng.TestRunner.privateRun(TestRunner.java:829)
 org.testng.TestRunner.run(TestRunner.java:602)
 org.testng.SuiteRunner.runTest(SuiteRunner.java:437)
 org.testng.SuiteRunner.runSequentially(SuiteRunner.java:431)
 org.testng.SuiteRunner.privateRun(SuiteRunner.java:391)
 org.testng.SuiteRunner.run(SuiteRunner.java:330)
 org.testng.SuiteRunnerWorker.runSuite(SuiteRunnerWorker.java:52)
 org.testng.SuiteRunnerWorker.run(SuiteRunnerWorker.java:95)
 org.testng.TestNG.runSuitesSequentially(TestNG.java:1256)
 org.testng.TestNG.runSuitesLocally(TestNG.java:1176)
 org.testng.TestNG.runSuites(TestNG.java:1099)
 org.testng.TestNG.run(TestNG.java:1067)
 org.apache.maven.surefire.testng.TestNGExecutor.run(TestNGExecutor.java:155)
 org.apache.maven.surefire.testng.TestNGDirectoryTestSuite.executeMulti(TestNGDirectoryTestSuite.java:169)
 org.apache.maven.surefire.testng.TestNGDirectoryTestSuite.execute(TestNGDirectoryTestSuite.java:88)
 org.apache.maven.surefire.testng.TestNGProvider.invoke(TestNGProvider.java:137)
 org.apache.maven.surefire.booter.ForkedBooter.runSuitesInProcess(ForkedBooter.java:385)
 org.apache.maven.surefire.booter.ForkedBooter.execute(ForkedBooter.java:162)
 org.apache.maven.surefire.booter.ForkedBooter.run(ForkedBooter.java:507)
 org.apache.maven.surefire.booter.ForkedBooter.main(ForkedBooter.java:495) &amp#27;[m&amp#27;[90m| com.shaft.tools.io.ReportManager&amp#27;[m &amp#27;[90m- main&amp#27;[m &amp#27;[90m- 12:49:35 PM&amp#27;[m 
&amp#27;[31;1m[ERROR]&amp#27;[m &amp#27;[morg.openqa.selenium.NoSuchWindowException: no such window: target window already closed
from unknown error: web view not found
  (Session info: chrome=112.0.5615.138)
Build info: version: '4.9.0', revision: 'd7057100a6'
System info: os.name: 'Windows 11', os.arch: 'amd64', os.version: '10.0', java.version: '17.0.7'
Driver info: org.openqa.selenium.chrome.ChromeDriver
Command: [5a53d4f17c84fa558abb06a0b20a302e, screenshot {}]
Capabilities {acceptInsecureCerts: true, browserName: chrome, browserVersion: 112.0.5615.138, chrome: {chromedriverVersion: 112.0.5615.49 (bd2a7bcb881c..., userDataDir: C:\Users\haide\AppData\Loca...}, goog:chromeOptions: {debuggerAddress: localhost:56671}, networkConnectionEnabled: false, pageLoadStrategy: none, platformName: WINDOWS, proxy: Proxy(), se:cdp: ws://localhost:56671/devtoo..., se:cdpVersion: 112.0.5615.138, setWindowRect: true, strictFileInteractability: false, timeouts: {implicit: 0, pageLoad: 60000, script: 30000}, unhandledPromptBehavior: accept and notify, webauthn:extension:credBlob: true, webauthn:extension:largeBlob: true, webauthn:extension:minPinLength: true, webauthn:extension:prf: true, webauthn:virtualAuthenticators: true}
Session ID: 5a53d4f17c84fa558abb06a0b20a302e
 java.base/jdk.internal.reflect.NativeConstructorAccessorImpl.newInstance0(Native Method)
 java.base/jdk.internal.reflect.NativeConstructorAccessorImpl.newInstance(NativeConstructorAccessorImpl.java:77)
 java.base/jdk.internal.reflect.DelegatingConstructorAccessorImpl.newInstance(DelegatingConstructorAccessorImpl.java:45)
 java.base/java.lang.reflect.Constructor.newInstanceWithCaller(Constructor.java:499)
 java.base/java.lang.reflect.Constructor.newInstance(Constructor.java:480)
 org.openqa.selenium.remote.codec.w3c.W3CHttpResponseCodec.createException(W3CHttpResponseCodec.java:200)
 org.openqa.selenium.remote.codec.w3c.W3CHttpResponseCodec.decode(W3CHttpResponseCodec.java:133)
 org.openqa.selenium.remote.codec.w3c.W3CHttpResponseCodec.decode(W3CHttpResponseCodec.java:53)
 org.openqa.selenium.remote.HttpCommandExecutor.execute(HttpCommandExecutor.java:193)
 org.openqa.selenium.remote.service.DriverCommandExecutor.invokeExecute(DriverCommandExecutor.java:183)
 org.openqa.selenium.remote.service.DriverCommandExecutor.execute(DriverCommandExecutor.java:158)
 org.openqa.selenium.remote.RemoteWebDriver.execute(RemoteWebDriver.java:543)
 org.openqa.selenium.remote.RemoteWebDriver.execute(RemoteWebDriver.java:598)
 org.openqa.selenium.remote.RemoteWebDriver.execute(RemoteWebDriver.java:602)
 org.openqa.selenium.remote.RemoteWebDriver.getScreenshotAs(RemoteWebDriver.java:318)
 com.shaft.gui.internal.image.ScreenshotManager.takeViewportScreenshot(ScreenshotManager.java:235)
 com.shaft.gui.internal.image.ScreenshotManager.takeFullPageScreenshot(ScreenshotManager.java:262)
 com.shaft.gui.internal.image.ScreenshotManager.takeScreenshot(ScreenshotManager.java:432)
 com.shaft.gui.internal.image.ScreenshotManager.internalCaptureScreenShot(ScreenshotManager.java:378)
 com.shaft.gui.internal.image.ScreenshotManager.captureScreenShot(ScreenshotManager.java:123)
 com.shaft.validation.internal.ValidationsHelper.reportValidationState(ValidationsHelper.java:688)
 com.shaft.validation.internal.ValidationsHelper.fail(ValidationsHelper.java:450)
 com.shaft.validation.internal.ValidationsHelper.validateElementAttribute(ValidationsHelper.java:165)
 com.shaft.validation.internal.ValidationsExecutor.perform(ValidationsExecutor.java:149)
 GuiTests.BaTest.Validate_data_in_home_page(BaTest.java:42)
 java.base/jdk.internal.reflect.NativeMethodAccessorImpl.invoke0(Native Method)
 java.base/jdk.internal.reflect.NativeMethodAccessorImpl.invoke(NativeMethodAccessorImpl.java:77)
 java.base/jdk.internal.reflect.DelegatingMethodAccessorImpl.invoke(DelegatingMethodAccessorImpl.java:43)
 java.base/java.lang.reflect.Method.invoke(Method.java:568)
 org.testng.internal.invokers.MethodInvocationHelper.invokeMethod(MethodInvocationHelper.java:139)
 org.testng.internal.invokers.TestInvoker.invokeMethod(TestInvoker.java:677)
 org.testng.internal.invokers.TestInvoker.invokeTestMethod(TestInvoker.java:221)
 org.testng.internal.invokers.MethodRunner.runInSequence(MethodRunner.java:50)
 org.testng.internal.invokers.TestInvoker$MethodInvocationAgent.invoke(TestInvoker.java:969)
 org.testng.internal.invokers.TestInvoker.invokeTestMethods(TestInvoker.java:194)
 org.testng.internal.invokers.TestMethodWorker.invokeTestMethods(TestMethodWorker.java:148)
 org.testng.internal.invokers.TestMethodWorker.run(TestMethodWorker.java:128)
 java.base/java.util.ArrayList.forEach(ArrayList.java:1511)
 org.testng.TestRunner.privateRun(TestRunner.java:829)
 org.testng.TestRunner.run(TestRunner.java:602)
 org.testng.SuiteRunner.runTest(SuiteRunner.java:437)
 org.testng.SuiteRunner.runSequentially(SuiteRunner.java:431)
 org.testng.SuiteRunner.privateRun(SuiteRunner.java:391)
 org.testng.SuiteRunner.run(SuiteRunner.java:330)
 org.testng.SuiteRunnerWorker.runSuite(SuiteRunnerWorker.java:52)
 org.testng.SuiteRunnerWorker.run(SuiteRunnerWorker.java:95)
 org.testng.TestNG.runSuitesSequentially(TestNG.java:1256)
 org.testng.TestNG.runSuitesLocally(TestNG.java:1176)
 org.testng.TestNG.runSuites(TestNG.java:1099)
 org.testng.TestNG.run(TestNG.java:1067)
 org.apache.maven.surefire.testng.TestNGExecutor.run(TestNGExecutor.java:155)
 org.apache.maven.surefire.testng.TestNGDirectoryTestSuite.executeMulti(TestNGDirectoryTestSuite.java:169)
 org.apache.maven.surefire.testng.TestNGDirectoryTestSuite.execute(TestNGDirectoryTestSuite.java:88)
 org.apache.maven.surefire.testng.TestNGProvider.invoke(TestNGProvider.java:137)
 org.apache.maven.surefire.booter.ForkedBooter.runSuitesInProcess(ForkedBooter.java:385)
 org.apache.maven.surefire.booter.ForkedBooter.execute(ForkedBooter.java:162)
 org.apache.maven.surefire.booter.ForkedBooter.run(ForkedBooter.java:507)
 org.apache.maven.surefire.booter.ForkedBooter.main(ForkedBooter.java:495) &amp#27;[m&amp#27;[90m| com.shaft.tools.io.ReportManager&amp#27;[m &amp#27;[90m- main&amp#27;[m &amp#27;[90m- 12:49:35 PM&amp#27;[m 
&amp#27;[31;1m[ERROR]&amp#27;[m &amp#27;[morg.openqa.selenium.NoSuchWindowException: no such window: target window already closed
from unknown error: web view not found
  (Session info: chrome=112.0.5615.138)
Build info: version: '4.9.0', revision: 'd7057100a6'
System info: os.name: 'Windows 11', os.arch: 'amd64', os.version: '10.0', java.version: '17.0.7'
Driver info: org.openqa.selenium.chrome.ChromeDriver
Command: [5a53d4f17c84fa558abb06a0b20a302e, screenshot {}]
Capabilities {acceptInsecureCerts: true, browserName: chrome, browserVersion: 112.0.5615.138, chrome: {chromedriverVersion: 112.0.5615.49 (bd2a7bcb881c..., userDataDir: C:\Users\haide\AppData\Loca...}, goog:chromeOptions: {debuggerAddress: localhost:56671}, networkConnectionEnabled: false, pageLoadStrategy: none, platformName: WINDOWS, proxy: Proxy(), se:cdp: ws://localhost:56671/devtoo..., se:cdpVersion: 112.0.5615.138, setWindowRect: true, strictFileInteractability: false, timeouts: {implicit: 0, pageLoad: 60000, script: 30000}, unhandledPromptBehavior: accept and notify, webauthn:extension:credBlob: true, webauthn:extension:largeBlob: true, webauthn:extension:minPinLength: true, webauthn:extension:prf: true, webauthn:virtualAuthenticators: true}
Session ID: 5a53d4f17c84fa558abb06a0b20a302e
 java.base/jdk.internal.reflect.NativeConstructorAccessorImpl.newInstance0(Native Method)
 java.base/jdk.internal.reflect.NativeConstructorAccessorImpl.newInstance(NativeConstructorAccessorImpl.java:77)
 java.base/jdk.internal.reflect.DelegatingConstructorAccessorImpl.newInstance(DelegatingConstructorAccessorImpl.java:45)
 java.base/java.lang.reflect.Constructor.newInstanceWithCaller(Constructor.java:499)
 java.base/java.lang.reflect.Constructor.newInstance(Constructor.java:480)
 org.openqa.selenium.remote.codec.w3c.W3CHttpResponseCodec.createException(W3CHttpResponseCodec.java:200)
 org.openqa.selenium.remote.codec.w3c.W3CHttpResponseCodec.decode(W3CHttpResponseCodec.java:133)
 org.openqa.selenium.remote.codec.w3c.W3CHttpResponseCodec.decode(W3CHttpResponseCodec.java:53)
 org.openqa.selenium.remote.HttpCommandExecutor.execute(HttpCommandExecutor.java:193)
 org.openqa.selenium.remote.service.DriverCommandExecutor.invokeExecute(DriverCommandExecutor.java:183)
 org.openqa.selenium.remote.service.DriverCommandExecutor.execute(DriverCommandExecutor.java:158)
 org.openqa.selenium.remote.RemoteWebDriver.execute(RemoteWebDriver.java:543)
 org.openqa.selenium.remote.RemoteWebDriver.execute(RemoteWebDriver.java:598)
 org.openqa.selenium.remote.RemoteWebDriver.execute(RemoteWebDriver.java:602)
 org.openqa.selenium.remote.RemoteWebDriver.getScreenshotAs(RemoteWebDriver.java:318)
 com.shaft.gui.internal.image.ScreenshotManager.takeViewportScreenshot(ScreenshotManager.java:235)
 com.shaft.gui.internal.image.ScreenshotManager.takeScreenshot(ScreenshotManager.java:440)
 com.shaft.gui.internal.image.ScreenshotManager.takeScreenshot(ScreenshotManager.java:436)
 com.shaft.gui.internal.image.ScreenshotManager.internalCaptureScreenShot(ScreenshotManager.java:378)
 com.shaft.gui.internal.image.ScreenshotManager.captureScreenShot(ScreenshotManager.java:123)
 com.shaft.validation.internal.ValidationsHelper.reportValidationState(ValidationsHelper.java:688)
 com.shaft.validation.internal.ValidationsHelper.fail(ValidationsHelper.java:450)
 com.shaft.validation.internal.ValidationsHelper.validateElementAttribute(ValidationsHelper.java:165)
 com.shaft.validation.internal.ValidationsExecutor.perform(ValidationsExecutor.java:149)
 GuiTests.BaTest.Validate_data_in_home_page(BaTest.java:42)
 java.base/jdk.internal.reflect.NativeMethodAccessorImpl.invoke0(Native Method)
 java.base/jdk.internal.reflect.NativeMethodAccessorImpl.invoke(NativeMethodAccessorImpl.java:77)
 java.base/jdk.internal.reflect.DelegatingMethodAccessorImpl.invoke(DelegatingMethodAccessorImpl.java:43)
 java.base/java.lang.reflect.Method.invoke(Method.java:568)
 org.testng.internal.invokers.MethodInvocationHelper.invokeMethod(MethodInvocationHelper.java:139)
 org.testng.internal.invokers.TestInvoker.invokeMethod(TestInvoker.java:677)
 org.testng.internal.invokers.TestInvoker.invokeTestMethod(TestInvoker.java:221)
 org.testng.internal.invokers.MethodRunner.runInSequence(MethodRunner.java:50)
 org.testng.internal.invokers.TestInvoker$MethodInvocationAgent.invoke(TestInvoker.java:969)
 org.testng.internal.invokers.TestInvoker.invokeTestMethods(TestInvoker.java:194)
 org.testng.internal.invokers.TestMethodWorker.invokeTestMethods(TestMethodWorker.java:148)
 org.testng.internal.invokers.TestMethodWorker.run(TestMethodWorker.java:128)
 java.base/java.util.ArrayList.forEach(ArrayList.java:1511)
 org.testng.TestRunner.privateRun(TestRunner.java:829)
 org.testng.TestRunner.run(TestRunner.java:602)
 org.testng.SuiteRunner.runTest(SuiteRunner.java:437)
 org.testng.SuiteRunner.runSequentially(SuiteRunner.java:431)
 org.testng.SuiteRunner.privateRun(SuiteRunner.java:391)
 org.testng.SuiteRunner.run(SuiteRunner.java:330)
 org.testng.SuiteRunnerWorker.runSuite(SuiteRunnerWorker.java:52)
 org.testng.SuiteRunnerWorker.run(SuiteRunnerWorker.java:95)
 org.testng.TestNG.runSuitesSequentially(TestNG.java:1256)
 org.testng.TestNG.runSuitesLocally(TestNG.java:1176)
 org.testng.TestNG.runSuites(TestNG.java:1099)
 org.testng.TestNG.run(TestNG.java:1067)
 org.apache.maven.surefire.testng.TestNGExecutor.run(TestNGExecutor.java:155)
 org.apache.maven.surefire.testng.TestNGDirectoryTestSuite.executeMulti(TestNGDirectoryTestSuite.java:169)
 org.apache.maven.surefire.testng.TestNGDirectoryTestSuite.execute(TestNGDirectoryTestSuite.java:88)
 org.apache.maven.surefire.testng.TestNGProvider.invoke(TestNGProvider.java:137)
 org.apache.maven.surefire.booter.ForkedBooter.runSuitesInProcess(ForkedBooter.java:385)
 org.apache.maven.surefire.booter.ForkedBooter.execute(ForkedBooter.java:162)
 org.apache.maven.surefire.booter.ForkedBooter.run(ForkedBooter.java:507)
 org.apache.maven.surefire.booter.ForkedBooter.main(ForkedBooter.java:495) &amp#27;[m&amp#27;[90m| com.shaft.tools.io.ReportManager&amp#27;[m &amp#27;[90m- main&amp#27;[m &amp#27;[90m- 12:49:35 PM&amp#27;[m 
&amp#27;[38;2;0;96;168;1m[INFO]&amp#27;[m &amp#27;[mAssertion "ValidateElementAttribute" FAILED. Expected "Value Should be 'CLASSIC' for the 'text' attribute, element locator 'By.xpath: /html/body/div[1]/div[3]/div/div/div/div[1]/div[2]/h4'" and Actual "Failed to read the desired element attribute". Comparison Type "CONTAINS". Validation Type "POSITIVE". &amp#27;[m&amp#27;[90m| com.shaft.tools.io.ReportManager&amp#27;[m &amp#27;[90m- main&amp#27;[m &amp#27;[90m- 12:49:35 PM&amp#27;[m 
&amp#27;[38;2;0;96;168;1m[INFO]&amp#27;[m &amp#27;[mSuccessfully created attachment 'Validation Test Data - Failure Reason' &amp#27;[m&amp#27;[90m| com.shaft.tools.io.ReportManager&amp#27;[m &amp#27;[90m- main&amp#27;[m &amp#27;[90m- 12:49:35 PM&amp#27;[m 
&amp#27;[38;2;0;96;168;1m[INFO]&amp#27;[m &amp#27;[mSuccessfully created attachment 'Validations helper - Get  stack  trace - Exception Stacktrace' &amp#27;[m&amp#27;[90m| com.shaft.tools.io.ReportManager&amp#27;[m &amp#27;[90m- main&amp#27;[m &amp#27;[90m- 12:49:35 PM&amp#27;[m 
&amp#27;[38;2;0;96;168;1m[INFO]&amp#27;[m &amp#27;[mSuccessfully created attachment 'SHAFT Engine Logs - Current Method log: beforeMethod' &amp#27;[m&amp#27;[90m| com.shaft.tools.io.ReportManager&amp#27;[m &amp#27;[90m- main&amp#27;[m &amp#27;[90m- 12:49:35 PM&amp#27;[m 
&amp#27;[38;2;0;96;168;1m[INFO]&amp#27;[m &amp#27;[mSuccessfully created attachment 'SHAFT Engine Logs - Current Method log: Validate_data_in_home_page' &amp#27;[m&amp#27;[90m| com.shaft.tools.io.ReportManager&amp#27;[m &amp#27;[90m- main&amp#27;[m &amp#27;[90m- 12:49:35 PM&amp#27;[m 
]]></system-out>
  </testcase>
  <testcase name="AfterMethod" classname="GuiTests.BaTest" time="16.642">
    <failure type="java.lang.StackOverflowError"><![CDATA[java.lang.StackOverflowError
	at java.base/java.util.Formatter.parse(Formatter.java:2737)
	at java.base/java.util.Formatter.format(Formatter.java:2671)
	at java.base/java.util.Formatter.format(Formatter.java:2625)
	at java.base/java.lang.String.format(String.java:4141)
	at org.openqa.selenium.SharedCapabilitiesMethods.lambda$abbreviate$6(SharedCapabilitiesMethods.java:107)
	at java.base/java.util.stream.ReferencePipeline$3$1.accept(ReferencePipeline.java:197)
	at java.base/java.util.stream.SortedOps$SizedRefSortingSink.end(SortedOps.java:357)
	at java.base/java.util.stream.AbstractPipeline.copyInto(AbstractPipeline.java:510)
	at java.base/java.util.stream.AbstractPipeline.wrapAndCopyInto(AbstractPipeline.java:499)
	at java.base/java.util.stream.ReduceOps$ReduceOp.evaluateSequential(ReduceOps.java:921)
	at java.base/java.util.stream.AbstractPipeline.evaluate(AbstractPipeline.java:234)
	at java.base/java.util.stream.ReferencePipeline.collect(ReferencePipeline.java:682)
	at org.openqa.selenium.SharedCapabilitiesMethods.abbreviate(SharedCapabilitiesMethods.java:108)
	at org.openqa.selenium.SharedCapabilitiesMethods.lambda$abbreviate$6(SharedCapabilitiesMethods.java:107)
	at java.base/java.util.stream.ReferencePipeline$3$1.accept(ReferencePipeline.java:197)
	at java.base/java.util.stream.SortedOps$SizedRefSortingSink.end(SortedOps.java:357)
	at java.base/java.util.stream.AbstractPipeline.copyInto(AbstractPipeline.java:510)
	at java.base/java.util.stream.AbstractPipeline.wrapAndCopyInto(AbstractPipeline.java:499)
	at java.base/java.util.stream.ReduceOps$ReduceOp.evaluateSequential(ReduceOps.java:921)
	at java.base/java.util.stream.AbstractPipeline.evaluate(AbstractPipeline.java:234)
	at java.base/java.util.stream.ReferencePipeline.collect(ReferencePipeline.java:682)
	at org.openqa.selenium.SharedCapabilitiesMethods.abbreviate(SharedCapabilitiesMethods.java:108)
	at org.openqa.selenium.SharedCapabilitiesMethods.toString(SharedCapabilitiesMethods.java:78)
	at org.openqa.selenium.ImmutableCapabilities.toString(ImmutableCapabilities.java:195)
	at org.openqa.selenium.remote.RemoteWebDriver.populateWebDriverException(RemoteWebDriver.java:593)
	at org.openqa.selenium.remote.RemoteWebDriver.execute(RemoteWebDriver.java:570)
	at org.openqa.selenium.remote.RemoteWebDriver.execute(RemoteWebDriver.java:598)
	at org.openqa.selenium.remote.RemoteExecuteMethod.execute(RemoteExecuteMethod.java:40)
	at org.openqa.selenium.chromium.AddHasCdp$1.executeCdpCommand(AddHasCdp.java:58)
	at org.openqa.selenium.chromium.ChromiumDriver.executeCdpCommand(ChromiumDriver.java:212)
	at com.shaft.gui.browser.internal.BrowserActionsHelpers.capturePageSnapshot(BrowserActionsHelpers.java:255)
	at com.shaft.gui.browser.internal.BrowserActionsHelpers.capturePageSnapshot(BrowserActionsHelpers.java:268)
	at com.shaft.gui.browser.internal.BrowserActionsHelpers.capturePageSnapshot(BrowserActionsHelpers.java:268)
	at com.shaft.gui.browser.internal.BrowserActionsHelpers.capturePageSnapshot(BrowserActionsHelpers.java:268)
	at com.shaft.gui.browser.internal.BrowserActionsHelpers.capturePageSnapshot(BrowserActionsHelpers.java:268)
	at com.shaft.gui.browser.internal.BrowserActionsHelpers.capturePageSnapshot(BrowserActionsHelpers.java:268)
	at com.shaft.gui.browser.internal.BrowserActionsHelpers.capturePageSnapshot(BrowserActionsHelpers.java:268)
	at com.shaft.gui.browser.internal.BrowserActionsHelpers.capturePageSnapshot(BrowserActionsHelpers.java:268)
	at com.shaft.gui.browser.internal.BrowserActionsHelpers.capturePageSnapshot(BrowserActionsHelpers.java:268)
	at com.shaft.gui.browser.internal.BrowserActionsHelpers.capturePageSnapshot(BrowserActionsHelpers.java:268)
	at com.shaft.gui.browser.internal.BrowserActionsHelpers.capturePageSnapshot(BrowserActionsHelpers.java:268)
	at com.shaft.gui.browser.internal.BrowserActionsHelpers.capturePageSnapshot(BrowserActionsHelpers.java:268)
	at com.shaft.gui.browser.internal.BrowserActionsHelpers.capturePageSnapshot(BrowserActionsHelpers.java:268)
	at com.shaft.gui.browser.internal.BrowserActionsHelpers.capturePageSnapshot(BrowserActionsHelpers.java:268)
	at com.shaft.gui.browser.internal.BrowserActionsHelpers.capturePageSnapshot(BrowserActionsHelpers.java:268)
	at com.shaft.gui.browser.internal.BrowserActionsHelpers.capturePageSnapshot(BrowserActionsHelpers.java:268)
	at com.shaft.gui.browser.internal.BrowserActionsHelpers.capturePageSnapshot(BrowserActionsHelpers.java:268)
	at com.shaft.gui.browser.internal.BrowserActionsHelpers.capturePageSnapshot(BrowserActionsHelpers.java:268)
	at com.shaft.gui.browser.internal.BrowserActionsHelpers.capturePageSnapshot(BrowserActionsHelpers.java:268)
	at com.shaft.gui.browser.internal.BrowserActionsHelpers.capturePageSnapshot(BrowserActionsHelpers.java:268)
	at com.shaft.gui.browser.internal.BrowserActionsHelpers.capturePageSnapshot(BrowserActionsHelpers.java:268)
	at com.shaft.gui.browser.internal.BrowserActionsHelpers.capturePageSnapshot(BrowserActionsHelpers.java:268)
	at com.shaft.gui.browser.internal.BrowserActionsHelpers.capturePageSnapshot(BrowserActionsHelpers.java:268)
	at com.shaft.gui.browser.internal.BrowserActionsHelpers.capturePageSnapshot(BrowserActionsHelpers.java:268)
	at com.shaft.gui.browser.internal.BrowserActionsHelpers.capturePageSnapshot(BrowserActionsHelpers.java:268)
	at com.shaft.gui.browser.internal.BrowserActionsHelpers.capturePageSnapshot(BrowserActionsHelpers.java:268)
	at com.shaft.gui.browser.internal.BrowserActionsHelpers.capturePageSnapshot(BrowserActionsHelpers.java:268)
	at com.shaft.gui.browser.internal.BrowserActionsHelpers.capturePageSnapshot(BrowserActionsHelpers.java:268)
	at com.shaft.gui.browser.internal.BrowserActionsHelpers.capturePageSnapshot(BrowserActionsHelpers.java:268)
	at com.shaft.gui.browser.internal.BrowserActionsHelpers.capturePageSnapshot(BrowserActionsHelpers.java:268)
	at com.shaft.gui.browser.internal.BrowserActionsHelpers.capturePageSnapshot(BrowserActionsHelpers.java:268)
	at com.shaft.gui.browser.internal.BrowserActionsHelpers.capturePageSnapshot(BrowserActionsHelpers.java:268)
	at com.shaft.gui.browser.internal.BrowserActionsHelpers.capturePageSnapshot(BrowserActionsHelpers.java:268)
	at com.shaft.gui.browser.internal.BrowserActionsHelpers.capturePageSnapshot(BrowserActionsHelpers.java:268)
	at com.shaft.gui.browser.internal.BrowserActionsHelpers.capturePageSnapshot(BrowserActionsHelpers.java:268)
	at com.shaft.gui.browser.internal.BrowserActionsHelpers.capturePageSnapshot(BrowserActionsHelpers.java:268)
	at com.shaft.gui.browser.internal.BrowserActionsHelpers.capturePageSnapshot(BrowserActionsHelpers.java:268)
	at com.shaft.gui.browser.internal.BrowserActionsHelpers.capturePageSnapshot(BrowserActionsHelpers.java:268)
	at com.shaft.gui.browser.internal.BrowserActionsHelpers.capturePageSnapshot(BrowserActionsHelpers.java:268)
	at com.shaft.gui.browser.internal.BrowserActionsHelpers.capturePageSnapshot(BrowserActionsHelpers.java:268)
	at com.shaft.gui.browser.internal.BrowserActionsHelpers.capturePageSnapshot(BrowserActionsHelpers.java:268)
	at com.shaft.gui.browser.internal.BrowserActionsHelpers.capturePageSnapshot(BrowserActionsHelpers.java:268)
	at com.shaft.gui.browser.internal.BrowserActionsHelpers.capturePageSnapshot(BrowserActionsHelpers.java:268)
	at com.shaft.gui.browser.internal.BrowserActionsHelpers.capturePageSnapshot(BrowserActionsHelpers.java:268)
	at com.shaft.gui.browser.internal.BrowserActionsHelpers.capturePageSnapshot(BrowserActionsHelpers.java:268)
	at com.shaft.gui.browser.internal.BrowserActionsHelpers.capturePageSnapshot(BrowserActionsHelpers.java:268)
	at com.shaft.gui.browser.internal.BrowserActionsHelpers.capturePageSnapshot(BrowserActionsHelpers.java:268)
	at com.shaft.gui.browser.internal.BrowserActionsHelpers.capturePageSnapshot(BrowserActionsHelpers.java:268)
	at com.shaft.gui.browser.internal.BrowserActionsHelpers.capturePageSnapshot(BrowserActionsHelpers.java:268)
	at com.shaft.gui.browser.internal.BrowserActionsHelpers.capturePageSnapshot(BrowserActionsHelpers.java:268)
	at com.shaft.gui.browser.internal.BrowserActionsHelpers.capturePageSnapshot(BrowserActionsHelpers.java:268)
	at com.shaft.gui.browser.internal.BrowserActionsHelpers.capturePageSnapshot(BrowserActionsHelpers.java:268)
	at com.shaft.gui.browser.internal.BrowserActionsHelpers.capturePageSnapshot(BrowserActionsHelpers.java:268)
	at com.shaft.gui.browser.internal.BrowserActionsHelpers.capturePageSnapshot(BrowserActionsHelpers.java:268)
	at com.shaft.gui.browser.internal.BrowserActionsHelpers.capturePageSnapshot(BrowserActionsHelpers.java:268)
	at com.shaft.gui.browser.internal.BrowserActionsHelpers.capturePageSnapshot(BrowserActionsHelpers.java:268)
	at com.shaft.gui.browser.internal.BrowserActionsHelpers.capturePageSnapshot(BrowserActionsHelpers.java:268)
	at com.shaft.gui.browser.internal.BrowserActionsHelpers.capturePageSnapshot(BrowserActionsHelpers.java:268)
	at com.shaft.gui.browser.internal.BrowserActionsHelpers.capturePageSnapshot(BrowserActionsHelpers.java:268)
	at com.shaft.gui.browser.internal.BrowserActionsHelpers.capturePageSnapshot(BrowserActionsHelpers.java:268)
	at com.shaft.gui.browser.internal.BrowserActionsHelpers.capturePageSnapshot(BrowserActionsHelpers.java:268)
	at com.shaft.gui.browser.internal.BrowserActionsHelpers.capturePageSnapshot(BrowserActionsHelpers.java:268)
	at com.shaft.gui.browser.internal.BrowserActionsHelpers.capturePageSnapshot(BrowserActionsHelpers.java:268)
	at com.shaft.gui.browser.internal.BrowserActionsHelpers.capturePageSnapshot(BrowserActionsHelpers.java:268)
	at com.shaft.gui.browser.internal.BrowserActionsHelpers.capturePageSnapshot(BrowserActionsHelpers.java:268)
	at com.shaft.gui.browser.internal.BrowserActionsHelpers.capturePageSnapshot(BrowserActionsHelpers.java:268)
	at com.shaft.gui.browser.internal.BrowserActionsHelpers.capturePageSnapshot(BrowserActionsHelpers.java:268)
	at com.shaft.gui.browser.internal.BrowserActionsHelpers.capturePageSnapshot(BrowserActionsHelpers.java:268)
	at com.shaft.gui.browser.internal.BrowserActionsHelpers.capturePageSnapshot(BrowserActionsHelpers.java:268)
	at com.shaft.gui.browser.internal.BrowserActionsHelpers.capturePageSnapshot(BrowserActionsHelpers.java:268)
	at com.shaft.gui.browser.internal.BrowserActionsHelpers.capturePageSnapshot(BrowserActionsHelpers.java:268)
	at com.shaft.gui.browser.internal.BrowserActionsHelpers.capturePageSnapshot(BrowserActionsHelpers.java:268)
	at com.shaft.gui.browser.internal.BrowserActionsHelpers.capturePageSnapshot(BrowserActionsHelpers.java:268)
	at com.shaft.gui.browser.internal.BrowserActionsHelpers.capturePageSnapshot(BrowserActionsHelpers.java:268)
	at com.shaft.gui.browser.internal.BrowserActionsHelpers.capturePageSnapshot(BrowserActionsHelpers.java:268)
	at com.shaft.gui.browser.internal.BrowserActionsHelpers.capturePageSnapshot(BrowserActionsHelpers.java:268)
	at com.shaft.gui.browser.internal.BrowserActionsHelpers.capturePageSnapshot(BrowserActionsHelpers.java:268)
	at com.shaft.gui.browser.internal.BrowserActionsHelpers.capturePageSnapshot(BrowserActionsHelpers.java:268)
	at com.shaft.gui.browser.internal.BrowserActionsHelpers.capturePageSnapshot(BrowserActionsHelpers.java:268)
	at com.shaft.gui.browser.internal.BrowserActionsHelpers.capturePageSnapshot(BrowserActionsHelpers.java:268)
	at com.shaft.gui.browser.internal.BrowserActionsHelpers.capturePageSnapshot(BrowserActionsHelpers.java:268)
	at com.shaft.gui.browser.internal.BrowserActionsHelpers.capturePageSnapshot(BrowserActionsHelpers.java:268)
	at com.shaft.gui.browser.internal.BrowserActionsHelpers.capturePageSnapshot(BrowserActionsHelpers.java:268)
	at com.shaft.gui.browser.internal.BrowserActionsHelpers.capturePageSnapshot(BrowserActionsHelpers.java:268)
	at com.shaft.gui.browser.internal.BrowserActionsHelpers.capturePageSnapshot(BrowserActionsHelpers.java:268)
	at com.shaft.gui.browser.internal.BrowserActionsHelpers.capturePageSnapshot(BrowserActionsHelpers.java:268)
	at com.shaft.gui.browser.internal.BrowserActionsHelpers.capturePageSnapshot(BrowserActionsHelpers.java:268)
	at com.shaft.gui.browser.internal.BrowserActionsHelpers.capturePageSnapshot(BrowserActionsHelpers.java:268)
	at com.shaft.gui.browser.internal.BrowserActionsHelpers.capturePageSnapshot(BrowserActionsHelpers.java:268)
	at com.shaft.gui.browser.internal.BrowserActionsHelpers.capturePageSnapshot(BrowserActionsHelpers.java:268)
	at com.shaft.gui.browser.internal.BrowserActionsHelpers.capturePageSnapshot(BrowserActionsHelpers.java:268)
	at com.shaft.gui.browser.internal.BrowserActionsHelpers.capturePageSnapshot(BrowserActionsHelpers.java:268)
	at com.shaft.gui.browser.internal.BrowserActionsHelpers.capturePageSnapshot(BrowserActionsHelpers.java:268)
	at com.shaft.gui.browser.internal.BrowserActionsHelpers.capturePageSnapshot(BrowserActionsHelpers.java:268)
	at com.shaft.gui.browser.internal.BrowserActionsHelpers.capturePageSnapshot(BrowserActionsHelpers.java:268)
	at com.shaft.gui.browser.internal.BrowserActionsHelpers.capturePageSnapshot(BrowserActionsHelpers.java:268)
	at com.shaft.gui.browser.internal.BrowserActionsHelpers.capturePageSnapshot(BrowserActionsHelpers.java:268)
	at com.shaft.gui.browser.internal.BrowserActionsHelpers.capturePageSnapshot(BrowserActionsHelpers.java:268)
	at com.shaft.gui.browser.internal.BrowserActionsHelpers.capturePageSnapshot(BrowserActionsHelpers.java:268)
	at com.shaft.gui.browser.internal.BrowserActionsHelpers.capturePageSnapshot(BrowserActionsHelpers.java:268)
	at com.shaft.gui.browser.internal.BrowserActionsHelpers.capturePageSnapshot(BrowserActionsHelpers.java:268)
	at com.shaft.gui.browser.internal.BrowserActionsHelpers.capturePageSnapshot(BrowserActionsHelpers.java:268)
	at com.shaft.gui.browser.internal.BrowserActionsHelpers.capturePageSnapshot(BrowserActionsHelpers.java:268)
	at com.shaft.gui.browser.internal.BrowserActionsHelpers.capturePageSnapshot(BrowserActionsHelpers.java:268)
	at com.shaft.gui.browser.internal.BrowserActionsHelpers.capturePageSnapshot(BrowserActionsHelpers.java:268)
	at com.shaft.gui.browser.internal.BrowserActionsHelpers.capturePageSnapshot(BrowserActionsHelpers.java:268)
	at com.shaft.gui.browser.internal.BrowserActionsHelpers.capturePageSnapshot(BrowserActionsHelpers.java:268)
	at com.shaft.gui.browser.internal.BrowserActionsHelpers.capturePageSnapshot(BrowserActionsHelpers.java:268)
	at com.shaft.gui.browser.internal.BrowserActionsHelpers.capturePageSnapshot(BrowserActionsHelpers.java:268)
	at com.shaft.gui.browser.internal.BrowserActionsHelpers.capturePageSnapshot(BrowserActionsHelpers.java:268)
	at com.shaft.gui.browser.internal.BrowserActionsHelpers.capturePageSnapshot(BrowserActionsHelpers.java:268)
	at com.shaft.gui.browser.internal.BrowserActionsHelpers.capturePageSnapshot(BrowserActionsHelpers.java:268)
	at com.shaft.gui.browser.internal.BrowserActionsHelpers.capturePageSnapshot(BrowserActionsHelpers.java:268)
	at com.shaft.gui.browser.internal.BrowserActionsHelpers.capturePageSnapshot(BrowserActionsHelpers.java:268)
	at com.shaft.gui.browser.internal.BrowserActionsHelpers.capturePageSnapshot(BrowserActionsHelpers.java:268)
	at com.shaft.gui.browser.internal.BrowserActionsHelpers.capturePageSnapshot(BrowserActionsHelpers.java:268)
	at com.shaft.gui.browser.internal.BrowserActionsHelpers.capturePageSnapshot(BrowserActionsHelpers.java:268)
	at com.shaft.gui.browser.internal.BrowserActionsHelpers.capturePageSnapshot(BrowserActionsHelpers.java:268)
	at com.shaft.gui.browser.internal.BrowserActionsHelpers.capturePageSnapshot(BrowserActionsHelpers.java:268)
	at com.shaft.gui.browser.internal.BrowserActionsHelpers.capturePageSnapshot(BrowserActionsHelpers.java:268)
	at com.shaft.gui.browser.internal.BrowserActionsHelpers.capturePageSnapshot(BrowserActionsHelpers.java:268)
	at com.shaft.gui.browser.internal.BrowserActionsHelpers.capturePageSnapshot(BrowserActionsHelpers.java:268)
	at com.shaft.gui.browser.internal.BrowserActionsHelpers.capturePageSnapshot(BrowserActionsHelpers.java:268)
	at com.shaft.gui.browser.internal.BrowserActionsHelpers.capturePageSnapshot(BrowserActionsHelpers.java:268)
	at com.shaft.gui.browser.internal.BrowserActionsHelpers.capturePageSnapshot(BrowserActionsHelpers.java:268)
	at com.shaft.gui.browser.internal.BrowserActionsHelpers.capturePageSnapshot(BrowserActionsHelpers.java:268)
	at com.shaft.gui.browser.internal.BrowserActionsHelpers.capturePageSnapshot(BrowserActionsHelpers.java:268)
	at com.shaft.gui.browser.internal.BrowserActionsHelpers.capturePageSnapshot(BrowserActionsHelpers.java:268)
	at com.shaft.gui.browser.internal.BrowserActionsHelpers.capturePageSnapshot(BrowserActionsHelpers.java:268)
	at com.shaft.gui.browser.internal.BrowserActionsHelpers.capturePageSnapshot(BrowserActionsHelpers.java:268)
	at com.shaft.gui.browser.internal.BrowserActionsHelpers.capturePageSnapshot(BrowserActionsHelpers.java:268)
	at com.shaft.gui.browser.internal.BrowserActionsHelpers.capturePageSnapshot(BrowserActionsHelpers.java:268)
	at com.shaft.gui.browser.internal.BrowserActionsHelpers.capturePageSnapshot(BrowserActionsHelpers.java:268)
	at com.shaft.gui.browser.internal.BrowserActionsHelpers.capturePageSnapshot(BrowserActionsHelpers.java:268)
	at com.shaft.gui.browser.internal.BrowserActionsHelpers.capturePageSnapshot(BrowserActionsHelpers.java:268)
	at com.shaft.gui.browser.internal.BrowserActionsHelpers.capturePageSnapshot(BrowserActionsHelpers.java:268)
	at com.shaft.gui.browser.internal.BrowserActionsHelpers.capturePageSnapshot(BrowserActionsHelpers.java:268)
	at com.shaft.gui.browser.internal.BrowserActionsHelpers.capturePageSnapshot(BrowserActionsHelpers.java:268)
	at com.shaft.gui.browser.internal.BrowserActionsHelpers.capturePageSnapshot(BrowserActionsHelpers.java:268)
	at com.shaft.gui.browser.internal.BrowserActionsHelpers.capturePageSnapshot(BrowserActionsHelpers.java:268)
	at com.shaft.gui.browser.internal.BrowserActionsHelpers.capturePageSnapshot(BrowserActionsHelpers.java:268)
	at com.shaft.gui.browser.internal.BrowserActionsHelpers.capturePageSnapshot(BrowserActionsHelpers.java:268)
	at com.shaft.gui.browser.internal.BrowserActionsHelpers.capturePageSnapshot(BrowserActionsHelpers.java:268)
	at com.shaft.gui.browser.internal.BrowserActionsHelpers.capturePageSnapshot(BrowserActionsHelpers.java:268)
	at com.shaft.gui.browser.internal.BrowserActionsHelpers.capturePageSnapshot(BrowserActionsHelpers.java:268)
	at com.shaft.gui.browser.internal.BrowserActionsHelpers.capturePageSnapshot(BrowserActionsHelpers.java:268)
	at com.shaft.gui.browser.internal.BrowserActionsHelpers.capturePageSnapshot(BrowserActionsHelpers.java:268)
	at com.shaft.gui.browser.internal.BrowserActionsHelpers.capturePageSnapshot(BrowserActionsHelpers.java:268)
	at com.shaft.gui.browser.internal.BrowserActionsHelpers.capturePageSnapshot(BrowserActionsHelpers.java:268)
	at com.shaft.gui.browser.internal.BrowserActionsHelpers.capturePageSnapshot(BrowserActionsHelpers.java:268)
	at com.shaft.gui.browser.internal.BrowserActionsHelpers.capturePageSnapshot(BrowserActionsHelpers.java:268)
	at com.shaft.gui.browser.internal.BrowserActionsHelpers.capturePageSnapshot(BrowserActionsHelpers.java:268)
	at com.shaft.gui.browser.internal.BrowserActionsHelpers.capturePageSnapshot(BrowserActionsHelpers.java:268)
	at com.shaft.gui.browser.internal.BrowserActionsHelpers.capturePageSnapshot(BrowserActionsHelpers.java:268)
	at com.shaft.gui.browser.internal.BrowserActionsHelpers.capturePageSnapshot(BrowserActionsHelpers.java:268)
	at com.shaft.gui.browser.internal.BrowserActionsHelpers.capturePageSnapshot(BrowserActionsHelpers.java:268)
	at com.shaft.gui.browser.internal.BrowserActionsHelpers.capturePageSnapshot(BrowserActionsHelpers.java:268)
	at com.shaft.gui.browser.internal.BrowserActionsHelpers.capturePageSnapshot(BrowserActionsHelpers.java:268)
	at com.shaft.gui.browser.internal.BrowserActionsHelpers.capturePageSnapshot(BrowserActionsHelpers.java:268)
	at com.shaft.gui.browser.internal.BrowserActionsHelpers.capturePageSnapshot(BrowserActionsHelpers.java:268)
	at com.shaft.gui.browser.internal.BrowserActionsHelpers.capturePageSnapshot(BrowserActionsHelpers.java:268)
	at com.shaft.gui.browser.internal.BrowserActionsHelpers.capturePageSnapshot(BrowserActionsHelpers.java:268)
	at com.shaft.gui.browser.internal.BrowserActionsHelpers.capturePageSnapshot(BrowserActionsHelpers.java:268)
	at com.shaft.gui.browser.internal.BrowserActionsHelpers.capturePageSnapshot(BrowserActionsHelpers.java:268)
	at com.shaft.gui.browser.internal.BrowserActionsHelpers.capturePageSnapshot(BrowserActionsHelpers.java:268)
	at com.shaft.gui.browser.internal.BrowserActionsHelpers.capturePageSnapshot(BrowserActionsHelpers.java:268)
	at com.shaft.gui.browser.internal.BrowserActionsHelpers.capturePageSnapshot(BrowserActionsHelpers.java:268)
	at com.shaft.gui.browser.internal.BrowserActionsHelpers.capturePageSnapshot(BrowserActionsHelpers.java:268)
	at com.shaft.gui.browser.internal.BrowserActionsHelpers.capturePageSnapshot(BrowserActionsHelpers.java:268)
	at com.shaft.gui.browser.internal.BrowserActionsHelpers.capturePageSnapshot(BrowserActionsHelpers.java:268)
	at com.shaft.gui.browser.internal.BrowserActionsHelpers.capturePageSnapshot(BrowserActionsHelpers.java:268)
	at com.shaft.gui.browser.internal.BrowserActionsHelpers.capturePageSnapshot(BrowserActionsHelpers.java:268)
	at com.shaft.gui.browser.internal.BrowserActionsHelpers.capturePageSnapshot(BrowserActionsHelpers.java:268)
	at com.shaft.gui.browser.internal.BrowserActionsHelpers.capturePageSnapshot(BrowserActionsHelpers.java:268)
	at com.shaft.gui.browser.internal.BrowserActionsHelpers.capturePageSnapshot(BrowserActionsHelpers.java:268)
	at com.shaft.gui.browser.internal.BrowserActionsHelpers.capturePageSnapshot(BrowserActionsHelpers.java:268)
	at com.shaft.gui.browser.internal.BrowserActionsHelpers.capturePageSnapshot(BrowserActionsHelpers.java:268)
	at com.shaft.gui.browser.internal.BrowserActionsHelpers.capturePageSnapshot(BrowserActionsHelpers.java:268)
	at com.shaft.gui.browser.internal.BrowserActionsHelpers.capturePageSnapshot(BrowserActionsHelpers.java:268)
	at com.shaft.gui.browser.internal.BrowserActionsHelpers.capturePageSnapshot(BrowserActionsHelpers.java:268)
	at com.shaft.gui.browser.internal.BrowserActionsHelpers.capturePageSnapshot(BrowserActionsHelpers.java:268)
	at com.shaft.gui.browser.internal.BrowserActionsHelpers.capturePageSnapshot(BrowserActionsHelpers.java:268)
	at com.shaft.gui.browser.internal.BrowserActionsHelpers.capturePageSnapshot(BrowserActionsHelpers.java:268)
	at com.shaft.gui.browser.internal.BrowserActionsHelpers.capturePageSnapshot(BrowserActionsHelpers.java:268)
	at com.shaft.gui.browser.internal.BrowserActionsHelpers.capturePageSnapshot(BrowserActionsHelpers.java:268)
	at com.shaft.gui.browser.internal.BrowserActionsHelpers.capturePageSnapshot(BrowserActionsHelpers.java:268)
	at com.shaft.gui.browser.internal.BrowserActionsHelpers.capturePageSnapshot(BrowserActionsHelpers.java:268)
	at com.shaft.gui.browser.internal.BrowserActionsHelpers.capturePageSnapshot(BrowserActionsHelpers.java:268)
	at com.shaft.gui.browser.internal.BrowserActionsHelpers.capturePageSnapshot(BrowserActionsHelpers.java:268)
	at com.shaft.gui.browser.internal.BrowserActionsHelpers.capturePageSnapshot(BrowserActionsHelpers.java:268)
	at com.shaft.gui.browser.internal.BrowserActionsHelpers.capturePageSnapshot(BrowserActionsHelpers.java:268)
	at com.shaft.gui.browser.internal.BrowserActionsHelpers.capturePageSnapshot(BrowserActionsHelpers.java:268)
	at com.shaft.gui.browser.internal.BrowserActionsHelpers.capturePageSnapshot(BrowserActionsHelpers.java:268)
	at com.shaft.gui.browser.internal.BrowserActionsHelpers.capturePageSnapshot(BrowserActionsHelpers.java:268)
	at com.shaft.gui.browser.internal.BrowserActionsHelpers.capturePageSnapshot(BrowserActionsHelpers.java:268)
	at com.shaft.gui.browser.internal.BrowserActionsHelpers.capturePageSnapshot(BrowserActionsHelpers.java:268)
	at com.shaft.gui.browser.internal.BrowserActionsHelpers.capturePageSnapshot(BrowserActionsHelpers.java:268)
	at com.shaft.gui.browser.internal.BrowserActionsHelpers.capturePageSnapshot(BrowserActionsHelpers.java:268)
	at com.shaft.gui.browser.internal.BrowserActionsHelpers.capturePageSnapshot(BrowserActionsHelpers.java:268)
	at com.shaft.gui.browser.internal.BrowserActionsHelpers.capturePageSnapshot(BrowserActionsHelpers.java:268)
	at com.shaft.gui.browser.internal.BrowserActionsHelpers.capturePageSnapshot(BrowserActionsHelpers.java:268)
	at com.shaft.gui.browser.internal.BrowserActionsHelpers.capturePageSnapshot(BrowserActionsHelpers.java:268)
	at com.shaft.gui.browser.internal.BrowserActionsHelpers.capturePageSnapshot(BrowserActionsHelpers.java:268)
	at com.shaft.gui.browser.internal.BrowserActionsHelpers.capturePageSnapshot(BrowserActionsHelpers.java:268)
	at com.shaft.gui.browser.internal.BrowserActionsHelpers.capturePageSnapshot(BrowserActionsHelpers.java:268)
	at com.shaft.gui.browser.internal.BrowserActionsHelpers.capturePageSnapshot(BrowserActionsHelpers.java:268)
	at com.shaft.gui.browser.internal.BrowserActionsHelpers.capturePageSnapshot(BrowserActionsHelpers.java:268)
	at com.shaft.gui.browser.internal.BrowserActionsHelpers.capturePageSnapshot(BrowserActionsHelpers.java:268)
	at com.shaft.gui.browser.internal.BrowserActionsHelpers.capturePageSnapshot(BrowserActionsHelpers.java:268)
	at com.shaft.gui.browser.internal.BrowserActionsHelpers.capturePageSnapshot(BrowserActionsHelpers.java:268)
	at com.shaft.gui.browser.internal.BrowserActionsHelpers.capturePageSnapshot(BrowserActionsHelpers.java:268)
	at com.shaft.gui.browser.internal.BrowserActionsHelpers.capturePageSnapshot(BrowserActionsHelpers.java:268)
	at com.shaft.gui.browser.internal.BrowserActionsHelpers.capturePageSnapshot(BrowserActionsHelpers.java:268)
	at com.shaft.gui.browser.internal.BrowserActionsHelpers.capturePageSnapshot(BrowserActionsHelpers.java:268)
	at com.shaft.gui.browser.internal.BrowserActionsHelpers.capturePageSnapshot(BrowserActionsHelpers.java:268)
	at com.shaft.gui.browser.internal.BrowserActionsHelpers.capturePageSnapshot(BrowserActionsHelpers.java:268)
	at com.shaft.gui.browser.internal.BrowserActionsHelpers.capturePageSnapshot(BrowserActionsHelpers.java:268)
	at com.shaft.gui.browser.internal.BrowserActionsHelpers.capturePageSnapshot(BrowserActionsHelpers.java:268)
	at com.shaft.gui.browser.internal.BrowserActionsHelpers.capturePageSnapshot(BrowserActionsHelpers.java:268)
	at com.shaft.gui.browser.internal.BrowserActionsHelpers.capturePageSnapshot(BrowserActionsHelpers.java:268)
	at com.shaft.gui.browser.internal.BrowserActionsHelpers.capturePageSnapshot(BrowserActionsHelpers.java:268)
	at com.shaft.gui.browser.internal.BrowserActionsHelpers.capturePageSnapshot(BrowserActionsHelpers.java:268)
	at com.shaft.gui.browser.internal.BrowserActionsHelpers.capturePageSnapshot(BrowserActionsHelpers.java:268)
	at com.shaft.gui.browser.internal.BrowserActionsHelpers.capturePageSnapshot(BrowserActionsHelpers.java:268)
	at com.shaft.gui.browser.internal.BrowserActionsHelpers.capturePageSnapshot(BrowserActionsHelpers.java:268)
	at com.shaft.gui.browser.internal.BrowserActionsHelpers.capturePageSnapshot(BrowserActionsHelpers.java:268)
	at com.shaft.gui.browser.internal.BrowserActionsHelpers.capturePageSnapshot(BrowserActionsHelpers.java:268)
	at com.shaft.gui.browser.internal.BrowserActionsHelpers.capturePageSnapshot(BrowserActionsHelpers.java:268)
	at com.shaft.gui.browser.internal.BrowserActionsHelpers.capturePageSnapshot(BrowserActionsHelpers.java:268)
	at com.shaft.gui.browser.internal.BrowserActionsHelpers.capturePageSnapshot(BrowserActionsHelpers.java:268)
	at com.shaft.gui.browser.internal.BrowserActionsHelpers.capturePageSnapshot(BrowserActionsHelpers.java:268)
	at com.shaft.gui.browser.internal.BrowserActionsHelpers.capturePageSnapshot(BrowserActionsHelpers.java:268)
	at com.shaft.gui.browser.internal.BrowserActionsHelpers.capturePageSnapshot(BrowserActionsHelpers.java:268)
	at com.shaft.gui.browser.internal.BrowserActionsHelpers.capturePageSnapshot(BrowserActionsHelpers.java:268)
	at com.shaft.gui.browser.internal.BrowserActionsHelpers.capturePageSnapshot(BrowserActionsHelpers.java:268)
	at com.shaft.gui.browser.internal.BrowserActionsHelpers.capturePageSnapshot(BrowserActionsHelpers.java:268)
	at com.shaft.gui.browser.internal.BrowserActionsHelpers.capturePageSnapshot(BrowserActionsHelpers.java:268)
	at com.shaft.gui.browser.internal.BrowserActionsHelpers.capturePageSnapshot(BrowserActionsHelpers.java:268)
	at com.shaft.gui.browser.internal.BrowserActionsHelpers.capturePageSnapshot(BrowserActionsHelpers.java:268)
	at com.shaft.gui.browser.internal.BrowserActionsHelpers.capturePageSnapshot(BrowserActionsHelpers.java:268)
	at com.shaft.gui.browser.internal.BrowserActionsHelpers.capturePageSnapshot(BrowserActionsHelpers.java:268)
	at com.shaft.gui.browser.internal.BrowserActionsHelpers.capturePageSnapshot(BrowserActionsHelpers.java:268)
	at com.shaft.gui.browser.internal.BrowserActionsHelpers.capturePageSnapshot(BrowserActionsHelpers.java:268)
	at com.shaft.gui.browser.internal.BrowserActionsHelpers.capturePageSnapshot(BrowserActionsHelpers.java:268)
	at com.shaft.gui.browser.internal.BrowserActionsHelpers.capturePageSnapshot(BrowserActionsHelpers.java:268)
	at com.shaft.gui.browser.internal.BrowserActionsHelpers.capturePageSnapshot(BrowserActionsHelpers.java:268)
	at com.shaft.gui.browser.internal.BrowserActionsHelpers.capturePageSnapshot(BrowserActionsHelpers.java:268)
	at com.shaft.gui.browser.internal.BrowserActionsHelpers.capturePageSnapshot(BrowserActionsHelpers.java:268)
	at com.shaft.gui.browser.internal.BrowserActionsHelpers.capturePageSnapshot(BrowserActionsHelpers.java:268)
	at com.shaft.gui.browser.internal.BrowserActionsHelpers.capturePageSnapshot(BrowserActionsHelpers.java:268)
	at com.shaft.gui.browser.internal.BrowserActionsHelpers.capturePageSnapshot(BrowserActionsHelpers.java:268)
	at com.shaft.gui.browser.internal.BrowserActionsHelpers.capturePageSnapshot(BrowserActionsHelpers.java:268)
	at com.shaft.gui.browser.internal.BrowserActionsHelpers.capturePageSnapshot(BrowserActionsHelpers.java:268)
	at com.shaft.gui.browser.internal.BrowserActionsHelpers.capturePageSnapshot(BrowserActionsHelpers.java:268)
	at com.shaft.gui.browser.internal.BrowserActionsHelpers.capturePageSnapshot(BrowserActionsHelpers.java:268)
	at com.shaft.gui.browser.internal.BrowserActionsHelpers.capturePageSnapshot(BrowserActionsHelpers.java:268)
	at com.shaft.gui.browser.internal.BrowserActionsHelpers.capturePageSnapshot(BrowserActionsHelpers.java:268)
	at com.shaft.gui.browser.internal.BrowserActionsHelpers.capturePageSnapshot(BrowserActionsHelpers.java:268)
	at com.shaft.gui.browser.internal.BrowserActionsHelpers.capturePageSnapshot(BrowserActionsHelpers.java:268)
	at com.shaft.gui.browser.internal.BrowserActionsHelpers.capturePageSnapshot(BrowserActionsHelpers.java:268)
	at com.shaft.gui.browser.internal.BrowserActionsHelpers.capturePageSnapshot(BrowserActionsHelpers.java:268)
	at com.shaft.gui.browser.internal.BrowserActionsHelpers.capturePageSnapshot(BrowserActionsHelpers.java:268)
	at com.shaft.gui.browser.internal.BrowserActionsHelpers.capturePageSnapshot(BrowserActionsHelpers.java:268)
	at com.shaft.gui.browser.internal.BrowserActionsHelpers.capturePageSnapshot(BrowserActionsHelpers.java:268)
	at com.shaft.gui.browser.internal.BrowserActionsHelpers.capturePageSnapshot(BrowserActionsHelpers.java:268)
	at com.shaft.gui.browser.internal.BrowserActionsHelpers.capturePageSnapshot(BrowserActionsHelpers.java:268)
	at com.shaft.gui.browser.internal.BrowserActionsHelpers.capturePageSnapshot(BrowserActionsHelpers.java:268)
	at com.shaft.gui.browser.internal.BrowserActionsHelpers.capturePageSnapshot(BrowserActionsHelpers.java:268)
	at com.shaft.gui.browser.internal.BrowserActionsHelpers.capturePageSnapshot(BrowserActionsHelpers.java:268)
	at com.shaft.gui.browser.internal.BrowserActionsHelpers.capturePageSnapshot(BrowserActionsHelpers.java:268)
	at com.shaft.gui.browser.internal.BrowserActionsHelpers.capturePageSnapshot(BrowserActionsHelpers.java:268)
	at com.shaft.gui.browser.internal.BrowserActionsHelpers.capturePageSnapshot(BrowserActionsHelpers.java:268)
	at com.shaft.gui.browser.internal.BrowserActionsHelpers.capturePageSnapshot(BrowserActionsHelpers.java:268)
	at com.shaft.gui.browser.internal.BrowserActionsHelpers.capturePageSnapshot(BrowserActionsHelpers.java:268)
	at com.shaft.gui.browser.internal.BrowserActionsHelpers.capturePageSnapshot(BrowserActionsHelpers.java:268)
	at com.shaft.gui.browser.internal.BrowserActionsHelpers.capturePageSnapshot(BrowserActionsHelpers.java:268)
	at com.shaft.gui.browser.internal.BrowserActionsHelpers.capturePageSnapshot(BrowserActionsHelpers.java:268)
	at com.shaft.gui.browser.internal.BrowserActionsHelpers.capturePageSnapshot(BrowserActionsHelpers.java:268)
	at com.shaft.gui.browser.internal.BrowserActionsHelpers.capturePageSnapshot(BrowserActionsHelpers.java:268)
	at com.shaft.gui.browser.internal.BrowserActionsHelpers.capturePageSnapshot(BrowserActionsHelpers.java:268)
	at com.shaft.gui.browser.internal.BrowserActionsHelpers.capturePageSnapshot(BrowserActionsHelpers.java:268)
	at com.shaft.gui.browser.internal.BrowserActionsHelpers.capturePageSnapshot(BrowserActionsHelpers.java:268)
	at com.shaft.gui.browser.internal.BrowserActionsHelpers.capturePageSnapshot(BrowserActionsHelpers.java:268)
	at com.shaft.gui.browser.internal.BrowserActionsHelpers.capturePageSnapshot(BrowserActionsHelpers.java:268)
	at com.shaft.gui.browser.internal.BrowserActionsHelpers.capturePageSnapshot(BrowserActionsHelpers.java:268)
	at com.shaft.gui.browser.internal.BrowserActionsHelpers.capturePageSnapshot(BrowserActionsHelpers.java:268)
	at com.shaft.gui.browser.internal.BrowserActionsHelpers.capturePageSnapshot(BrowserActionsHelpers.java:268)
	at com.shaft.gui.browser.internal.BrowserActionsHelpers.capturePageSnapshot(BrowserActionsHelpers.java:268)
	at com.shaft.gui.browser.internal.BrowserActionsHelpers.capturePageSnapshot(BrowserActionsHelpers.java:268)
	at com.shaft.gui.browser.internal.BrowserActionsHelpers.capturePageSnapshot(BrowserActionsHelpers.java:268)
	at com.shaft.gui.browser.internal.BrowserActionsHelpers.capturePageSnapshot(BrowserActionsHelpers.java:268)
	at com.shaft.gui.browser.internal.BrowserActionsHelpers.capturePageSnapshot(BrowserActionsHelpers.java:268)
	at com.shaft.gui.browser.internal.BrowserActionsHelpers.capturePageSnapshot(BrowserActionsHelpers.java:268)
	at com.shaft.gui.browser.internal.BrowserActionsHelpers.capturePageSnapshot(BrowserActionsHelpers.java:268)
	at com.shaft.gui.browser.internal.BrowserActionsHelpers.capturePageSnapshot(BrowserActionsHelpers.java:268)
	at com.shaft.gui.browser.internal.BrowserActionsHelpers.capturePageSnapshot(BrowserActionsHelpers.java:268)
	at com.shaft.gui.browser.internal.BrowserActionsHelpers.capturePageSnapshot(BrowserActionsHelpers.java:268)
	at com.shaft.gui.browser.internal.BrowserActionsHelpers.capturePageSnapshot(BrowserActionsHelpers.java:268)
	at com.shaft.gui.browser.internal.BrowserActionsHelpers.capturePageSnapshot(BrowserActionsHelpers.java:268)
	at com.shaft.gui.browser.internal.BrowserActionsHelpers.capturePageSnapshot(BrowserActionsHelpers.java:268)
	at com.shaft.gui.browser.internal.BrowserActionsHelpers.capturePageSnapshot(BrowserActionsHelpers.java:268)
	at com.shaft.gui.browser.internal.BrowserActionsHelpers.capturePageSnapshot(BrowserActionsHelpers.java:268)
	at com.shaft.gui.browser.internal.BrowserActionsHelpers.capturePageSnapshot(BrowserActionsHelpers.java:268)
	at com.shaft.gui.browser.internal.BrowserActionsHelpers.capturePageSnapshot(BrowserActionsHelpers.java:268)
	at com.shaft.gui.browser.internal.BrowserActionsHelpers.capturePageSnapshot(BrowserActionsHelpers.java:268)
	at com.shaft.gui.browser.internal.BrowserActionsHelpers.capturePageSnapshot(BrowserActionsHelpers.java:268)
	at com.shaft.gui.browser.internal.BrowserActionsHelpers.capturePageSnapshot(BrowserActionsHelpers.java:268)
	at com.shaft.gui.browser.internal.BrowserActionsHelpers.capturePageSnapshot(BrowserActionsHelpers.java:268)
	at com.shaft.gui.browser.internal.BrowserActionsHelpers.capturePageSnapshot(BrowserActionsHelpers.java:268)
	at com.shaft.gui.browser.internal.BrowserActionsHelpers.capturePageSnapshot(BrowserActionsHelpers.java:268)
	at com.shaft.gui.browser.internal.BrowserActionsHelpers.capturePageSnapshot(BrowserActionsHelpers.java:268)
	at com.shaft.gui.browser.internal.BrowserActionsHelpers.capturePageSnapshot(BrowserActionsHelpers.java:268)
	at com.shaft.gui.browser.internal.BrowserActionsHelpers.capturePageSnapshot(BrowserActionsHelpers.java:268)
	at com.shaft.gui.browser.internal.BrowserActionsHelpers.capturePageSnapshot(BrowserActionsHelpers.java:268)
	at com.shaft.gui.browser.internal.BrowserActionsHelpers.capturePageSnapshot(BrowserActionsHelpers.java:268)
	at com.shaft.gui.browser.internal.BrowserActionsHelpers.capturePageSnapshot(BrowserActionsHelpers.java:268)
	at com.shaft.gui.browser.internal.BrowserActionsHelpers.capturePageSnapshot(BrowserActionsHelpers.java:268)
	at com.shaft.gui.browser.internal.BrowserActionsHelpers.capturePageSnapshot(BrowserActionsHelpers.java:268)
	at com.shaft.gui.browser.internal.BrowserActionsHelpers.capturePageSnapshot(BrowserActionsHelpers.java:268)
	at com.shaft.gui.browser.internal.BrowserActionsHelpers.capturePageSnapshot(BrowserActionsHelpers.java:268)
	at com.shaft.gui.browser.internal.BrowserActionsHelpers.capturePageSnapshot(BrowserActionsHelpers.java:268)
	at com.shaft.gui.browser.internal.BrowserActionsHelpers.capturePageSnapshot(BrowserActionsHelpers.java:268)
	at com.shaft.gui.browser.internal.BrowserActionsHelpers.capturePageSnapshot(BrowserActionsHelpers.java:268)
	at com.shaft.gui.browser.internal.BrowserActionsHelpers.capturePageSnapshot(BrowserActionsHelpers.java:268)
	at com.shaft.gui.browser.internal.BrowserActionsHelpers.capturePageSnapshot(BrowserActionsHelpers.java:268)
	at com.shaft.gui.browser.internal.BrowserActionsHelpers.capturePageSnapshot(BrowserActionsHelpers.java:268)
	at com.shaft.gui.browser.internal.BrowserActionsHelpers.capturePageSnapshot(BrowserActionsHelpers.java:268)
	at com.shaft.gui.browser.internal.BrowserActionsHelpers.capturePageSnapshot(BrowserActionsHelpers.java:268)
	at com.shaft.gui.browser.internal.BrowserActionsHelpers.capturePageSnapshot(BrowserActionsHelpers.java:268)
	at com.shaft.gui.browser.internal.BrowserActionsHelpers.capturePageSnapshot(BrowserActionsHelpers.java:268)
	at com.shaft.gui.browser.internal.BrowserActionsHelpers.capturePageSnapshot(BrowserActionsHelpers.java:268)
	at com.shaft.gui.browser.internal.BrowserActionsHelpers.capturePageSnapshot(BrowserActionsHelpers.java:268)
	at com.shaft.gui.browser.internal.BrowserActionsHelpers.capturePageSnapshot(BrowserActionsHelpers.java:268)
	at com.shaft.gui.browser.internal.BrowserActionsHelpers.capturePageSnapshot(BrowserActionsHelpers.java:268)
	at com.shaft.gui.browser.internal.BrowserActionsHelpers.capturePageSnapshot(BrowserActionsHelpers.java:268)
	at com.shaft.gui.browser.internal.BrowserActionsHelpers.capturePageSnapshot(BrowserActionsHelpers.java:268)
	at com.shaft.gui.browser.internal.BrowserActionsHelpers.capturePageSnapshot(BrowserActionsHelpers.java:268)
	at com.shaft.gui.browser.internal.BrowserActionsHelpers.capturePageSnapshot(BrowserActionsHelpers.java:268)
	at com.shaft.gui.browser.internal.BrowserActionsHelpers.capturePageSnapshot(BrowserActionsHelpers.java:268)
	at com.shaft.gui.browser.internal.BrowserActionsHelpers.capturePageSnapshot(BrowserActionsHelpers.java:268)
	at com.shaft.gui.browser.internal.BrowserActionsHelpers.capturePageSnapshot(BrowserActionsHelpers.java:268)
	at com.shaft.gui.browser.internal.BrowserActionsHelpers.capturePageSnapshot(BrowserActionsHelpers.java:268)
	at com.shaft.gui.browser.internal.BrowserActionsHelpers.capturePageSnapshot(BrowserActionsHelpers.java:268)
	at com.shaft.gui.browser.internal.BrowserActionsHelpers.capturePageSnapshot(BrowserActionsHelpers.java:268)
	at com.shaft.gui.browser.internal.BrowserActionsHelpers.capturePageSnapshot(BrowserActionsHelpers.java:268)
	at com.shaft.gui.browser.internal.BrowserActionsHelpers.capturePageSnapshot(BrowserActionsHelpers.java:268)
	at com.shaft.gui.browser.internal.BrowserActionsHelpers.capturePageSnapshot(BrowserActionsHelpers.java:268)
	at com.shaft.gui.browser.internal.BrowserActionsHelpers.capturePageSnapshot(BrowserActionsHelpers.java:268)
	at com.shaft.gui.browser.internal.BrowserActionsHelpers.capturePageSnapshot(BrowserActionsHelpers.java:268)
	at com.shaft.gui.browser.internal.BrowserActionsHelpers.capturePageSnapshot(BrowserActionsHelpers.java:268)
	at com.shaft.gui.browser.internal.BrowserActionsHelpers.capturePageSnapshot(BrowserActionsHelpers.java:268)
	at com.shaft.gui.browser.internal.BrowserActionsHelpers.capturePageSnapshot(BrowserActionsHelpers.java:268)
	at com.shaft.gui.browser.internal.BrowserActionsHelpers.capturePageSnapshot(BrowserActionsHelpers.java:268)
	at com.shaft.gui.browser.internal.BrowserActionsHelpers.capturePageSnapshot(BrowserActionsHelpers.java:268)
	at com.shaft.gui.browser.internal.BrowserActionsHelpers.capturePageSnapshot(BrowserActionsHelpers.java:268)
	at com.shaft.gui.browser.internal.BrowserActionsHelpers.capturePageSnapshot(BrowserActionsHelpers.java:268)
	at com.shaft.gui.browser.internal.BrowserActionsHelpers.capturePageSnapshot(BrowserActionsHelpers.java:268)
	at com.shaft.gui.browser.internal.BrowserActionsHelpers.capturePageSnapshot(BrowserActionsHelpers.java:268)
	at com.shaft.gui.browser.internal.BrowserActionsHelpers.capturePageSnapshot(BrowserActionsHelpers.java:268)
	at com.shaft.gui.browser.internal.BrowserActionsHelpers.capturePageSnapshot(BrowserActionsHelpers.java:268)
	at com.shaft.gui.browser.internal.BrowserActionsHelpers.capturePageSnapshot(BrowserActionsHelpers.java:268)
	at com.shaft.gui.browser.internal.BrowserActionsHelpers.capturePageSnapshot(BrowserActionsHelpers.java:268)
	at com.shaft.gui.browser.internal.BrowserActionsHelpers.capturePageSnapshot(BrowserActionsHelpers.java:268)
	at com.shaft.gui.browser.internal.BrowserActionsHelpers.capturePageSnapshot(BrowserActionsHelpers.java:268)
	at com.shaft.gui.browser.internal.BrowserActionsHelpers.capturePageSnapshot(BrowserActionsHelpers.java:268)
	at com.shaft.gui.browser.internal.BrowserActionsHelpers.capturePageSnapshot(BrowserActionsHelpers.java:268)
	at com.shaft.gui.browser.internal.BrowserActionsHelpers.capturePageSnapshot(BrowserActionsHelpers.java:268)
	at com.shaft.gui.browser.internal.BrowserActionsHelpers.capturePageSnapshot(BrowserActionsHelpers.java:268)
	at com.shaft.gui.browser.internal.BrowserActionsHelpers.capturePageSnapshot(BrowserActionsHelpers.java:268)
	at com.shaft.gui.browser.internal.BrowserActionsHelpers.capturePageSnapshot(BrowserActionsHelpers.java:268)
	at com.shaft.gui.browser.internal.BrowserActionsHelpers.capturePageSnapshot(BrowserActionsHelpers.java:268)
	at com.shaft.gui.browser.internal.BrowserActionsHelpers.capturePageSnapshot(BrowserActionsHelpers.java:268)
	at com.shaft.gui.browser.internal.BrowserActionsHelpers.capturePageSnapshot(BrowserActionsHelpers.java:268)
	at com.shaft.gui.browser.internal.BrowserActionsHelpers.capturePageSnapshot(BrowserActionsHelpers.java:268)
	at com.shaft.gui.browser.internal.BrowserActionsHelpers.capturePageSnapshot(BrowserActionsHelpers.java:268)
	at com.shaft.gui.browser.internal.BrowserActionsHelpers.capturePageSnapshot(BrowserActionsHelpers.java:268)
	at com.shaft.gui.browser.internal.BrowserActionsHelpers.capturePageSnapshot(BrowserActionsHelpers.java:268)
	at com.shaft.gui.browser.internal.BrowserActionsHelpers.capturePageSnapshot(BrowserActionsHelpers.java:268)
	at com.shaft.gui.browser.internal.BrowserActionsHelpers.capturePageSnapshot(BrowserActionsHelpers.java:268)
	at com.shaft.gui.browser.internal.BrowserActionsHelpers.capturePageSnapshot(BrowserActionsHelpers.java:268)
	at com.shaft.gui.browser.internal.BrowserActionsHelpers.capturePageSnapshot(BrowserActionsHelpers.java:268)
	at com.shaft.gui.browser.internal.BrowserActionsHelpers.capturePageSnapshot(BrowserActionsHelpers.java:268)
	at com.shaft.gui.browser.internal.BrowserActionsHelpers.capturePageSnapshot(BrowserActionsHelpers.java:268)
	at com.shaft.gui.browser.internal.BrowserActionsHelpers.capturePageSnapshot(BrowserActionsHelpers.java:268)
	at com.shaft.gui.browser.internal.BrowserActionsHelpers.capturePageSnapshot(BrowserActionsHelpers.java:268)
	at com.shaft.gui.browser.internal.BrowserActionsHelpers.capturePageSnapshot(BrowserActionsHelpers.java:268)
	at com.shaft.gui.browser.internal.BrowserActionsHelpers.capturePageSnapshot(BrowserActionsHelpers.java:268)
	at com.shaft.gui.browser.internal.BrowserActionsHelpers.capturePageSnapshot(BrowserActionsHelpers.java:268)
	at com.shaft.gui.browser.internal.BrowserActionsHelpers.capturePageSnapshot(BrowserActionsHelpers.java:268)
	at com.shaft.gui.browser.internal.BrowserActionsHelpers.capturePageSnapshot(BrowserActionsHelpers.java:268)
	at com.shaft.gui.browser.internal.BrowserActionsHelpers.capturePageSnapshot(BrowserActionsHelpers.java:268)
	at com.shaft.gui.browser.internal.BrowserActionsHelpers.capturePageSnapshot(BrowserActionsHelpers.java:268)
	at com.shaft.gui.browser.internal.BrowserActionsHelpers.capturePageSnapshot(BrowserActionsHelpers.java:268)
	at com.shaft.gui.browser.internal.BrowserActionsHelpers.capturePageSnapshot(BrowserActionsHelpers.java:268)
	at com.shaft.gui.browser.internal.BrowserActionsHelpers.capturePageSnapshot(BrowserActionsHelpers.java:268)
	at com.shaft.gui.browser.internal.BrowserActionsHelpers.capturePageSnapshot(BrowserActionsHelpers.java:268)
	at com.shaft.gui.browser.internal.BrowserActionsHelpers.capturePageSnapshot(BrowserActionsHelpers.java:268)
	at com.shaft.gui.browser.internal.BrowserActionsHelpers.capturePageSnapshot(BrowserActionsHelpers.java:268)
	at com.shaft.gui.browser.internal.BrowserActionsHelpers.capturePageSnapshot(BrowserActionsHelpers.java:268)
	at com.shaft.gui.browser.internal.BrowserActionsHelpers.capturePageSnapshot(BrowserActionsHelpers.java:268)
	at com.shaft.gui.browser.internal.BrowserActionsHelpers.capturePageSnapshot(BrowserActionsHelpers.java:268)
	at com.shaft.gui.browser.internal.BrowserActionsHelpers.capturePageSnapshot(BrowserActionsHelpers.java:268)
	at com.shaft.gui.browser.internal.BrowserActionsHelpers.capturePageSnapshot(BrowserActionsHelpers.java:268)
	at com.shaft.gui.browser.internal.BrowserActionsHelpers.capturePageSnapshot(BrowserActionsHelpers.java:268)
	at com.shaft.gui.browser.internal.BrowserActionsHelpers.capturePageSnapshot(BrowserActionsHelpers.java:268)
	at com.shaft.gui.browser.internal.BrowserActionsHelpers.capturePageSnapshot(BrowserActionsHelpers.java:268)
	at com.shaft.gui.browser.internal.BrowserActionsHelpers.capturePageSnapshot(BrowserActionsHelpers.java:268)
	at com.shaft.gui.browser.internal.BrowserActionsHelpers.capturePageSnapshot(BrowserActionsHelpers.java:268)
	at com.shaft.gui.browser.internal.BrowserActionsHelpers.capturePageSnapshot(BrowserActionsHelpers.java:268)
	at com.shaft.gui.browser.internal.BrowserActionsHelpers.capturePageSnapshot(BrowserActionsHelpers.java:268)
	at com.shaft.gui.browser.internal.BrowserActionsHelpers.capturePageSnapshot(BrowserActionsHelpers.java:268)
	at com.shaft.gui.browser.internal.BrowserActionsHelpers.capturePageSnapshot(BrowserActionsHelpers.java:268)
	at com.shaft.gui.browser.internal.BrowserActionsHelpers.capturePageSnapshot(BrowserActionsHelpers.java:268)
	at com.shaft.gui.browser.internal.BrowserActionsHelpers.capturePageSnapshot(BrowserActionsHelpers.java:268)
	at com.shaft.gui.browser.internal.BrowserActionsHelpers.capturePageSnapshot(BrowserActionsHelpers.java:268)
	at com.shaft.gui.browser.internal.BrowserActionsHelpers.capturePageSnapshot(BrowserActionsHelpers.java:268)
	at com.shaft.gui.browser.internal.BrowserActionsHelpers.capturePageSnapshot(BrowserActionsHelpers.java:268)
	at com.shaft.gui.browser.internal.BrowserActionsHelpers.capturePageSnapshot(BrowserActionsHelpers.java:268)
	at com.shaft.gui.browser.internal.BrowserActionsHelpers.capturePageSnapshot(BrowserActionsHelpers.java:268)
	at com.shaft.gui.browser.internal.BrowserActionsHelpers.capturePageSnapshot(BrowserActionsHelpers.java:268)
	at com.shaft.gui.browser.internal.BrowserActionsHelpers.capturePageSnapshot(BrowserActionsHelpers.java:268)
	at com.shaft.gui.browser.internal.BrowserActionsHelpers.capturePageSnapshot(BrowserActionsHelpers.java:268)
	at com.shaft.gui.browser.internal.BrowserActionsHelpers.capturePageSnapshot(BrowserActionsHelpers.java:268)
	at com.shaft.gui.browser.internal.BrowserActionsHelpers.capturePageSnapshot(BrowserActionsHelpers.java:268)
	at com.shaft.gui.browser.internal.BrowserActionsHelpers.capturePageSnapshot(BrowserActionsHelpers.java:268)
	at com.shaft.gui.browser.internal.BrowserActionsHelpers.capturePageSnapshot(BrowserActionsHelpers.java:268)
	at com.shaft.gui.browser.internal.BrowserActionsHelpers.capturePageSnapshot(BrowserActionsHelpers.java:268)
	at com.shaft.gui.browser.internal.BrowserActionsHelpers.capturePageSnapshot(BrowserActionsHelpers.java:268)
	at com.shaft.gui.browser.internal.BrowserActionsHelpers.capturePageSnapshot(BrowserActionsHelpers.java:268)
	at com.shaft.gui.browser.internal.BrowserActionsHelpers.capturePageSnapshot(BrowserActionsHelpers.java:268)
	at com.shaft.gui.browser.internal.BrowserActionsHelpers.capturePageSnapshot(BrowserActionsHelpers.java:268)
	at com.shaft.gui.browser.internal.BrowserActionsHelpers.capturePageSnapshot(BrowserActionsHelpers.java:268)
	at com.shaft.gui.browser.internal.BrowserActionsHelpers.capturePageSnapshot(BrowserActionsHelpers.java:268)
	at com.shaft.gui.browser.internal.BrowserActionsHelpers.capturePageSnapshot(BrowserActionsHelpers.java:268)
	at com.shaft.gui.browser.internal.BrowserActionsHelpers.capturePageSnapshot(BrowserActionsHelpers.java:268)
	at com.shaft.gui.browser.internal.BrowserActionsHelpers.capturePageSnapshot(BrowserActionsHelpers.java:268)
	at com.shaft.gui.browser.internal.BrowserActionsHelpers.capturePageSnapshot(BrowserActionsHelpers.java:268)
	at com.shaft.gui.browser.internal.BrowserActionsHelpers.capturePageSnapshot(BrowserActionsHelpers.java:268)
	at com.shaft.gui.browser.internal.BrowserActionsHelpers.capturePageSnapshot(BrowserActionsHelpers.java:268)
	at com.shaft.gui.browser.internal.BrowserActionsHelpers.capturePageSnapshot(BrowserActionsHelpers.java:268)
	at com.shaft.gui.browser.internal.BrowserActionsHelpers.capturePageSnapshot(BrowserActionsHelpers.java:268)
	at com.shaft.gui.browser.internal.BrowserActionsHelpers.capturePageSnapshot(BrowserActionsHelpers.java:268)
	at com.shaft.gui.browser.internal.BrowserActionsHelpers.capturePageSnapshot(BrowserActionsHelpers.java:268)
	at com.shaft.gui.browser.internal.BrowserActionsHelpers.capturePageSnapshot(BrowserActionsHelpers.java:268)
	at com.shaft.gui.browser.internal.BrowserActionsHelpers.capturePageSnapshot(BrowserActionsHelpers.java:268)
	at com.shaft.gui.browser.internal.BrowserActionsHelpers.capturePageSnapshot(BrowserActionsHelpers.java:268)
	at com.shaft.gui.browser.internal.BrowserActionsHelpers.capturePageSnapshot(BrowserActionsHelpers.java:268)
	at com.shaft.gui.browser.internal.BrowserActionsHelpers.capturePageSnapshot(BrowserActionsHelpers.java:268)
	at com.shaft.gui.browser.internal.BrowserActionsHelpers.capturePageSnapshot(BrowserActionsHelpers.java:268)
	at com.shaft.gui.browser.internal.BrowserActionsHelpers.capturePageSnapshot(BrowserActionsHelpers.java:268)
	at com.shaft.gui.browser.internal.BrowserActionsHelpers.capturePageSnapshot(BrowserActionsHelpers.java:268)
	at com.shaft.gui.browser.internal.BrowserActionsHelpers.capturePageSnapshot(BrowserActionsHelpers.java:268)
	at com.shaft.gui.browser.internal.BrowserActionsHelpers.capturePageSnapshot(BrowserActionsHelpers.java:268)
	at com.shaft.gui.browser.internal.BrowserActionsHelpers.capturePageSnapshot(BrowserActionsHelpers.java:268)
	at com.shaft.gui.browser.internal.BrowserActionsHelpers.capturePageSnapshot(BrowserActionsHelpers.java:268)
	at com.shaft.gui.browser.internal.BrowserActionsHelpers.capturePageSnapshot(BrowserActionsHelpers.java:268)
	at com.shaft.gui.browser.internal.BrowserActionsHelpers.capturePageSnapshot(BrowserActionsHelpers.java:268)
	at com.shaft.gui.browser.internal.BrowserActionsHelpers.capturePageSnapshot(BrowserActionsHelpers.java:268)
	at com.shaft.gui.browser.internal.BrowserActionsHelpers.capturePageSnapshot(BrowserActionsHelpers.java:268)
	at com.shaft.gui.browser.internal.BrowserActionsHelpers.capturePageSnapshot(BrowserActionsHelpers.java:268)
	at com.shaft.gui.browser.internal.BrowserActionsHelpers.capturePageSnapshot(BrowserActionsHelpers.java:268)
	at com.shaft.gui.browser.internal.BrowserActionsHelpers.capturePageSnapshot(BrowserActionsHelpers.java:268)
	at com.shaft.gui.browser.internal.BrowserActionsHelpers.capturePageSnapshot(BrowserActionsHelpers.java:268)
	at com.shaft.gui.browser.internal.BrowserActionsHelpers.capturePageSnapshot(BrowserActionsHelpers.java:268)
	at com.shaft.gui.browser.internal.BrowserActionsHelpers.capturePageSnapshot(BrowserActionsHelpers.java:268)
	at com.shaft.gui.browser.internal.BrowserActionsHelpers.capturePageSnapshot(BrowserActionsHelpers.java:268)
	at com.shaft.gui.browser.internal.BrowserActionsHelpers.capturePageSnapshot(BrowserActionsHelpers.java:268)
	at com.shaft.gui.browser.internal.BrowserActionsHelpers.capturePageSnapshot(BrowserActionsHelpers.java:268)
	at com.shaft.gui.browser.internal.BrowserActionsHelpers.capturePageSnapshot(BrowserActionsHelpers.java:268)
	at com.shaft.gui.browser.internal.BrowserActionsHelpers.capturePageSnapshot(BrowserActionsHelpers.java:268)
	at com.shaft.gui.browser.internal.BrowserActionsHelpers.capturePageSnapshot(BrowserActionsHelpers.java:268)
	at com.shaft.gui.browser.internal.BrowserActionsHelpers.capturePageSnapshot(BrowserActionsHelpers.java:268)
	at com.shaft.gui.browser.internal.BrowserActionsHelpers.capturePageSnapshot(BrowserActionsHelpers.java:268)
	at com.shaft.gui.browser.internal.BrowserActionsHelpers.capturePageSnapshot(BrowserActionsHelpers.java:268)
	at com.shaft.gui.browser.internal.BrowserActionsHelpers.capturePageSnapshot(BrowserActionsHelpers.java:268)
	at com.shaft.gui.browser.internal.BrowserActionsHelpers.capturePageSnapshot(BrowserActionsHelpers.java:268)
	at com.shaft.gui.browser.internal.BrowserActionsHelpers.capturePageSnapshot(BrowserActionsHelpers.java:268)
	at com.shaft.gui.browser.internal.BrowserActionsHelpers.capturePageSnapshot(BrowserActionsHelpers.java:268)
	at com.shaft.gui.browser.internal.BrowserActionsHelpers.capturePageSnapshot(BrowserActionsHelpers.java:268)
	at com.shaft.gui.browser.internal.BrowserActionsHelpers.capturePageSnapshot(BrowserActionsHelpers.java:268)
	at com.shaft.gui.browser.internal.BrowserActionsHelpers.capturePageSnapshot(BrowserActionsHelpers.java:268)
	at com.shaft.gui.browser.internal.BrowserActionsHelpers.capturePageSnapshot(BrowserActionsHelpers.java:268)
	at com.shaft.gui.browser.internal.BrowserActionsHelpers.capturePageSnapshot(BrowserActionsHelpers.java:268)
	at com.shaft.gui.browser.internal.BrowserActionsHelpers.capturePageSnapshot(BrowserActionsHelpers.java:268)
	at com.shaft.gui.browser.internal.BrowserActionsHelpers.capturePageSnapshot(BrowserActionsHelpers.java:268)
	at com.shaft.gui.browser.internal.BrowserActionsHelpers.capturePageSnapshot(BrowserActionsHelpers.java:268)
	at com.shaft.gui.browser.internal.BrowserActionsHelpers.capturePageSnapshot(BrowserActionsHelpers.java:268)
	at com.shaft.gui.browser.internal.BrowserActionsHelpers.capturePageSnapshot(BrowserActionsHelpers.java:268)
	at com.shaft.gui.browser.internal.BrowserActionsHelpers.capturePageSnapshot(BrowserActionsHelpers.java:268)
	at com.shaft.gui.browser.internal.BrowserActionsHelpers.capturePageSnapshot(BrowserActionsHelpers.java:268)
	at com.shaft.gui.browser.internal.BrowserActionsHelpers.capturePageSnapshot(BrowserActionsHelpers.java:268)
	at com.shaft.gui.browser.internal.BrowserActionsHelpers.capturePageSnapshot(BrowserActionsHelpers.java:268)
	at com.shaft.gui.browser.internal.BrowserActionsHelpers.capturePageSnapshot(BrowserActionsHelpers.java:268)
	at com.shaft.gui.browser.internal.BrowserActionsHelpers.capturePageSnapshot(BrowserActionsHelpers.java:268)
	at com.shaft.gui.browser.internal.BrowserActionsHelpers.capturePageSnapshot(BrowserActionsHelpers.java:268)
	at com.shaft.gui.browser.internal.BrowserActionsHelpers.capturePageSnapshot(BrowserActionsHelpers.java:268)
	at com.shaft.gui.browser.internal.BrowserActionsHelpers.capturePageSnapshot(BrowserActionsHelpers.java:268)
	at com.shaft.gui.browser.internal.BrowserActionsHelpers.capturePageSnapshot(BrowserActionsHelpers.java:268)
	at com.shaft.gui.browser.internal.BrowserActionsHelpers.capturePageSnapshot(BrowserActionsHelpers.java:268)
	at com.shaft.gui.browser.internal.BrowserActionsHelpers.capturePageSnapshot(BrowserActionsHelpers.java:268)
	at com.shaft.gui.browser.internal.BrowserActionsHelpers.capturePageSnapshot(BrowserActionsHelpers.java:268)
	at com.shaft.gui.browser.internal.BrowserActionsHelpers.capturePageSnapshot(BrowserActionsHelpers.java:268)
	at com.shaft.gui.browser.internal.BrowserActionsHelpers.capturePageSnapshot(BrowserActionsHelpers.java:268)
	at com.shaft.gui.browser.internal.BrowserActionsHelpers.capturePageSnapshot(BrowserActionsHelpers.java:268)
	at com.shaft.gui.browser.internal.BrowserActionsHelpers.capturePageSnapshot(BrowserActionsHelpers.java:268)
	at com.shaft.gui.browser.internal.BrowserActionsHelpers.capturePageSnapshot(BrowserActionsHelpers.java:268)
	at com.shaft.gui.browser.internal.BrowserActionsHelpers.capturePageSnapshot(BrowserActionsHelpers.java:268)
	at com.shaft.gui.browser.internal.BrowserActionsHelpers.capturePageSnapshot(BrowserActionsHelpers.java:268)
	at com.shaft.gui.browser.internal.BrowserActionsHelpers.capturePageSnapshot(BrowserActionsHelpers.java:268)
	at com.shaft.gui.browser.internal.BrowserActionsHelpers.capturePageSnapshot(BrowserActionsHelpers.java:268)
	at com.shaft.gui.browser.internal.BrowserActionsHelpers.capturePageSnapshot(BrowserActionsHelpers.java:268)
	at com.shaft.gui.browser.internal.BrowserActionsHelpers.capturePageSnapshot(BrowserActionsHelpers.java:268)
	at com.shaft.gui.browser.internal.BrowserActionsHelpers.capturePageSnapshot(BrowserActionsHelpers.java:268)
	at com.shaft.gui.browser.internal.BrowserActionsHelpers.capturePageSnapshot(BrowserActionsHelpers.java:268)
	at com.shaft.gui.browser.internal.BrowserActionsHelpers.capturePageSnapshot(BrowserActionsHelpers.java:268)
	at com.shaft.gui.browser.internal.BrowserActionsHelpers.capturePageSnapshot(BrowserActionsHelpers.java:268)
	at com.shaft.gui.browser.internal.BrowserActionsHelpers.capturePageSnapshot(BrowserActionsHelpers.java:268)
	at com.shaft.gui.browser.internal.BrowserActionsHelpers.capturePageSnapshot(BrowserActionsHelpers.java:268)
	at com.shaft.gui.browser.internal.BrowserActionsHelpers.capturePageSnapshot(BrowserActionsHelpers.java:268)
	at com.shaft.gui.browser.internal.BrowserActionsHelpers.capturePageSnapshot(BrowserActionsHelpers.java:268)
	at com.shaft.gui.browser.internal.BrowserActionsHelpers.capturePageSnapshot(BrowserActionsHelpers.java:268)
	at com.shaft.gui.browser.internal.BrowserActionsHelpers.capturePageSnapshot(BrowserActionsHelpers.java:268)
	at com.shaft.gui.browser.internal.BrowserActionsHelpers.capturePageSnapshot(BrowserActionsHelpers.java:268)
	at com.shaft.gui.browser.internal.BrowserActionsHelpers.capturePageSnapshot(BrowserActionsHelpers.java:268)
	at com.shaft.gui.browser.internal.BrowserActionsHelpers.capturePageSnapshot(BrowserActionsHelpers.java:268)
	at com.shaft.gui.browser.internal.BrowserActionsHelpers.capturePageSnapshot(BrowserActionsHelpers.java:268)
	at com.shaft.gui.browser.internal.BrowserActionsHelpers.capturePageSnapshot(BrowserActionsHelpers.java:268)
	at com.shaft.gui.browser.internal.BrowserActionsHelpers.capturePageSnapshot(BrowserActionsHelpers.java:268)
	at com.shaft.gui.browser.internal.BrowserActionsHelpers.capturePageSnapshot(BrowserActionsHelpers.java:268)
	at com.shaft.gui.browser.internal.BrowserActionsHelpers.capturePageSnapshot(BrowserActionsHelpers.java:268)
	at com.shaft.gui.browser.internal.BrowserActionsHelpers.capturePageSnapshot(BrowserActionsHelpers.java:268)
	at com.shaft.gui.browser.internal.BrowserActionsHelpers.capturePageSnapshot(BrowserActionsHelpers.java:268)
	at com.shaft.gui.browser.internal.BrowserActionsHelpers.capturePageSnapshot(BrowserActionsHelpers.java:268)
	at com.shaft.gui.browser.internal.BrowserActionsHelpers.capturePageSnapshot(BrowserActionsHelpers.java:268)
	at com.shaft.gui.browser.internal.BrowserActionsHelpers.capturePageSnapshot(BrowserActionsHelpers.java:268)
	at com.shaft.gui.browser.internal.BrowserActionsHelpers.capturePageSnapshot(BrowserActionsHelpers.java:268)
	at com.shaft.gui.browser.internal.BrowserActionsHelpers.capturePageSnapshot(BrowserActionsHelpers.java:268)
	at com.shaft.gui.browser.internal.BrowserActionsHelpers.capturePageSnapshot(BrowserActionsHelpers.java:268)
	at com.shaft.gui.browser.internal.BrowserActionsHelpers.capturePageSnapshot(BrowserActionsHelpers.java:268)
	at com.shaft.gui.browser.internal.BrowserActionsHelpers.capturePageSnapshot(BrowserActionsHelpers.java:268)
	at com.shaft.gui.browser.internal.BrowserActionsHelpers.capturePageSnapshot(BrowserActionsHelpers.java:268)
	at com.shaft.gui.browser.internal.BrowserActionsHelpers.capturePageSnapshot(BrowserActionsHelpers.java:268)
	at com.shaft.gui.browser.internal.BrowserActionsHelpers.capturePageSnapshot(BrowserActionsHelpers.java:268)
	at com.shaft.gui.browser.internal.BrowserActionsHelpers.capturePageSnapshot(BrowserActionsHelpers.java:268)
	at com.shaft.gui.browser.internal.BrowserActionsHelpers.capturePageSnapshot(BrowserActionsHelpers.java:268)
	at com.shaft.gui.browser.internal.BrowserActionsHelpers.capturePageSnapshot(BrowserActionsHelpers.java:268)
	at com.shaft.gui.browser.internal.BrowserActionsHelpers.capturePageSnapshot(BrowserActionsHelpers.java:268)
	at com.shaft.gui.browser.internal.BrowserActionsHelpers.capturePageSnapshot(BrowserActionsHelpers.java:268)
	at com.shaft.gui.browser.internal.BrowserActionsHelpers.capturePageSnapshot(BrowserActionsHelpers.java:268)
	at com.shaft.gui.browser.internal.BrowserActionsHelpers.capturePageSnapshot(BrowserActionsHelpers.java:268)
	at com.shaft.gui.browser.internal.BrowserActionsHelpers.capturePageSnapshot(BrowserActionsHelpers.java:268)
	at com.shaft.gui.browser.internal.BrowserActionsHelpers.capturePageSnapshot(BrowserActionsHelpers.java:268)
	at com.shaft.gui.browser.internal.BrowserActionsHelpers.capturePageSnapshot(BrowserActionsHelpers.java:268)
	at com.shaft.gui.browser.internal.BrowserActionsHelpers.capturePageSnapshot(BrowserActionsHelpers.java:268)
	at com.shaft.gui.browser.internal.BrowserActionsHelpers.capturePageSnapshot(BrowserActionsHelpers.java:268)
	at com.shaft.gui.browser.internal.BrowserActionsHelpers.capturePageSnapshot(BrowserActionsHelpers.java:268)
	at com.shaft.gui.browser.internal.BrowserActionsHelpers.capturePageSnapshot(BrowserActionsHelpers.java:268)
	at com.shaft.gui.browser.internal.BrowserActionsHelpers.capturePageSnapshot(BrowserActionsHelpers.java:268)
	at com.shaft.gui.browser.internal.BrowserActionsHelpers.capturePageSnapshot(BrowserActionsHelpers.java:268)
	at com.shaft.gui.browser.internal.BrowserActionsHelpers.capturePageSnapshot(BrowserActionsHelpers.java:268)
	at com.shaft.gui.browser.internal.BrowserActionsHelpers.capturePageSnapshot(BrowserActionsHelpers.java:268)
	at com.shaft.gui.browser.internal.BrowserActionsHelpers.capturePageSnapshot(BrowserActionsHelpers.java:268)
	at com.shaft.gui.browser.internal.BrowserActionsHelpers.capturePageSnapshot(BrowserActionsHelpers.java:268)
	at com.shaft.gui.browser.internal.BrowserActionsHelpers.capturePageSnapshot(BrowserActionsHelpers.java:268)
	at com.shaft.gui.browser.internal.BrowserActionsHelpers.capturePageSnapshot(BrowserActionsHelpers.java:268)
	at com.shaft.gui.browser.internal.BrowserActionsHelpers.capturePageSnapshot(BrowserActionsHelpers.java:268)
	at com.shaft.gui.browser.internal.BrowserActionsHelpers.capturePageSnapshot(BrowserActionsHelpers.java:268)
	at com.shaft.gui.browser.internal.BrowserActionsHelpers.capturePageSnapshot(BrowserActionsHelpers.java:268)
	at com.shaft.gui.browser.internal.BrowserActionsHelpers.capturePageSnapshot(BrowserActionsHelpers.java:268)
	at com.shaft.gui.browser.internal.BrowserActionsHelpers.capturePageSnapshot(BrowserActionsHelpers.java:268)
	at com.shaft.gui.browser.internal.BrowserActionsHelpers.capturePageSnapshot(BrowserActionsHelpers.java:268)
	at com.shaft.gui.browser.internal.BrowserActionsHelpers.capturePageSnapshot(BrowserActionsHelpers.java:268)
	at com.shaft.gui.browser.internal.BrowserActionsHelpers.capturePageSnapshot(BrowserActionsHelpers.java:268)
	at com.shaft.gui.browser.internal.BrowserActionsHelpers.capturePageSnapshot(BrowserActionsHelpers.java:268)
	at com.shaft.gui.browser.internal.BrowserActionsHelpers.capturePageSnapshot(BrowserActionsHelpers.java:268)
	at com.shaft.gui.browser.internal.BrowserActionsHelpers.capturePageSnapshot(BrowserActionsHelpers.java:268)
	at com.shaft.gui.browser.internal.BrowserActionsHelpers.capturePageSnapshot(BrowserActionsHelpers.java:268)
	at com.shaft.gui.browser.internal.BrowserActionsHelpers.capturePageSnapshot(BrowserActionsHelpers.java:268)
	at com.shaft.gui.browser.internal.BrowserActionsHelpers.capturePageSnapshot(BrowserActionsHelpers.java:268)
	at com.shaft.gui.browser.internal.BrowserActionsHelpers.capturePageSnapshot(BrowserActionsHelpers.java:268)
	at com.shaft.gui.browser.internal.BrowserActionsHelpers.capturePageSnapshot(BrowserActionsHelpers.java:268)
	at com.shaft.gui.browser.internal.BrowserActionsHelpers.capturePageSnapshot(BrowserActionsHelpers.java:268)
	at com.shaft.gui.browser.internal.BrowserActionsHelpers.capturePageSnapshot(BrowserActionsHelpers.java:268)
	at com.shaft.gui.browser.internal.BrowserActionsHelpers.capturePageSnapshot(BrowserActionsHelpers.java:268)
	at com.shaft.gui.browser.internal.BrowserActionsHelpers.capturePageSnapshot(BrowserActionsHelpers.java:268)
	at com.shaft.gui.browser.internal.BrowserActionsHelpers.capturePageSnapshot(BrowserActionsHelpers.java:268)
	at com.shaft.gui.browser.internal.BrowserActionsHelpers.capturePageSnapshot(BrowserActionsHelpers.java:268)
	at com.shaft.gui.browser.internal.BrowserActionsHelpers.capturePageSnapshot(BrowserActionsHelpers.java:268)
	at com.shaft.gui.browser.internal.BrowserActionsHelpers.capturePageSnapshot(BrowserActionsHelpers.java:268)
	at com.shaft.gui.browser.internal.BrowserActionsHelpers.capturePageSnapshot(BrowserActionsHelpers.java:268)
	at com.shaft.gui.browser.internal.BrowserActionsHelpers.capturePageSnapshot(BrowserActionsHelpers.java:268)
	at com.shaft.gui.browser.internal.BrowserActionsHelpers.capturePageSnapshot(BrowserActionsHelpers.java:268)
	at com.shaft.gui.browser.internal.BrowserActionsHelpers.capturePageSnapshot(BrowserActionsHelpers.java:268)
	at com.shaft.gui.browser.internal.BrowserActionsHelpers.capturePageSnapshot(BrowserActionsHelpers.java:268)
	at com.shaft.gui.browser.internal.BrowserActionsHelpers.capturePageSnapshot(BrowserActionsHelpers.java:268)
	at com.shaft.gui.browser.internal.BrowserActionsHelpers.capturePageSnapshot(BrowserActionsHelpers.java:268)
	at com.shaft.gui.browser.internal.BrowserActionsHelpers.capturePageSnapshot(BrowserActionsHelpers.java:268)
	at com.shaft.gui.browser.internal.BrowserActionsHelpers.capturePageSnapshot(BrowserActionsHelpers.java:268)
	at com.shaft.gui.browser.internal.BrowserActionsHelpers.capturePageSnapshot(BrowserActionsHelpers.java:268)
	at com.shaft.gui.browser.internal.BrowserActionsHelpers.capturePageSnapshot(BrowserActionsHelpers.java:268)
	at com.shaft.gui.browser.internal.BrowserActionsHelpers.capturePageSnapshot(BrowserActionsHelpers.java:268)
	at com.shaft.gui.browser.internal.BrowserActionsHelpers.capturePageSnapshot(BrowserActionsHelpers.java:268)
	at com.shaft.gui.browser.internal.BrowserActionsHelpers.capturePageSnapshot(BrowserActionsHelpers.java:268)
	at com.shaft.gui.browser.internal.BrowserActionsHelpers.capturePageSnapshot(BrowserActionsHelpers.java:268)
	at com.shaft.gui.browser.internal.BrowserActionsHelpers.capturePageSnapshot(BrowserActionsHelpers.java:268)
	at com.shaft.gui.browser.internal.BrowserActionsHelpers.capturePageSnapshot(BrowserActionsHelpers.java:268)
	at com.shaft.gui.browser.internal.BrowserActionsHelpers.capturePageSnapshot(BrowserActionsHelpers.java:268)
	at com.shaft.gui.browser.internal.BrowserActionsHelpers.capturePageSnapshot(BrowserActionsHelpers.java:268)
	at com.shaft.gui.browser.internal.BrowserActionsHelpers.capturePageSnapshot(BrowserActionsHelpers.java:268)
	at com.shaft.gui.browser.internal.BrowserActionsHelpers.capturePageSnapshot(BrowserActionsHelpers.java:268)
	at com.shaft.gui.browser.internal.BrowserActionsHelpers.capturePageSnapshot(BrowserActionsHelpers.java:268)
	at com.shaft.gui.browser.internal.BrowserActionsHelpers.capturePageSnapshot(BrowserActionsHelpers.java:268)
	at com.shaft.gui.browser.internal.BrowserActionsHelpers.capturePageSnapshot(BrowserActionsHelpers.java:268)
	at com.shaft.gui.browser.internal.BrowserActionsHelpers.capturePageSnapshot(BrowserActionsHelpers.java:268)
	at com.shaft.gui.browser.internal.BrowserActionsHelpers.capturePageSnapshot(BrowserActionsHelpers.java:268)
	at com.shaft.gui.browser.internal.BrowserActionsHelpers.capturePageSnapshot(BrowserActionsHelpers.java:268)
	at com.shaft.gui.browser.internal.BrowserActionsHelpers.capturePageSnapshot(BrowserActionsHelpers.java:268)
	at com.shaft.gui.browser.internal.BrowserActionsHelpers.capturePageSnapshot(BrowserActionsHelpers.java:268)
	at com.shaft.gui.browser.internal.BrowserActionsHelpers.capturePageSnapshot(BrowserActionsHelpers.java:268)
	at com.shaft.gui.browser.internal.BrowserActionsHelpers.capturePageSnapshot(BrowserActionsHelpers.java:268)
	at com.shaft.gui.browser.internal.BrowserActionsHelpers.capturePageSnapshot(BrowserActionsHelpers.java:268)
	at com.shaft.gui.browser.internal.BrowserActionsHelpers.capturePageSnapshot(BrowserActionsHelpers.java:268)
	at com.shaft.gui.browser.internal.BrowserActionsHelpers.capturePageSnapshot(BrowserActionsHelpers.java:268)
	at com.shaft.gui.browser.internal.BrowserActionsHelpers.capturePageSnapshot(BrowserActionsHelpers.java:268)
	at com.shaft.gui.browser.internal.BrowserActionsHelpers.capturePageSnapshot(BrowserActionsHelpers.java:268)
	at com.shaft.gui.browser.internal.BrowserActionsHelpers.capturePageSnapshot(BrowserActionsHelpers.java:268)
	at com.shaft.gui.browser.internal.BrowserActionsHelpers.capturePageSnapshot(BrowserActionsHelpers.java:268)
	at com.shaft.gui.browser.internal.BrowserActionsHelpers.capturePageSnapshot(BrowserActionsHelpers.java:268)
	at com.shaft.gui.browser.internal.BrowserActionsHelpers.capturePageSnapshot(BrowserActionsHelpers.java:268)
	at com.shaft.gui.browser.internal.BrowserActionsHelpers.capturePageSnapshot(BrowserActionsHelpers.java:268)
	at com.shaft.gui.browser.internal.BrowserActionsHelpers.capturePageSnapshot(BrowserActionsHelpers.java:268)
	at com.shaft.gui.browser.internal.BrowserActionsHelpers.capturePageSnapshot(BrowserActionsHelpers.java:268)
	at com.shaft.gui.browser.internal.BrowserActionsHelpers.capturePageSnapshot(BrowserActionsHelpers.java:268)
	at com.shaft.gui.browser.internal.BrowserActionsHelpers.capturePageSnapshot(BrowserActionsHelpers.java:268)
	at com.shaft.gui.browser.internal.BrowserActionsHelpers.capturePageSnapshot(BrowserActionsHelpers.java:268)
	at com.shaft.gui.browser.internal.BrowserActionsHelpers.capturePageSnapshot(BrowserActionsHelpers.java:268)
	at com.shaft.gui.browser.internal.BrowserActionsHelpers.capturePageSnapshot(BrowserActionsHelpers.java:268)
	at com.shaft.gui.browser.internal.BrowserActionsHelpers.capturePageSnapshot(BrowserActionsHelpers.java:268)
	at com.shaft.gui.browser.internal.BrowserActionsHelpers.capturePageSnapshot(BrowserActionsHelpers.java:268)
	at com.shaft.gui.browser.internal.BrowserActionsHelpers.capturePageSnapshot(BrowserActionsHelpers.java:268)
	at com.shaft.gui.browser.internal.BrowserActionsHelpers.capturePageSnapshot(BrowserActionsHelpers.java:268)
	at com.shaft.gui.browser.internal.BrowserActionsHelpers.capturePageSnapshot(BrowserActionsHelpers.java:268)
	at com.shaft.gui.browser.internal.BrowserActionsHelpers.capturePageSnapshot(BrowserActionsHelpers.java:268)
	at com.shaft.gui.browser.internal.BrowserActionsHelpers.capturePageSnapshot(BrowserActionsHelpers.java:268)
	at com.shaft.gui.browser.internal.BrowserActionsHelpers.capturePageSnapshot(BrowserActionsHelpers.java:268)
	at com.shaft.gui.browser.internal.BrowserActionsHelpers.capturePageSnapshot(BrowserActionsHelpers.java:268)
	at com.shaft.gui.browser.internal.BrowserActionsHelpers.capturePageSnapshot(BrowserActionsHelpers.java:268)
	at com.shaft.gui.browser.internal.BrowserActionsHelpers.capturePageSnapshot(BrowserActionsHelpers.java:268)
	at com.shaft.gui.browser.internal.BrowserActionsHelpers.capturePageSnapshot(BrowserActionsHelpers.java:268)
	at com.shaft.gui.browser.internal.BrowserActionsHelpers.capturePageSnapshot(BrowserActionsHelpers.java:268)
	at com.shaft.gui.browser.internal.BrowserActionsHelpers.capturePageSnapshot(BrowserActionsHelpers.java:268)
	at com.shaft.gui.browser.internal.BrowserActionsHelpers.capturePageSnapshot(BrowserActionsHelpers.java:268)
	at com.shaft.gui.browser.internal.BrowserActionsHelpers.capturePageSnapshot(BrowserActionsHelpers.java:268)
	at com.shaft.gui.browser.internal.BrowserActionsHelpers.capturePageSnapshot(BrowserActionsHelpers.java:268)
	at com.shaft.gui.browser.internal.BrowserActionsHelpers.capturePageSnapshot(BrowserActionsHelpers.java:268)
	at com.shaft.gui.browser.internal.BrowserActionsHelpers.capturePageSnapshot(BrowserActionsHelpers.java:268)
	at com.shaft.gui.browser.internal.BrowserActionsHelpers.capturePageSnapshot(BrowserActionsHelpers.java:268)
	at com.shaft.gui.browser.internal.BrowserActionsHelpers.capturePageSnapshot(BrowserActionsHelpers.java:268)
	at com.shaft.gui.browser.internal.BrowserActionsHelpers.capturePageSnapshot(BrowserActionsHelpers.java:268)
	at com.shaft.gui.browser.internal.BrowserActionsHelpers.capturePageSnapshot(BrowserActionsHelpers.java:268)
	at com.shaft.gui.browser.internal.BrowserActionsHelpers.capturePageSnapshot(BrowserActionsHelpers.java:268)
	at com.shaft.gui.browser.internal.BrowserActionsHelpers.capturePageSnapshot(BrowserActionsHelpers.java:268)
	at com.shaft.gui.browser.internal.BrowserActionsHelpers.capturePageSnapshot(BrowserActionsHelpers.java:268)
	at com.shaft.gui.browser.internal.BrowserActionsHelpers.capturePageSnapshot(BrowserActionsHelpers.java:268)
	at com.shaft.gui.browser.internal.BrowserActionsHelpers.capturePageSnapshot(BrowserActionsHelpers.java:268)
	at com.shaft.gui.browser.internal.BrowserActionsHelpers.capturePageSnapshot(BrowserActionsHelpers.java:268)
	at com.shaft.gui.browser.internal.BrowserActionsHelpers.capturePageSnapshot(BrowserActionsHelpers.java:268)
	at com.shaft.gui.browser.internal.BrowserActionsHelpers.capturePageSnapshot(BrowserActionsHelpers.java:268)
	at com.shaft.gui.browser.internal.BrowserActionsHelpers.capturePageSnapshot(BrowserActionsHelpers.java:268)
	at com.shaft.gui.browser.internal.BrowserActionsHelpers.capturePageSnapshot(BrowserActionsHelpers.java:268)
	at com.shaft.gui.browser.internal.BrowserActionsHelpers.capturePageSnapshot(BrowserActionsHelpers.java:268)
	at com.shaft.gui.browser.internal.BrowserActionsHelpers.capturePageSnapshot(BrowserActionsHelpers.java:268)
	at com.shaft.gui.browser.internal.BrowserActionsHelpers.capturePageSnapshot(BrowserActionsHelpers.java:268)
	at com.shaft.gui.browser.internal.BrowserActionsHelpers.capturePageSnapshot(BrowserActionsHelpers.java:268)
	at com.shaft.gui.browser.internal.BrowserActionsHelpers.capturePageSnapshot(BrowserActionsHelpers.java:268)
	at com.shaft.gui.browser.internal.BrowserActionsHelpers.capturePageSnapshot(BrowserActionsHelpers.java:268)
	at com.shaft.gui.browser.internal.BrowserActionsHelpers.capturePageSnapshot(BrowserActionsHelpers.java:268)
	at com.shaft.gui.browser.internal.BrowserActionsHelpers.capturePageSnapshot(BrowserActionsHelpers.java:268)
	at com.shaft.gui.browser.internal.BrowserActionsHelpers.capturePageSnapshot(BrowserActionsHelpers.java:268)
	at com.shaft.gui.browser.internal.BrowserActionsHelpers.capturePageSnapshot(BrowserActionsHelpers.java:268)
	at com.shaft.gui.browser.internal.BrowserActionsHelpers.capturePageSnapshot(BrowserActionsHelpers.java:268)
	at com.shaft.gui.browser.internal.BrowserActionsHelpers.capturePageSnapshot(BrowserActionsHelpers.java:268)
	at com.shaft.gui.browser.internal.BrowserActionsHelpers.capturePageSnapshot(BrowserActionsHelpers.java:268)
	at com.shaft.gui.browser.internal.BrowserActionsHelpers.capturePageSnapshot(BrowserActionsHelpers.java:268)
	at com.shaft.gui.browser.internal.BrowserActionsHelpers.capturePageSnapshot(BrowserActionsHelpers.java:268)
	at com.shaft.gui.browser.internal.BrowserActionsHelpers.capturePageSnapshot(BrowserActionsHelpers.java:268)
	at com.shaft.gui.browser.internal.BrowserActionsHelpers.capturePageSnapshot(BrowserActionsHelpers.java:268)
	at com.shaft.gui.browser.internal.BrowserActionsHelpers.capturePageSnapshot(BrowserActionsHelpers.java:268)
	at com.shaft.gui.browser.internal.BrowserActionsHelpers.capturePageSnapshot(BrowserActionsHelpers.java:268)
	at com.shaft.gui.browser.internal.BrowserActionsHelpers.capturePageSnapshot(BrowserActionsHelpers.java:268)
	at com.shaft.gui.browser.internal.BrowserActionsHelpers.capturePageSnapshot(BrowserActionsHelpers.java:268)
	at com.shaft.gui.browser.internal.BrowserActionsHelpers.capturePageSnapshot(BrowserActionsHelpers.java:268)
	at com.shaft.gui.browser.internal.BrowserActionsHelpers.capturePageSnapshot(BrowserActionsHelpers.java:268)
	at com.shaft.gui.browser.internal.BrowserActionsHelpers.capturePageSnapshot(BrowserActionsHelpers.java:268)
	at com.shaft.gui.browser.internal.BrowserActionsHelpers.capturePageSnapshot(BrowserActionsHelpers.java:268)
	at com.shaft.gui.browser.internal.BrowserActionsHelpers.capturePageSnapshot(BrowserActionsHelpers.java:268)
	at com.shaft.gui.browser.internal.BrowserActionsHelpers.capturePageSnapshot(BrowserActionsHelpers.java:268)
	at com.shaft.gui.browser.internal.BrowserActionsHelpers.capturePageSnapshot(BrowserActionsHelpers.java:268)
	at com.shaft.gui.browser.internal.BrowserActionsHelpers.capturePageSnapshot(BrowserActionsHelpers.java:268)
	at com.shaft.gui.browser.internal.BrowserActionsHelpers.capturePageSnapshot(BrowserActionsHelpers.java:268)
	at com.shaft.gui.browser.internal.BrowserActionsHelpers.capturePageSnapshot(BrowserActionsHelpers.java:268)
	at com.shaft.gui.browser.internal.BrowserActionsHelpers.capturePageSnapshot(BrowserActionsHelpers.java:268)
	at com.shaft.gui.browser.internal.BrowserActionsHelpers.capturePageSnapshot(BrowserActionsHelpers.java:268)
	at com.shaft.gui.browser.internal.BrowserActionsHelpers.capturePageSnapshot(BrowserActionsHelpers.java:268)
	at com.shaft.gui.browser.internal.BrowserActionsHelpers.capturePageSnapshot(BrowserActionsHelpers.java:268)
	at com.shaft.gui.browser.internal.BrowserActionsHelpers.capturePageSnapshot(BrowserActionsHelpers.java:268)
	at com.shaft.gui.browser.internal.BrowserActionsHelpers.capturePageSnapshot(BrowserActionsHelpers.java:268)
	at com.shaft.gui.browser.internal.BrowserActionsHelpers.capturePageSnapshot(BrowserActionsHelpers.java:268)
	at com.shaft.gui.browser.internal.BrowserActionsHelpers.capturePageSnapshot(BrowserActionsHelpers.java:268)
	at com.shaft.gui.browser.internal.BrowserActionsHelpers.capturePageSnapshot(BrowserActionsHelpers.java:268)
	at com.shaft.gui.browser.internal.BrowserActionsHelpers.capturePageSnapshot(BrowserActionsHelpers.java:268)
	at com.shaft.gui.browser.internal.BrowserActionsHelpers.capturePageSnapshot(BrowserActionsHelpers.java:268)
	at com.shaft.gui.browser.internal.BrowserActionsHelpers.capturePageSnapshot(BrowserActionsHelpers.java:268)
	at com.shaft.gui.browser.internal.BrowserActionsHelpers.capturePageSnapshot(BrowserActionsHelpers.java:268)
	at com.shaft.gui.browser.internal.BrowserActionsHelpers.capturePageSnapshot(BrowserActionsHelpers.java:268)
	at com.shaft.gui.browser.internal.BrowserActionsHelpers.capturePageSnapshot(BrowserActionsHelpers.java:268)
	at com.shaft.gui.browser.internal.BrowserActionsHelpers.capturePageSnapshot(BrowserActionsHelpers.java:268)
	at com.shaft.gui.browser.internal.BrowserActionsHelpers.capturePageSnapshot(BrowserActionsHelpers.java:268)
	at com.shaft.gui.browser.internal.BrowserActionsHelpers.capturePageSnapshot(BrowserActionsHelpers.java:268)
	at com.shaft.gui.browser.internal.BrowserActionsHelpers.capturePageSnapshot(BrowserActionsHelpers.java:268)
	at com.shaft.gui.browser.internal.BrowserActionsHelpers.capturePageSnapshot(BrowserActionsHelpers.java:268)
	at com.shaft.gui.browser.internal.BrowserActionsHelpers.capturePageSnapshot(BrowserActionsHelpers.java:268)
	at com.shaft.gui.browser.internal.BrowserActionsHelpers.capturePageSnapshot(BrowserActionsHelpers.java:268)
	at com.shaft.gui.browser.internal.BrowserActionsHelpers.capturePageSnapshot(BrowserActionsHelpers.java:268)
	at com.shaft.gui.browser.internal.BrowserActionsHelpers.capturePageSnapshot(BrowserActionsHelpers.java:268)
	at com.shaft.gui.browser.internal.BrowserActionsHelpers.capturePageSnapshot(BrowserActionsHelpers.java:268)
	at com.shaft.gui.browser.internal.BrowserActionsHelpers.capturePageSnapshot(BrowserActionsHelpers.java:268)
	at com.shaft.gui.browser.internal.BrowserActionsHelpers.capturePageSnapshot(BrowserActionsHelpers.java:268)
	at com.shaft.gui.browser.internal.BrowserActionsHelpers.capturePageSnapshot(BrowserActionsHelpers.java:268)
	at com.shaft.gui.browser.internal.BrowserActionsHelpers.capturePageSnapshot(BrowserActionsHelpers.java:268)
	at com.shaft.gui.browser.internal.BrowserActionsHelpers.capturePageSnapshot(BrowserActionsHelpers.java:268)
	at com.shaft.gui.browser.internal.BrowserActionsHelpers.capturePageSnapshot(BrowserActionsHelpers.java:268)
	at com.shaft.gui.browser.internal.BrowserActionsHelpers.capturePageSnapshot(BrowserActionsHelpers.java:268)
	at com.shaft.gui.browser.internal.BrowserActionsHelpers.capturePageSnapshot(BrowserActionsHelpers.java:268)
	at com.shaft.gui.browser.internal.BrowserActionsHelpers.capturePageSnapshot(BrowserActionsHelpers.java:268)
	at com.shaft.gui.browser.internal.BrowserActionsHelpers.capturePageSnapshot(BrowserActionsHelpers.java:268)
	at com.shaft.gui.browser.internal.BrowserActionsHelpers.capturePageSnapshot(BrowserActionsHelpers.java:268)
	at com.shaft.gui.browser.internal.BrowserActionsHelpers.capturePageSnapshot(BrowserActionsHelpers.java:268)
	at com.shaft.gui.browser.internal.BrowserActionsHelpers.capturePageSnapshot(BrowserActionsHelpers.java:268)
	at com.shaft.gui.browser.internal.BrowserActionsHelpers.capturePageSnapshot(BrowserActionsHelpers.java:268)
	at com.shaft.gui.browser.internal.BrowserActionsHelpers.capturePageSnapshot(BrowserActionsHelpers.java:268)
	at com.shaft.gui.browser.internal.BrowserActionsHelpers.capturePageSnapshot(BrowserActionsHelpers.java:268)
	at com.shaft.gui.browser.internal.BrowserActionsHelpers.capturePageSnapshot(BrowserActionsHelpers.java:268)
	at com.shaft.gui.browser.internal.BrowserActionsHelpers.capturePageSnapshot(BrowserActionsHelpers.java:268)
	at com.shaft.gui.browser.internal.BrowserActionsHelpers.capturePageSnapshot(BrowserActionsHelpers.java:268)
	at com.shaft.gui.browser.internal.BrowserActionsHelpers.capturePageSnapshot(BrowserActionsHelpers.java:268)
	at com.shaft.gui.browser.internal.BrowserActionsHelpers.capturePageSnapshot(BrowserActionsHelpers.java:268)
	at com.shaft.gui.browser.internal.BrowserActionsHelpers.capturePageSnapshot(BrowserActionsHelpers.java:268)
	at com.shaft.gui.browser.internal.BrowserActionsHelpers.capturePageSnapshot(BrowserActionsHelpers.java:268)
	at com.shaft.gui.browser.internal.BrowserActionsHelpers.capturePageSnapshot(BrowserActionsHelpers.java:268)
	at com.shaft.gui.browser.internal.BrowserActionsHelpers.capturePageSnapshot(BrowserActionsHelpers.java:268)
	at com.shaft.gui.browser.internal.BrowserActionsHelpers.capturePageSnapshot(BrowserActionsHelpers.java:268)
	at com.shaft.gui.browser.internal.BrowserActionsHelpers.capturePageSnapshot(BrowserActionsHelpers.java:268)
	at com.shaft.gui.browser.internal.BrowserActionsHelpers.capturePageSnapshot(BrowserActionsHelpers.java:268)
	at com.shaft.gui.browser.internal.BrowserActionsHelpers.capturePageSnapshot(BrowserActionsHelpers.java:268)
	at com.shaft.gui.browser.internal.BrowserActionsHelpers.capturePageSnapshot(BrowserActionsHelpers.java:268)
	at com.shaft.gui.browser.internal.BrowserActionsHelpers.capturePageSnapshot(BrowserActionsHelpers.java:268)
	at com.shaft.gui.browser.internal.BrowserActionsHelpers.capturePageSnapshot(BrowserActionsHelpers.java:268)
	at com.shaft.gui.browser.internal.BrowserActionsHelpers.capturePageSnapshot(BrowserActionsHelpers.java:268)
	at com.shaft.gui.browser.internal.BrowserActionsHelpers.capturePageSnapshot(BrowserActionsHelpers.java:268)
	at com.shaft.gui.browser.internal.BrowserActionsHelpers.capturePageSnapshot(BrowserActionsHelpers.java:268)
	at com.shaft.gui.browser.internal.BrowserActionsHelpers.capturePageSnapshot(BrowserActionsHelpers.java:268)
	at com.shaft.gui.browser.internal.BrowserActionsHelpers.capturePageSnapshot(BrowserActionsHelpers.java:268)
	at com.shaft.gui.browser.internal.BrowserActionsHelpers.capturePageSnapshot(BrowserActionsHelpers.java:268)
	at com.shaft.gui.browser.internal.BrowserActionsHelpers.capturePageSnapshot(BrowserActionsHelpers.java:268)
	at com.shaft.gui.browser.internal.BrowserActionsHelpers.capturePageSnapshot(BrowserActionsHelpers.java:268)
	at com.shaft.gui.browser.internal.BrowserActionsHelpers.capturePageSnapshot(BrowserActionsHelpers.java:268)
	at com.shaft.gui.browser.internal.BrowserActionsHelpers.capturePageSnapshot(BrowserActionsHelpers.java:268)
	at com.shaft.gui.browser.internal.BrowserActionsHelpers.capturePageSnapshot(BrowserActionsHelpers.java:268)
	at com.shaft.gui.browser.internal.BrowserActionsHelpers.capturePageSnapshot(BrowserActionsHelpers.java:268)
	at com.shaft.gui.browser.internal.BrowserActionsHelpers.capturePageSnapshot(BrowserActionsHelpers.java:268)
	at com.shaft.gui.browser.internal.BrowserActionsHelpers.capturePageSnapshot(BrowserActionsHelpers.java:268)
	at com.shaft.gui.browser.internal.BrowserActionsHelpers.capturePageSnapshot(BrowserActionsHelpers.java:268)
	at com.shaft.gui.browser.internal.BrowserActionsHelpers.capturePageSnapshot(BrowserActionsHelpers.java:268)
	at com.shaft.gui.browser.internal.BrowserActionsHelpers.capturePageSnapshot(BrowserActionsHelpers.java:268)
	at com.shaft.gui.browser.internal.BrowserActionsHelpers.capturePageSnapshot(BrowserActionsHelpers.java:268)
	at com.shaft.gui.browser.internal.BrowserActionsHelpers.capturePageSnapshot(BrowserActionsHelpers.java:268)
	at com.shaft.gui.browser.internal.BrowserActionsHelpers.capturePageSnapshot(BrowserActionsHelpers.java:268)
	at com.shaft.gui.browser.internal.BrowserActionsHelpers.capturePageSnapshot(BrowserActionsHelpers.java:268)
	at com.shaft.gui.browser.internal.BrowserActionsHelpers.capturePageSnapshot(BrowserActionsHelpers.java:268)
	at com.shaft.gui.browser.internal.BrowserActionsHelpers.capturePageSnapshot(BrowserActionsHelpers.java:268)
	at com.shaft.gui.browser.internal.BrowserActionsHelpers.capturePageSnapshot(BrowserActionsHelpers.java:268)
	at com.shaft.gui.browser.internal.BrowserActionsHelpers.capturePageSnapshot(BrowserActionsHelpers.java:268)
	at com.shaft.gui.browser.internal.BrowserActionsHelpers.capturePageSnapshot(BrowserActionsHelpers.java:268)
	at com.shaft.gui.browser.internal.BrowserActionsHelpers.capturePageSnapshot(BrowserActionsHelpers.java:268)
	at com.shaft.gui.browser.internal.BrowserActionsHelpers.capturePageSnapshot(BrowserActionsHelpers.java:268)
	at com.shaft.gui.browser.internal.BrowserActionsHelpers.capturePageSnapshot(BrowserActionsHelpers.java:268)
	at com.shaft.gui.browser.internal.BrowserActionsHelpers.capturePageSnapshot(BrowserActionsHelpers.java:268)
	at com.shaft.gui.browser.internal.BrowserActionsHelpers.capturePageSnapshot(BrowserActionsHelpers.java:268)
	at com.shaft.gui.browser.internal.BrowserActionsHelpers.capturePageSnapshot(BrowserActionsHelpers.java:268)
	at com.shaft.gui.browser.internal.BrowserActionsHelpers.capturePageSnapshot(BrowserActionsHelpers.java:268)
	at com.shaft.gui.browser.internal.BrowserActionsHelpers.capturePageSnapshot(BrowserActionsHelpers.java:268)
	at com.shaft.gui.browser.internal.BrowserActionsHelpers.capturePageSnapshot(BrowserActionsHelpers.java:268)
	at com.shaft.gui.browser.internal.BrowserActionsHelpers.capturePageSnapshot(BrowserActionsHelpers.java:268)
	at com.shaft.gui.browser.internal.BrowserActionsHelpers.capturePageSnapshot(BrowserActionsHelpers.java:268)
	at com.shaft.gui.browser.internal.BrowserActionsHelpers.capturePageSnapshot(BrowserActionsHelpers.java:268)
	at com.shaft.gui.browser.internal.BrowserActionsHelpers.capturePageSnapshot(BrowserActionsHelpers.java:268)
	at com.shaft.gui.browser.internal.BrowserActionsHelpers.capturePageSnapshot(BrowserActionsHelpers.java:268)
	at com.shaft.gui.browser.internal.BrowserActionsHelpers.capturePageSnapshot(BrowserActionsHelpers.java:268)
	at com.shaft.gui.browser.internal.BrowserActionsHelpers.capturePageSnapshot(BrowserActionsHelpers.java:268)
	at com.shaft.gui.browser.internal.BrowserActionsHelpers.capturePageSnapshot(BrowserActionsHelpers.java:268)
	at com.shaft.gui.browser.internal.BrowserActionsHelpers.capturePageSnapshot(BrowserActionsHelpers.java:268)
	at com.shaft.gui.browser.internal.BrowserActionsHelpers.capturePageSnapshot(BrowserActionsHelpers.java:268)
	at com.shaft.gui.browser.internal.BrowserActionsHelpers.capturePageSnapshot(BrowserActionsHelpers.java:268)
	at com.shaft.gui.browser.internal.BrowserActionsHelpers.capturePageSnapshot(BrowserActionsHelpers.java:268)
	at com.shaft.gui.browser.internal.BrowserActionsHelpers.capturePageSnapshot(BrowserActionsHelpers.java:268)
	at com.shaft.gui.browser.internal.BrowserActionsHelpers.capturePageSnapshot(BrowserActionsHelpers.java:268)
	at com.shaft.gui.browser.internal.BrowserActionsHelpers.capturePageSnapshot(BrowserActionsHelpers.java:268)
	at com.shaft.gui.browser.internal.BrowserActionsHelpers.capturePageSnapshot(BrowserActionsHelpers.java:268)
	at com.shaft.gui.browser.internal.BrowserActionsHelpers.capturePageSnapshot(BrowserActionsHelpers.java:268)
	at com.shaft.gui.browser.internal.BrowserActionsHelpers.capturePageSnapshot(BrowserActionsHelpers.java:268)
	at com.shaft.gui.browser.internal.BrowserActionsHelpers.capturePageSnapshot(BrowserActionsHelpers.java:268)
	at com.shaft.gui.browser.internal.BrowserActionsHelpers.capturePageSnapshot(BrowserActionsHelpers.java:268)
	at com.shaft.gui.browser.internal.BrowserActionsHelpers.capturePageSnapshot(BrowserActionsHelpers.java:268)
	at com.shaft.gui.browser.internal.BrowserActionsHelpers.capturePageSnapshot(BrowserActionsHelpers.java:268)
	at com.shaft.gui.browser.internal.BrowserActionsHelpers.capturePageSnapshot(BrowserActionsHelpers.java:268)
	at com.shaft.gui.browser.internal.BrowserActionsHelpers.capturePageSnapshot(BrowserActionsHelpers.java:268)
	at com.shaft.gui.browser.internal.BrowserActionsHelpers.capturePageSnapshot(BrowserActionsHelpers.java:268)
	at com.shaft.gui.browser.internal.BrowserActionsHelpers.capturePageSnapshot(BrowserActionsHelpers.java:268)
	at com.shaft.gui.browser.internal.BrowserActionsHelpers.capturePageSnapshot(BrowserActionsHelpers.java:268)
	at com.shaft.gui.browser.internal.BrowserActionsHelpers.capturePageSnapshot(BrowserActionsHelpers.java:268)
	at com.shaft.gui.browser.internal.BrowserActionsHelpers.capturePageSnapshot(BrowserActionsHelpers.java:268)
	at com.shaft.gui.browser.internal.BrowserActionsHelpers.capturePageSnapshot(BrowserActionsHelpers.java:268)
	at com.shaft.gui.browser.internal.BrowserActionsHelpers.capturePageSnapshot(BrowserActionsHelpers.java:268)
	at com.shaft.gui.browser.internal.BrowserActionsHelpers.capturePageSnapshot(BrowserActionsHelpers.java:268)
	at com.shaft.gui.browser.internal.BrowserActionsHelpers.capturePageSnapshot(BrowserActionsHelpers.java:268)
	at com.shaft.gui.browser.internal.BrowserActionsHelpers.capturePageSnapshot(BrowserActionsHelpers.java:268)
	at com.shaft.gui.browser.internal.BrowserActionsHelpers.capturePageSnapshot(BrowserActionsHelpers.java:268)
	at com.shaft.gui.browser.internal.BrowserActionsHelpers.capturePageSnapshot(BrowserActionsHelpers.java:268)
	at com.shaft.gui.browser.internal.BrowserActionsHelpers.capturePageSnapshot(BrowserActionsHelpers.java:268)
	at com.shaft.gui.browser.internal.BrowserActionsHelpers.capturePageSnapshot(BrowserActionsHelpers.java:268)
	at com.shaft.gui.browser.internal.BrowserActionsHelpers.capturePageSnapshot(BrowserActionsHelpers.java:268)
	at com.shaft.gui.browser.internal.BrowserActionsHelpers.capturePageSnapshot(BrowserActionsHelpers.java:268)
	at com.shaft.gui.browser.internal.BrowserActionsHelpers.capturePageSnapshot(BrowserActionsHelpers.java:268)
	at com.shaft.gui.browser.internal.BrowserActionsHelpers.capturePageSnapshot(BrowserActionsHelpers.java:268)
	at com.shaft.gui.browser.internal.BrowserActionsHelpers.capturePageSnapshot(BrowserActionsHelpers.java:268)
	at com.shaft.gui.browser.internal.BrowserActionsHelpers.capturePageSnapshot(BrowserActionsHelpers.java:268)
	at com.shaft.gui.browser.internal.BrowserActionsHelpers.capturePageSnapshot(BrowserActionsHelpers.java:268)
	at com.shaft.gui.browser.internal.BrowserActionsHelpers.capturePageSnapshot(BrowserActionsHelpers.java:268)
	at com.shaft.gui.browser.internal.BrowserActionsHelpers.capturePageSnapshot(BrowserActionsHelpers.java:268)
	at com.shaft.gui.browser.internal.BrowserActionsHelpers.capturePageSnapshot(BrowserActionsHelpers.java:268)
	at com.shaft.gui.browser.internal.BrowserActionsHelpers.capturePageSnapshot(BrowserActionsHelpers.java:268)
	at com.shaft.gui.browser.internal.BrowserActionsHelpers.capturePageSnapshot(BrowserActionsHelpers.java:268)
	at com.shaft.gui.browser.internal.BrowserActionsHelpers.capturePageSnapshot(BrowserActionsHelpers.java:268)
	at com.shaft.gui.browser.internal.BrowserActionsHelpers.capturePageSnapshot(BrowserActionsHelpers.java:268)
	at com.shaft.gui.browser.internal.BrowserActionsHelpers.capturePageSnapshot(BrowserActionsHelpers.java:268)
	at com.shaft.gui.browser.internal.BrowserActionsHelpers.capturePageSnapshot(BrowserActionsHelpers.java:268)
	at com.shaft.gui.browser.internal.BrowserActionsHelpers.capturePageSnapshot(BrowserActionsHelpers.java:268)
	at com.shaft.gui.browser.internal.BrowserActionsHelpers.capturePageSnapshot(BrowserActionsHelpers.java:268)
	at com.shaft.gui.browser.internal.BrowserActionsHelpers.capturePageSnapshot(BrowserActionsHelpers.java:268)
	at com.shaft.gui.browser.internal.BrowserActionsHelpers.capturePageSnapshot(BrowserActionsHelpers.java:268)
	at com.shaft.gui.browser.internal.BrowserActionsHelpers.capturePageSnapshot(BrowserActionsHelpers.java:268)
	at com.shaft.gui.browser.internal.BrowserActionsHelpers.capturePageSnapshot(BrowserActionsHelpers.java:268)
	at com.shaft.gui.browser.internal.BrowserActionsHelpers.capturePageSnapshot(BrowserActionsHelpers.java:268)
	at com.shaft.gui.browser.internal.BrowserActionsHelpers.capturePageSnapshot(BrowserActionsHelpers.java:268)
	at com.shaft.gui.browser.internal.BrowserActionsHelpers.capturePageSnapshot(BrowserActionsHelpers.java:268)
	at com.shaft.gui.browser.internal.BrowserActionsHelpers.capturePageSnapshot(BrowserActionsHelpers.java:268)
	at com.shaft.gui.browser.internal.BrowserActionsHelpers.capturePageSnapshot(BrowserActionsHelpers.java:268)
	at com.shaft.gui.browser.internal.BrowserActionsHelpers.capturePageSnapshot(BrowserActionsHelpers.java:268)
	at com.shaft.gui.browser.internal.BrowserActionsHelpers.capturePageSnapshot(BrowserActionsHelpers.java:268)
	at com.shaft.gui.browser.internal.BrowserActionsHelpers.capturePageSnapshot(BrowserActionsHelpers.java:268)
	at com.shaft.gui.browser.internal.BrowserActionsHelpers.capturePageSnapshot(BrowserActionsHelpers.java:268)
	at com.shaft.gui.browser.internal.BrowserActionsHelpers.capturePageSnapshot(BrowserActionsHelpers.java:268)
	at com.shaft.gui.browser.internal.BrowserActionsHelpers.capturePageSnapshot(BrowserActionsHelpers.java:268)
	at com.shaft.gui.browser.internal.BrowserActionsHelpers.capturePageSnapshot(BrowserActionsHelpers.java:268)
	at com.shaft.gui.browser.internal.BrowserActionsHelpers.capturePageSnapshot(BrowserActionsHelpers.java:268)
	at com.shaft.gui.browser.internal.BrowserActionsHelpers.capturePageSnapshot(BrowserActionsHelpers.java:268)
	at com.shaft.gui.browser.internal.BrowserActionsHelpers.capturePageSnapshot(BrowserActionsHelpers.java:268)
	at com.shaft.gui.browser.internal.BrowserActionsHelpers.capturePageSnapshot(BrowserActionsHelpers.java:268)
	at com.shaft.gui.browser.internal.BrowserActionsHelpers.capturePageSnapshot(BrowserActionsHelpers.java:268)
	at com.shaft.gui.browser.internal.BrowserActionsHelpers.capturePageSnapshot(BrowserActionsHelpers.java:268)
	at com.shaft.gui.browser.internal.BrowserActionsHelpers.capturePageSnapshot(BrowserActionsHelpers.java:268)
	at com.shaft.gui.browser.internal.BrowserActionsHelpers.capturePageSnapshot(BrowserActionsHelpers.java:268)
	at com.shaft.gui.browser.internal.BrowserActionsHelpers.capturePageSnapshot(BrowserActionsHelpers.java:268)
	at com.shaft.gui.browser.internal.BrowserActionsHelpers.capturePageSnapshot(BrowserActionsHelpers.java:268)
	at com.shaft.gui.browser.internal.BrowserActionsHelpers.capturePageSnapshot(BrowserActionsHelpers.java:268)
	at com.shaft.gui.browser.internal.BrowserActionsHelpers.capturePageSnapshot(BrowserActionsHelpers.java:268)
	at com.shaft.gui.browser.internal.BrowserActionsHelpers.capturePageSnapshot(BrowserActionsHelpers.java:268)
	at com.shaft.gui.browser.internal.BrowserActionsHelpers.capturePageSnapshot(BrowserActionsHelpers.java:268)
	at com.shaft.gui.browser.internal.BrowserActionsHelpers.capturePageSnapshot(BrowserActionsHelpers.java:268)
	at com.shaft.gui.browser.internal.BrowserActionsHelpers.capturePageSnapshot(BrowserActionsHelpers.java:268)
	at com.shaft.gui.browser.internal.BrowserActionsHelpers.capturePageSnapshot(BrowserActionsHelpers.java:268)
	at com.shaft.gui.browser.internal.BrowserActionsHelpers.capturePageSnapshot(BrowserActionsHelpers.java:268)
	at com.shaft.gui.browser.internal.BrowserActionsHelpers.capturePageSnapshot(BrowserActionsHelpers.java:268)
	at com.shaft.gui.browser.internal.BrowserActionsHelpers.capturePageSnapshot(BrowserActionsHelpers.java:268)
	at com.shaft.gui.browser.internal.BrowserActionsHelpers.capturePageSnapshot(BrowserActionsHelpers.java:268)
	at com.shaft.gui.browser.internal.BrowserActionsHelpers.capturePageSnapshot(BrowserActionsHelpers.java:268)
	at com.shaft.gui.browser.internal.BrowserActionsHelpers.capturePageSnapshot(BrowserActionsHelpers.java:268)
	at com.shaft.gui.browser.internal.BrowserActionsHelpers.capturePageSnapshot(BrowserActionsHelpers.java:268)
	at com.shaft.gui.browser.internal.BrowserActionsHelpers.capturePageSnapshot(BrowserActionsHelpers.java:268)
	at com.shaft.gui.browser.internal.BrowserActionsHelpers.capturePageSnapshot(BrowserActionsHelpers.java:268)
	at com.shaft.gui.browser.internal.BrowserActionsHelpers.capturePageSnapshot(BrowserActionsHelpers.java:268)
	at com.shaft.gui.browser.internal.BrowserActionsHelpers.capturePageSnapshot(BrowserActionsHelpers.java:268)
	at com.shaft.gui.browser.internal.BrowserActionsHelpers.capturePageSnapshot(BrowserActionsHelpers.java:268)
	at com.shaft.gui.browser.internal.BrowserActionsHelpers.capturePageSnapshot(BrowserActionsHelpers.java:268)
	at com.shaft.gui.browser.internal.BrowserActionsHelpers.capturePageSnapshot(BrowserActionsHelpers.java:268)
	at com.shaft.gui.browser.internal.BrowserActionsHelpers.capturePageSnapshot(BrowserActionsHelpers.java:268)
	at com.shaft.gui.browser.internal.BrowserActionsHelpers.capturePageSnapshot(BrowserActionsHelpers.java:268)
	at com.shaft.gui.browser.internal.BrowserActionsHelpers.capturePageSnapshot(BrowserActionsHelpers.java:268)
	at com.shaft.gui.browser.internal.BrowserActionsHelpers.capturePageSnapshot(BrowserActionsHelpers.java:268)
	at com.shaft.gui.browser.internal.BrowserActionsHelpers.capturePageSnapshot(BrowserActionsHelpers.java:268)
	at com.shaft.gui.browser.internal.BrowserActionsHelpers.capturePageSnapshot(BrowserActionsHelpers.java:268)
	at com.shaft.gui.browser.internal.BrowserActionsHelpers.capturePageSnapshot(BrowserActionsHelpers.java:268)
	at com.shaft.gui.browser.internal.BrowserActionsHelpers.capturePageSnapshot(BrowserActionsHelpers.java:268)
	at com.shaft.gui.browser.internal.BrowserActionsHelpers.capturePageSnapshot(BrowserActionsHelpers.java:268)
	at com.shaft.gui.browser.internal.BrowserActionsHelpers.capturePageSnapshot(BrowserActionsHelpers.java:268)
	at com.shaft.gui.browser.internal.BrowserActionsHelpers.capturePageSnapshot(BrowserActionsHelpers.java:268)
	at com.shaft.gui.browser.internal.BrowserActionsHelpers.capturePageSnapshot(BrowserActionsHelpers.java:268)
	at com.shaft.gui.browser.internal.BrowserActionsHelpers.capturePageSnapshot(BrowserActionsHelpers.java:268)
	at com.shaft.gui.browser.internal.BrowserActionsHelpers.capturePageSnapshot(BrowserActionsHelpers.java:268)
	at com.shaft.gui.browser.internal.BrowserActionsHelpers.capturePageSnapshot(BrowserActionsHelpers.java:268)
	at com.shaft.gui.browser.internal.BrowserActionsHelpers.capturePageSnapshot(BrowserActionsHelpers.java:268)
	at com.shaft.gui.browser.internal.BrowserActionsHelpers.capturePageSnapshot(BrowserActionsHelpers.java:268)
	at com.shaft.gui.browser.internal.BrowserActionsHelpers.capturePageSnapshot(BrowserActionsHelpers.java:268)
	at com.shaft.gui.browser.internal.BrowserActionsHelpers.capturePageSnapshot(BrowserActionsHelpers.java:268)
	at com.shaft.gui.browser.internal.BrowserActionsHelpers.capturePageSnapshot(BrowserActionsHelpers.java:268)
	at com.shaft.gui.browser.internal.BrowserActionsHelpers.capturePageSnapshot(BrowserActionsHelpers.java:268)
	at com.shaft.gui.browser.internal.BrowserActionsHelpers.capturePageSnapshot(BrowserActionsHelpers.java:268)
	at com.shaft.gui.browser.internal.BrowserActionsHelpers.capturePageSnapshot(BrowserActionsHelpers.java:268)
	at com.shaft.gui.browser.internal.BrowserActionsHelpers.capturePageSnapshot(BrowserActionsHelpers.java:268)
	at com.shaft.gui.browser.internal.BrowserActionsHelpers.capturePageSnapshot(BrowserActionsHelpers.java:268)
	at com.shaft.gui.browser.internal.BrowserActionsHelpers.capturePageSnapshot(BrowserActionsHelpers.java:268)
	at com.shaft.gui.browser.internal.BrowserActionsHelpers.capturePageSnapshot(BrowserActionsHelpers.java:268)
	at com.shaft.gui.browser.internal.BrowserActionsHelpers.capturePageSnapshot(BrowserActionsHelpers.java:268)
	at com.shaft.gui.browser.internal.BrowserActionsHelpers.capturePageSnapshot(BrowserActionsHelpers.java:268)
	at com.shaft.gui.browser.internal.BrowserActionsHelpers.capturePageSnapshot(BrowserActionsHelpers.java:268)
	at com.shaft.gui.browser.internal.BrowserActionsHelpers.capturePageSnapshot(BrowserActionsHelpers.java:268)
	at com.shaft.gui.browser.internal.BrowserActionsHelpers.capturePageSnapshot(BrowserActionsHelpers.java:268)
	at com.shaft.gui.browser.internal.BrowserActionsHelpers.capturePageSnapshot(BrowserActionsHelpers.java:268)
	at com.shaft.gui.browser.internal.BrowserActionsHelpers.capturePageSnapshot(BrowserActionsHelpers.java:268)
	at com.shaft.gui.browser.internal.BrowserActionsHelpers.capturePageSnapshot(BrowserActionsHelpers.java:268)
	at com.shaft.gui.browser.internal.BrowserActionsHelpers.capturePageSnapshot(BrowserActionsHelpers.java:268)
	at com.shaft.gui.browser.internal.BrowserActionsHelpers.capturePageSnapshot(BrowserActionsHelpers.java:268)
	at com.shaft.gui.browser.internal.BrowserActionsHelpers.capturePageSnapshot(BrowserActionsHelpers.java:268)
	at com.shaft.gui.browser.internal.BrowserActionsHelpers.capturePageSnapshot(BrowserActionsHelpers.java:268)
	at com.shaft.gui.browser.internal.BrowserActionsHelpers.capturePageSnapshot(BrowserActionsHelpers.java:268)
	at com.shaft.gui.browser.internal.BrowserActionsHelpers.capturePageSnapshot(BrowserActionsHelpers.java:268)
	at com.shaft.gui.browser.internal.BrowserActionsHelpers.capturePageSnapshot(BrowserActionsHelpers.java:268)
	at com.shaft.gui.browser.internal.BrowserActionsHelpers.capturePageSnapshot(BrowserActionsHelpers.java:268)
	at com.shaft.gui.browser.internal.BrowserActionsHelpers.capturePageSnapshot(BrowserActionsHelpers.java:268)
	at com.shaft.gui.browser.internal.BrowserActionsHelpers.capturePageSnapshot(BrowserActionsHelpers.java:268)
	at com.shaft.gui.browser.internal.BrowserActionsHelpers.capturePageSnapshot(BrowserActionsHelpers.java:268)
	at com.shaft.gui.browser.internal.BrowserActionsHelpers.capturePageSnapshot(BrowserActionsHelpers.java:268)
	at com.shaft.gui.browser.internal.BrowserActionsHelpers.capturePageSnapshot(BrowserActionsHelpers.java:268)
	at com.shaft.gui.browser.internal.BrowserActionsHelpers.capturePageSnapshot(BrowserActionsHelpers.java:268)
	at com.shaft.gui.browser.internal.BrowserActionsHelpers.capturePageSnapshot(BrowserActionsHelpers.java:268)
	at com.shaft.gui.browser.internal.BrowserActionsHelpers.capturePageSnapshot(BrowserActionsHelpers.java:268)
	at com.shaft.gui.browser.internal.BrowserActionsHelpers.capturePageSnapshot(BrowserActionsHelpers.java:268)
	at com.shaft.gui.browser.internal.BrowserActionsHelpers.capturePageSnapshot(BrowserActionsHelpers.java:268)
	at com.shaft.gui.browser.internal.BrowserActionsHelpers.capturePageSnapshot(BrowserActionsHelpers.java:268)
	at com.shaft.gui.browser.internal.BrowserActionsHelpers.capturePageSnapshot(BrowserActionsHelpers.java:268)
	at com.shaft.gui.browser.internal.BrowserActionsHelpers.capturePageSnapshot(BrowserActionsHelpers.java:268)
	at com.shaft.gui.browser.internal.BrowserActionsHelpers.capturePageSnapshot(BrowserActionsHelpers.java:268)
	at com.shaft.gui.browser.internal.BrowserActionsHelpers.capturePageSnapshot(BrowserActionsHelpers.java:268)
	at com.shaft.gui.browser.internal.BrowserActionsHelpers.capturePageSnapshot(BrowserActionsHelpers.java:268)
	at com.shaft.gui.browser.internal.BrowserActionsHelpers.capturePageSnapshot(BrowserActionsHelpers.java:268)
	at com.shaft.gui.browser.internal.BrowserActionsHelpers.capturePageSnapshot(BrowserActionsHelpers.java:268)
	at com.shaft.gui.browser.internal.BrowserActionsHelpers.capturePageSnapshot(BrowserActionsHelpers.java:268)
	at com.shaft.gui.browser.internal.BrowserActionsHelpers.capturePageSnapshot(BrowserActionsHelpers.java:268)
	at com.shaft.gui.browser.internal.BrowserActionsHelpers.capturePageSnapshot(BrowserActionsHelpers.java:268)
	at com.shaft.gui.browser.internal.BrowserActionsHelpers.capturePageSnapshot(BrowserActionsHelpers.java:268)
	at com.shaft.gui.browser.internal.BrowserActionsHelpers.capturePageSnapshot(BrowserActionsHelpers.java:268)
	at com.shaft.gui.browser.internal.BrowserActionsHelpers.capturePageSnapshot(BrowserActionsHelpers.java:268)
	at com.shaft.gui.browser.internal.BrowserActionsHelpers.capturePageSnapshot(BrowserActionsHelpers.java:268)
	at com.shaft.gui.browser.internal.BrowserActionsHelpers.capturePageSnapshot(BrowserActionsHelpers.java:268)
	at com.shaft.gui.browser.internal.BrowserActionsHelpers.capturePageSnapshot(BrowserActionsHelpers.java:268)
	at com.shaft.gui.browser.internal.BrowserActionsHelpers.capturePageSnapshot(BrowserActionsHelpers.java:268)
	at com.shaft.gui.browser.internal.BrowserActionsHelpers.capturePageSnapshot(BrowserActionsHelpers.java:268)
	at com.shaft.gui.browser.internal.BrowserActionsHelpers.capturePageSnapshot(BrowserActionsHelpers.java:268)
	at com.shaft.gui.browser.internal.BrowserActionsHelpers.capturePageSnapshot(BrowserActionsHelpers.java:268)
	at com.shaft.gui.browser.internal.BrowserActionsHelpers.capturePageSnapshot(BrowserActionsHelpers.java:268)
	at com.shaft.gui.browser.internal.BrowserActionsHelpers.capturePageSnapshot(BrowserActionsHelpers.java:268)
	at com.shaft.gui.browser.internal.BrowserActionsHelpers.capturePageSnapshot(BrowserActionsHelpers.java:268)
	at com.shaft.gui.browser.internal.BrowserActionsHelpers.capturePageSnapshot(BrowserActionsHelpers.java:268)
	at com.shaft.gui.browser.internal.BrowserActionsHelpers.capturePageSnapshot(BrowserActionsHelpers.java:268)
	at com.shaft.gui.browser.internal.BrowserActionsHelpers.capturePageSnapshot(BrowserActionsHelpers.java:268)
	at com.shaft.gui.browser.internal.BrowserActionsHelpers.capturePageSnapshot(BrowserActionsHelpers.java:268)
	at com.shaft.gui.browser.internal.BrowserActionsHelpers.capturePageSnapshot(BrowserActionsHelpers.java:268)
	at com.shaft.gui.browser.internal.BrowserActionsHelpers.capturePageSnapshot(BrowserActionsHelpers.java:268)
	at com.shaft.gui.browser.internal.BrowserActionsHelpers.capturePageSnapshot(BrowserActionsHelpers.java:268)
	at com.shaft.gui.browser.internal.BrowserActionsHelpers.capturePageSnapshot(BrowserActionsHelpers.java:268)
	at com.shaft.gui.browser.internal.BrowserActionsHelpers.capturePageSnapshot(BrowserActionsHelpers.java:268)
	at com.shaft.gui.browser.internal.BrowserActionsHelpers.capturePageSnapshot(BrowserActionsHelpers.java:268)
	at com.shaft.gui.browser.internal.BrowserActionsHelpers.capturePageSnapshot(BrowserActionsHelpers.java:268)
	at com.shaft.gui.browser.internal.BrowserActionsHelpers.capturePageSnapshot(BrowserActionsHelpers.java:268)
	at com.shaft.gui.browser.internal.BrowserActionsHelpers.capturePageSnapshot(BrowserActionsHelpers.java:268)
	at com.shaft.gui.browser.internal.BrowserActionsHelpers.capturePageSnapshot(BrowserActionsHelpers.java:268)
	at com.shaft.gui.browser.internal.BrowserActionsHelpers.capturePageSnapshot(BrowserActionsHelpers.java:268)
	at com.shaft.gui.browser.internal.BrowserActionsHelpers.capturePageSnapshot(BrowserActionsHelpers.java:268)
	at com.shaft.gui.browser.internal.BrowserActionsHelpers.capturePageSnapshot(BrowserActionsHelpers.java:268)
	at com.shaft.gui.browser.internal.BrowserActionsHelpers.capturePageSnapshot(BrowserActionsHelpers.java:268)
	at com.shaft.gui.browser.internal.BrowserActionsHelpers.capturePageSnapshot(BrowserActionsHelpers.java:268)
	at com.shaft.gui.browser.internal.BrowserActionsHelpers.capturePageSnapshot(BrowserActionsHelpers.java:268)
	at com.shaft.gui.browser.internal.BrowserActionsHelpers.capturePageSnapshot(BrowserActionsHelpers.java:268)
]]></failure>
    <system-out><![CDATA[&amp#27;[38;2;0;96;168;1m[INFO]&amp#27;[m &amp#27;[m
------------------------------------------------------------------------------------------------------------------------------------------------
                                             Starting execution of after method configuration method                                             
                                                          'GuiTests.BaTest.AfterMethod'                                                          
------------------------------------------------------------------------------------------------------------------------------------------------
 &amp#27;[m&amp#27;[90m| com.shaft.tools.io.ReportManager&amp#27;[m &amp#27;[90m- main&amp#27;[m &amp#27;[90m- 12:49:35 PM&amp#27;[m 
&amp#27;[38;2;0;96;168;1m[INFO]&amp#27;[m &amp#27;[mSuccessfully Closed Driver. &amp#27;[m&amp#27;[90m| com.shaft.tools.io.ReportManager&amp#27;[m &amp#27;[90m- main&amp#27;[m &amp#27;[90m- 12:49:42 PM&amp#27;[m 
&amp#27;[31;1m[ERROR]&amp#27;[m &amp#27;[mCould not add attachment: no test is running &amp#27;[m&amp#27;[90m| io.qameta.allure.AllureLifecycle&amp#27;[m &amp#27;[90m- main&amp#27;[m &amp#27;[90m- 12:49:42 PM&amp#27;[m 
&amp#27;[38;2;0;96;168;1m[INFO]&amp#27;[m &amp#27;[mSuccessfully created attachment 'SHAFT Engine Logs - Current Method log: AfterMethod' &amp#27;[m&amp#27;[90m| com.shaft.tools.io.ReportManager&amp#27;[m &amp#27;[90m- main&amp#27;[m &amp#27;[90m- 12:49:42 PM&amp#27;[m 
]]></system-out>
  </testcase>
  <testcase name="Validate_data_in_home_page" classname="GuiTests.EgTest" time="60.864">
    <failure message="Assertion &quot;ValidateElementAttribute&quot; FAILED. Expected &quot;Value Should be &apos;CLASSIC&apos; for the &apos;text&apos; attribute, element locator &apos;By.xpath: /html/body/div[1]/div[3]/div/div/div/div[1]/div[2]/h4&apos;&quot; and Actual &quot;Failed to read the desired element attribute&quot;. Comparison Type &quot;CONTAINS&quot;. Validation Type &quot;POSITIVE&quot;. Root cause: &quot;java.lang.AssertionError: Failed to Get text from &quot;By.xpath: /html/body/div[1]/div[3]/div/div/div/div[1]/div[2]/h4&quot;.&quot;" type="java.lang.AssertionError"><![CDATA[java.lang.AssertionError: Assertion "ValidateElementAttribute" FAILED. Expected "Value Should be 'CLASSIC' for the 'text' attribute, element locator 'By.xpath: /html/body/div[1]/div[3]/div/div/div/div[1]/div[2]/h4'" and Actual "Failed to read the desired element attribute". Comparison Type "CONTAINS". Validation Type "POSITIVE". Root cause: "java.lang.AssertionError: Failed to Get text from "By.xpath: /html/body/div[1]/div[3]/div/div/div/div[1]/div[2]/h4"."
	at org.testng.Assert.fail(Assert.java:98)
	at com.shaft.tools.io.internal.FailureReporter.fail(FailureReporter.java:34)
	at com.shaft.validation.internal.ValidationsHelper.reportValidationState(ValidationsHelper.java:735)
	at com.shaft.validation.internal.ValidationsHelper.fail(ValidationsHelper.java:450)
	at com.shaft.validation.internal.ValidationsHelper.validateElementAttribute(ValidationsHelper.java:165)
	at com.shaft.validation.internal.ValidationsExecutor.perform(ValidationsExecutor.java:149)
	at GuiTests.EgTest.Validate_data_in_home_page(EgTest.java:42)
	at java.base/jdk.internal.reflect.NativeMethodAccessorImpl.invoke0(Native Method)
	at java.base/jdk.internal.reflect.NativeMethodAccessorImpl.invoke(NativeMethodAccessorImpl.java:77)
	at java.base/jdk.internal.reflect.DelegatingMethodAccessorImpl.invoke(DelegatingMethodAccessorImpl.java:43)
	at java.base/java.lang.reflect.Method.invoke(Method.java:568)
	at org.testng.internal.invokers.MethodInvocationHelper.invokeMethod(MethodInvocationHelper.java:139)
	at org.testng.internal.invokers.TestInvoker.invokeMethod(TestInvoker.java:677)
	at org.testng.internal.invokers.TestInvoker.invokeTestMethod(TestInvoker.java:221)
	at org.testng.internal.invokers.MethodRunner.runInSequence(MethodRunner.java:50)
	at org.testng.internal.invokers.TestInvoker$MethodInvocationAgent.invoke(TestInvoker.java:969)
	at org.testng.internal.invokers.TestInvoker.invokeTestMethods(TestInvoker.java:194)
	at org.testng.internal.invokers.TestMethodWorker.invokeTestMethods(TestMethodWorker.java:148)
	at org.testng.internal.invokers.TestMethodWorker.run(TestMethodWorker.java:128)
	at java.base/java.util.ArrayList.forEach(ArrayList.java:1511)
	at org.testng.TestRunner.privateRun(TestRunner.java:829)
	at org.testng.TestRunner.run(TestRunner.java:602)
	at org.testng.SuiteRunner.runTest(SuiteRunner.java:437)
	at org.testng.SuiteRunner.runSequentially(SuiteRunner.java:431)
	at org.testng.SuiteRunner.privateRun(SuiteRunner.java:391)
	at org.testng.SuiteRunner.run(SuiteRunner.java:330)
	at org.testng.SuiteRunnerWorker.runSuite(SuiteRunnerWorker.java:52)
	at org.testng.SuiteRunnerWorker.run(SuiteRunnerWorker.java:95)
	at org.testng.TestNG.runSuitesSequentially(TestNG.java:1256)
	at org.testng.TestNG.runSuitesLocally(TestNG.java:1176)
	at org.testng.TestNG.runSuites(TestNG.java:1099)
	at org.testng.TestNG.run(TestNG.java:1067)
	at org.apache.maven.surefire.testng.TestNGExecutor.run(TestNGExecutor.java:155)
	at org.apache.maven.surefire.testng.TestNGDirectoryTestSuite.executeMulti(TestNGDirectoryTestSuite.java:169)
	at org.apache.maven.surefire.testng.TestNGDirectoryTestSuite.execute(TestNGDirectoryTestSuite.java:88)
	at org.apache.maven.surefire.testng.TestNGProvider.invoke(TestNGProvider.java:137)
	at org.apache.maven.surefire.booter.ForkedBooter.runSuitesInProcess(ForkedBooter.java:385)
	at org.apache.maven.surefire.booter.ForkedBooter.execute(ForkedBooter.java:162)
	at org.apache.maven.surefire.booter.ForkedBooter.run(ForkedBooter.java:507)
	at org.apache.maven.surefire.booter.ForkedBooter.main(ForkedBooter.java:495)
Caused by: java.lang.AssertionError: Failed to Get text from "By.xpath: /html/body/div[1]/div[3]/div/div/div/div[1]/div[2]/h4".
	at org.testng.Assert.fail(Assert.java:110)
	at com.shaft.gui.element.internal.ElementActionsHelper.failAction(ElementActionsHelper.java:937)
	at com.shaft.gui.element.internal.ElementActionsHelper.failAction(ElementActionsHelper.java:869)
	at com.shaft.gui.element.internal.FluentElementActions.getText(FluentElementActions.java:581)
	at com.shaft.validation.internal.ValidationsHelper.validateElementAttribute(ValidationsHelper.java:154)
	... 35 more
]]></failure>
    <system-out><![CDATA[&amp#27;[38;2;0;96;168;1m[INFO]&amp#27;[m &amp#27;[m
------------------------------------------------------------------------------------------------------------------------------------------------
                                            Starting execution of before method configuration method                                            
                                                         'GuiTests.EgTest.beforeMethod'                                                         
------------------------------------------------------------------------------------------------------------------------------------------------
 &amp#27;[m&amp#27;[90m| com.shaft.tools.io.ReportManager&amp#27;[m &amp#27;[90m- main&amp#27;[m &amp#27;[90m- 12:49:42 PM&amp#27;[m 
&amp#27;[38;2;0;96;168;1m[INFO]&amp#27;[m &amp#27;[mSetting "targetOperatingSystem" property with "WINDOWS". &amp#27;[m&amp#27;[90m| com.shaft.tools.io.ReportManager&amp#27;[m &amp#27;[90m- main&amp#27;[m &amp#27;[90m- 12:49:42 PM&amp#27;[m 
&amp#27;[38;2;0;96;168;1m[INFO]&amp#27;[m &amp#27;[mFile Action "DoesFileExist" successfully performed. With the following test data "File Path: "target/downloadedFiles/"". &amp#27;[m&amp#27;[90m| com.shaft.tools.io.ReportManager&amp#27;[m &amp#27;[90m- main&amp#27;[m &amp#27;[90m- 12:49:42 PM&amp#27;[m 
&amp#27;[38;2;0;96;168;1m[INFO]&amp#27;[m &amp#27;[mFile Action "GetAbsolutePath" successfully performed. With the following test data "Relative Folder Path: "src/test/resources/testDataFiles/target/downloadedFiles/"". &amp#27;[m&amp#27;[90m| com.shaft.tools.io.ReportManager&amp#27;[m &amp#27;[90m- main&amp#27;[m &amp#27;[90m- 12:49:42 PM&amp#27;[m 
&amp#27;[38;2;0;96;168;1m[INFO]&amp#27;[m &amp#27;[mFile Action "DoesFileExist" successfully performed. With the following test data "File Path: "target/downloadedFiles/"". &amp#27;[m&amp#27;[90m| com.shaft.tools.io.ReportManager&amp#27;[m &amp#27;[90m- main&amp#27;[m &amp#27;[90m- 12:49:42 PM&amp#27;[m 
&amp#27;[38;2;0;96;168;1m[INFO]&amp#27;[m &amp#27;[mFile Action "GetAbsolutePath" successfully performed. With the following test data "Relative Folder Path: "src/test/resources/testDataFiles/target/downloadedFiles/"". &amp#27;[m&amp#27;[90m| com.shaft.tools.io.ReportManager&amp#27;[m &amp#27;[90m- main&amp#27;[m &amp#27;[90m- 12:49:42 PM&amp#27;[m 
&amp#27;[38;2;0;96;168;1m[INFO]&amp#27;[m &amp#27;[mAttempting to run locally on: "WINDOWS | Chrome". &amp#27;[m&amp#27;[90m| com.shaft.tools.io.ReportManager&amp#27;[m &amp#27;[90m- main&amp#27;[m &amp#27;[90m- 12:49:42 PM&amp#27;[m 
&amp#27;[38;2;0;96;168;1m[INFO]&amp#27;[m &amp#27;[mIdentifying OS/Driver combination and selecting the correct driver version automatically. Please note that if a new driver executable will be downloaded it may take some time... &amp#27;[m&amp#27;[90m| com.shaft.tools.io.ReportManager&amp#27;[m &amp#27;[90m- main&amp#27;[m &amp#27;[90m- 12:49:42 PM&amp#27;[m 
&amp#27;[38;2;0;96;168;1m[INFO]&amp#27;[m &amp#27;[mUsing chromedriver 112.0.5615.49 (resolved driver for Chrome 112) &amp#27;[m&amp#27;[90m| io.github.bonigarcia.wdm.WebDriverManager&amp#27;[m &amp#27;[90m- main&amp#27;[m &amp#27;[90m- 12:49:42 PM&amp#27;[m 
&amp#27;[38;2;0;96;168;1m[INFO]&amp#27;[m &amp#27;[mExporting webdriver.chrome.driver as C:\Users\haide\.cache\selenium\chromedriver\win32\112.0.5615.49\chromedriver.exe &amp#27;[m&amp#27;[90m| io.github.bonigarcia.wdm.WebDriverManager&amp#27;[m &amp#27;[90m- main&amp#27;[m &amp#27;[90m- 12:49:42 PM&amp#27;[m 
&amp#27;[33;1m[WARN]&amp#27;[m &amp#27;[mStarting ChromeDriver 112.0.5615.49 (bd2a7bcb881c11e8cfe3078709382934e3916914-refs/branch-heads/5615@{#936}) on port 30575 &amp#27;[m&amp#27;[90m| com.shaft.tools.io.ReportManager&amp#27;[m &amp#27;[90m- Exec Stream Pumper&amp#27;[m &amp#27;[90m- 12:49:42 PM&amp#27;[m 
&amp#27;[33;1m[WARN]&amp#27;[m &amp#27;[mOnly local connections are allowed. &amp#27;[m&amp#27;[90m| com.shaft.tools.io.ReportManager&amp#27;[m &amp#27;[90m- Exec Stream Pumper&amp#27;[m &amp#27;[90m- 12:49:42 PM&amp#27;[m 
&amp#27;[33;1m[WARN]&amp#27;[m &amp#27;[mPlease see https://chromedriver.chromium.org/security-considerations for suggestions on keeping ChromeDriver safe. &amp#27;[m&amp#27;[90m| com.shaft.tools.io.ReportManager&amp#27;[m &amp#27;[90m- Exec Stream Pumper&amp#27;[m &amp#27;[90m- 12:49:42 PM&amp#27;[m 
&amp#27;[33;1m[WARN]&amp#27;[m &amp#27;[mChromeDriver was started successfully. &amp#27;[m&amp#27;[90m| com.shaft.tools.io.ReportManager&amp#27;[m &amp#27;[90m- Exec Stream Pumper&amp#27;[m &amp#27;[90m- 12:49:42 PM&amp#27;[m 
&amp#27;[38;2;0;96;168;1m[INFO]&amp#27;[m &amp#27;[mSuccessfully Opened: "WINDOWS | Chrome". &amp#27;[m&amp#27;[90m| com.shaft.tools.io.ReportManager&amp#27;[m &amp#27;[90m- main&amp#27;[m &amp#27;[90m- 12:49:43 PM&amp#27;[m 
&amp#27;[38;2;0;96;168;1m[INFO]&amp#27;[m &amp#27;[m
------------------------------------------------------------------------------------------------------------------------------------------------
                                        Starting Execution: '2 out of 4' test cases in the current suite                                        
                                            Test Method: 'GuiTests.EgTest.Validate_data_in_home_page'                                            
                                          Test Description: 'Check if Price, Currency, Type are valid '                                          
------------------------------------------------------------------------------------------------------------------------------------------------
 &amp#27;[m&amp#27;[90m| com.shaft.tools.io.ReportManager&amp#27;[m &amp#27;[90m- main&amp#27;[m &amp#27;[90m- 12:49:43 PM&amp#27;[m 
&amp#27;[38;2;0;96;168;1m[INFO]&amp#27;[m &amp#27;[mTarget URL: "nulleg-en" &amp#27;[m&amp#27;[90m| com.shaft.tools.io.ReportManager&amp#27;[m &amp#27;[90m- main&amp#27;[m &amp#27;[90m- 12:49:43 PM&amp#27;[m 
&amp#27;[38;2;0;96;168;1m[INFO]&amp#27;[m &amp#27;[mNavigate to url "nulleg-en". &amp#27;[m&amp#27;[90m| com.shaft.tools.io.ReportManager&amp#27;[m &amp#27;[90m- main&amp#27;[m &amp#27;[90m- 12:49:43 PM&amp#27;[m 
&amp#27;[38;2;0;96;168;1m[INFO]&amp#27;[m &amp#27;[mExpected condition failed: waiting for com.shaft.gui.element.internal.ElementActionsHelper$$Lambda$840/0x0000000801594c00@3be5b40d (tried for 60 second(s) with 100 milliseconds interval) || no such element: Unable to locate element: {"method":"xpath","selector":"/html/body/div[1]/div[3]/div/div/div/div[1]/div[2]/h4"} &amp#27;[m&amp#27;[90m| com.shaft.tools.io.ReportManager&amp#27;[m &amp#27;[90m- main&amp#27;[m &amp#27;[90m- 12:50:43 PM&amp#27;[m 
&amp#27;[38;2;0;96;168;1m[INFO]&amp#27;[m &amp#27;[mFailed to Get text from "By.xpath: /html/body/div[1]/div[3]/div/div/div/div[1]/div[2]/h4". &amp#27;[m&amp#27;[90m| com.shaft.tools.io.ReportManager&amp#27;[m &amp#27;[90m- main&amp#27;[m &amp#27;[90m- 12:50:43 PM&amp#27;[m 
&amp#27;[38;2;0;96;168;1m[INFO]&amp#27;[m &amp#27;[mAssertion "ValidateElementAttribute" FAILED. Expected "Value Should be 'CLASSIC' for the 'text' attribute, element locator 'By.xpath: /html/body/div[1]/div[3]/div/div/div/div[1]/div[2]/h4'" and Actual "Failed to read the desired element attribute". Comparison Type "CONTAINS". Validation Type "POSITIVE". &amp#27;[m&amp#27;[90m| com.shaft.tools.io.ReportManager&amp#27;[m &amp#27;[90m- main&amp#27;[m &amp#27;[90m- 12:50:43 PM&amp#27;[m 
&amp#27;[38;2;0;96;168;1m[INFO]&amp#27;[m &amp#27;[mSuccessfully created attachment 'Screenshot - 1682938243293_Validate_data_in_home_page_ValidateElementAttribute_failed' &amp#27;[m&amp#27;[90m| com.shaft.tools.io.ReportManager&amp#27;[m &amp#27;[90m- main&amp#27;[m &amp#27;[90m- 12:50:43 PM&amp#27;[m 
&amp#27;[38;2;0;96;168;1m[INFO]&amp#27;[m &amp#27;[mSuccessfully created attachment 'Validation Test Data - Failure Reason' &amp#27;[m&amp#27;[90m| com.shaft.tools.io.ReportManager&amp#27;[m &amp#27;[90m- main&amp#27;[m &amp#27;[90m- 12:50:43 PM&amp#27;[m 
&amp#27;[38;2;0;96;168;1m[INFO]&amp#27;[m &amp#27;[mSuccessfully created attachment 'Validations helper - Get  stack  trace - Exception Stacktrace' &amp#27;[m&amp#27;[90m| com.shaft.tools.io.ReportManager&amp#27;[m &amp#27;[90m- main&amp#27;[m &amp#27;[90m- 12:50:43 PM&amp#27;[m 
&amp#27;[38;2;0;96;168;1m[INFO]&amp#27;[m &amp#27;[mSuccessfully created attachment 'SHAFT Engine Logs - Current Method log: beforeMethod' &amp#27;[m&amp#27;[90m| com.shaft.tools.io.ReportManager&amp#27;[m &amp#27;[90m- main&amp#27;[m &amp#27;[90m- 12:50:43 PM&amp#27;[m 
&amp#27;[38;2;0;96;168;1m[INFO]&amp#27;[m &amp#27;[mSuccessfully created attachment 'SHAFT Engine Logs - Current Method log: Validate_data_in_home_page' &amp#27;[m&amp#27;[90m| com.shaft.tools.io.ReportManager&amp#27;[m &amp#27;[90m- main&amp#27;[m &amp#27;[90m- 12:50:43 PM&amp#27;[m 
]]></system-out>
  </testcase>
  <testcase name="Validate_data_in_home_page" classname="GuiTests.KuTest" time="1.253">
    <failure message="Assertion &quot;ValidateElementAttribute&quot; FAILED. Expected &quot;Value Should be &apos;CLASSIC&apos; for the &apos;text&apos; attribute, element locator &apos;By.xpath: /html/body/div[1]/div[3]/div/div/div/div[1]/div[2]/h4&apos;&quot; and Actual &quot;Failed to read the desired element attribute&quot;. Comparison Type &quot;CONTAINS&quot;. Validation Type &quot;POSITIVE&quot;. Root cause: &quot;java.lang.AssertionError: Failed to Get text from &quot;By.xpath: /html/body/div[1]/div[3]/div/div/div/div[1]/div[2]/h4&quot;.&quot;" type="java.lang.AssertionError"><![CDATA[java.lang.AssertionError: Assertion "ValidateElementAttribute" FAILED. Expected "Value Should be 'CLASSIC' for the 'text' attribute, element locator 'By.xpath: /html/body/div[1]/div[3]/div/div/div/div[1]/div[2]/h4'" and Actual "Failed to read the desired element attribute". Comparison Type "CONTAINS". Validation Type "POSITIVE". Root cause: "java.lang.AssertionError: Failed to Get text from "By.xpath: /html/body/div[1]/div[3]/div/div/div/div[1]/div[2]/h4"."
	at org.testng.Assert.fail(Assert.java:98)
	at com.shaft.tools.io.internal.FailureReporter.fail(FailureReporter.java:34)
	at com.shaft.validation.internal.ValidationsHelper.reportValidationState(ValidationsHelper.java:735)
	at com.shaft.validation.internal.ValidationsHelper.fail(ValidationsHelper.java:450)
	at com.shaft.validation.internal.ValidationsHelper.validateElementAttribute(ValidationsHelper.java:165)
	at com.shaft.validation.internal.ValidationsExecutor.perform(ValidationsExecutor.java:149)
	at GuiTests.KuTest.Validate_data_in_home_page(KuTest.java:42)
	at java.base/jdk.internal.reflect.NativeMethodAccessorImpl.invoke0(Native Method)
	at java.base/jdk.internal.reflect.NativeMethodAccessorImpl.invoke(NativeMethodAccessorImpl.java:77)
	at java.base/jdk.internal.reflect.DelegatingMethodAccessorImpl.invoke(DelegatingMethodAccessorImpl.java:43)
	at java.base/java.lang.reflect.Method.invoke(Method.java:568)
	at org.testng.internal.invokers.MethodInvocationHelper.invokeMethod(MethodInvocationHelper.java:139)
	at org.testng.internal.invokers.TestInvoker.invokeMethod(TestInvoker.java:677)
	at org.testng.internal.invokers.TestInvoker.invokeTestMethod(TestInvoker.java:221)
	at org.testng.internal.invokers.MethodRunner.runInSequence(MethodRunner.java:50)
	at org.testng.internal.invokers.TestInvoker$MethodInvocationAgent.invoke(TestInvoker.java:969)
	at org.testng.internal.invokers.TestInvoker.invokeTestMethods(TestInvoker.java:194)
	at org.testng.internal.invokers.TestMethodWorker.invokeTestMethods(TestMethodWorker.java:148)
	at org.testng.internal.invokers.TestMethodWorker.run(TestMethodWorker.java:128)
	at java.base/java.util.ArrayList.forEach(ArrayList.java:1511)
	at org.testng.TestRunner.privateRun(TestRunner.java:829)
	at org.testng.TestRunner.run(TestRunner.java:602)
	at org.testng.SuiteRunner.runTest(SuiteRunner.java:437)
	at org.testng.SuiteRunner.runSequentially(SuiteRunner.java:431)
	at org.testng.SuiteRunner.privateRun(SuiteRunner.java:391)
	at org.testng.SuiteRunner.run(SuiteRunner.java:330)
	at org.testng.SuiteRunnerWorker.runSuite(SuiteRunnerWorker.java:52)
	at org.testng.SuiteRunnerWorker.run(SuiteRunnerWorker.java:95)
	at org.testng.TestNG.runSuitesSequentially(TestNG.java:1256)
	at org.testng.TestNG.runSuitesLocally(TestNG.java:1176)
	at org.testng.TestNG.runSuites(TestNG.java:1099)
	at org.testng.TestNG.run(TestNG.java:1067)
	at org.apache.maven.surefire.testng.TestNGExecutor.run(TestNGExecutor.java:155)
	at org.apache.maven.surefire.testng.TestNGDirectoryTestSuite.executeMulti(TestNGDirectoryTestSuite.java:169)
	at org.apache.maven.surefire.testng.TestNGDirectoryTestSuite.execute(TestNGDirectoryTestSuite.java:88)
	at org.apache.maven.surefire.testng.TestNGProvider.invoke(TestNGProvider.java:137)
	at org.apache.maven.surefire.booter.ForkedBooter.runSuitesInProcess(ForkedBooter.java:385)
	at org.apache.maven.surefire.booter.ForkedBooter.execute(ForkedBooter.java:162)
	at org.apache.maven.surefire.booter.ForkedBooter.run(ForkedBooter.java:507)
	at org.apache.maven.surefire.booter.ForkedBooter.main(ForkedBooter.java:495)
Caused by: java.lang.AssertionError: Failed to Get text from "By.xpath: /html/body/div[1]/div[3]/div/div/div/div[1]/div[2]/h4".
	at org.testng.Assert.fail(Assert.java:110)
	at com.shaft.gui.element.internal.ElementActionsHelper.failAction(ElementActionsHelper.java:937)
	at com.shaft.gui.element.internal.ElementActionsHelper.failAction(ElementActionsHelper.java:869)
	at com.shaft.gui.element.internal.FluentElementActions.getText(FluentElementActions.java:581)
	at com.shaft.validation.internal.ValidationsHelper.validateElementAttribute(ValidationsHelper.java:154)
	... 35 more
]]></failure>
    <system-out><![CDATA[&amp#27;[38;2;0;96;168;1m[INFO]&amp#27;[m &amp#27;[m
------------------------------------------------------------------------------------------------------------------------------------------------
                                             Starting execution of after method configuration method                                             
                                                          'GuiTests.EgTest.afterMethod'                                                          
------------------------------------------------------------------------------------------------------------------------------------------------
 &amp#27;[m&amp#27;[90m| com.shaft.tools.io.ReportManager&amp#27;[m &amp#27;[90m- main&amp#27;[m &amp#27;[90m- 12:50:43 PM&amp#27;[m 
&amp#27;[38;2;0;96;168;1m[INFO]&amp#27;[m &amp#27;[mSuccessfully created attachment 'Final Page Snapshot - afterMethod' &amp#27;[m&amp#27;[90m| com.shaft.tools.io.ReportManager&amp#27;[m &amp#27;[90m- main&amp#27;[m &amp#27;[90m- 12:50:43 PM&amp#27;[m 
&amp#27;[38;2;0;96;168;1m[INFO]&amp#27;[m &amp#27;[mSuccessfully Closed Driver. &amp#27;[m&amp#27;[90m| com.shaft.tools.io.ReportManager&amp#27;[m &amp#27;[90m- main&amp#27;[m &amp#27;[90m- 12:50:44 PM&amp#27;[m 
&amp#27;[38;2;0;96;168;1m[INFO]&amp#27;[m &amp#27;[mDriver is already closed. &amp#27;[m&amp#27;[90m| com.shaft.tools.io.ReportManager&amp#27;[m &amp#27;[90m- main&amp#27;[m &amp#27;[90m- 12:50:44 PM&amp#27;[m 
&amp#27;[31;1m[ERROR]&amp#27;[m &amp#27;[mCould not add attachment: no test is running &amp#27;[m&amp#27;[90m| io.qameta.allure.AllureLifecycle&amp#27;[m &amp#27;[90m- main&amp#27;[m &amp#27;[90m- 12:50:44 PM&amp#27;[m 
&amp#27;[38;2;0;96;168;1m[INFO]&amp#27;[m &amp#27;[mSuccessfully created attachment 'SHAFT Engine Logs - Current Method log: afterMethod' &amp#27;[m&amp#27;[90m| com.shaft.tools.io.ReportManager&amp#27;[m &amp#27;[90m- main&amp#27;[m &amp#27;[90m- 12:50:44 PM&amp#27;[m 
&amp#27;[38;2;0;96;168;1m[INFO]&amp#27;[m &amp#27;[m
------------------------------------------------------------------------------------------------------------------------------------------------
                                            Starting execution of before method configuration method                                            
                                                         'GuiTests.KuTest.beforeMethod'                                                         
------------------------------------------------------------------------------------------------------------------------------------------------
 &amp#27;[m&amp#27;[90m| com.shaft.tools.io.ReportManager&amp#27;[m &amp#27;[90m- main&amp#27;[m &amp#27;[90m- 12:50:44 PM&amp#27;[m 
&amp#27;[38;2;0;96;168;1m[INFO]&amp#27;[m &amp#27;[mSetting "targetOperatingSystem" property with "WINDOWS". &amp#27;[m&amp#27;[90m| com.shaft.tools.io.ReportManager&amp#27;[m &amp#27;[90m- main&amp#27;[m &amp#27;[90m- 12:50:44 PM&amp#27;[m 
&amp#27;[38;2;0;96;168;1m[INFO]&amp#27;[m &amp#27;[mFile Action "DoesFileExist" successfully performed. With the following test data "File Path: "target/downloadedFiles/"". &amp#27;[m&amp#27;[90m| com.shaft.tools.io.ReportManager&amp#27;[m &amp#27;[90m- main&amp#27;[m &amp#27;[90m- 12:50:44 PM&amp#27;[m 
&amp#27;[38;2;0;96;168;1m[INFO]&amp#27;[m &amp#27;[mFile Action "GetAbsolutePath" successfully performed. With the following test data "Relative Folder Path: "src/test/resources/testDataFiles/target/downloadedFiles/"". &amp#27;[m&amp#27;[90m| com.shaft.tools.io.ReportManager&amp#27;[m &amp#27;[90m- main&amp#27;[m &amp#27;[90m- 12:50:44 PM&amp#27;[m 
&amp#27;[38;2;0;96;168;1m[INFO]&amp#27;[m &amp#27;[mFile Action "DoesFileExist" successfully performed. With the following test data "File Path: "target/downloadedFiles/"". &amp#27;[m&amp#27;[90m| com.shaft.tools.io.ReportManager&amp#27;[m &amp#27;[90m- main&amp#27;[m &amp#27;[90m- 12:50:44 PM&amp#27;[m 
&amp#27;[38;2;0;96;168;1m[INFO]&amp#27;[m &amp#27;[mFile Action "GetAbsolutePath" successfully performed. With the following test data "Relative Folder Path: "src/test/resources/testDataFiles/target/downloadedFiles/"". &amp#27;[m&amp#27;[90m| com.shaft.tools.io.ReportManager&amp#27;[m &amp#27;[90m- main&amp#27;[m &amp#27;[90m- 12:50:44 PM&amp#27;[m 
&amp#27;[38;2;0;96;168;1m[INFO]&amp#27;[m &amp#27;[mAttempting to run locally on: "WINDOWS | Chrome". &amp#27;[m&amp#27;[90m| com.shaft.tools.io.ReportManager&amp#27;[m &amp#27;[90m- main&amp#27;[m &amp#27;[90m- 12:50:44 PM&amp#27;[m 
&amp#27;[38;2;0;96;168;1m[INFO]&amp#27;[m &amp#27;[mIdentifying OS/Driver combination and selecting the correct driver version automatically. Please note that if a new driver executable will be downloaded it may take some time... &amp#27;[m&amp#27;[90m| com.shaft.tools.io.ReportManager&amp#27;[m &amp#27;[90m- main&amp#27;[m &amp#27;[90m- 12:50:44 PM&amp#27;[m 
&amp#27;[38;2;0;96;168;1m[INFO]&amp#27;[m &amp#27;[mUsing chromedriver 112.0.5615.49 (resolved driver for Chrome 112) &amp#27;[m&amp#27;[90m| io.github.bonigarcia.wdm.WebDriverManager&amp#27;[m &amp#27;[90m- main&amp#27;[m &amp#27;[90m- 12:50:44 PM&amp#27;[m 
&amp#27;[38;2;0;96;168;1m[INFO]&amp#27;[m &amp#27;[mExporting webdriver.chrome.driver as C:\Users\haide\.cache\selenium\chromedriver\win32\112.0.5615.49\chromedriver.exe &amp#27;[m&amp#27;[90m| io.github.bonigarcia.wdm.WebDriverManager&amp#27;[m &amp#27;[90m- main&amp#27;[m &amp#27;[90m- 12:50:44 PM&amp#27;[m 
&amp#27;[33;1m[WARN]&amp#27;[m &amp#27;[mStarting ChromeDriver 112.0.5615.49 (bd2a7bcb881c11e8cfe3078709382934e3916914-refs/branch-heads/5615@{#936}) on port 3740 &amp#27;[m&amp#27;[90m| com.shaft.tools.io.ReportManager&amp#27;[m &amp#27;[90m- Exec Stream Pumper&amp#27;[m &amp#27;[90m- 12:50:44 PM&amp#27;[m 
&amp#27;[33;1m[WARN]&amp#27;[m &amp#27;[mOnly local connections are allowed. &amp#27;[m&amp#27;[90m| com.shaft.tools.io.ReportManager&amp#27;[m &amp#27;[90m- Exec Stream Pumper&amp#27;[m &amp#27;[90m- 12:50:44 PM&amp#27;[m 
&amp#27;[33;1m[WARN]&amp#27;[m &amp#27;[mPlease see https://chromedriver.chromium.org/security-considerations for suggestions on keeping ChromeDriver safe. &amp#27;[m&amp#27;[90m| com.shaft.tools.io.ReportManager&amp#27;[m &amp#27;[90m- Exec Stream Pumper&amp#27;[m &amp#27;[90m- 12:50:44 PM&amp#27;[m 
&amp#27;[33;1m[WARN]&amp#27;[m &amp#27;[mChromeDriver was started successfully. &amp#27;[m&amp#27;[90m| com.shaft.tools.io.ReportManager&amp#27;[m &amp#27;[90m- Exec Stream Pumper&amp#27;[m &amp#27;[90m- 12:50:44 PM&amp#27;[m 
&amp#27;[38;2;0;96;168;1m[INFO]&amp#27;[m &amp#27;[mSuccessfully Opened: "WINDOWS | Chrome". &amp#27;[m&amp#27;[90m| com.shaft.tools.io.ReportManager&amp#27;[m &amp#27;[90m- main&amp#27;[m &amp#27;[90m- 12:50:44 PM&amp#27;[m 
&amp#27;[38;2;0;96;168;1m[INFO]&amp#27;[m &amp#27;[m
------------------------------------------------------------------------------------------------------------------------------------------------
                                        Starting Execution: '3 out of 4' test cases in the current suite                                        
                                            Test Method: 'GuiTests.KuTest.Validate_data_in_home_page'                                            
                                              Test Description: 'Price, Currency, Type are valid '                                              
------------------------------------------------------------------------------------------------------------------------------------------------
 &amp#27;[m&amp#27;[90m| com.shaft.tools.io.ReportManager&amp#27;[m &amp#27;[90m- main&amp#27;[m &amp#27;[90m- 12:50:44 PM&amp#27;[m 
&amp#27;[38;2;0;96;168;1m[INFO]&amp#27;[m &amp#27;[mTarget URL: "nullku-en" &amp#27;[m&amp#27;[90m| com.shaft.tools.io.ReportManager&amp#27;[m &amp#27;[90m- main&amp#27;[m &amp#27;[90m- 12:50:44 PM&amp#27;[m 
&amp#27;[38;2;0;96;168;1m[INFO]&amp#27;[m &amp#27;[mNavigate to url "nullku-en". &amp#27;[m&amp#27;[90m| com.shaft.tools.io.ReportManager&amp#27;[m &amp#27;[90m- main&amp#27;[m &amp#27;[90m- 12:50:44 PM&amp#27;[m 
&amp#27;[38;2;0;96;168;1m[INFO]&amp#27;[m &amp#27;[mFailed to Get text from "By.xpath: /html/body/div[1]/div[3]/div/div/div/div[1]/div[2]/h4". &amp#27;[m&amp#27;[90m| com.shaft.tools.io.ReportManager&amp#27;[m &amp#27;[90m- main&amp#27;[m &amp#27;[90m- 12:50:45 PM&amp#27;[m 
&amp#27;[31;1m[ERROR]&amp#27;[m &amp#27;[morg.openqa.selenium.NoSuchWindowException: no such window: target window already closed
from unknown error: web view not found
  (Session info: chrome=112.0.5615.138)
Build info: version: '4.9.0', revision: 'd7057100a6'
System info: os.name: 'Windows 11', os.arch: 'amd64', os.version: '10.0', java.version: '17.0.7'
Driver info: org.openqa.selenium.chrome.ChromeDriver
Command: [4496b6c87bbf1ba43435b8b9f08c46dc, screenshot {}]
Capabilities {acceptInsecureCerts: true, browserName: chrome, browserVersion: 112.0.5615.138, chrome: {chromedriverVersion: 112.0.5615.49 (bd2a7bcb881c..., userDataDir: C:\Users\haide\AppData\Loca...}, goog:chromeOptions: {debuggerAddress: localhost:56753}, networkConnectionEnabled: false, pageLoadStrategy: none, platformName: WINDOWS, proxy: Proxy(), se:cdp: ws://localhost:56753/devtoo..., se:cdpVersion: 112.0.5615.138, setWindowRect: true, strictFileInteractability: false, timeouts: {implicit: 0, pageLoad: 60000, script: 30000}, unhandledPromptBehavior: accept and notify, webauthn:extension:credBlob: true, webauthn:extension:largeBlob: true, webauthn:extension:minPinLength: true, webauthn:extension:prf: true, webauthn:virtualAuthenticators: true}
Session ID: 4496b6c87bbf1ba43435b8b9f08c46dc
 jdk.internal.reflect.GeneratedConstructorAccessor29.newInstance(Unknown Source)
 java.base/jdk.internal.reflect.DelegatingConstructorAccessorImpl.newInstance(DelegatingConstructorAccessorImpl.java:45)
 java.base/java.lang.reflect.Constructor.newInstanceWithCaller(Constructor.java:499)
 java.base/java.lang.reflect.Constructor.newInstance(Constructor.java:480)
 org.openqa.selenium.remote.codec.w3c.W3CHttpResponseCodec.createException(W3CHttpResponseCodec.java:200)
 org.openqa.selenium.remote.codec.w3c.W3CHttpResponseCodec.decode(W3CHttpResponseCodec.java:133)
 org.openqa.selenium.remote.codec.w3c.W3CHttpResponseCodec.decode(W3CHttpResponseCodec.java:53)
 org.openqa.selenium.remote.HttpCommandExecutor.execute(HttpCommandExecutor.java:193)
 org.openqa.selenium.remote.service.DriverCommandExecutor.invokeExecute(DriverCommandExecutor.java:183)
 org.openqa.selenium.remote.service.DriverCommandExecutor.execute(DriverCommandExecutor.java:158)
 org.openqa.selenium.remote.RemoteWebDriver.execute(RemoteWebDriver.java:543)
 org.openqa.selenium.remote.RemoteWebDriver.execute(RemoteWebDriver.java:598)
 org.openqa.selenium.remote.RemoteWebDriver.execute(RemoteWebDriver.java:602)
 org.openqa.selenium.remote.RemoteWebDriver.getScreenshotAs(RemoteWebDriver.java:318)
 com.shaft.gui.internal.image.ScreenshotManager.takeViewportScreenshot(ScreenshotManager.java:235)
 com.shaft.gui.internal.image.ScreenshotManager.takeScreenshot(ScreenshotManager.java:440)
 com.shaft.gui.internal.image.ScreenshotManager.internalCaptureScreenShot(ScreenshotManager.java:378)
 com.shaft.gui.internal.image.ScreenshotManager.captureScreenShot(ScreenshotManager.java:123)
 com.shaft.validation.internal.ValidationsHelper.reportValidationState(ValidationsHelper.java:688)
 com.shaft.validation.internal.ValidationsHelper.fail(ValidationsHelper.java:450)
 com.shaft.validation.internal.ValidationsHelper.validateElementAttribute(ValidationsHelper.java:165)
 com.shaft.validation.internal.ValidationsExecutor.perform(ValidationsExecutor.java:149)
 GuiTests.KuTest.Validate_data_in_home_page(KuTest.java:42)
 java.base/jdk.internal.reflect.NativeMethodAccessorImpl.invoke0(Native Method)
 java.base/jdk.internal.reflect.NativeMethodAccessorImpl.invoke(NativeMethodAccessorImpl.java:77)
 java.base/jdk.internal.reflect.DelegatingMethodAccessorImpl.invoke(DelegatingMethodAccessorImpl.java:43)
 java.base/java.lang.reflect.Method.invoke(Method.java:568)
 org.testng.internal.invokers.MethodInvocationHelper.invokeMethod(MethodInvocationHelper.java:139)
 org.testng.internal.invokers.TestInvoker.invokeMethod(TestInvoker.java:677)
 org.testng.internal.invokers.TestInvoker.invokeTestMethod(TestInvoker.java:221)
 org.testng.internal.invokers.MethodRunner.runInSequence(MethodRunner.java:50)
 org.testng.internal.invokers.TestInvoker$MethodInvocationAgent.invoke(TestInvoker.java:969)
 org.testng.internal.invokers.TestInvoker.invokeTestMethods(TestInvoker.java:194)
 org.testng.internal.invokers.TestMethodWorker.invokeTestMethods(TestMethodWorker.java:148)
 org.testng.internal.invokers.TestMethodWorker.run(TestMethodWorker.java:128)
 java.base/java.util.ArrayList.forEach(ArrayList.java:1511)
 org.testng.TestRunner.privateRun(TestRunner.java:829)
 org.testng.TestRunner.run(TestRunner.java:602)
 org.testng.SuiteRunner.runTest(SuiteRunner.java:437)
 org.testng.SuiteRunner.runSequentially(SuiteRunner.java:431)
 org.testng.SuiteRunner.privateRun(SuiteRunner.java:391)
 org.testng.SuiteRunner.run(SuiteRunner.java:330)
 org.testng.SuiteRunnerWorker.runSuite(SuiteRunnerWorker.java:52)
 org.testng.SuiteRunnerWorker.run(SuiteRunnerWorker.java:95)
 org.testng.TestNG.runSuitesSequentially(TestNG.java:1256)
 org.testng.TestNG.runSuitesLocally(TestNG.java:1176)
 org.testng.TestNG.runSuites(TestNG.java:1099)
 org.testng.TestNG.run(TestNG.java:1067)
 org.apache.maven.surefire.testng.TestNGExecutor.run(TestNGExecutor.java:155)
 org.apache.maven.surefire.testng.TestNGDirectoryTestSuite.executeMulti(TestNGDirectoryTestSuite.java:169)
 org.apache.maven.surefire.testng.TestNGDirectoryTestSuite.execute(TestNGDirectoryTestSuite.java:88)
 org.apache.maven.surefire.testng.TestNGProvider.invoke(TestNGProvider.java:137)
 org.apache.maven.surefire.booter.ForkedBooter.runSuitesInProcess(ForkedBooter.java:385)
 org.apache.maven.surefire.booter.ForkedBooter.execute(ForkedBooter.java:162)
 org.apache.maven.surefire.booter.ForkedBooter.run(ForkedBooter.java:507)
 org.apache.maven.surefire.booter.ForkedBooter.main(ForkedBooter.java:495) &amp#27;[m&amp#27;[90m| com.shaft.tools.io.ReportManager&amp#27;[m &amp#27;[90m- main&amp#27;[m &amp#27;[90m- 12:50:45 PM&amp#27;[m 
&amp#27;[38;2;0;96;168;1m[INFO]&amp#27;[m &amp#27;[mAssertion "ValidateElementAttribute" FAILED. Expected "Value Should be 'CLASSIC' for the 'text' attribute, element locator 'By.xpath: /html/body/div[1]/div[3]/div/div/div/div[1]/div[2]/h4'" and Actual "Failed to read the desired element attribute". Comparison Type "CONTAINS". Validation Type "POSITIVE". &amp#27;[m&amp#27;[90m| com.shaft.tools.io.ReportManager&amp#27;[m &amp#27;[90m- main&amp#27;[m &amp#27;[90m- 12:50:45 PM&amp#27;[m 
&amp#27;[38;2;0;96;168;1m[INFO]&amp#27;[m &amp#27;[mSuccessfully created attachment 'Validation Test Data - Failure Reason' &amp#27;[m&amp#27;[90m| com.shaft.tools.io.ReportManager&amp#27;[m &amp#27;[90m- main&amp#27;[m &amp#27;[90m- 12:50:45 PM&amp#27;[m 
&amp#27;[38;2;0;96;168;1m[INFO]&amp#27;[m &amp#27;[mSuccessfully created attachment 'Validations helper - Get  stack  trace - Exception Stacktrace' &amp#27;[m&amp#27;[90m| com.shaft.tools.io.ReportManager&amp#27;[m &amp#27;[90m- main&amp#27;[m &amp#27;[90m- 12:50:45 PM&amp#27;[m 
&amp#27;[38;2;0;96;168;1m[INFO]&amp#27;[m &amp#27;[mSuccessfully created attachment 'SHAFT Engine Logs - Current Method log: beforeMethod' &amp#27;[m&amp#27;[90m| com.shaft.tools.io.ReportManager&amp#27;[m &amp#27;[90m- main&amp#27;[m &amp#27;[90m- 12:50:45 PM&amp#27;[m 
&amp#27;[38;2;0;96;168;1m[INFO]&amp#27;[m &amp#27;[mSuccessfully created attachment 'SHAFT Engine Logs - Current Method log: Validate_data_in_home_page' &amp#27;[m&amp#27;[90m| com.shaft.tools.io.ReportManager&amp#27;[m &amp#27;[90m- main&amp#27;[m &amp#27;[90m- 12:50:45 PM&amp#27;[m 
]]></system-out>
  </testcase>
  <testcase name="AfterMethod" classname="GuiTests.KuTest" time="14.171">
    <failure type="java.lang.StackOverflowError"><![CDATA[java.lang.StackOverflowError
	at java.base/java.lang.StringBuilder.append(StringBuilder.java:209)
	at java.base/java.lang.StringBuilder.append(StringBuilder.java:91)
	at java.base/java.util.Formatter$FormatSpecifier.appendJustified(Formatter.java:3093)
	at java.base/java.util.Formatter$FormatSpecifier.print(Formatter.java:3083)
	at java.base/java.util.Formatter$FormatSpecifier.printString(Formatter.java:3056)
	at java.base/java.util.Formatter$FormatSpecifier.print(Formatter.java:2933)
	at java.base/java.util.Formatter.format(Formatter.java:2689)
	at java.base/java.util.Formatter.format(Formatter.java:2625)
	at java.base/java.lang.String.format(String.java:4141)
	at org.openqa.selenium.SharedCapabilitiesMethods.lambda$abbreviate$6(SharedCapabilitiesMethods.java:107)
	at java.base/java.util.stream.ReferencePipeline$3$1.accept(ReferencePipeline.java:197)
	at java.base/java.util.stream.SortedOps$SizedRefSortingSink.end(SortedOps.java:357)
	at java.base/java.util.stream.AbstractPipeline.copyInto(AbstractPipeline.java:510)
	at java.base/java.util.stream.AbstractPipeline.wrapAndCopyInto(AbstractPipeline.java:499)
	at java.base/java.util.stream.ReduceOps$ReduceOp.evaluateSequential(ReduceOps.java:921)
	at java.base/java.util.stream.AbstractPipeline.evaluate(AbstractPipeline.java:234)
	at java.base/java.util.stream.ReferencePipeline.collect(ReferencePipeline.java:682)
	at org.openqa.selenium.SharedCapabilitiesMethods.abbreviate(SharedCapabilitiesMethods.java:108)
	at org.openqa.selenium.SharedCapabilitiesMethods.lambda$abbreviate$6(SharedCapabilitiesMethods.java:107)
	at java.base/java.util.stream.ReferencePipeline$3$1.accept(ReferencePipeline.java:197)
	at java.base/java.util.stream.SortedOps$SizedRefSortingSink.end(SortedOps.java:357)
	at java.base/java.util.stream.AbstractPipeline.copyInto(AbstractPipeline.java:510)
	at java.base/java.util.stream.AbstractPipeline.wrapAndCopyInto(AbstractPipeline.java:499)
	at java.base/java.util.stream.ReduceOps$ReduceOp.evaluateSequential(ReduceOps.java:921)
	at java.base/java.util.stream.AbstractPipeline.evaluate(AbstractPipeline.java:234)
	at java.base/java.util.stream.ReferencePipeline.collect(ReferencePipeline.java:682)
	at org.openqa.selenium.SharedCapabilitiesMethods.abbreviate(SharedCapabilitiesMethods.java:108)
	at org.openqa.selenium.SharedCapabilitiesMethods.toString(SharedCapabilitiesMethods.java:78)
	at org.openqa.selenium.ImmutableCapabilities.toString(ImmutableCapabilities.java:195)
	at org.openqa.selenium.remote.RemoteWebDriver.populateWebDriverException(RemoteWebDriver.java:593)
	at org.openqa.selenium.remote.RemoteWebDriver.execute(RemoteWebDriver.java:570)
	at org.openqa.selenium.remote.RemoteWebDriver.execute(RemoteWebDriver.java:598)
	at org.openqa.selenium.remote.RemoteExecuteMethod.execute(RemoteExecuteMethod.java:40)
	at org.openqa.selenium.chromium.AddHasCdp$1.executeCdpCommand(AddHasCdp.java:58)
	at org.openqa.selenium.chromium.ChromiumDriver.executeCdpCommand(ChromiumDriver.java:212)
	at com.shaft.gui.browser.internal.BrowserActionsHelpers.capturePageSnapshot(BrowserActionsHelpers.java:255)
	at com.shaft.gui.browser.internal.BrowserActionsHelpers.capturePageSnapshot(BrowserActionsHelpers.java:268)
	at com.shaft.gui.browser.internal.BrowserActionsHelpers.capturePageSnapshot(BrowserActionsHelpers.java:268)
	at com.shaft.gui.browser.internal.BrowserActionsHelpers.capturePageSnapshot(BrowserActionsHelpers.java:268)
	at com.shaft.gui.browser.internal.BrowserActionsHelpers.capturePageSnapshot(BrowserActionsHelpers.java:268)
	at com.shaft.gui.browser.internal.BrowserActionsHelpers.capturePageSnapshot(BrowserActionsHelpers.java:268)
	at com.shaft.gui.browser.internal.BrowserActionsHelpers.capturePageSnapshot(BrowserActionsHelpers.java:268)
	at com.shaft.gui.browser.internal.BrowserActionsHelpers.capturePageSnapshot(BrowserActionsHelpers.java:268)
	at com.shaft.gui.browser.internal.BrowserActionsHelpers.capturePageSnapshot(BrowserActionsHelpers.java:268)
	at com.shaft.gui.browser.internal.BrowserActionsHelpers.capturePageSnapshot(BrowserActionsHelpers.java:268)
	at com.shaft.gui.browser.internal.BrowserActionsHelpers.capturePageSnapshot(BrowserActionsHelpers.java:268)
	at com.shaft.gui.browser.internal.BrowserActionsHelpers.capturePageSnapshot(BrowserActionsHelpers.java:268)
	at com.shaft.gui.browser.internal.BrowserActionsHelpers.capturePageSnapshot(BrowserActionsHelpers.java:268)
	at com.shaft.gui.browser.internal.BrowserActionsHelpers.capturePageSnapshot(BrowserActionsHelpers.java:268)
	at com.shaft.gui.browser.internal.BrowserActionsHelpers.capturePageSnapshot(BrowserActionsHelpers.java:268)
	at com.shaft.gui.browser.internal.BrowserActionsHelpers.capturePageSnapshot(BrowserActionsHelpers.java:268)
	at com.shaft.gui.browser.internal.BrowserActionsHelpers.capturePageSnapshot(BrowserActionsHelpers.java:268)
	at com.shaft.gui.browser.internal.BrowserActionsHelpers.capturePageSnapshot(BrowserActionsHelpers.java:268)
	at com.shaft.gui.browser.internal.BrowserActionsHelpers.capturePageSnapshot(BrowserActionsHelpers.java:268)
	at com.shaft.gui.browser.internal.BrowserActionsHelpers.capturePageSnapshot(BrowserActionsHelpers.java:268)
	at com.shaft.gui.browser.internal.BrowserActionsHelpers.capturePageSnapshot(BrowserActionsHelpers.java:268)
	at com.shaft.gui.browser.internal.BrowserActionsHelpers.capturePageSnapshot(BrowserActionsHelpers.java:268)
	at com.shaft.gui.browser.internal.BrowserActionsHelpers.capturePageSnapshot(BrowserActionsHelpers.java:268)
	at com.shaft.gui.browser.internal.BrowserActionsHelpers.capturePageSnapshot(BrowserActionsHelpers.java:268)
	at com.shaft.gui.browser.internal.BrowserActionsHelpers.capturePageSnapshot(BrowserActionsHelpers.java:268)
	at com.shaft.gui.browser.internal.BrowserActionsHelpers.capturePageSnapshot(BrowserActionsHelpers.java:268)
	at com.shaft.gui.browser.internal.BrowserActionsHelpers.capturePageSnapshot(BrowserActionsHelpers.java:268)
	at com.shaft.gui.browser.internal.BrowserActionsHelpers.capturePageSnapshot(BrowserActionsHelpers.java:268)
	at com.shaft.gui.browser.internal.BrowserActionsHelpers.capturePageSnapshot(BrowserActionsHelpers.java:268)
	at com.shaft.gui.browser.internal.BrowserActionsHelpers.capturePageSnapshot(BrowserActionsHelpers.java:268)
	at com.shaft.gui.browser.internal.BrowserActionsHelpers.capturePageSnapshot(BrowserActionsHelpers.java:268)
	at com.shaft.gui.browser.internal.BrowserActionsHelpers.capturePageSnapshot(BrowserActionsHelpers.java:268)
	at com.shaft.gui.browser.internal.BrowserActionsHelpers.capturePageSnapshot(BrowserActionsHelpers.java:268)
	at com.shaft.gui.browser.internal.BrowserActionsHelpers.capturePageSnapshot(BrowserActionsHelpers.java:268)
	at com.shaft.gui.browser.internal.BrowserActionsHelpers.capturePageSnapshot(BrowserActionsHelpers.java:268)
	at com.shaft.gui.browser.internal.BrowserActionsHelpers.capturePageSnapshot(BrowserActionsHelpers.java:268)
	at com.shaft.gui.browser.internal.BrowserActionsHelpers.capturePageSnapshot(BrowserActionsHelpers.java:268)
	at com.shaft.gui.browser.internal.BrowserActionsHelpers.capturePageSnapshot(BrowserActionsHelpers.java:268)
	at com.shaft.gui.browser.internal.BrowserActionsHelpers.capturePageSnapshot(BrowserActionsHelpers.java:268)
	at com.shaft.gui.browser.internal.BrowserActionsHelpers.capturePageSnapshot(BrowserActionsHelpers.java:268)
	at com.shaft.gui.browser.internal.BrowserActionsHelpers.capturePageSnapshot(BrowserActionsHelpers.java:268)
	at com.shaft.gui.browser.internal.BrowserActionsHelpers.capturePageSnapshot(BrowserActionsHelpers.java:268)
	at com.shaft.gui.browser.internal.BrowserActionsHelpers.capturePageSnapshot(BrowserActionsHelpers.java:268)
	at com.shaft.gui.browser.internal.BrowserActionsHelpers.capturePageSnapshot(BrowserActionsHelpers.java:268)
	at com.shaft.gui.browser.internal.BrowserActionsHelpers.capturePageSnapshot(BrowserActionsHelpers.java:268)
	at com.shaft.gui.browser.internal.BrowserActionsHelpers.capturePageSnapshot(BrowserActionsHelpers.java:268)
	at com.shaft.gui.browser.internal.BrowserActionsHelpers.capturePageSnapshot(BrowserActionsHelpers.java:268)
	at com.shaft.gui.browser.internal.BrowserActionsHelpers.capturePageSnapshot(BrowserActionsHelpers.java:268)
	at com.shaft.gui.browser.internal.BrowserActionsHelpers.capturePageSnapshot(BrowserActionsHelpers.java:268)
	at com.shaft.gui.browser.internal.BrowserActionsHelpers.capturePageSnapshot(BrowserActionsHelpers.java:268)
	at com.shaft.gui.browser.internal.BrowserActionsHelpers.capturePageSnapshot(BrowserActionsHelpers.java:268)
	at com.shaft.gui.browser.internal.BrowserActionsHelpers.capturePageSnapshot(BrowserActionsHelpers.java:268)
	at com.shaft.gui.browser.internal.BrowserActionsHelpers.capturePageSnapshot(BrowserActionsHelpers.java:268)
	at com.shaft.gui.browser.internal.BrowserActionsHelpers.capturePageSnapshot(BrowserActionsHelpers.java:268)
	at com.shaft.gui.browser.internal.BrowserActionsHelpers.capturePageSnapshot(BrowserActionsHelpers.java:268)
	at com.shaft.gui.browser.internal.BrowserActionsHelpers.capturePageSnapshot(BrowserActionsHelpers.java:268)
	at com.shaft.gui.browser.internal.BrowserActionsHelpers.capturePageSnapshot(BrowserActionsHelpers.java:268)
	at com.shaft.gui.browser.internal.BrowserActionsHelpers.capturePageSnapshot(BrowserActionsHelpers.java:268)
	at com.shaft.gui.browser.internal.BrowserActionsHelpers.capturePageSnapshot(BrowserActionsHelpers.java:268)
	at com.shaft.gui.browser.internal.BrowserActionsHelpers.capturePageSnapshot(BrowserActionsHelpers.java:268)
	at com.shaft.gui.browser.internal.BrowserActionsHelpers.capturePageSnapshot(BrowserActionsHelpers.java:268)
	at com.shaft.gui.browser.internal.BrowserActionsHelpers.capturePageSnapshot(BrowserActionsHelpers.java:268)
	at com.shaft.gui.browser.internal.BrowserActionsHelpers.capturePageSnapshot(BrowserActionsHelpers.java:268)
	at com.shaft.gui.browser.internal.BrowserActionsHelpers.capturePageSnapshot(BrowserActionsHelpers.java:268)
	at com.shaft.gui.browser.internal.BrowserActionsHelpers.capturePageSnapshot(BrowserActionsHelpers.java:268)
	at com.shaft.gui.browser.internal.BrowserActionsHelpers.capturePageSnapshot(BrowserActionsHelpers.java:268)
	at com.shaft.gui.browser.internal.BrowserActionsHelpers.capturePageSnapshot(BrowserActionsHelpers.java:268)
	at com.shaft.gui.browser.internal.BrowserActionsHelpers.capturePageSnapshot(BrowserActionsHelpers.java:268)
	at com.shaft.gui.browser.internal.BrowserActionsHelpers.capturePageSnapshot(BrowserActionsHelpers.java:268)
	at com.shaft.gui.browser.internal.BrowserActionsHelpers.capturePageSnapshot(BrowserActionsHelpers.java:268)
	at com.shaft.gui.browser.internal.BrowserActionsHelpers.capturePageSnapshot(BrowserActionsHelpers.java:268)
	at com.shaft.gui.browser.internal.BrowserActionsHelpers.capturePageSnapshot(BrowserActionsHelpers.java:268)
	at com.shaft.gui.browser.internal.BrowserActionsHelpers.capturePageSnapshot(BrowserActionsHelpers.java:268)
	at com.shaft.gui.browser.internal.BrowserActionsHelpers.capturePageSnapshot(BrowserActionsHelpers.java:268)
	at com.shaft.gui.browser.internal.BrowserActionsHelpers.capturePageSnapshot(BrowserActionsHelpers.java:268)
	at com.shaft.gui.browser.internal.BrowserActionsHelpers.capturePageSnapshot(BrowserActionsHelpers.java:268)
	at com.shaft.gui.browser.internal.BrowserActionsHelpers.capturePageSnapshot(BrowserActionsHelpers.java:268)
	at com.shaft.gui.browser.internal.BrowserActionsHelpers.capturePageSnapshot(BrowserActionsHelpers.java:268)
	at com.shaft.gui.browser.internal.BrowserActionsHelpers.capturePageSnapshot(BrowserActionsHelpers.java:268)
	at com.shaft.gui.browser.internal.BrowserActionsHelpers.capturePageSnapshot(BrowserActionsHelpers.java:268)
	at com.shaft.gui.browser.internal.BrowserActionsHelpers.capturePageSnapshot(BrowserActionsHelpers.java:268)
	at com.shaft.gui.browser.internal.BrowserActionsHelpers.capturePageSnapshot(BrowserActionsHelpers.java:268)
	at com.shaft.gui.browser.internal.BrowserActionsHelpers.capturePageSnapshot(BrowserActionsHelpers.java:268)
	at com.shaft.gui.browser.internal.BrowserActionsHelpers.capturePageSnapshot(BrowserActionsHelpers.java:268)
	at com.shaft.gui.browser.internal.BrowserActionsHelpers.capturePageSnapshot(BrowserActionsHelpers.java:268)
	at com.shaft.gui.browser.internal.BrowserActionsHelpers.capturePageSnapshot(BrowserActionsHelpers.java:268)
	at com.shaft.gui.browser.internal.BrowserActionsHelpers.capturePageSnapshot(BrowserActionsHelpers.java:268)
	at com.shaft.gui.browser.internal.BrowserActionsHelpers.capturePageSnapshot(BrowserActionsHelpers.java:268)
	at com.shaft.gui.browser.internal.BrowserActionsHelpers.capturePageSnapshot(BrowserActionsHelpers.java:268)
	at com.shaft.gui.browser.internal.BrowserActionsHelpers.capturePageSnapshot(BrowserActionsHelpers.java:268)
	at com.shaft.gui.browser.internal.BrowserActionsHelpers.capturePageSnapshot(BrowserActionsHelpers.java:268)
	at com.shaft.gui.browser.internal.BrowserActionsHelpers.capturePageSnapshot(BrowserActionsHelpers.java:268)
	at com.shaft.gui.browser.internal.BrowserActionsHelpers.capturePageSnapshot(BrowserActionsHelpers.java:268)
	at com.shaft.gui.browser.internal.BrowserActionsHelpers.capturePageSnapshot(BrowserActionsHelpers.java:268)
	at com.shaft.gui.browser.internal.BrowserActionsHelpers.capturePageSnapshot(BrowserActionsHelpers.java:268)
	at com.shaft.gui.browser.internal.BrowserActionsHelpers.capturePageSnapshot(BrowserActionsHelpers.java:268)
	at com.shaft.gui.browser.internal.BrowserActionsHelpers.capturePageSnapshot(BrowserActionsHelpers.java:268)
	at com.shaft.gui.browser.internal.BrowserActionsHelpers.capturePageSnapshot(BrowserActionsHelpers.java:268)
	at com.shaft.gui.browser.internal.BrowserActionsHelpers.capturePageSnapshot(BrowserActionsHelpers.java:268)
	at com.shaft.gui.browser.internal.BrowserActionsHelpers.capturePageSnapshot(BrowserActionsHelpers.java:268)
	at com.shaft.gui.browser.internal.BrowserActionsHelpers.capturePageSnapshot(BrowserActionsHelpers.java:268)
	at com.shaft.gui.browser.internal.BrowserActionsHelpers.capturePageSnapshot(BrowserActionsHelpers.java:268)
	at com.shaft.gui.browser.internal.BrowserActionsHelpers.capturePageSnapshot(BrowserActionsHelpers.java:268)
	at com.shaft.gui.browser.internal.BrowserActionsHelpers.capturePageSnapshot(BrowserActionsHelpers.java:268)
	at com.shaft.gui.browser.internal.BrowserActionsHelpers.capturePageSnapshot(BrowserActionsHelpers.java:268)
	at com.shaft.gui.browser.internal.BrowserActionsHelpers.capturePageSnapshot(BrowserActionsHelpers.java:268)
	at com.shaft.gui.browser.internal.BrowserActionsHelpers.capturePageSnapshot(BrowserActionsHelpers.java:268)
	at com.shaft.gui.browser.internal.BrowserActionsHelpers.capturePageSnapshot(BrowserActionsHelpers.java:268)
	at com.shaft.gui.browser.internal.BrowserActionsHelpers.capturePageSnapshot(BrowserActionsHelpers.java:268)
	at com.shaft.gui.browser.internal.BrowserActionsHelpers.capturePageSnapshot(BrowserActionsHelpers.java:268)
	at com.shaft.gui.browser.internal.BrowserActionsHelpers.capturePageSnapshot(BrowserActionsHelpers.java:268)
	at com.shaft.gui.browser.internal.BrowserActionsHelpers.capturePageSnapshot(BrowserActionsHelpers.java:268)
	at com.shaft.gui.browser.internal.BrowserActionsHelpers.capturePageSnapshot(BrowserActionsHelpers.java:268)
	at com.shaft.gui.browser.internal.BrowserActionsHelpers.capturePageSnapshot(BrowserActionsHelpers.java:268)
	at com.shaft.gui.browser.internal.BrowserActionsHelpers.capturePageSnapshot(BrowserActionsHelpers.java:268)
	at com.shaft.gui.browser.internal.BrowserActionsHelpers.capturePageSnapshot(BrowserActionsHelpers.java:268)
	at com.shaft.gui.browser.internal.BrowserActionsHelpers.capturePageSnapshot(BrowserActionsHelpers.java:268)
	at com.shaft.gui.browser.internal.BrowserActionsHelpers.capturePageSnapshot(BrowserActionsHelpers.java:268)
	at com.shaft.gui.browser.internal.BrowserActionsHelpers.capturePageSnapshot(BrowserActionsHelpers.java:268)
	at com.shaft.gui.browser.internal.BrowserActionsHelpers.capturePageSnapshot(BrowserActionsHelpers.java:268)
	at com.shaft.gui.browser.internal.BrowserActionsHelpers.capturePageSnapshot(BrowserActionsHelpers.java:268)
	at com.shaft.gui.browser.internal.BrowserActionsHelpers.capturePageSnapshot(BrowserActionsHelpers.java:268)
	at com.shaft.gui.browser.internal.BrowserActionsHelpers.capturePageSnapshot(BrowserActionsHelpers.java:268)
	at com.shaft.gui.browser.internal.BrowserActionsHelpers.capturePageSnapshot(BrowserActionsHelpers.java:268)
	at com.shaft.gui.browser.internal.BrowserActionsHelpers.capturePageSnapshot(BrowserActionsHelpers.java:268)
	at com.shaft.gui.browser.internal.BrowserActionsHelpers.capturePageSnapshot(BrowserActionsHelpers.java:268)
	at com.shaft.gui.browser.internal.BrowserActionsHelpers.capturePageSnapshot(BrowserActionsHelpers.java:268)
	at com.shaft.gui.browser.internal.BrowserActionsHelpers.capturePageSnapshot(BrowserActionsHelpers.java:268)
	at com.shaft.gui.browser.internal.BrowserActionsHelpers.capturePageSnapshot(BrowserActionsHelpers.java:268)
	at com.shaft.gui.browser.internal.BrowserActionsHelpers.capturePageSnapshot(BrowserActionsHelpers.java:268)
	at com.shaft.gui.browser.internal.BrowserActionsHelpers.capturePageSnapshot(BrowserActionsHelpers.java:268)
	at com.shaft.gui.browser.internal.BrowserActionsHelpers.capturePageSnapshot(BrowserActionsHelpers.java:268)
	at com.shaft.gui.browser.internal.BrowserActionsHelpers.capturePageSnapshot(BrowserActionsHelpers.java:268)
	at com.shaft.gui.browser.internal.BrowserActionsHelpers.capturePageSnapshot(BrowserActionsHelpers.java:268)
	at com.shaft.gui.browser.internal.BrowserActionsHelpers.capturePageSnapshot(BrowserActionsHelpers.java:268)
	at com.shaft.gui.browser.internal.BrowserActionsHelpers.capturePageSnapshot(BrowserActionsHelpers.java:268)
	at com.shaft.gui.browser.internal.BrowserActionsHelpers.capturePageSnapshot(BrowserActionsHelpers.java:268)
	at com.shaft.gui.browser.internal.BrowserActionsHelpers.capturePageSnapshot(BrowserActionsHelpers.java:268)
	at com.shaft.gui.browser.internal.BrowserActionsHelpers.capturePageSnapshot(BrowserActionsHelpers.java:268)
	at com.shaft.gui.browser.internal.BrowserActionsHelpers.capturePageSnapshot(BrowserActionsHelpers.java:268)
	at com.shaft.gui.browser.internal.BrowserActionsHelpers.capturePageSnapshot(BrowserActionsHelpers.java:268)
	at com.shaft.gui.browser.internal.BrowserActionsHelpers.capturePageSnapshot(BrowserActionsHelpers.java:268)
	at com.shaft.gui.browser.internal.BrowserActionsHelpers.capturePageSnapshot(BrowserActionsHelpers.java:268)
	at com.shaft.gui.browser.internal.BrowserActionsHelpers.capturePageSnapshot(BrowserActionsHelpers.java:268)
	at com.shaft.gui.browser.internal.BrowserActionsHelpers.capturePageSnapshot(BrowserActionsHelpers.java:268)
	at com.shaft.gui.browser.internal.BrowserActionsHelpers.capturePageSnapshot(BrowserActionsHelpers.java:268)
	at com.shaft.gui.browser.internal.BrowserActionsHelpers.capturePageSnapshot(BrowserActionsHelpers.java:268)
	at com.shaft.gui.browser.internal.BrowserActionsHelpers.capturePageSnapshot(BrowserActionsHelpers.java:268)
	at com.shaft.gui.browser.internal.BrowserActionsHelpers.capturePageSnapshot(BrowserActionsHelpers.java:268)
	at com.shaft.gui.browser.internal.BrowserActionsHelpers.capturePageSnapshot(BrowserActionsHelpers.java:268)
	at com.shaft.gui.browser.internal.BrowserActionsHelpers.capturePageSnapshot(BrowserActionsHelpers.java:268)
	at com.shaft.gui.browser.internal.BrowserActionsHelpers.capturePageSnapshot(BrowserActionsHelpers.java:268)
	at com.shaft.gui.browser.internal.BrowserActionsHelpers.capturePageSnapshot(BrowserActionsHelpers.java:268)
	at com.shaft.gui.browser.internal.BrowserActionsHelpers.capturePageSnapshot(BrowserActionsHelpers.java:268)
	at com.shaft.gui.browser.internal.BrowserActionsHelpers.capturePageSnapshot(BrowserActionsHelpers.java:268)
	at com.shaft.gui.browser.internal.BrowserActionsHelpers.capturePageSnapshot(BrowserActionsHelpers.java:268)
	at com.shaft.gui.browser.internal.BrowserActionsHelpers.capturePageSnapshot(BrowserActionsHelpers.java:268)
	at com.shaft.gui.browser.internal.BrowserActionsHelpers.capturePageSnapshot(BrowserActionsHelpers.java:268)
	at com.shaft.gui.browser.internal.BrowserActionsHelpers.capturePageSnapshot(BrowserActionsHelpers.java:268)
	at com.shaft.gui.browser.internal.BrowserActionsHelpers.capturePageSnapshot(BrowserActionsHelpers.java:268)
	at com.shaft.gui.browser.internal.BrowserActionsHelpers.capturePageSnapshot(BrowserActionsHelpers.java:268)
	at com.shaft.gui.browser.internal.BrowserActionsHelpers.capturePageSnapshot(BrowserActionsHelpers.java:268)
	at com.shaft.gui.browser.internal.BrowserActionsHelpers.capturePageSnapshot(BrowserActionsHelpers.java:268)
	at com.shaft.gui.browser.internal.BrowserActionsHelpers.capturePageSnapshot(BrowserActionsHelpers.java:268)
	at com.shaft.gui.browser.internal.BrowserActionsHelpers.capturePageSnapshot(BrowserActionsHelpers.java:268)
	at com.shaft.gui.browser.internal.BrowserActionsHelpers.capturePageSnapshot(BrowserActionsHelpers.java:268)
	at com.shaft.gui.browser.internal.BrowserActionsHelpers.capturePageSnapshot(BrowserActionsHelpers.java:268)
	at com.shaft.gui.browser.internal.BrowserActionsHelpers.capturePageSnapshot(BrowserActionsHelpers.java:268)
	at com.shaft.gui.browser.internal.BrowserActionsHelpers.capturePageSnapshot(BrowserActionsHelpers.java:268)
	at com.shaft.gui.browser.internal.BrowserActionsHelpers.capturePageSnapshot(BrowserActionsHelpers.java:268)
	at com.shaft.gui.browser.internal.BrowserActionsHelpers.capturePageSnapshot(BrowserActionsHelpers.java:268)
	at com.shaft.gui.browser.internal.BrowserActionsHelpers.capturePageSnapshot(BrowserActionsHelpers.java:268)
	at com.shaft.gui.browser.internal.BrowserActionsHelpers.capturePageSnapshot(BrowserActionsHelpers.java:268)
	at com.shaft.gui.browser.internal.BrowserActionsHelpers.capturePageSnapshot(BrowserActionsHelpers.java:268)
	at com.shaft.gui.browser.internal.BrowserActionsHelpers.capturePageSnapshot(BrowserActionsHelpers.java:268)
	at com.shaft.gui.browser.internal.BrowserActionsHelpers.capturePageSnapshot(BrowserActionsHelpers.java:268)
	at com.shaft.gui.browser.internal.BrowserActionsHelpers.capturePageSnapshot(BrowserActionsHelpers.java:268)
	at com.shaft.gui.browser.internal.BrowserActionsHelpers.capturePageSnapshot(BrowserActionsHelpers.java:268)
	at com.shaft.gui.browser.internal.BrowserActionsHelpers.capturePageSnapshot(BrowserActionsHelpers.java:268)
	at com.shaft.gui.browser.internal.BrowserActionsHelpers.capturePageSnapshot(BrowserActionsHelpers.java:268)
	at com.shaft.gui.browser.internal.BrowserActionsHelpers.capturePageSnapshot(BrowserActionsHelpers.java:268)
	at com.shaft.gui.browser.internal.BrowserActionsHelpers.capturePageSnapshot(BrowserActionsHelpers.java:268)
	at com.shaft.gui.browser.internal.BrowserActionsHelpers.capturePageSnapshot(BrowserActionsHelpers.java:268)
	at com.shaft.gui.browser.internal.BrowserActionsHelpers.capturePageSnapshot(BrowserActionsHelpers.java:268)
	at com.shaft.gui.browser.internal.BrowserActionsHelpers.capturePageSnapshot(BrowserActionsHelpers.java:268)
	at com.shaft.gui.browser.internal.BrowserActionsHelpers.capturePageSnapshot(BrowserActionsHelpers.java:268)
	at com.shaft.gui.browser.internal.BrowserActionsHelpers.capturePageSnapshot(BrowserActionsHelpers.java:268)
	at com.shaft.gui.browser.internal.BrowserActionsHelpers.capturePageSnapshot(BrowserActionsHelpers.java:268)
	at com.shaft.gui.browser.internal.BrowserActionsHelpers.capturePageSnapshot(BrowserActionsHelpers.java:268)
	at com.shaft.gui.browser.internal.BrowserActionsHelpers.capturePageSnapshot(BrowserActionsHelpers.java:268)
	at com.shaft.gui.browser.internal.BrowserActionsHelpers.capturePageSnapshot(BrowserActionsHelpers.java:268)
	at com.shaft.gui.browser.internal.BrowserActionsHelpers.capturePageSnapshot(BrowserActionsHelpers.java:268)
	at com.shaft.gui.browser.internal.BrowserActionsHelpers.capturePageSnapshot(BrowserActionsHelpers.java:268)
	at com.shaft.gui.browser.internal.BrowserActionsHelpers.capturePageSnapshot(BrowserActionsHelpers.java:268)
	at com.shaft.gui.browser.internal.BrowserActionsHelpers.capturePageSnapshot(BrowserActionsHelpers.java:268)
	at com.shaft.gui.browser.internal.BrowserActionsHelpers.capturePageSnapshot(BrowserActionsHelpers.java:268)
	at com.shaft.gui.browser.internal.BrowserActionsHelpers.capturePageSnapshot(BrowserActionsHelpers.java:268)
	at com.shaft.gui.browser.internal.BrowserActionsHelpers.capturePageSnapshot(BrowserActionsHelpers.java:268)
	at com.shaft.gui.browser.internal.BrowserActionsHelpers.capturePageSnapshot(BrowserActionsHelpers.java:268)
	at com.shaft.gui.browser.internal.BrowserActionsHelpers.capturePageSnapshot(BrowserActionsHelpers.java:268)
	at com.shaft.gui.browser.internal.BrowserActionsHelpers.capturePageSnapshot(BrowserActionsHelpers.java:268)
	at com.shaft.gui.browser.internal.BrowserActionsHelpers.capturePageSnapshot(BrowserActionsHelpers.java:268)
	at com.shaft.gui.browser.internal.BrowserActionsHelpers.capturePageSnapshot(BrowserActionsHelpers.java:268)
	at com.shaft.gui.browser.internal.BrowserActionsHelpers.capturePageSnapshot(BrowserActionsHelpers.java:268)
	at com.shaft.gui.browser.internal.BrowserActionsHelpers.capturePageSnapshot(BrowserActionsHelpers.java:268)
	at com.shaft.gui.browser.internal.BrowserActionsHelpers.capturePageSnapshot(BrowserActionsHelpers.java:268)
	at com.shaft.gui.browser.internal.BrowserActionsHelpers.capturePageSnapshot(BrowserActionsHelpers.java:268)
	at com.shaft.gui.browser.internal.BrowserActionsHelpers.capturePageSnapshot(BrowserActionsHelpers.java:268)
	at com.shaft.gui.browser.internal.BrowserActionsHelpers.capturePageSnapshot(BrowserActionsHelpers.java:268)
	at com.shaft.gui.browser.internal.BrowserActionsHelpers.capturePageSnapshot(BrowserActionsHelpers.java:268)
	at com.shaft.gui.browser.internal.BrowserActionsHelpers.capturePageSnapshot(BrowserActionsHelpers.java:268)
	at com.shaft.gui.browser.internal.BrowserActionsHelpers.capturePageSnapshot(BrowserActionsHelpers.java:268)
	at com.shaft.gui.browser.internal.BrowserActionsHelpers.capturePageSnapshot(BrowserActionsHelpers.java:268)
	at com.shaft.gui.browser.internal.BrowserActionsHelpers.capturePageSnapshot(BrowserActionsHelpers.java:268)
	at com.shaft.gui.browser.internal.BrowserActionsHelpers.capturePageSnapshot(BrowserActionsHelpers.java:268)
	at com.shaft.gui.browser.internal.BrowserActionsHelpers.capturePageSnapshot(BrowserActionsHelpers.java:268)
	at com.shaft.gui.browser.internal.BrowserActionsHelpers.capturePageSnapshot(BrowserActionsHelpers.java:268)
	at com.shaft.gui.browser.internal.BrowserActionsHelpers.capturePageSnapshot(BrowserActionsHelpers.java:268)
	at com.shaft.gui.browser.internal.BrowserActionsHelpers.capturePageSnapshot(BrowserActionsHelpers.java:268)
	at com.shaft.gui.browser.internal.BrowserActionsHelpers.capturePageSnapshot(BrowserActionsHelpers.java:268)
	at com.shaft.gui.browser.internal.BrowserActionsHelpers.capturePageSnapshot(BrowserActionsHelpers.java:268)
	at com.shaft.gui.browser.internal.BrowserActionsHelpers.capturePageSnapshot(BrowserActionsHelpers.java:268)
	at com.shaft.gui.browser.internal.BrowserActionsHelpers.capturePageSnapshot(BrowserActionsHelpers.java:268)
	at com.shaft.gui.browser.internal.BrowserActionsHelpers.capturePageSnapshot(BrowserActionsHelpers.java:268)
	at com.shaft.gui.browser.internal.BrowserActionsHelpers.capturePageSnapshot(BrowserActionsHelpers.java:268)
	at com.shaft.gui.browser.internal.BrowserActionsHelpers.capturePageSnapshot(BrowserActionsHelpers.java:268)
	at com.shaft.gui.browser.internal.BrowserActionsHelpers.capturePageSnapshot(BrowserActionsHelpers.java:268)
	at com.shaft.gui.browser.internal.BrowserActionsHelpers.capturePageSnapshot(BrowserActionsHelpers.java:268)
	at com.shaft.gui.browser.internal.BrowserActionsHelpers.capturePageSnapshot(BrowserActionsHelpers.java:268)
	at com.shaft.gui.browser.internal.BrowserActionsHelpers.capturePageSnapshot(BrowserActionsHelpers.java:268)
	at com.shaft.gui.browser.internal.BrowserActionsHelpers.capturePageSnapshot(BrowserActionsHelpers.java:268)
	at com.shaft.gui.browser.internal.BrowserActionsHelpers.capturePageSnapshot(BrowserActionsHelpers.java:268)
	at com.shaft.gui.browser.internal.BrowserActionsHelpers.capturePageSnapshot(BrowserActionsHelpers.java:268)
	at com.shaft.gui.browser.internal.BrowserActionsHelpers.capturePageSnapshot(BrowserActionsHelpers.java:268)
	at com.shaft.gui.browser.internal.BrowserActionsHelpers.capturePageSnapshot(BrowserActionsHelpers.java:268)
	at com.shaft.gui.browser.internal.BrowserActionsHelpers.capturePageSnapshot(BrowserActionsHelpers.java:268)
	at com.shaft.gui.browser.internal.BrowserActionsHelpers.capturePageSnapshot(BrowserActionsHelpers.java:268)
	at com.shaft.gui.browser.internal.BrowserActionsHelpers.capturePageSnapshot(BrowserActionsHelpers.java:268)
	at com.shaft.gui.browser.internal.BrowserActionsHelpers.capturePageSnapshot(BrowserActionsHelpers.java:268)
	at com.shaft.gui.browser.internal.BrowserActionsHelpers.capturePageSnapshot(BrowserActionsHelpers.java:268)
	at com.shaft.gui.browser.internal.BrowserActionsHelpers.capturePageSnapshot(BrowserActionsHelpers.java:268)
	at com.shaft.gui.browser.internal.BrowserActionsHelpers.capturePageSnapshot(BrowserActionsHelpers.java:268)
	at com.shaft.gui.browser.internal.BrowserActionsHelpers.capturePageSnapshot(BrowserActionsHelpers.java:268)
	at com.shaft.gui.browser.internal.BrowserActionsHelpers.capturePageSnapshot(BrowserActionsHelpers.java:268)
	at com.shaft.gui.browser.internal.BrowserActionsHelpers.capturePageSnapshot(BrowserActionsHelpers.java:268)
	at com.shaft.gui.browser.internal.BrowserActionsHelpers.capturePageSnapshot(BrowserActionsHelpers.java:268)
	at com.shaft.gui.browser.internal.BrowserActionsHelpers.capturePageSnapshot(BrowserActionsHelpers.java:268)
	at com.shaft.gui.browser.internal.BrowserActionsHelpers.capturePageSnapshot(BrowserActionsHelpers.java:268)
	at com.shaft.gui.browser.internal.BrowserActionsHelpers.capturePageSnapshot(BrowserActionsHelpers.java:268)
	at com.shaft.gui.browser.internal.BrowserActionsHelpers.capturePageSnapshot(BrowserActionsHelpers.java:268)
	at com.shaft.gui.browser.internal.BrowserActionsHelpers.capturePageSnapshot(BrowserActionsHelpers.java:268)
	at com.shaft.gui.browser.internal.BrowserActionsHelpers.capturePageSnapshot(BrowserActionsHelpers.java:268)
	at com.shaft.gui.browser.internal.BrowserActionsHelpers.capturePageSnapshot(BrowserActionsHelpers.java:268)
	at com.shaft.gui.browser.internal.BrowserActionsHelpers.capturePageSnapshot(BrowserActionsHelpers.java:268)
	at com.shaft.gui.browser.internal.BrowserActionsHelpers.capturePageSnapshot(BrowserActionsHelpers.java:268)
	at com.shaft.gui.browser.internal.BrowserActionsHelpers.capturePageSnapshot(BrowserActionsHelpers.java:268)
	at com.shaft.gui.browser.internal.BrowserActionsHelpers.capturePageSnapshot(BrowserActionsHelpers.java:268)
	at com.shaft.gui.browser.internal.BrowserActionsHelpers.capturePageSnapshot(BrowserActionsHelpers.java:268)
	at com.shaft.gui.browser.internal.BrowserActionsHelpers.capturePageSnapshot(BrowserActionsHelpers.java:268)
	at com.shaft.gui.browser.internal.BrowserActionsHelpers.capturePageSnapshot(BrowserActionsHelpers.java:268)
	at com.shaft.gui.browser.internal.BrowserActionsHelpers.capturePageSnapshot(BrowserActionsHelpers.java:268)
	at com.shaft.gui.browser.internal.BrowserActionsHelpers.capturePageSnapshot(BrowserActionsHelpers.java:268)
	at com.shaft.gui.browser.internal.BrowserActionsHelpers.capturePageSnapshot(BrowserActionsHelpers.java:268)
	at com.shaft.gui.browser.internal.BrowserActionsHelpers.capturePageSnapshot(BrowserActionsHelpers.java:268)
	at com.shaft.gui.browser.internal.BrowserActionsHelpers.capturePageSnapshot(BrowserActionsHelpers.java:268)
	at com.shaft.gui.browser.internal.BrowserActionsHelpers.capturePageSnapshot(BrowserActionsHelpers.java:268)
	at com.shaft.gui.browser.internal.BrowserActionsHelpers.capturePageSnapshot(BrowserActionsHelpers.java:268)
	at com.shaft.gui.browser.internal.BrowserActionsHelpers.capturePageSnapshot(BrowserActionsHelpers.java:268)
	at com.shaft.gui.browser.internal.BrowserActionsHelpers.capturePageSnapshot(BrowserActionsHelpers.java:268)
	at com.shaft.gui.browser.internal.BrowserActionsHelpers.capturePageSnapshot(BrowserActionsHelpers.java:268)
	at com.shaft.gui.browser.internal.BrowserActionsHelpers.capturePageSnapshot(BrowserActionsHelpers.java:268)
	at com.shaft.gui.browser.internal.BrowserActionsHelpers.capturePageSnapshot(BrowserActionsHelpers.java:268)
	at com.shaft.gui.browser.internal.BrowserActionsHelpers.capturePageSnapshot(BrowserActionsHelpers.java:268)
	at com.shaft.gui.browser.internal.BrowserActionsHelpers.capturePageSnapshot(BrowserActionsHelpers.java:268)
	at com.shaft.gui.browser.internal.BrowserActionsHelpers.capturePageSnapshot(BrowserActionsHelpers.java:268)
	at com.shaft.gui.browser.internal.BrowserActionsHelpers.capturePageSnapshot(BrowserActionsHelpers.java:268)
	at com.shaft.gui.browser.internal.BrowserActionsHelpers.capturePageSnapshot(BrowserActionsHelpers.java:268)
	at com.shaft.gui.browser.internal.BrowserActionsHelpers.capturePageSnapshot(BrowserActionsHelpers.java:268)
	at com.shaft.gui.browser.internal.BrowserActionsHelpers.capturePageSnapshot(BrowserActionsHelpers.java:268)
	at com.shaft.gui.browser.internal.BrowserActionsHelpers.capturePageSnapshot(BrowserActionsHelpers.java:268)
	at com.shaft.gui.browser.internal.BrowserActionsHelpers.capturePageSnapshot(BrowserActionsHelpers.java:268)
	at com.shaft.gui.browser.internal.BrowserActionsHelpers.capturePageSnapshot(BrowserActionsHelpers.java:268)
	at com.shaft.gui.browser.internal.BrowserActionsHelpers.capturePageSnapshot(BrowserActionsHelpers.java:268)
	at com.shaft.gui.browser.internal.BrowserActionsHelpers.capturePageSnapshot(BrowserActionsHelpers.java:268)
	at com.shaft.gui.browser.internal.BrowserActionsHelpers.capturePageSnapshot(BrowserActionsHelpers.java:268)
	at com.shaft.gui.browser.internal.BrowserActionsHelpers.capturePageSnapshot(BrowserActionsHelpers.java:268)
	at com.shaft.gui.browser.internal.BrowserActionsHelpers.capturePageSnapshot(BrowserActionsHelpers.java:268)
	at com.shaft.gui.browser.internal.BrowserActionsHelpers.capturePageSnapshot(BrowserActionsHelpers.java:268)
	at com.shaft.gui.browser.internal.BrowserActionsHelpers.capturePageSnapshot(BrowserActionsHelpers.java:268)
	at com.shaft.gui.browser.internal.BrowserActionsHelpers.capturePageSnapshot(BrowserActionsHelpers.java:268)
	at com.shaft.gui.browser.internal.BrowserActionsHelpers.capturePageSnapshot(BrowserActionsHelpers.java:268)
	at com.shaft.gui.browser.internal.BrowserActionsHelpers.capturePageSnapshot(BrowserActionsHelpers.java:268)
	at com.shaft.gui.browser.internal.BrowserActionsHelpers.capturePageSnapshot(BrowserActionsHelpers.java:268)
	at com.shaft.gui.browser.internal.BrowserActionsHelpers.capturePageSnapshot(BrowserActionsHelpers.java:268)
	at com.shaft.gui.browser.internal.BrowserActionsHelpers.capturePageSnapshot(BrowserActionsHelpers.java:268)
	at com.shaft.gui.browser.internal.BrowserActionsHelpers.capturePageSnapshot(BrowserActionsHelpers.java:268)
	at com.shaft.gui.browser.internal.BrowserActionsHelpers.capturePageSnapshot(BrowserActionsHelpers.java:268)
	at com.shaft.gui.browser.internal.BrowserActionsHelpers.capturePageSnapshot(BrowserActionsHelpers.java:268)
	at com.shaft.gui.browser.internal.BrowserActionsHelpers.capturePageSnapshot(BrowserActionsHelpers.java:268)
	at com.shaft.gui.browser.internal.BrowserActionsHelpers.capturePageSnapshot(BrowserActionsHelpers.java:268)
	at com.shaft.gui.browser.internal.BrowserActionsHelpers.capturePageSnapshot(BrowserActionsHelpers.java:268)
	at com.shaft.gui.browser.internal.BrowserActionsHelpers.capturePageSnapshot(BrowserActionsHelpers.java:268)
	at com.shaft.gui.browser.internal.BrowserActionsHelpers.capturePageSnapshot(BrowserActionsHelpers.java:268)
	at com.shaft.gui.browser.internal.BrowserActionsHelpers.capturePageSnapshot(BrowserActionsHelpers.java:268)
	at com.shaft.gui.browser.internal.BrowserActionsHelpers.capturePageSnapshot(BrowserActionsHelpers.java:268)
	at com.shaft.gui.browser.internal.BrowserActionsHelpers.capturePageSnapshot(BrowserActionsHelpers.java:268)
	at com.shaft.gui.browser.internal.BrowserActionsHelpers.capturePageSnapshot(BrowserActionsHelpers.java:268)
	at com.shaft.gui.browser.internal.BrowserActionsHelpers.capturePageSnapshot(BrowserActionsHelpers.java:268)
	at com.shaft.gui.browser.internal.BrowserActionsHelpers.capturePageSnapshot(BrowserActionsHelpers.java:268)
	at com.shaft.gui.browser.internal.BrowserActionsHelpers.capturePageSnapshot(BrowserActionsHelpers.java:268)
	at com.shaft.gui.browser.internal.BrowserActionsHelpers.capturePageSnapshot(BrowserActionsHelpers.java:268)
	at com.shaft.gui.browser.internal.BrowserActionsHelpers.capturePageSnapshot(BrowserActionsHelpers.java:268)
	at com.shaft.gui.browser.internal.BrowserActionsHelpers.capturePageSnapshot(BrowserActionsHelpers.java:268)
	at com.shaft.gui.browser.internal.BrowserActionsHelpers.capturePageSnapshot(BrowserActionsHelpers.java:268)
	at com.shaft.gui.browser.internal.BrowserActionsHelpers.capturePageSnapshot(BrowserActionsHelpers.java:268)
	at com.shaft.gui.browser.internal.BrowserActionsHelpers.capturePageSnapshot(BrowserActionsHelpers.java:268)
	at com.shaft.gui.browser.internal.BrowserActionsHelpers.capturePageSnapshot(BrowserActionsHelpers.java:268)
	at com.shaft.gui.browser.internal.BrowserActionsHelpers.capturePageSnapshot(BrowserActionsHelpers.java:268)
	at com.shaft.gui.browser.internal.BrowserActionsHelpers.capturePageSnapshot(BrowserActionsHelpers.java:268)
	at com.shaft.gui.browser.internal.BrowserActionsHelpers.capturePageSnapshot(BrowserActionsHelpers.java:268)
	at com.shaft.gui.browser.internal.BrowserActionsHelpers.capturePageSnapshot(BrowserActionsHelpers.java:268)
	at com.shaft.gui.browser.internal.BrowserActionsHelpers.capturePageSnapshot(BrowserActionsHelpers.java:268)
	at com.shaft.gui.browser.internal.BrowserActionsHelpers.capturePageSnapshot(BrowserActionsHelpers.java:268)
	at com.shaft.gui.browser.internal.BrowserActionsHelpers.capturePageSnapshot(BrowserActionsHelpers.java:268)
	at com.shaft.gui.browser.internal.BrowserActionsHelpers.capturePageSnapshot(BrowserActionsHelpers.java:268)
	at com.shaft.gui.browser.internal.BrowserActionsHelpers.capturePageSnapshot(BrowserActionsHelpers.java:268)
	at com.shaft.gui.browser.internal.BrowserActionsHelpers.capturePageSnapshot(BrowserActionsHelpers.java:268)
	at com.shaft.gui.browser.internal.BrowserActionsHelpers.capturePageSnapshot(BrowserActionsHelpers.java:268)
	at com.shaft.gui.browser.internal.BrowserActionsHelpers.capturePageSnapshot(BrowserActionsHelpers.java:268)
	at com.shaft.gui.browser.internal.BrowserActionsHelpers.capturePageSnapshot(BrowserActionsHelpers.java:268)
	at com.shaft.gui.browser.internal.BrowserActionsHelpers.capturePageSnapshot(BrowserActionsHelpers.java:268)
	at com.shaft.gui.browser.internal.BrowserActionsHelpers.capturePageSnapshot(BrowserActionsHelpers.java:268)
	at com.shaft.gui.browser.internal.BrowserActionsHelpers.capturePageSnapshot(BrowserActionsHelpers.java:268)
	at com.shaft.gui.browser.internal.BrowserActionsHelpers.capturePageSnapshot(BrowserActionsHelpers.java:268)
	at com.shaft.gui.browser.internal.BrowserActionsHelpers.capturePageSnapshot(BrowserActionsHelpers.java:268)
	at com.shaft.gui.browser.internal.BrowserActionsHelpers.capturePageSnapshot(BrowserActionsHelpers.java:268)
	at com.shaft.gui.browser.internal.BrowserActionsHelpers.capturePageSnapshot(BrowserActionsHelpers.java:268)
	at com.shaft.gui.browser.internal.BrowserActionsHelpers.capturePageSnapshot(BrowserActionsHelpers.java:268)
	at com.shaft.gui.browser.internal.BrowserActionsHelpers.capturePageSnapshot(BrowserActionsHelpers.java:268)
	at com.shaft.gui.browser.internal.BrowserActionsHelpers.capturePageSnapshot(BrowserActionsHelpers.java:268)
	at com.shaft.gui.browser.internal.BrowserActionsHelpers.capturePageSnapshot(BrowserActionsHelpers.java:268)
	at com.shaft.gui.browser.internal.BrowserActionsHelpers.capturePageSnapshot(BrowserActionsHelpers.java:268)
	at com.shaft.gui.browser.internal.BrowserActionsHelpers.capturePageSnapshot(BrowserActionsHelpers.java:268)
	at com.shaft.gui.browser.internal.BrowserActionsHelpers.capturePageSnapshot(BrowserActionsHelpers.java:268)
	at com.shaft.gui.browser.internal.BrowserActionsHelpers.capturePageSnapshot(BrowserActionsHelpers.java:268)
	at com.shaft.gui.browser.internal.BrowserActionsHelpers.capturePageSnapshot(BrowserActionsHelpers.java:268)
	at com.shaft.gui.browser.internal.BrowserActionsHelpers.capturePageSnapshot(BrowserActionsHelpers.java:268)
	at com.shaft.gui.browser.internal.BrowserActionsHelpers.capturePageSnapshot(BrowserActionsHelpers.java:268)
	at com.shaft.gui.browser.internal.BrowserActionsHelpers.capturePageSnapshot(BrowserActionsHelpers.java:268)
	at com.shaft.gui.browser.internal.BrowserActionsHelpers.capturePageSnapshot(BrowserActionsHelpers.java:268)
	at com.shaft.gui.browser.internal.BrowserActionsHelpers.capturePageSnapshot(BrowserActionsHelpers.java:268)
	at com.shaft.gui.browser.internal.BrowserActionsHelpers.capturePageSnapshot(BrowserActionsHelpers.java:268)
	at com.shaft.gui.browser.internal.BrowserActionsHelpers.capturePageSnapshot(BrowserActionsHelpers.java:268)
	at com.shaft.gui.browser.internal.BrowserActionsHelpers.capturePageSnapshot(BrowserActionsHelpers.java:268)
	at com.shaft.gui.browser.internal.BrowserActionsHelpers.capturePageSnapshot(BrowserActionsHelpers.java:268)
	at com.shaft.gui.browser.internal.BrowserActionsHelpers.capturePageSnapshot(BrowserActionsHelpers.java:268)
	at com.shaft.gui.browser.internal.BrowserActionsHelpers.capturePageSnapshot(BrowserActionsHelpers.java:268)
	at com.shaft.gui.browser.internal.BrowserActionsHelpers.capturePageSnapshot(BrowserActionsHelpers.java:268)
	at com.shaft.gui.browser.internal.BrowserActionsHelpers.capturePageSnapshot(BrowserActionsHelpers.java:268)
	at com.shaft.gui.browser.internal.BrowserActionsHelpers.capturePageSnapshot(BrowserActionsHelpers.java:268)
	at com.shaft.gui.browser.internal.BrowserActionsHelpers.capturePageSnapshot(BrowserActionsHelpers.java:268)
	at com.shaft.gui.browser.internal.BrowserActionsHelpers.capturePageSnapshot(BrowserActionsHelpers.java:268)
	at com.shaft.gui.browser.internal.BrowserActionsHelpers.capturePageSnapshot(BrowserActionsHelpers.java:268)
	at com.shaft.gui.browser.internal.BrowserActionsHelpers.capturePageSnapshot(BrowserActionsHelpers.java:268)
	at com.shaft.gui.browser.internal.BrowserActionsHelpers.capturePageSnapshot(BrowserActionsHelpers.java:268)
	at com.shaft.gui.browser.internal.BrowserActionsHelpers.capturePageSnapshot(BrowserActionsHelpers.java:268)
	at com.shaft.gui.browser.internal.BrowserActionsHelpers.capturePageSnapshot(BrowserActionsHelpers.java:268)
	at com.shaft.gui.browser.internal.BrowserActionsHelpers.capturePageSnapshot(BrowserActionsHelpers.java:268)
	at com.shaft.gui.browser.internal.BrowserActionsHelpers.capturePageSnapshot(BrowserActionsHelpers.java:268)
	at com.shaft.gui.browser.internal.BrowserActionsHelpers.capturePageSnapshot(BrowserActionsHelpers.java:268)
	at com.shaft.gui.browser.internal.BrowserActionsHelpers.capturePageSnapshot(BrowserActionsHelpers.java:268)
	at com.shaft.gui.browser.internal.BrowserActionsHelpers.capturePageSnapshot(BrowserActionsHelpers.java:268)
	at com.shaft.gui.browser.internal.BrowserActionsHelpers.capturePageSnapshot(BrowserActionsHelpers.java:268)
	at com.shaft.gui.browser.internal.BrowserActionsHelpers.capturePageSnapshot(BrowserActionsHelpers.java:268)
	at com.shaft.gui.browser.internal.BrowserActionsHelpers.capturePageSnapshot(BrowserActionsHelpers.java:268)
	at com.shaft.gui.browser.internal.BrowserActionsHelpers.capturePageSnapshot(BrowserActionsHelpers.java:268)
	at com.shaft.gui.browser.internal.BrowserActionsHelpers.capturePageSnapshot(BrowserActionsHelpers.java:268)
	at com.shaft.gui.browser.internal.BrowserActionsHelpers.capturePageSnapshot(BrowserActionsHelpers.java:268)
	at com.shaft.gui.browser.internal.BrowserActionsHelpers.capturePageSnapshot(BrowserActionsHelpers.java:268)
	at com.shaft.gui.browser.internal.BrowserActionsHelpers.capturePageSnapshot(BrowserActionsHelpers.java:268)
	at com.shaft.gui.browser.internal.BrowserActionsHelpers.capturePageSnapshot(BrowserActionsHelpers.java:268)
	at com.shaft.gui.browser.internal.BrowserActionsHelpers.capturePageSnapshot(BrowserActionsHelpers.java:268)
	at com.shaft.gui.browser.internal.BrowserActionsHelpers.capturePageSnapshot(BrowserActionsHelpers.java:268)
	at com.shaft.gui.browser.internal.BrowserActionsHelpers.capturePageSnapshot(BrowserActionsHelpers.java:268)
	at com.shaft.gui.browser.internal.BrowserActionsHelpers.capturePageSnapshot(BrowserActionsHelpers.java:268)
	at com.shaft.gui.browser.internal.BrowserActionsHelpers.capturePageSnapshot(BrowserActionsHelpers.java:268)
	at com.shaft.gui.browser.internal.BrowserActionsHelpers.capturePageSnapshot(BrowserActionsHelpers.java:268)
	at com.shaft.gui.browser.internal.BrowserActionsHelpers.capturePageSnapshot(BrowserActionsHelpers.java:268)
	at com.shaft.gui.browser.internal.BrowserActionsHelpers.capturePageSnapshot(BrowserActionsHelpers.java:268)
	at com.shaft.gui.browser.internal.BrowserActionsHelpers.capturePageSnapshot(BrowserActionsHelpers.java:268)
	at com.shaft.gui.browser.internal.BrowserActionsHelpers.capturePageSnapshot(BrowserActionsHelpers.java:268)
	at com.shaft.gui.browser.internal.BrowserActionsHelpers.capturePageSnapshot(BrowserActionsHelpers.java:268)
	at com.shaft.gui.browser.internal.BrowserActionsHelpers.capturePageSnapshot(BrowserActionsHelpers.java:268)
	at com.shaft.gui.browser.internal.BrowserActionsHelpers.capturePageSnapshot(BrowserActionsHelpers.java:268)
	at com.shaft.gui.browser.internal.BrowserActionsHelpers.capturePageSnapshot(BrowserActionsHelpers.java:268)
	at com.shaft.gui.browser.internal.BrowserActionsHelpers.capturePageSnapshot(BrowserActionsHelpers.java:268)
	at com.shaft.gui.browser.internal.BrowserActionsHelpers.capturePageSnapshot(BrowserActionsHelpers.java:268)
	at com.shaft.gui.browser.internal.BrowserActionsHelpers.capturePageSnapshot(BrowserActionsHelpers.java:268)
	at com.shaft.gui.browser.internal.BrowserActionsHelpers.capturePageSnapshot(BrowserActionsHelpers.java:268)
	at com.shaft.gui.browser.internal.BrowserActionsHelpers.capturePageSnapshot(BrowserActionsHelpers.java:268)
	at com.shaft.gui.browser.internal.BrowserActionsHelpers.capturePageSnapshot(BrowserActionsHelpers.java:268)
	at com.shaft.gui.browser.internal.BrowserActionsHelpers.capturePageSnapshot(BrowserActionsHelpers.java:268)
	at com.shaft.gui.browser.internal.BrowserActionsHelpers.capturePageSnapshot(BrowserActionsHelpers.java:268)
	at com.shaft.gui.browser.internal.BrowserActionsHelpers.capturePageSnapshot(BrowserActionsHelpers.java:268)
	at com.shaft.gui.browser.internal.BrowserActionsHelpers.capturePageSnapshot(BrowserActionsHelpers.java:268)
	at com.shaft.gui.browser.internal.BrowserActionsHelpers.capturePageSnapshot(BrowserActionsHelpers.java:268)
	at com.shaft.gui.browser.internal.BrowserActionsHelpers.capturePageSnapshot(BrowserActionsHelpers.java:268)
	at com.shaft.gui.browser.internal.BrowserActionsHelpers.capturePageSnapshot(BrowserActionsHelpers.java:268)
	at com.shaft.gui.browser.internal.BrowserActionsHelpers.capturePageSnapshot(BrowserActionsHelpers.java:268)
	at com.shaft.gui.browser.internal.BrowserActionsHelpers.capturePageSnapshot(BrowserActionsHelpers.java:268)
	at com.shaft.gui.browser.internal.BrowserActionsHelpers.capturePageSnapshot(BrowserActionsHelpers.java:268)
	at com.shaft.gui.browser.internal.BrowserActionsHelpers.capturePageSnapshot(BrowserActionsHelpers.java:268)
	at com.shaft.gui.browser.internal.BrowserActionsHelpers.capturePageSnapshot(BrowserActionsHelpers.java:268)
	at com.shaft.gui.browser.internal.BrowserActionsHelpers.capturePageSnapshot(BrowserActionsHelpers.java:268)
	at com.shaft.gui.browser.internal.BrowserActionsHelpers.capturePageSnapshot(BrowserActionsHelpers.java:268)
	at com.shaft.gui.browser.internal.BrowserActionsHelpers.capturePageSnapshot(BrowserActionsHelpers.java:268)
	at com.shaft.gui.browser.internal.BrowserActionsHelpers.capturePageSnapshot(BrowserActionsHelpers.java:268)
	at com.shaft.gui.browser.internal.BrowserActionsHelpers.capturePageSnapshot(BrowserActionsHelpers.java:268)
	at com.shaft.gui.browser.internal.BrowserActionsHelpers.capturePageSnapshot(BrowserActionsHelpers.java:268)
	at com.shaft.gui.browser.internal.BrowserActionsHelpers.capturePageSnapshot(BrowserActionsHelpers.java:268)
	at com.shaft.gui.browser.internal.BrowserActionsHelpers.capturePageSnapshot(BrowserActionsHelpers.java:268)
	at com.shaft.gui.browser.internal.BrowserActionsHelpers.capturePageSnapshot(BrowserActionsHelpers.java:268)
	at com.shaft.gui.browser.internal.BrowserActionsHelpers.capturePageSnapshot(BrowserActionsHelpers.java:268)
	at com.shaft.gui.browser.internal.BrowserActionsHelpers.capturePageSnapshot(BrowserActionsHelpers.java:268)
	at com.shaft.gui.browser.internal.BrowserActionsHelpers.capturePageSnapshot(BrowserActionsHelpers.java:268)
	at com.shaft.gui.browser.internal.BrowserActionsHelpers.capturePageSnapshot(BrowserActionsHelpers.java:268)
	at com.shaft.gui.browser.internal.BrowserActionsHelpers.capturePageSnapshot(BrowserActionsHelpers.java:268)
	at com.shaft.gui.browser.internal.BrowserActionsHelpers.capturePageSnapshot(BrowserActionsHelpers.java:268)
	at com.shaft.gui.browser.internal.BrowserActionsHelpers.capturePageSnapshot(BrowserActionsHelpers.java:268)
	at com.shaft.gui.browser.internal.BrowserActionsHelpers.capturePageSnapshot(BrowserActionsHelpers.java:268)
	at com.shaft.gui.browser.internal.BrowserActionsHelpers.capturePageSnapshot(BrowserActionsHelpers.java:268)
	at com.shaft.gui.browser.internal.BrowserActionsHelpers.capturePageSnapshot(BrowserActionsHelpers.java:268)
	at com.shaft.gui.browser.internal.BrowserActionsHelpers.capturePageSnapshot(BrowserActionsHelpers.java:268)
	at com.shaft.gui.browser.internal.BrowserActionsHelpers.capturePageSnapshot(BrowserActionsHelpers.java:268)
	at com.shaft.gui.browser.internal.BrowserActionsHelpers.capturePageSnapshot(BrowserActionsHelpers.java:268)
	at com.shaft.gui.browser.internal.BrowserActionsHelpers.capturePageSnapshot(BrowserActionsHelpers.java:268)
	at com.shaft.gui.browser.internal.BrowserActionsHelpers.capturePageSnapshot(BrowserActionsHelpers.java:268)
	at com.shaft.gui.browser.internal.BrowserActionsHelpers.capturePageSnapshot(BrowserActionsHelpers.java:268)
	at com.shaft.gui.browser.internal.BrowserActionsHelpers.capturePageSnapshot(BrowserActionsHelpers.java:268)
	at com.shaft.gui.browser.internal.BrowserActionsHelpers.capturePageSnapshot(BrowserActionsHelpers.java:268)
	at com.shaft.gui.browser.internal.BrowserActionsHelpers.capturePageSnapshot(BrowserActionsHelpers.java:268)
	at com.shaft.gui.browser.internal.BrowserActionsHelpers.capturePageSnapshot(BrowserActionsHelpers.java:268)
	at com.shaft.gui.browser.internal.BrowserActionsHelpers.capturePageSnapshot(BrowserActionsHelpers.java:268)
	at com.shaft.gui.browser.internal.BrowserActionsHelpers.capturePageSnapshot(BrowserActionsHelpers.java:268)
	at com.shaft.gui.browser.internal.BrowserActionsHelpers.capturePageSnapshot(BrowserActionsHelpers.java:268)
	at com.shaft.gui.browser.internal.BrowserActionsHelpers.capturePageSnapshot(BrowserActionsHelpers.java:268)
	at com.shaft.gui.browser.internal.BrowserActionsHelpers.capturePageSnapshot(BrowserActionsHelpers.java:268)
	at com.shaft.gui.browser.internal.BrowserActionsHelpers.capturePageSnapshot(BrowserActionsHelpers.java:268)
	at com.shaft.gui.browser.internal.BrowserActionsHelpers.capturePageSnapshot(BrowserActionsHelpers.java:268)
	at com.shaft.gui.browser.internal.BrowserActionsHelpers.capturePageSnapshot(BrowserActionsHelpers.java:268)
	at com.shaft.gui.browser.internal.BrowserActionsHelpers.capturePageSnapshot(BrowserActionsHelpers.java:268)
	at com.shaft.gui.browser.internal.BrowserActionsHelpers.capturePageSnapshot(BrowserActionsHelpers.java:268)
	at com.shaft.gui.browser.internal.BrowserActionsHelpers.capturePageSnapshot(BrowserActionsHelpers.java:268)
	at com.shaft.gui.browser.internal.BrowserActionsHelpers.capturePageSnapshot(BrowserActionsHelpers.java:268)
	at com.shaft.gui.browser.internal.BrowserActionsHelpers.capturePageSnapshot(BrowserActionsHelpers.java:268)
	at com.shaft.gui.browser.internal.BrowserActionsHelpers.capturePageSnapshot(BrowserActionsHelpers.java:268)
	at com.shaft.gui.browser.internal.BrowserActionsHelpers.capturePageSnapshot(BrowserActionsHelpers.java:268)
	at com.shaft.gui.browser.internal.BrowserActionsHelpers.capturePageSnapshot(BrowserActionsHelpers.java:268)
	at com.shaft.gui.browser.internal.BrowserActionsHelpers.capturePageSnapshot(BrowserActionsHelpers.java:268)
	at com.shaft.gui.browser.internal.BrowserActionsHelpers.capturePageSnapshot(BrowserActionsHelpers.java:268)
	at com.shaft.gui.browser.internal.BrowserActionsHelpers.capturePageSnapshot(BrowserActionsHelpers.java:268)
	at com.shaft.gui.browser.internal.BrowserActionsHelpers.capturePageSnapshot(BrowserActionsHelpers.java:268)
	at com.shaft.gui.browser.internal.BrowserActionsHelpers.capturePageSnapshot(BrowserActionsHelpers.java:268)
	at com.shaft.gui.browser.internal.BrowserActionsHelpers.capturePageSnapshot(BrowserActionsHelpers.java:268)
	at com.shaft.gui.browser.internal.BrowserActionsHelpers.capturePageSnapshot(BrowserActionsHelpers.java:268)
	at com.shaft.gui.browser.internal.BrowserActionsHelpers.capturePageSnapshot(BrowserActionsHelpers.java:268)
	at com.shaft.gui.browser.internal.BrowserActionsHelpers.capturePageSnapshot(BrowserActionsHelpers.java:268)
	at com.shaft.gui.browser.internal.BrowserActionsHelpers.capturePageSnapshot(BrowserActionsHelpers.java:268)
	at com.shaft.gui.browser.internal.BrowserActionsHelpers.capturePageSnapshot(BrowserActionsHelpers.java:268)
	at com.shaft.gui.browser.internal.BrowserActionsHelpers.capturePageSnapshot(BrowserActionsHelpers.java:268)
	at com.shaft.gui.browser.internal.BrowserActionsHelpers.capturePageSnapshot(BrowserActionsHelpers.java:268)
	at com.shaft.gui.browser.internal.BrowserActionsHelpers.capturePageSnapshot(BrowserActionsHelpers.java:268)
	at com.shaft.gui.browser.internal.BrowserActionsHelpers.capturePageSnapshot(BrowserActionsHelpers.java:268)
	at com.shaft.gui.browser.internal.BrowserActionsHelpers.capturePageSnapshot(BrowserActionsHelpers.java:268)
	at com.shaft.gui.browser.internal.BrowserActionsHelpers.capturePageSnapshot(BrowserActionsHelpers.java:268)
	at com.shaft.gui.browser.internal.BrowserActionsHelpers.capturePageSnapshot(BrowserActionsHelpers.java:268)
	at com.shaft.gui.browser.internal.BrowserActionsHelpers.capturePageSnapshot(BrowserActionsHelpers.java:268)
	at com.shaft.gui.browser.internal.BrowserActionsHelpers.capturePageSnapshot(BrowserActionsHelpers.java:268)
	at com.shaft.gui.browser.internal.BrowserActionsHelpers.capturePageSnapshot(BrowserActionsHelpers.java:268)
	at com.shaft.gui.browser.internal.BrowserActionsHelpers.capturePageSnapshot(BrowserActionsHelpers.java:268)
	at com.shaft.gui.browser.internal.BrowserActionsHelpers.capturePageSnapshot(BrowserActionsHelpers.java:268)
	at com.shaft.gui.browser.internal.BrowserActionsHelpers.capturePageSnapshot(BrowserActionsHelpers.java:268)
	at com.shaft.gui.browser.internal.BrowserActionsHelpers.capturePageSnapshot(BrowserActionsHelpers.java:268)
	at com.shaft.gui.browser.internal.BrowserActionsHelpers.capturePageSnapshot(BrowserActionsHelpers.java:268)
	at com.shaft.gui.browser.internal.BrowserActionsHelpers.capturePageSnapshot(BrowserActionsHelpers.java:268)
	at com.shaft.gui.browser.internal.BrowserActionsHelpers.capturePageSnapshot(BrowserActionsHelpers.java:268)
	at com.shaft.gui.browser.internal.BrowserActionsHelpers.capturePageSnapshot(BrowserActionsHelpers.java:268)
	at com.shaft.gui.browser.internal.BrowserActionsHelpers.capturePageSnapshot(BrowserActionsHelpers.java:268)
	at com.shaft.gui.browser.internal.BrowserActionsHelpers.capturePageSnapshot(BrowserActionsHelpers.java:268)
	at com.shaft.gui.browser.internal.BrowserActionsHelpers.capturePageSnapshot(BrowserActionsHelpers.java:268)
	at com.shaft.gui.browser.internal.BrowserActionsHelpers.capturePageSnapshot(BrowserActionsHelpers.java:268)
	at com.shaft.gui.browser.internal.BrowserActionsHelpers.capturePageSnapshot(BrowserActionsHelpers.java:268)
	at com.shaft.gui.browser.internal.BrowserActionsHelpers.capturePageSnapshot(BrowserActionsHelpers.java:268)
	at com.shaft.gui.browser.internal.BrowserActionsHelpers.capturePageSnapshot(BrowserActionsHelpers.java:268)
	at com.shaft.gui.browser.internal.BrowserActionsHelpers.capturePageSnapshot(BrowserActionsHelpers.java:268)
	at com.shaft.gui.browser.internal.BrowserActionsHelpers.capturePageSnapshot(BrowserActionsHelpers.java:268)
	at com.shaft.gui.browser.internal.BrowserActionsHelpers.capturePageSnapshot(BrowserActionsHelpers.java:268)
	at com.shaft.gui.browser.internal.BrowserActionsHelpers.capturePageSnapshot(BrowserActionsHelpers.java:268)
	at com.shaft.gui.browser.internal.BrowserActionsHelpers.capturePageSnapshot(BrowserActionsHelpers.java:268)
	at com.shaft.gui.browser.internal.BrowserActionsHelpers.capturePageSnapshot(BrowserActionsHelpers.java:268)
	at com.shaft.gui.browser.internal.BrowserActionsHelpers.capturePageSnapshot(BrowserActionsHelpers.java:268)
	at com.shaft.gui.browser.internal.BrowserActionsHelpers.capturePageSnapshot(BrowserActionsHelpers.java:268)
	at com.shaft.gui.browser.internal.BrowserActionsHelpers.capturePageSnapshot(BrowserActionsHelpers.java:268)
	at com.shaft.gui.browser.internal.BrowserActionsHelpers.capturePageSnapshot(BrowserActionsHelpers.java:268)
	at com.shaft.gui.browser.internal.BrowserActionsHelpers.capturePageSnapshot(BrowserActionsHelpers.java:268)
	at com.shaft.gui.browser.internal.BrowserActionsHelpers.capturePageSnapshot(BrowserActionsHelpers.java:268)
	at com.shaft.gui.browser.internal.BrowserActionsHelpers.capturePageSnapshot(BrowserActionsHelpers.java:268)
	at com.shaft.gui.browser.internal.BrowserActionsHelpers.capturePageSnapshot(BrowserActionsHelpers.java:268)
	at com.shaft.gui.browser.internal.BrowserActionsHelpers.capturePageSnapshot(BrowserActionsHelpers.java:268)
	at com.shaft.gui.browser.internal.BrowserActionsHelpers.capturePageSnapshot(BrowserActionsHelpers.java:268)
	at com.shaft.gui.browser.internal.BrowserActionsHelpers.capturePageSnapshot(BrowserActionsHelpers.java:268)
	at com.shaft.gui.browser.internal.BrowserActionsHelpers.capturePageSnapshot(BrowserActionsHelpers.java:268)
	at com.shaft.gui.browser.internal.BrowserActionsHelpers.capturePageSnapshot(BrowserActionsHelpers.java:268)
	at com.shaft.gui.browser.internal.BrowserActionsHelpers.capturePageSnapshot(BrowserActionsHelpers.java:268)
	at com.shaft.gui.browser.internal.BrowserActionsHelpers.capturePageSnapshot(BrowserActionsHelpers.java:268)
	at com.shaft.gui.browser.internal.BrowserActionsHelpers.capturePageSnapshot(BrowserActionsHelpers.java:268)
	at com.shaft.gui.browser.internal.BrowserActionsHelpers.capturePageSnapshot(BrowserActionsHelpers.java:268)
	at com.shaft.gui.browser.internal.BrowserActionsHelpers.capturePageSnapshot(BrowserActionsHelpers.java:268)
	at com.shaft.gui.browser.internal.BrowserActionsHelpers.capturePageSnapshot(BrowserActionsHelpers.java:268)
	at com.shaft.gui.browser.internal.BrowserActionsHelpers.capturePageSnapshot(BrowserActionsHelpers.java:268)
	at com.shaft.gui.browser.internal.BrowserActionsHelpers.capturePageSnapshot(BrowserActionsHelpers.java:268)
	at com.shaft.gui.browser.internal.BrowserActionsHelpers.capturePageSnapshot(BrowserActionsHelpers.java:268)
	at com.shaft.gui.browser.internal.BrowserActionsHelpers.capturePageSnapshot(BrowserActionsHelpers.java:268)
	at com.shaft.gui.browser.internal.BrowserActionsHelpers.capturePageSnapshot(BrowserActionsHelpers.java:268)
	at com.shaft.gui.browser.internal.BrowserActionsHelpers.capturePageSnapshot(BrowserActionsHelpers.java:268)
	at com.shaft.gui.browser.internal.BrowserActionsHelpers.capturePageSnapshot(BrowserActionsHelpers.java:268)
	at com.shaft.gui.browser.internal.BrowserActionsHelpers.capturePageSnapshot(BrowserActionsHelpers.java:268)
	at com.shaft.gui.browser.internal.BrowserActionsHelpers.capturePageSnapshot(BrowserActionsHelpers.java:268)
	at com.shaft.gui.browser.internal.BrowserActionsHelpers.capturePageSnapshot(BrowserActionsHelpers.java:268)
	at com.shaft.gui.browser.internal.BrowserActionsHelpers.capturePageSnapshot(BrowserActionsHelpers.java:268)
	at com.shaft.gui.browser.internal.BrowserActionsHelpers.capturePageSnapshot(BrowserActionsHelpers.java:268)
	at com.shaft.gui.browser.internal.BrowserActionsHelpers.capturePageSnapshot(BrowserActionsHelpers.java:268)
	at com.shaft.gui.browser.internal.BrowserActionsHelpers.capturePageSnapshot(BrowserActionsHelpers.java:268)
	at com.shaft.gui.browser.internal.BrowserActionsHelpers.capturePageSnapshot(BrowserActionsHelpers.java:268)
	at com.shaft.gui.browser.internal.BrowserActionsHelpers.capturePageSnapshot(BrowserActionsHelpers.java:268)
	at com.shaft.gui.browser.internal.BrowserActionsHelpers.capturePageSnapshot(BrowserActionsHelpers.java:268)
	at com.shaft.gui.browser.internal.BrowserActionsHelpers.capturePageSnapshot(BrowserActionsHelpers.java:268)
	at com.shaft.gui.browser.internal.BrowserActionsHelpers.capturePageSnapshot(BrowserActionsHelpers.java:268)
	at com.shaft.gui.browser.internal.BrowserActionsHelpers.capturePageSnapshot(BrowserActionsHelpers.java:268)
	at com.shaft.gui.browser.internal.BrowserActionsHelpers.capturePageSnapshot(BrowserActionsHelpers.java:268)
	at com.shaft.gui.browser.internal.BrowserActionsHelpers.capturePageSnapshot(BrowserActionsHelpers.java:268)
	at com.shaft.gui.browser.internal.BrowserActionsHelpers.capturePageSnapshot(BrowserActionsHelpers.java:268)
	at com.shaft.gui.browser.internal.BrowserActionsHelpers.capturePageSnapshot(BrowserActionsHelpers.java:268)
	at com.shaft.gui.browser.internal.BrowserActionsHelpers.capturePageSnapshot(BrowserActionsHelpers.java:268)
	at com.shaft.gui.browser.internal.BrowserActionsHelpers.capturePageSnapshot(BrowserActionsHelpers.java:268)
	at com.shaft.gui.browser.internal.BrowserActionsHelpers.capturePageSnapshot(BrowserActionsHelpers.java:268)
	at com.shaft.gui.browser.internal.BrowserActionsHelpers.capturePageSnapshot(BrowserActionsHelpers.java:268)
	at com.shaft.gui.browser.internal.BrowserActionsHelpers.capturePageSnapshot(BrowserActionsHelpers.java:268)
	at com.shaft.gui.browser.internal.BrowserActionsHelpers.capturePageSnapshot(BrowserActionsHelpers.java:268)
	at com.shaft.gui.browser.internal.BrowserActionsHelpers.capturePageSnapshot(BrowserActionsHelpers.java:268)
	at com.shaft.gui.browser.internal.BrowserActionsHelpers.capturePageSnapshot(BrowserActionsHelpers.java:268)
	at com.shaft.gui.browser.internal.BrowserActionsHelpers.capturePageSnapshot(BrowserActionsHelpers.java:268)
	at com.shaft.gui.browser.internal.BrowserActionsHelpers.capturePageSnapshot(BrowserActionsHelpers.java:268)
	at com.shaft.gui.browser.internal.BrowserActionsHelpers.capturePageSnapshot(BrowserActionsHelpers.java:268)
	at com.shaft.gui.browser.internal.BrowserActionsHelpers.capturePageSnapshot(BrowserActionsHelpers.java:268)
	at com.shaft.gui.browser.internal.BrowserActionsHelpers.capturePageSnapshot(BrowserActionsHelpers.java:268)
	at com.shaft.gui.browser.internal.BrowserActionsHelpers.capturePageSnapshot(BrowserActionsHelpers.java:268)
	at com.shaft.gui.browser.internal.BrowserActionsHelpers.capturePageSnapshot(BrowserActionsHelpers.java:268)
	at com.shaft.gui.browser.internal.BrowserActionsHelpers.capturePageSnapshot(BrowserActionsHelpers.java:268)
	at com.shaft.gui.browser.internal.BrowserActionsHelpers.capturePageSnapshot(BrowserActionsHelpers.java:268)
	at com.shaft.gui.browser.internal.BrowserActionsHelpers.capturePageSnapshot(BrowserActionsHelpers.java:268)
	at com.shaft.gui.browser.internal.BrowserActionsHelpers.capturePageSnapshot(BrowserActionsHelpers.java:268)
	at com.shaft.gui.browser.internal.BrowserActionsHelpers.capturePageSnapshot(BrowserActionsHelpers.java:268)
	at com.shaft.gui.browser.internal.BrowserActionsHelpers.capturePageSnapshot(BrowserActionsHelpers.java:268)
	at com.shaft.gui.browser.internal.BrowserActionsHelpers.capturePageSnapshot(BrowserActionsHelpers.java:268)
	at com.shaft.gui.browser.internal.BrowserActionsHelpers.capturePageSnapshot(BrowserActionsHelpers.java:268)
	at com.shaft.gui.browser.internal.BrowserActionsHelpers.capturePageSnapshot(BrowserActionsHelpers.java:268)
	at com.shaft.gui.browser.internal.BrowserActionsHelpers.capturePageSnapshot(BrowserActionsHelpers.java:268)
	at com.shaft.gui.browser.internal.BrowserActionsHelpers.capturePageSnapshot(BrowserActionsHelpers.java:268)
	at com.shaft.gui.browser.internal.BrowserActionsHelpers.capturePageSnapshot(BrowserActionsHelpers.java:268)
	at com.shaft.gui.browser.internal.BrowserActionsHelpers.capturePageSnapshot(BrowserActionsHelpers.java:268)
	at com.shaft.gui.browser.internal.BrowserActionsHelpers.capturePageSnapshot(BrowserActionsHelpers.java:268)
	at com.shaft.gui.browser.internal.BrowserActionsHelpers.capturePageSnapshot(BrowserActionsHelpers.java:268)
	at com.shaft.gui.browser.internal.BrowserActionsHelpers.capturePageSnapshot(BrowserActionsHelpers.java:268)
	at com.shaft.gui.browser.internal.BrowserActionsHelpers.capturePageSnapshot(BrowserActionsHelpers.java:268)
	at com.shaft.gui.browser.internal.BrowserActionsHelpers.capturePageSnapshot(BrowserActionsHelpers.java:268)
	at com.shaft.gui.browser.internal.BrowserActionsHelpers.capturePageSnapshot(BrowserActionsHelpers.java:268)
	at com.shaft.gui.browser.internal.BrowserActionsHelpers.capturePageSnapshot(BrowserActionsHelpers.java:268)
	at com.shaft.gui.browser.internal.BrowserActionsHelpers.capturePageSnapshot(BrowserActionsHelpers.java:268)
	at com.shaft.gui.browser.internal.BrowserActionsHelpers.capturePageSnapshot(BrowserActionsHelpers.java:268)
	at com.shaft.gui.browser.internal.BrowserActionsHelpers.capturePageSnapshot(BrowserActionsHelpers.java:268)
	at com.shaft.gui.browser.internal.BrowserActionsHelpers.capturePageSnapshot(BrowserActionsHelpers.java:268)
	at com.shaft.gui.browser.internal.BrowserActionsHelpers.capturePageSnapshot(BrowserActionsHelpers.java:268)
	at com.shaft.gui.browser.internal.BrowserActionsHelpers.capturePageSnapshot(BrowserActionsHelpers.java:268)
	at com.shaft.gui.browser.internal.BrowserActionsHelpers.capturePageSnapshot(BrowserActionsHelpers.java:268)
	at com.shaft.gui.browser.internal.BrowserActionsHelpers.capturePageSnapshot(BrowserActionsHelpers.java:268)
	at com.shaft.gui.browser.internal.BrowserActionsHelpers.capturePageSnapshot(BrowserActionsHelpers.java:268)
	at com.shaft.gui.browser.internal.BrowserActionsHelpers.capturePageSnapshot(BrowserActionsHelpers.java:268)
	at com.shaft.gui.browser.internal.BrowserActionsHelpers.capturePageSnapshot(BrowserActionsHelpers.java:268)
	at com.shaft.gui.browser.internal.BrowserActionsHelpers.capturePageSnapshot(BrowserActionsHelpers.java:268)
	at com.shaft.gui.browser.internal.BrowserActionsHelpers.capturePageSnapshot(BrowserActionsHelpers.java:268)
	at com.shaft.gui.browser.internal.BrowserActionsHelpers.capturePageSnapshot(BrowserActionsHelpers.java:268)
	at com.shaft.gui.browser.internal.BrowserActionsHelpers.capturePageSnapshot(BrowserActionsHelpers.java:268)
	at com.shaft.gui.browser.internal.BrowserActionsHelpers.capturePageSnapshot(BrowserActionsHelpers.java:268)
	at com.shaft.gui.browser.internal.BrowserActionsHelpers.capturePageSnapshot(BrowserActionsHelpers.java:268)
	at com.shaft.gui.browser.internal.BrowserActionsHelpers.capturePageSnapshot(BrowserActionsHelpers.java:268)
	at com.shaft.gui.browser.internal.BrowserActionsHelpers.capturePageSnapshot(BrowserActionsHelpers.java:268)
	at com.shaft.gui.browser.internal.BrowserActionsHelpers.capturePageSnapshot(BrowserActionsHelpers.java:268)
	at com.shaft.gui.browser.internal.BrowserActionsHelpers.capturePageSnapshot(BrowserActionsHelpers.java:268)
	at com.shaft.gui.browser.internal.BrowserActionsHelpers.capturePageSnapshot(BrowserActionsHelpers.java:268)
	at com.shaft.gui.browser.internal.BrowserActionsHelpers.capturePageSnapshot(BrowserActionsHelpers.java:268)
	at com.shaft.gui.browser.internal.BrowserActionsHelpers.capturePageSnapshot(BrowserActionsHelpers.java:268)
	at com.shaft.gui.browser.internal.BrowserActionsHelpers.capturePageSnapshot(BrowserActionsHelpers.java:268)
	at com.shaft.gui.browser.internal.BrowserActionsHelpers.capturePageSnapshot(BrowserActionsHelpers.java:268)
	at com.shaft.gui.browser.internal.BrowserActionsHelpers.capturePageSnapshot(BrowserActionsHelpers.java:268)
	at com.shaft.gui.browser.internal.BrowserActionsHelpers.capturePageSnapshot(BrowserActionsHelpers.java:268)
	at com.shaft.gui.browser.internal.BrowserActionsHelpers.capturePageSnapshot(BrowserActionsHelpers.java:268)
	at com.shaft.gui.browser.internal.BrowserActionsHelpers.capturePageSnapshot(BrowserActionsHelpers.java:268)
	at com.shaft.gui.browser.internal.BrowserActionsHelpers.capturePageSnapshot(BrowserActionsHelpers.java:268)
	at com.shaft.gui.browser.internal.BrowserActionsHelpers.capturePageSnapshot(BrowserActionsHelpers.java:268)
	at com.shaft.gui.browser.internal.BrowserActionsHelpers.capturePageSnapshot(BrowserActionsHelpers.java:268)
	at com.shaft.gui.browser.internal.BrowserActionsHelpers.capturePageSnapshot(BrowserActionsHelpers.java:268)
	at com.shaft.gui.browser.internal.BrowserActionsHelpers.capturePageSnapshot(BrowserActionsHelpers.java:268)
	at com.shaft.gui.browser.internal.BrowserActionsHelpers.capturePageSnapshot(BrowserActionsHelpers.java:268)
	at com.shaft.gui.browser.internal.BrowserActionsHelpers.capturePageSnapshot(BrowserActionsHelpers.java:268)
	at com.shaft.gui.browser.internal.BrowserActionsHelpers.capturePageSnapshot(BrowserActionsHelpers.java:268)
	at com.shaft.gui.browser.internal.BrowserActionsHelpers.capturePageSnapshot(BrowserActionsHelpers.java:268)
	at com.shaft.gui.browser.internal.BrowserActionsHelpers.capturePageSnapshot(BrowserActionsHelpers.java:268)
	at com.shaft.gui.browser.internal.BrowserActionsHelpers.capturePageSnapshot(BrowserActionsHelpers.java:268)
	at com.shaft.gui.browser.internal.BrowserActionsHelpers.capturePageSnapshot(BrowserActionsHelpers.java:268)
	at com.shaft.gui.browser.internal.BrowserActionsHelpers.capturePageSnapshot(BrowserActionsHelpers.java:268)
	at com.shaft.gui.browser.internal.BrowserActionsHelpers.capturePageSnapshot(BrowserActionsHelpers.java:268)
	at com.shaft.gui.browser.internal.BrowserActionsHelpers.capturePageSnapshot(BrowserActionsHelpers.java:268)
	at com.shaft.gui.browser.internal.BrowserActionsHelpers.capturePageSnapshot(BrowserActionsHelpers.java:268)
	at com.shaft.gui.browser.internal.BrowserActionsHelpers.capturePageSnapshot(BrowserActionsHelpers.java:268)
	at com.shaft.gui.browser.internal.BrowserActionsHelpers.capturePageSnapshot(BrowserActionsHelpers.java:268)
	at com.shaft.gui.browser.internal.BrowserActionsHelpers.capturePageSnapshot(BrowserActionsHelpers.java:268)
	at com.shaft.gui.browser.internal.BrowserActionsHelpers.capturePageSnapshot(BrowserActionsHelpers.java:268)
	at com.shaft.gui.browser.internal.BrowserActionsHelpers.capturePageSnapshot(BrowserActionsHelpers.java:268)
	at com.shaft.gui.browser.internal.BrowserActionsHelpers.capturePageSnapshot(BrowserActionsHelpers.java:268)
	at com.shaft.gui.browser.internal.BrowserActionsHelpers.capturePageSnapshot(BrowserActionsHelpers.java:268)
	at com.shaft.gui.browser.internal.BrowserActionsHelpers.capturePageSnapshot(BrowserActionsHelpers.java:268)
	at com.shaft.gui.browser.internal.BrowserActionsHelpers.capturePageSnapshot(BrowserActionsHelpers.java:268)
	at com.shaft.gui.browser.internal.BrowserActionsHelpers.capturePageSnapshot(BrowserActionsHelpers.java:268)
	at com.shaft.gui.browser.internal.BrowserActionsHelpers.capturePageSnapshot(BrowserActionsHelpers.java:268)
	at com.shaft.gui.browser.internal.BrowserActionsHelpers.capturePageSnapshot(BrowserActionsHelpers.java:268)
	at com.shaft.gui.browser.internal.BrowserActionsHelpers.capturePageSnapshot(BrowserActionsHelpers.java:268)
	at com.shaft.gui.browser.internal.BrowserActionsHelpers.capturePageSnapshot(BrowserActionsHelpers.java:268)
	at com.shaft.gui.browser.internal.BrowserActionsHelpers.capturePageSnapshot(BrowserActionsHelpers.java:268)
	at com.shaft.gui.browser.internal.BrowserActionsHelpers.capturePageSnapshot(BrowserActionsHelpers.java:268)
	at com.shaft.gui.browser.internal.BrowserActionsHelpers.capturePageSnapshot(BrowserActionsHelpers.java:268)
	at com.shaft.gui.browser.internal.BrowserActionsHelpers.capturePageSnapshot(BrowserActionsHelpers.java:268)
	at com.shaft.gui.browser.internal.BrowserActionsHelpers.capturePageSnapshot(BrowserActionsHelpers.java:268)
	at com.shaft.gui.browser.internal.BrowserActionsHelpers.capturePageSnapshot(BrowserActionsHelpers.java:268)
	at com.shaft.gui.browser.internal.BrowserActionsHelpers.capturePageSnapshot(BrowserActionsHelpers.java:268)
	at com.shaft.gui.browser.internal.BrowserActionsHelpers.capturePageSnapshot(BrowserActionsHelpers.java:268)
	at com.shaft.gui.browser.internal.BrowserActionsHelpers.capturePageSnapshot(BrowserActionsHelpers.java:268)
	at com.shaft.gui.browser.internal.BrowserActionsHelpers.capturePageSnapshot(BrowserActionsHelpers.java:268)
	at com.shaft.gui.browser.internal.BrowserActionsHelpers.capturePageSnapshot(BrowserActionsHelpers.java:268)
	at com.shaft.gui.browser.internal.BrowserActionsHelpers.capturePageSnapshot(BrowserActionsHelpers.java:268)
	at com.shaft.gui.browser.internal.BrowserActionsHelpers.capturePageSnapshot(BrowserActionsHelpers.java:268)
	at com.shaft.gui.browser.internal.BrowserActionsHelpers.capturePageSnapshot(BrowserActionsHelpers.java:268)
	at com.shaft.gui.browser.internal.BrowserActionsHelpers.capturePageSnapshot(BrowserActionsHelpers.java:268)
	at com.shaft.gui.browser.internal.BrowserActionsHelpers.capturePageSnapshot(BrowserActionsHelpers.java:268)
	at com.shaft.gui.browser.internal.BrowserActionsHelpers.capturePageSnapshot(BrowserActionsHelpers.java:268)
	at com.shaft.gui.browser.internal.BrowserActionsHelpers.capturePageSnapshot(BrowserActionsHelpers.java:268)
	at com.shaft.gui.browser.internal.BrowserActionsHelpers.capturePageSnapshot(BrowserActionsHelpers.java:268)
	at com.shaft.gui.browser.internal.BrowserActionsHelpers.capturePageSnapshot(BrowserActionsHelpers.java:268)
	at com.shaft.gui.browser.internal.BrowserActionsHelpers.capturePageSnapshot(BrowserActionsHelpers.java:268)
	at com.shaft.gui.browser.internal.BrowserActionsHelpers.capturePageSnapshot(BrowserActionsHelpers.java:268)
	at com.shaft.gui.browser.internal.BrowserActionsHelpers.capturePageSnapshot(BrowserActionsHelpers.java:268)
	at com.shaft.gui.browser.internal.BrowserActionsHelpers.capturePageSnapshot(BrowserActionsHelpers.java:268)
	at com.shaft.gui.browser.internal.BrowserActionsHelpers.capturePageSnapshot(BrowserActionsHelpers.java:268)
	at com.shaft.gui.browser.internal.BrowserActionsHelpers.capturePageSnapshot(BrowserActionsHelpers.java:268)
	at com.shaft.gui.browser.internal.BrowserActionsHelpers.capturePageSnapshot(BrowserActionsHelpers.java:268)
	at com.shaft.gui.browser.internal.BrowserActionsHelpers.capturePageSnapshot(BrowserActionsHelpers.java:268)
	at com.shaft.gui.browser.internal.BrowserActionsHelpers.capturePageSnapshot(BrowserActionsHelpers.java:268)
	at com.shaft.gui.browser.internal.BrowserActionsHelpers.capturePageSnapshot(BrowserActionsHelpers.java:268)
	at com.shaft.gui.browser.internal.BrowserActionsHelpers.capturePageSnapshot(BrowserActionsHelpers.java:268)
	at com.shaft.gui.browser.internal.BrowserActionsHelpers.capturePageSnapshot(BrowserActionsHelpers.java:268)
	at com.shaft.gui.browser.internal.BrowserActionsHelpers.capturePageSnapshot(BrowserActionsHelpers.java:268)
	at com.shaft.gui.browser.internal.BrowserActionsHelpers.capturePageSnapshot(BrowserActionsHelpers.java:268)
	at com.shaft.gui.browser.internal.BrowserActionsHelpers.capturePageSnapshot(BrowserActionsHelpers.java:268)
	at com.shaft.gui.browser.internal.BrowserActionsHelpers.capturePageSnapshot(BrowserActionsHelpers.java:268)
	at com.shaft.gui.browser.internal.BrowserActionsHelpers.capturePageSnapshot(BrowserActionsHelpers.java:268)
	at com.shaft.gui.browser.internal.BrowserActionsHelpers.capturePageSnapshot(BrowserActionsHelpers.java:268)
	at com.shaft.gui.browser.internal.BrowserActionsHelpers.capturePageSnapshot(BrowserActionsHelpers.java:268)
	at com.shaft.gui.browser.internal.BrowserActionsHelpers.capturePageSnapshot(BrowserActionsHelpers.java:268)
	at com.shaft.gui.browser.internal.BrowserActionsHelpers.capturePageSnapshot(BrowserActionsHelpers.java:268)
	at com.shaft.gui.browser.internal.BrowserActionsHelpers.capturePageSnapshot(BrowserActionsHelpers.java:268)
	at com.shaft.gui.browser.internal.BrowserActionsHelpers.capturePageSnapshot(BrowserActionsHelpers.java:268)
	at com.shaft.gui.browser.internal.BrowserActionsHelpers.capturePageSnapshot(BrowserActionsHelpers.java:268)
	at com.shaft.gui.browser.internal.BrowserActionsHelpers.capturePageSnapshot(BrowserActionsHelpers.java:268)
	at com.shaft.gui.browser.internal.BrowserActionsHelpers.capturePageSnapshot(BrowserActionsHelpers.java:268)
	at com.shaft.gui.browser.internal.BrowserActionsHelpers.capturePageSnapshot(BrowserActionsHelpers.java:268)
	at com.shaft.gui.browser.internal.BrowserActionsHelpers.capturePageSnapshot(BrowserActionsHelpers.java:268)
	at com.shaft.gui.browser.internal.BrowserActionsHelpers.capturePageSnapshot(BrowserActionsHelpers.java:268)
	at com.shaft.gui.browser.internal.BrowserActionsHelpers.capturePageSnapshot(BrowserActionsHelpers.java:268)
	at com.shaft.gui.browser.internal.BrowserActionsHelpers.capturePageSnapshot(BrowserActionsHelpers.java:268)
	at com.shaft.gui.browser.internal.BrowserActionsHelpers.capturePageSnapshot(BrowserActionsHelpers.java:268)
	at com.shaft.gui.browser.internal.BrowserActionsHelpers.capturePageSnapshot(BrowserActionsHelpers.java:268)
	at com.shaft.gui.browser.internal.BrowserActionsHelpers.capturePageSnapshot(BrowserActionsHelpers.java:268)
	at com.shaft.gui.browser.internal.BrowserActionsHelpers.capturePageSnapshot(BrowserActionsHelpers.java:268)
	at com.shaft.gui.browser.internal.BrowserActionsHelpers.capturePageSnapshot(BrowserActionsHelpers.java:268)
	at com.shaft.gui.browser.internal.BrowserActionsHelpers.capturePageSnapshot(BrowserActionsHelpers.java:268)
	at com.shaft.gui.browser.internal.BrowserActionsHelpers.capturePageSnapshot(BrowserActionsHelpers.java:268)
	at com.shaft.gui.browser.internal.BrowserActionsHelpers.capturePageSnapshot(BrowserActionsHelpers.java:268)
	at com.shaft.gui.browser.internal.BrowserActionsHelpers.capturePageSnapshot(BrowserActionsHelpers.java:268)
	at com.shaft.gui.browser.internal.BrowserActionsHelpers.capturePageSnapshot(BrowserActionsHelpers.java:268)
	at com.shaft.gui.browser.internal.BrowserActionsHelpers.capturePageSnapshot(BrowserActionsHelpers.java:268)
	at com.shaft.gui.browser.internal.BrowserActionsHelpers.capturePageSnapshot(BrowserActionsHelpers.java:268)
	at com.shaft.gui.browser.internal.BrowserActionsHelpers.capturePageSnapshot(BrowserActionsHelpers.java:268)
	at com.shaft.gui.browser.internal.BrowserActionsHelpers.capturePageSnapshot(BrowserActionsHelpers.java:268)
	at com.shaft.gui.browser.internal.BrowserActionsHelpers.capturePageSnapshot(BrowserActionsHelpers.java:268)
	at com.shaft.gui.browser.internal.BrowserActionsHelpers.capturePageSnapshot(BrowserActionsHelpers.java:268)
	at com.shaft.gui.browser.internal.BrowserActionsHelpers.capturePageSnapshot(BrowserActionsHelpers.java:268)
	at com.shaft.gui.browser.internal.BrowserActionsHelpers.capturePageSnapshot(BrowserActionsHelpers.java:268)
	at com.shaft.gui.browser.internal.BrowserActionsHelpers.capturePageSnapshot(BrowserActionsHelpers.java:268)
	at com.shaft.gui.browser.internal.BrowserActionsHelpers.capturePageSnapshot(BrowserActionsHelpers.java:268)
	at com.shaft.gui.browser.internal.BrowserActionsHelpers.capturePageSnapshot(BrowserActionsHelpers.java:268)
	at com.shaft.gui.browser.internal.BrowserActionsHelpers.capturePageSnapshot(BrowserActionsHelpers.java:268)
	at com.shaft.gui.browser.internal.BrowserActionsHelpers.capturePageSnapshot(BrowserActionsHelpers.java:268)
	at com.shaft.gui.browser.internal.BrowserActionsHelpers.capturePageSnapshot(BrowserActionsHelpers.java:268)
	at com.shaft.gui.browser.internal.BrowserActionsHelpers.capturePageSnapshot(BrowserActionsHelpers.java:268)
	at com.shaft.gui.browser.internal.BrowserActionsHelpers.capturePageSnapshot(BrowserActionsHelpers.java:268)
	at com.shaft.gui.browser.internal.BrowserActionsHelpers.capturePageSnapshot(BrowserActionsHelpers.java:268)
	at com.shaft.gui.browser.internal.BrowserActionsHelpers.capturePageSnapshot(BrowserActionsHelpers.java:268)
	at com.shaft.gui.browser.internal.BrowserActionsHelpers.capturePageSnapshot(BrowserActionsHelpers.java:268)
	at com.shaft.gui.browser.internal.BrowserActionsHelpers.capturePageSnapshot(BrowserActionsHelpers.java:268)
	at com.shaft.gui.browser.internal.BrowserActionsHelpers.capturePageSnapshot(BrowserActionsHelpers.java:268)
	at com.shaft.gui.browser.internal.BrowserActionsHelpers.capturePageSnapshot(BrowserActionsHelpers.java:268)
	at com.shaft.gui.browser.internal.BrowserActionsHelpers.capturePageSnapshot(BrowserActionsHelpers.java:268)
	at com.shaft.gui.browser.internal.BrowserActionsHelpers.capturePageSnapshot(BrowserActionsHelpers.java:268)
	at com.shaft.gui.browser.internal.BrowserActionsHelpers.capturePageSnapshot(BrowserActionsHelpers.java:268)
	at com.shaft.gui.browser.internal.BrowserActionsHelpers.capturePageSnapshot(BrowserActionsHelpers.java:268)
	at com.shaft.gui.browser.internal.BrowserActionsHelpers.capturePageSnapshot(BrowserActionsHelpers.java:268)
	at com.shaft.gui.browser.internal.BrowserActionsHelpers.capturePageSnapshot(BrowserActionsHelpers.java:268)
	at com.shaft.gui.browser.internal.BrowserActionsHelpers.capturePageSnapshot(BrowserActionsHelpers.java:268)
	at com.shaft.gui.browser.internal.BrowserActionsHelpers.capturePageSnapshot(BrowserActionsHelpers.java:268)
	at com.shaft.gui.browser.internal.BrowserActionsHelpers.capturePageSnapshot(BrowserActionsHelpers.java:268)
	at com.shaft.gui.browser.internal.BrowserActionsHelpers.capturePageSnapshot(BrowserActionsHelpers.java:268)
	at com.shaft.gui.browser.internal.BrowserActionsHelpers.capturePageSnapshot(BrowserActionsHelpers.java:268)
	at com.shaft.gui.browser.internal.BrowserActionsHelpers.capturePageSnapshot(BrowserActionsHelpers.java:268)
	at com.shaft.gui.browser.internal.BrowserActionsHelpers.capturePageSnapshot(BrowserActionsHelpers.java:268)
	at com.shaft.gui.browser.internal.BrowserActionsHelpers.capturePageSnapshot(BrowserActionsHelpers.java:268)
	at com.shaft.gui.browser.internal.BrowserActionsHelpers.capturePageSnapshot(BrowserActionsHelpers.java:268)
	at com.shaft.gui.browser.internal.BrowserActionsHelpers.capturePageSnapshot(BrowserActionsHelpers.java:268)
	at com.shaft.gui.browser.internal.BrowserActionsHelpers.capturePageSnapshot(BrowserActionsHelpers.java:268)
	at com.shaft.gui.browser.internal.BrowserActionsHelpers.capturePageSnapshot(BrowserActionsHelpers.java:268)
	at com.shaft.gui.browser.internal.BrowserActionsHelpers.capturePageSnapshot(BrowserActionsHelpers.java:268)
	at com.shaft.gui.browser.internal.BrowserActionsHelpers.capturePageSnapshot(BrowserActionsHelpers.java:268)
	at com.shaft.gui.browser.internal.BrowserActionsHelpers.capturePageSnapshot(BrowserActionsHelpers.java:268)
	at com.shaft.gui.browser.internal.BrowserActionsHelpers.capturePageSnapshot(BrowserActionsHelpers.java:268)
	at com.shaft.gui.browser.internal.BrowserActionsHelpers.capturePageSnapshot(BrowserActionsHelpers.java:268)
	at com.shaft.gui.browser.internal.BrowserActionsHelpers.capturePageSnapshot(BrowserActionsHelpers.java:268)
	at com.shaft.gui.browser.internal.BrowserActionsHelpers.capturePageSnapshot(BrowserActionsHelpers.java:268)
	at com.shaft.gui.browser.internal.BrowserActionsHelpers.capturePageSnapshot(BrowserActionsHelpers.java:268)
	at com.shaft.gui.browser.internal.BrowserActionsHelpers.capturePageSnapshot(BrowserActionsHelpers.java:268)
	at com.shaft.gui.browser.internal.BrowserActionsHelpers.capturePageSnapshot(BrowserActionsHelpers.java:268)
	at com.shaft.gui.browser.internal.BrowserActionsHelpers.capturePageSnapshot(BrowserActionsHelpers.java:268)
	at com.shaft.gui.browser.internal.BrowserActionsHelpers.capturePageSnapshot(BrowserActionsHelpers.java:268)
	at com.shaft.gui.browser.internal.BrowserActionsHelpers.capturePageSnapshot(BrowserActionsHelpers.java:268)
	at com.shaft.gui.browser.internal.BrowserActionsHelpers.capturePageSnapshot(BrowserActionsHelpers.java:268)
	at com.shaft.gui.browser.internal.BrowserActionsHelpers.capturePageSnapshot(BrowserActionsHelpers.java:268)
	at com.shaft.gui.browser.internal.BrowserActionsHelpers.capturePageSnapshot(BrowserActionsHelpers.java:268)
	at com.shaft.gui.browser.internal.BrowserActionsHelpers.capturePageSnapshot(BrowserActionsHelpers.java:268)
	at com.shaft.gui.browser.internal.BrowserActionsHelpers.capturePageSnapshot(BrowserActionsHelpers.java:268)
	at com.shaft.gui.browser.internal.BrowserActionsHelpers.capturePageSnapshot(BrowserActionsHelpers.java:268)
	at com.shaft.gui.browser.internal.BrowserActionsHelpers.capturePageSnapshot(BrowserActionsHelpers.java:268)
	at com.shaft.gui.browser.internal.BrowserActionsHelpers.capturePageSnapshot(BrowserActionsHelpers.java:268)
	at com.shaft.gui.browser.internal.BrowserActionsHelpers.capturePageSnapshot(BrowserActionsHelpers.java:268)
	at com.shaft.gui.browser.internal.BrowserActionsHelpers.capturePageSnapshot(BrowserActionsHelpers.java:268)
	at com.shaft.gui.browser.internal.BrowserActionsHelpers.capturePageSnapshot(BrowserActionsHelpers.java:268)
	at com.shaft.gui.browser.internal.BrowserActionsHelpers.capturePageSnapshot(BrowserActionsHelpers.java:268)
	at com.shaft.gui.browser.internal.BrowserActionsHelpers.capturePageSnapshot(BrowserActionsHelpers.java:268)
	at com.shaft.gui.browser.internal.BrowserActionsHelpers.capturePageSnapshot(BrowserActionsHelpers.java:268)
	at com.shaft.gui.browser.internal.BrowserActionsHelpers.capturePageSnapshot(BrowserActionsHelpers.java:268)
	at com.shaft.gui.browser.internal.BrowserActionsHelpers.capturePageSnapshot(BrowserActionsHelpers.java:268)
	at com.shaft.gui.browser.internal.BrowserActionsHelpers.capturePageSnapshot(BrowserActionsHelpers.java:268)
	at com.shaft.gui.browser.internal.BrowserActionsHelpers.capturePageSnapshot(BrowserActionsHelpers.java:268)
	at com.shaft.gui.browser.internal.BrowserActionsHelpers.capturePageSnapshot(BrowserActionsHelpers.java:268)
	at com.shaft.gui.browser.internal.BrowserActionsHelpers.capturePageSnapshot(BrowserActionsHelpers.java:268)
	at com.shaft.gui.browser.internal.BrowserActionsHelpers.capturePageSnapshot(BrowserActionsHelpers.java:268)
	at com.shaft.gui.browser.internal.BrowserActionsHelpers.capturePageSnapshot(BrowserActionsHelpers.java:268)
	at com.shaft.gui.browser.internal.BrowserActionsHelpers.capturePageSnapshot(BrowserActionsHelpers.java:268)
	at com.shaft.gui.browser.internal.BrowserActionsHelpers.capturePageSnapshot(BrowserActionsHelpers.java:268)
	at com.shaft.gui.browser.internal.BrowserActionsHelpers.capturePageSnapshot(BrowserActionsHelpers.java:268)
	at com.shaft.gui.browser.internal.BrowserActionsHelpers.capturePageSnapshot(BrowserActionsHelpers.java:268)
	at com.shaft.gui.browser.internal.BrowserActionsHelpers.capturePageSnapshot(BrowserActionsHelpers.java:268)
	at com.shaft.gui.browser.internal.BrowserActionsHelpers.capturePageSnapshot(BrowserActionsHelpers.java:268)
	at com.shaft.gui.browser.internal.BrowserActionsHelpers.capturePageSnapshot(BrowserActionsHelpers.java:268)
	at com.shaft.gui.browser.internal.BrowserActionsHelpers.capturePageSnapshot(BrowserActionsHelpers.java:268)
	at com.shaft.gui.browser.internal.BrowserActionsHelpers.capturePageSnapshot(BrowserActionsHelpers.java:268)
	at com.shaft.gui.browser.internal.BrowserActionsHelpers.capturePageSnapshot(BrowserActionsHelpers.java:268)
	at com.shaft.gui.browser.internal.BrowserActionsHelpers.capturePageSnapshot(BrowserActionsHelpers.java:268)
	at com.shaft.gui.browser.internal.BrowserActionsHelpers.capturePageSnapshot(BrowserActionsHelpers.java:268)
	at com.shaft.gui.browser.internal.BrowserActionsHelpers.capturePageSnapshot(BrowserActionsHelpers.java:268)
	at com.shaft.gui.browser.internal.BrowserActionsHelpers.capturePageSnapshot(BrowserActionsHelpers.java:268)
	at com.shaft.gui.browser.internal.BrowserActionsHelpers.capturePageSnapshot(BrowserActionsHelpers.java:268)
	at com.shaft.gui.browser.internal.BrowserActionsHelpers.capturePageSnapshot(BrowserActionsHelpers.java:268)
	at com.shaft.gui.browser.internal.BrowserActionsHelpers.capturePageSnapshot(BrowserActionsHelpers.java:268)
	at com.shaft.gui.browser.internal.BrowserActionsHelpers.capturePageSnapshot(BrowserActionsHelpers.java:268)
	at com.shaft.gui.browser.internal.BrowserActionsHelpers.capturePageSnapshot(BrowserActionsHelpers.java:268)
	at com.shaft.gui.browser.internal.BrowserActionsHelpers.capturePageSnapshot(BrowserActionsHelpers.java:268)
	at com.shaft.gui.browser.internal.BrowserActionsHelpers.capturePageSnapshot(BrowserActionsHelpers.java:268)
	at com.shaft.gui.browser.internal.BrowserActionsHelpers.capturePageSnapshot(BrowserActionsHelpers.java:268)
	at com.shaft.gui.browser.internal.BrowserActionsHelpers.capturePageSnapshot(BrowserActionsHelpers.java:268)
	at com.shaft.gui.browser.internal.BrowserActionsHelpers.capturePageSnapshot(BrowserActionsHelpers.java:268)
	at com.shaft.gui.browser.internal.BrowserActionsHelpers.capturePageSnapshot(BrowserActionsHelpers.java:268)
	at com.shaft.gui.browser.internal.BrowserActionsHelpers.capturePageSnapshot(BrowserActionsHelpers.java:268)
	at com.shaft.gui.browser.internal.BrowserActionsHelpers.capturePageSnapshot(BrowserActionsHelpers.java:268)
	at com.shaft.gui.browser.internal.BrowserActionsHelpers.capturePageSnapshot(BrowserActionsHelpers.java:268)
	at com.shaft.gui.browser.internal.BrowserActionsHelpers.capturePageSnapshot(BrowserActionsHelpers.java:268)
	at com.shaft.gui.browser.internal.BrowserActionsHelpers.capturePageSnapshot(BrowserActionsHelpers.java:268)
	at com.shaft.gui.browser.internal.BrowserActionsHelpers.capturePageSnapshot(BrowserActionsHelpers.java:268)
	at com.shaft.gui.browser.internal.BrowserActionsHelpers.capturePageSnapshot(BrowserActionsHelpers.java:268)
	at com.shaft.gui.browser.internal.BrowserActionsHelpers.capturePageSnapshot(BrowserActionsHelpers.java:268)
	at com.shaft.gui.browser.internal.BrowserActionsHelpers.capturePageSnapshot(BrowserActionsHelpers.java:268)
	at com.shaft.gui.browser.internal.BrowserActionsHelpers.capturePageSnapshot(BrowserActionsHelpers.java:268)
	at com.shaft.gui.browser.internal.BrowserActionsHelpers.capturePageSnapshot(BrowserActionsHelpers.java:268)
	at com.shaft.gui.browser.internal.BrowserActionsHelpers.capturePageSnapshot(BrowserActionsHelpers.java:268)
	at com.shaft.gui.browser.internal.BrowserActionsHelpers.capturePageSnapshot(BrowserActionsHelpers.java:268)
	at com.shaft.gui.browser.internal.BrowserActionsHelpers.capturePageSnapshot(BrowserActionsHelpers.java:268)
	at com.shaft.gui.browser.internal.BrowserActionsHelpers.capturePageSnapshot(BrowserActionsHelpers.java:268)
	at com.shaft.gui.browser.internal.BrowserActionsHelpers.capturePageSnapshot(BrowserActionsHelpers.java:268)
	at com.shaft.gui.browser.internal.BrowserActionsHelpers.capturePageSnapshot(BrowserActionsHelpers.java:268)
	at com.shaft.gui.browser.internal.BrowserActionsHelpers.capturePageSnapshot(BrowserActionsHelpers.java:268)
	at com.shaft.gui.browser.internal.BrowserActionsHelpers.capturePageSnapshot(BrowserActionsHelpers.java:268)
	at com.shaft.gui.browser.internal.BrowserActionsHelpers.capturePageSnapshot(BrowserActionsHelpers.java:268)
	at com.shaft.gui.browser.internal.BrowserActionsHelpers.capturePageSnapshot(BrowserActionsHelpers.java:268)
	at com.shaft.gui.browser.internal.BrowserActionsHelpers.capturePageSnapshot(BrowserActionsHelpers.java:268)
	at com.shaft.gui.browser.internal.BrowserActionsHelpers.capturePageSnapshot(BrowserActionsHelpers.java:268)
	at com.shaft.gui.browser.internal.BrowserActionsHelpers.capturePageSnapshot(BrowserActionsHelpers.java:268)
	at com.shaft.gui.browser.internal.BrowserActionsHelpers.capturePageSnapshot(BrowserActionsHelpers.java:268)
	at com.shaft.gui.browser.internal.BrowserActionsHelpers.capturePageSnapshot(BrowserActionsHelpers.java:268)
	at com.shaft.gui.browser.internal.BrowserActionsHelpers.capturePageSnapshot(BrowserActionsHelpers.java:268)
	at com.shaft.gui.browser.internal.BrowserActionsHelpers.capturePageSnapshot(BrowserActionsHelpers.java:268)
	at com.shaft.gui.browser.internal.BrowserActionsHelpers.capturePageSnapshot(BrowserActionsHelpers.java:268)
	at com.shaft.gui.browser.internal.BrowserActionsHelpers.capturePageSnapshot(BrowserActionsHelpers.java:268)
	at com.shaft.gui.browser.internal.BrowserActionsHelpers.capturePageSnapshot(BrowserActionsHelpers.java:268)
	at com.shaft.gui.browser.internal.BrowserActionsHelpers.capturePageSnapshot(BrowserActionsHelpers.java:268)
	at com.shaft.gui.browser.internal.BrowserActionsHelpers.capturePageSnapshot(BrowserActionsHelpers.java:268)
	at com.shaft.gui.browser.internal.BrowserActionsHelpers.capturePageSnapshot(BrowserActionsHelpers.java:268)
	at com.shaft.gui.browser.internal.BrowserActionsHelpers.capturePageSnapshot(BrowserActionsHelpers.java:268)
	at com.shaft.gui.browser.internal.BrowserActionsHelpers.capturePageSnapshot(BrowserActionsHelpers.java:268)
	at com.shaft.gui.browser.internal.BrowserActionsHelpers.capturePageSnapshot(BrowserActionsHelpers.java:268)
	at com.shaft.gui.browser.internal.BrowserActionsHelpers.capturePageSnapshot(BrowserActionsHelpers.java:268)
	at com.shaft.gui.browser.internal.BrowserActionsHelpers.capturePageSnapshot(BrowserActionsHelpers.java:268)
	at com.shaft.gui.browser.internal.BrowserActionsHelpers.capturePageSnapshot(BrowserActionsHelpers.java:268)
	at com.shaft.gui.browser.internal.BrowserActionsHelpers.capturePageSnapshot(BrowserActionsHelpers.java:268)
	at com.shaft.gui.browser.internal.BrowserActionsHelpers.capturePageSnapshot(BrowserActionsHelpers.java:268)
	at com.shaft.gui.browser.internal.BrowserActionsHelpers.capturePageSnapshot(BrowserActionsHelpers.java:268)
	at com.shaft.gui.browser.internal.BrowserActionsHelpers.capturePageSnapshot(BrowserActionsHelpers.java:268)
	at com.shaft.gui.browser.internal.BrowserActionsHelpers.capturePageSnapshot(BrowserActionsHelpers.java:268)
	at com.shaft.gui.browser.internal.BrowserActionsHelpers.capturePageSnapshot(BrowserActionsHelpers.java:268)
	at com.shaft.gui.browser.internal.BrowserActionsHelpers.capturePageSnapshot(BrowserActionsHelpers.java:268)
	at com.shaft.gui.browser.internal.BrowserActionsHelpers.capturePageSnapshot(BrowserActionsHelpers.java:268)
	at com.shaft.gui.browser.internal.BrowserActionsHelpers.capturePageSnapshot(BrowserActionsHelpers.java:268)
	at com.shaft.gui.browser.internal.BrowserActionsHelpers.capturePageSnapshot(BrowserActionsHelpers.java:268)
	at com.shaft.gui.browser.internal.BrowserActionsHelpers.capturePageSnapshot(BrowserActionsHelpers.java:268)
	at com.shaft.gui.browser.internal.BrowserActionsHelpers.capturePageSnapshot(BrowserActionsHelpers.java:268)
	at com.shaft.gui.browser.internal.BrowserActionsHelpers.capturePageSnapshot(BrowserActionsHelpers.java:268)
	at com.shaft.gui.browser.internal.BrowserActionsHelpers.capturePageSnapshot(BrowserActionsHelpers.java:268)
	at com.shaft.gui.browser.internal.BrowserActionsHelpers.capturePageSnapshot(BrowserActionsHelpers.java:268)
	at com.shaft.gui.browser.internal.BrowserActionsHelpers.capturePageSnapshot(BrowserActionsHelpers.java:268)
	at com.shaft.gui.browser.internal.BrowserActionsHelpers.capturePageSnapshot(BrowserActionsHelpers.java:268)
	at com.shaft.gui.browser.internal.BrowserActionsHelpers.capturePageSnapshot(BrowserActionsHelpers.java:268)
	at com.shaft.gui.browser.internal.BrowserActionsHelpers.capturePageSnapshot(BrowserActionsHelpers.java:268)
	at com.shaft.gui.browser.internal.BrowserActionsHelpers.capturePageSnapshot(BrowserActionsHelpers.java:268)
	at com.shaft.gui.browser.internal.BrowserActionsHelpers.capturePageSnapshot(BrowserActionsHelpers.java:268)
	at com.shaft.gui.browser.internal.BrowserActionsHelpers.capturePageSnapshot(BrowserActionsHelpers.java:268)
	at com.shaft.gui.browser.internal.BrowserActionsHelpers.capturePageSnapshot(BrowserActionsHelpers.java:268)
	at com.shaft.gui.browser.internal.BrowserActionsHelpers.capturePageSnapshot(BrowserActionsHelpers.java:268)
	at com.shaft.gui.browser.internal.BrowserActionsHelpers.capturePageSnapshot(BrowserActionsHelpers.java:268)
	at com.shaft.gui.browser.internal.BrowserActionsHelpers.capturePageSnapshot(BrowserActionsHelpers.java:268)
	at com.shaft.gui.browser.internal.BrowserActionsHelpers.capturePageSnapshot(BrowserActionsHelpers.java:268)
	at com.shaft.gui.browser.internal.BrowserActionsHelpers.capturePageSnapshot(BrowserActionsHelpers.java:268)
	at com.shaft.gui.browser.internal.BrowserActionsHelpers.capturePageSnapshot(BrowserActionsHelpers.java:268)
	at com.shaft.gui.browser.internal.BrowserActionsHelpers.capturePageSnapshot(BrowserActionsHelpers.java:268)
	at com.shaft.gui.browser.internal.BrowserActionsHelpers.capturePageSnapshot(BrowserActionsHelpers.java:268)
	at com.shaft.gui.browser.internal.BrowserActionsHelpers.capturePageSnapshot(BrowserActionsHelpers.java:268)
	at com.shaft.gui.browser.internal.BrowserActionsHelpers.capturePageSnapshot(BrowserActionsHelpers.java:268)
	at com.shaft.gui.browser.internal.BrowserActionsHelpers.capturePageSnapshot(BrowserActionsHelpers.java:268)
	at com.shaft.gui.browser.internal.BrowserActionsHelpers.capturePageSnapshot(BrowserActionsHelpers.java:268)
	at com.shaft.gui.browser.internal.BrowserActionsHelpers.capturePageSnapshot(BrowserActionsHelpers.java:268)
	at com.shaft.gui.browser.internal.BrowserActionsHelpers.capturePageSnapshot(BrowserActionsHelpers.java:268)
	at com.shaft.gui.browser.internal.BrowserActionsHelpers.capturePageSnapshot(BrowserActionsHelpers.java:268)
	at com.shaft.gui.browser.internal.BrowserActionsHelpers.capturePageSnapshot(BrowserActionsHelpers.java:268)
	at com.shaft.gui.browser.internal.BrowserActionsHelpers.capturePageSnapshot(BrowserActionsHelpers.java:268)
	at com.shaft.gui.browser.internal.BrowserActionsHelpers.capturePageSnapshot(BrowserActionsHelpers.java:268)
	at com.shaft.gui.browser.internal.BrowserActionsHelpers.capturePageSnapshot(BrowserActionsHelpers.java:268)
	at com.shaft.gui.browser.internal.BrowserActionsHelpers.capturePageSnapshot(BrowserActionsHelpers.java:268)
	at com.shaft.gui.browser.internal.BrowserActionsHelpers.capturePageSnapshot(BrowserActionsHelpers.java:268)
	at com.shaft.gui.browser.internal.BrowserActionsHelpers.capturePageSnapshot(BrowserActionsHelpers.java:268)
	at com.shaft.gui.browser.internal.BrowserActionsHelpers.capturePageSnapshot(BrowserActionsHelpers.java:268)
	at com.shaft.gui.browser.internal.BrowserActionsHelpers.capturePageSnapshot(BrowserActionsHelpers.java:268)
	at com.shaft.gui.browser.internal.BrowserActionsHelpers.capturePageSnapshot(BrowserActionsHelpers.java:268)
	at com.shaft.gui.browser.internal.BrowserActionsHelpers.capturePageSnapshot(BrowserActionsHelpers.java:268)
	at com.shaft.gui.browser.internal.BrowserActionsHelpers.capturePageSnapshot(BrowserActionsHelpers.java:268)
	at com.shaft.gui.browser.internal.BrowserActionsHelpers.capturePageSnapshot(BrowserActionsHelpers.java:268)
	at com.shaft.gui.browser.internal.BrowserActionsHelpers.capturePageSnapshot(BrowserActionsHelpers.java:268)
	at com.shaft.gui.browser.internal.BrowserActionsHelpers.capturePageSnapshot(BrowserActionsHelpers.java:268)
	at com.shaft.gui.browser.internal.BrowserActionsHelpers.capturePageSnapshot(BrowserActionsHelpers.java:268)
	at com.shaft.gui.browser.internal.BrowserActionsHelpers.capturePageSnapshot(BrowserActionsHelpers.java:268)
	at com.shaft.gui.browser.internal.BrowserActionsHelpers.capturePageSnapshot(BrowserActionsHelpers.java:268)
	at com.shaft.gui.browser.internal.BrowserActionsHelpers.capturePageSnapshot(BrowserActionsHelpers.java:268)
	at com.shaft.gui.browser.internal.BrowserActionsHelpers.capturePageSnapshot(BrowserActionsHelpers.java:268)
	at com.shaft.gui.browser.internal.BrowserActionsHelpers.capturePageSnapshot(BrowserActionsHelpers.java:268)
	at com.shaft.gui.browser.internal.BrowserActionsHelpers.capturePageSnapshot(BrowserActionsHelpers.java:268)
	at com.shaft.gui.browser.internal.BrowserActionsHelpers.capturePageSnapshot(BrowserActionsHelpers.java:268)
	at com.shaft.gui.browser.internal.BrowserActionsHelpers.capturePageSnapshot(BrowserActionsHelpers.java:268)
	at com.shaft.gui.browser.internal.BrowserActionsHelpers.capturePageSnapshot(BrowserActionsHelpers.java:268)
	at com.shaft.gui.browser.internal.BrowserActionsHelpers.capturePageSnapshot(BrowserActionsHelpers.java:268)
	at com.shaft.gui.browser.internal.BrowserActionsHelpers.capturePageSnapshot(BrowserActionsHelpers.java:268)
	at com.shaft.gui.browser.internal.BrowserActionsHelpers.capturePageSnapshot(BrowserActionsHelpers.java:268)
	at com.shaft.gui.browser.internal.BrowserActionsHelpers.capturePageSnapshot(BrowserActionsHelpers.java:268)
	at com.shaft.gui.browser.internal.BrowserActionsHelpers.capturePageSnapshot(BrowserActionsHelpers.java:268)
	at com.shaft.gui.browser.internal.BrowserActionsHelpers.capturePageSnapshot(BrowserActionsHelpers.java:268)
	at com.shaft.gui.browser.internal.BrowserActionsHelpers.capturePageSnapshot(BrowserActionsHelpers.java:268)
	at com.shaft.gui.browser.internal.BrowserActionsHelpers.capturePageSnapshot(BrowserActionsHelpers.java:268)
	at com.shaft.gui.browser.internal.BrowserActionsHelpers.capturePageSnapshot(BrowserActionsHelpers.java:268)
	at com.shaft.gui.browser.internal.BrowserActionsHelpers.capturePageSnapshot(BrowserActionsHelpers.java:268)
	at com.shaft.gui.browser.internal.BrowserActionsHelpers.capturePageSnapshot(BrowserActionsHelpers.java:268)
	at com.shaft.gui.browser.internal.BrowserActionsHelpers.capturePageSnapshot(BrowserActionsHelpers.java:268)
	at com.shaft.gui.browser.internal.BrowserActionsHelpers.capturePageSnapshot(BrowserActionsHelpers.java:268)
	at com.shaft.gui.browser.internal.BrowserActionsHelpers.capturePageSnapshot(BrowserActionsHelpers.java:268)
	at com.shaft.gui.browser.internal.BrowserActionsHelpers.capturePageSnapshot(BrowserActionsHelpers.java:268)
	at com.shaft.gui.browser.internal.BrowserActionsHelpers.capturePageSnapshot(BrowserActionsHelpers.java:268)
	at com.shaft.gui.browser.internal.BrowserActionsHelpers.capturePageSnapshot(BrowserActionsHelpers.java:268)
	at com.shaft.gui.browser.internal.BrowserActionsHelpers.capturePageSnapshot(BrowserActionsHelpers.java:268)
	at com.shaft.gui.browser.internal.BrowserActionsHelpers.capturePageSnapshot(BrowserActionsHelpers.java:268)
	at com.shaft.gui.browser.internal.BrowserActionsHelpers.capturePageSnapshot(BrowserActionsHelpers.java:268)
	at com.shaft.gui.browser.internal.BrowserActionsHelpers.capturePageSnapshot(BrowserActionsHelpers.java:268)
	at com.shaft.gui.browser.internal.BrowserActionsHelpers.capturePageSnapshot(BrowserActionsHelpers.java:268)
	at com.shaft.gui.browser.internal.BrowserActionsHelpers.capturePageSnapshot(BrowserActionsHelpers.java:268)
	at com.shaft.gui.browser.internal.BrowserActionsHelpers.capturePageSnapshot(BrowserActionsHelpers.java:268)
	at com.shaft.gui.browser.internal.BrowserActionsHelpers.capturePageSnapshot(BrowserActionsHelpers.java:268)
	at com.shaft.gui.browser.internal.BrowserActionsHelpers.capturePageSnapshot(BrowserActionsHelpers.java:268)
	at com.shaft.gui.browser.internal.BrowserActionsHelpers.capturePageSnapshot(BrowserActionsHelpers.java:268)
	at com.shaft.gui.browser.internal.BrowserActionsHelpers.capturePageSnapshot(BrowserActionsHelpers.java:268)
	at com.shaft.gui.browser.internal.BrowserActionsHelpers.capturePageSnapshot(BrowserActionsHelpers.java:268)
	at com.shaft.gui.browser.internal.BrowserActionsHelpers.capturePageSnapshot(BrowserActionsHelpers.java:268)
	at com.shaft.gui.browser.internal.BrowserActionsHelpers.capturePageSnapshot(BrowserActionsHelpers.java:268)
	at com.shaft.gui.browser.internal.BrowserActionsHelpers.capturePageSnapshot(BrowserActionsHelpers.java:268)
	at com.shaft.gui.browser.internal.BrowserActionsHelpers.capturePageSnapshot(BrowserActionsHelpers.java:268)
	at com.shaft.gui.browser.internal.BrowserActionsHelpers.capturePageSnapshot(BrowserActionsHelpers.java:268)
	at com.shaft.gui.browser.internal.BrowserActionsHelpers.capturePageSnapshot(BrowserActionsHelpers.java:268)
	at com.shaft.gui.browser.internal.BrowserActionsHelpers.capturePageSnapshot(BrowserActionsHelpers.java:268)
	at com.shaft.gui.browser.internal.BrowserActionsHelpers.capturePageSnapshot(BrowserActionsHelpers.java:268)
	at com.shaft.gui.browser.internal.BrowserActionsHelpers.capturePageSnapshot(BrowserActionsHelpers.java:268)
	at com.shaft.gui.browser.internal.BrowserActionsHelpers.capturePageSnapshot(BrowserActionsHelpers.java:268)
	at com.shaft.gui.browser.internal.BrowserActionsHelpers.capturePageSnapshot(BrowserActionsHelpers.java:268)
	at com.shaft.gui.browser.internal.BrowserActionsHelpers.capturePageSnapshot(BrowserActionsHelpers.java:268)
	at com.shaft.gui.browser.internal.BrowserActionsHelpers.capturePageSnapshot(BrowserActionsHelpers.java:268)
	at com.shaft.gui.browser.internal.BrowserActionsHelpers.capturePageSnapshot(BrowserActionsHelpers.java:268)
	at com.shaft.gui.browser.internal.BrowserActionsHelpers.capturePageSnapshot(BrowserActionsHelpers.java:268)
	at com.shaft.gui.browser.internal.BrowserActionsHelpers.capturePageSnapshot(BrowserActionsHelpers.java:268)
	at com.shaft.gui.browser.internal.BrowserActionsHelpers.capturePageSnapshot(BrowserActionsHelpers.java:268)
	at com.shaft.gui.browser.internal.BrowserActionsHelpers.capturePageSnapshot(BrowserActionsHelpers.java:268)
	at com.shaft.gui.browser.internal.BrowserActionsHelpers.capturePageSnapshot(BrowserActionsHelpers.java:268)
	at com.shaft.gui.browser.internal.BrowserActionsHelpers.capturePageSnapshot(BrowserActionsHelpers.java:268)
	at com.shaft.gui.browser.internal.BrowserActionsHelpers.capturePageSnapshot(BrowserActionsHelpers.java:268)
	at com.shaft.gui.browser.internal.BrowserActionsHelpers.capturePageSnapshot(BrowserActionsHelpers.java:268)
	at com.shaft.gui.browser.internal.BrowserActionsHelpers.capturePageSnapshot(BrowserActionsHelpers.java:268)
	at com.shaft.gui.browser.internal.BrowserActionsHelpers.capturePageSnapshot(BrowserActionsHelpers.java:268)
	at com.shaft.gui.browser.internal.BrowserActionsHelpers.capturePageSnapshot(BrowserActionsHelpers.java:268)
	at com.shaft.gui.browser.internal.BrowserActionsHelpers.capturePageSnapshot(BrowserActionsHelpers.java:268)
	at com.shaft.gui.browser.internal.BrowserActionsHelpers.capturePageSnapshot(BrowserActionsHelpers.java:268)
	at com.shaft.gui.browser.internal.BrowserActionsHelpers.capturePageSnapshot(BrowserActionsHelpers.java:268)
	at com.shaft.gui.browser.internal.BrowserActionsHelpers.capturePageSnapshot(BrowserActionsHelpers.java:268)
	at com.shaft.gui.browser.internal.BrowserActionsHelpers.capturePageSnapshot(BrowserActionsHelpers.java:268)
	at com.shaft.gui.browser.internal.BrowserActionsHelpers.capturePageSnapshot(BrowserActionsHelpers.java:268)
	at com.shaft.gui.browser.internal.BrowserActionsHelpers.capturePageSnapshot(BrowserActionsHelpers.java:268)
	at com.shaft.gui.browser.internal.BrowserActionsHelpers.capturePageSnapshot(BrowserActionsHelpers.java:268)
	at com.shaft.gui.browser.internal.BrowserActionsHelpers.capturePageSnapshot(BrowserActionsHelpers.java:268)
	at com.shaft.gui.browser.internal.BrowserActionsHelpers.capturePageSnapshot(BrowserActionsHelpers.java:268)
	at com.shaft.gui.browser.internal.BrowserActionsHelpers.capturePageSnapshot(BrowserActionsHelpers.java:268)
	at com.shaft.gui.browser.internal.BrowserActionsHelpers.capturePageSnapshot(BrowserActionsHelpers.java:268)
	at com.shaft.gui.browser.internal.BrowserActionsHelpers.capturePageSnapshot(BrowserActionsHelpers.java:268)
	at com.shaft.gui.browser.internal.BrowserActionsHelpers.capturePageSnapshot(BrowserActionsHelpers.java:268)
	at com.shaft.gui.browser.internal.BrowserActionsHelpers.capturePageSnapshot(BrowserActionsHelpers.java:268)
	at com.shaft.gui.browser.internal.BrowserActionsHelpers.capturePageSnapshot(BrowserActionsHelpers.java:268)
	at com.shaft.gui.browser.internal.BrowserActionsHelpers.capturePageSnapshot(BrowserActionsHelpers.java:268)
	at com.shaft.gui.browser.internal.BrowserActionsHelpers.capturePageSnapshot(BrowserActionsHelpers.java:268)
	at com.shaft.gui.browser.internal.BrowserActionsHelpers.capturePageSnapshot(BrowserActionsHelpers.java:268)
	at com.shaft.gui.browser.internal.BrowserActionsHelpers.capturePageSnapshot(BrowserActionsHelpers.java:268)
	at com.shaft.gui.browser.internal.BrowserActionsHelpers.capturePageSnapshot(BrowserActionsHelpers.java:268)
	at com.shaft.gui.browser.internal.BrowserActionsHelpers.capturePageSnapshot(BrowserActionsHelpers.java:268)
	at com.shaft.gui.browser.internal.BrowserActionsHelpers.capturePageSnapshot(BrowserActionsHelpers.java:268)
	at com.shaft.gui.browser.internal.BrowserActionsHelpers.capturePageSnapshot(BrowserActionsHelpers.java:268)
	at com.shaft.gui.browser.internal.BrowserActionsHelpers.capturePageSnapshot(BrowserActionsHelpers.java:268)
	at com.shaft.gui.browser.internal.BrowserActionsHelpers.capturePageSnapshot(BrowserActionsHelpers.java:268)
	at com.shaft.gui.browser.internal.BrowserActionsHelpers.capturePageSnapshot(BrowserActionsHelpers.java:268)
	at com.shaft.gui.browser.internal.BrowserActionsHelpers.capturePageSnapshot(BrowserActionsHelpers.java:268)
	at com.shaft.gui.browser.internal.BrowserActionsHelpers.capturePageSnapshot(BrowserActionsHelpers.java:268)
	at com.shaft.gui.browser.internal.BrowserActionsHelpers.capturePageSnapshot(BrowserActionsHelpers.java:268)
	at com.shaft.gui.browser.internal.BrowserActionsHelpers.capturePageSnapshot(BrowserActionsHelpers.java:268)
	at com.shaft.gui.browser.internal.BrowserActionsHelpers.capturePageSnapshot(BrowserActionsHelpers.java:268)
	at com.shaft.gui.browser.internal.BrowserActionsHelpers.capturePageSnapshot(BrowserActionsHelpers.java:268)
]]></failure>
    <system-out><![CDATA[&amp#27;[38;2;0;96;168;1m[INFO]&amp#27;[m &amp#27;[m
------------------------------------------------------------------------------------------------------------------------------------------------
                                             Starting execution of after method configuration method                                             
                                                          'GuiTests.KuTest.AfterMethod'                                                          
------------------------------------------------------------------------------------------------------------------------------------------------
 &amp#27;[m&amp#27;[90m| com.shaft.tools.io.ReportManager&amp#27;[m &amp#27;[90m- main&amp#27;[m &amp#27;[90m- 12:50:45 PM&amp#27;[m 
&amp#27;[38;2;0;96;168;1m[INFO]&amp#27;[m &amp#27;[mSuccessfully Closed Driver. &amp#27;[m&amp#27;[90m| com.shaft.tools.io.ReportManager&amp#27;[m &amp#27;[90m- main&amp#27;[m &amp#27;[90m- 12:50:58 PM&amp#27;[m 
&amp#27;[31;1m[ERROR]&amp#27;[m &amp#27;[mCould not add attachment: no test is running &amp#27;[m&amp#27;[90m| io.qameta.allure.AllureLifecycle&amp#27;[m &amp#27;[90m- main&amp#27;[m &amp#27;[90m- 12:50:58 PM&amp#27;[m 
&amp#27;[38;2;0;96;168;1m[INFO]&amp#27;[m &amp#27;[mSuccessfully created attachment 'SHAFT Engine Logs - Current Method log: AfterMethod' &amp#27;[m&amp#27;[90m| com.shaft.tools.io.ReportManager&amp#27;[m &amp#27;[90m- main&amp#27;[m &amp#27;[90m- 12:50:58 PM&amp#27;[m 
]]></system-out>
  </testcase>
  <testcase name="Validate_data_in_home_page" classname="GuiTests.SaTest" time="1.792">
    <failure message="Assertion &quot;ValidateElementAttribute&quot; FAILED. Expected &quot;Value Should be &apos;CLASSIC&apos; for the &apos;text&apos; attribute, element locator &apos;By.xpath: /html/body/div[1]/div[3]/div/div/div/div[1]/div[2]/h4&apos;&quot; and Actual &quot;Failed to read the desired element attribute&quot;. Comparison Type &quot;CONTAINS&quot;. Validation Type &quot;POSITIVE&quot;. Root cause: &quot;java.lang.AssertionError: Failed to Get text from &quot;By.xpath: /html/body/div[1]/div[3]/div/div/div/div[1]/div[2]/h4&quot;.&quot;" type="java.lang.AssertionError"><![CDATA[java.lang.AssertionError: Assertion "ValidateElementAttribute" FAILED. Expected "Value Should be 'CLASSIC' for the 'text' attribute, element locator 'By.xpath: /html/body/div[1]/div[3]/div/div/div/div[1]/div[2]/h4'" and Actual "Failed to read the desired element attribute". Comparison Type "CONTAINS". Validation Type "POSITIVE". Root cause: "java.lang.AssertionError: Failed to Get text from "By.xpath: /html/body/div[1]/div[3]/div/div/div/div[1]/div[2]/h4"."
	at org.testng.Assert.fail(Assert.java:98)
	at com.shaft.tools.io.internal.FailureReporter.fail(FailureReporter.java:34)
	at com.shaft.validation.internal.ValidationsHelper.reportValidationState(ValidationsHelper.java:735)
	at com.shaft.validation.internal.ValidationsHelper.fail(ValidationsHelper.java:450)
	at com.shaft.validation.internal.ValidationsHelper.validateElementAttribute(ValidationsHelper.java:165)
	at com.shaft.validation.internal.ValidationsExecutor.perform(ValidationsExecutor.java:149)
	at GuiTests.SaTest.Validate_data_in_home_page(SaTest.java:42)
	at java.base/jdk.internal.reflect.NativeMethodAccessorImpl.invoke0(Native Method)
	at java.base/jdk.internal.reflect.NativeMethodAccessorImpl.invoke(NativeMethodAccessorImpl.java:77)
	at java.base/jdk.internal.reflect.DelegatingMethodAccessorImpl.invoke(DelegatingMethodAccessorImpl.java:43)
	at java.base/java.lang.reflect.Method.invoke(Method.java:568)
	at org.testng.internal.invokers.MethodInvocationHelper.invokeMethod(MethodInvocationHelper.java:139)
	at org.testng.internal.invokers.TestInvoker.invokeMethod(TestInvoker.java:677)
	at org.testng.internal.invokers.TestInvoker.invokeTestMethod(TestInvoker.java:221)
	at org.testng.internal.invokers.MethodRunner.runInSequence(MethodRunner.java:50)
	at org.testng.internal.invokers.TestInvoker$MethodInvocationAgent.invoke(TestInvoker.java:969)
	at org.testng.internal.invokers.TestInvoker.invokeTestMethods(TestInvoker.java:194)
	at org.testng.internal.invokers.TestMethodWorker.invokeTestMethods(TestMethodWorker.java:148)
	at org.testng.internal.invokers.TestMethodWorker.run(TestMethodWorker.java:128)
	at java.base/java.util.ArrayList.forEach(ArrayList.java:1511)
	at org.testng.TestRunner.privateRun(TestRunner.java:829)
	at org.testng.TestRunner.run(TestRunner.java:602)
	at org.testng.SuiteRunner.runTest(SuiteRunner.java:437)
	at org.testng.SuiteRunner.runSequentially(SuiteRunner.java:431)
	at org.testng.SuiteRunner.privateRun(SuiteRunner.java:391)
	at org.testng.SuiteRunner.run(SuiteRunner.java:330)
	at org.testng.SuiteRunnerWorker.runSuite(SuiteRunnerWorker.java:52)
	at org.testng.SuiteRunnerWorker.run(SuiteRunnerWorker.java:95)
	at org.testng.TestNG.runSuitesSequentially(TestNG.java:1256)
	at org.testng.TestNG.runSuitesLocally(TestNG.java:1176)
	at org.testng.TestNG.runSuites(TestNG.java:1099)
	at org.testng.TestNG.run(TestNG.java:1067)
	at org.apache.maven.surefire.testng.TestNGExecutor.run(TestNGExecutor.java:155)
	at org.apache.maven.surefire.testng.TestNGDirectoryTestSuite.executeMulti(TestNGDirectoryTestSuite.java:169)
	at org.apache.maven.surefire.testng.TestNGDirectoryTestSuite.execute(TestNGDirectoryTestSuite.java:88)
	at org.apache.maven.surefire.testng.TestNGProvider.invoke(TestNGProvider.java:137)
	at org.apache.maven.surefire.booter.ForkedBooter.runSuitesInProcess(ForkedBooter.java:385)
	at org.apache.maven.surefire.booter.ForkedBooter.execute(ForkedBooter.java:162)
	at org.apache.maven.surefire.booter.ForkedBooter.run(ForkedBooter.java:507)
	at org.apache.maven.surefire.booter.ForkedBooter.main(ForkedBooter.java:495)
Caused by: java.lang.AssertionError: Failed to Get text from "By.xpath: /html/body/div[1]/div[3]/div/div/div/div[1]/div[2]/h4".
	at org.testng.Assert.fail(Assert.java:110)
	at com.shaft.gui.element.internal.ElementActionsHelper.failAction(ElementActionsHelper.java:937)
	at com.shaft.gui.element.internal.ElementActionsHelper.failAction(ElementActionsHelper.java:869)
	at com.shaft.gui.element.internal.FluentElementActions.getText(FluentElementActions.java:581)
	at com.shaft.validation.internal.ValidationsHelper.validateElementAttribute(ValidationsHelper.java:154)
	... 35 more
]]></failure>
    <system-out><![CDATA[&amp#27;[38;2;0;96;168;1m[INFO]&amp#27;[m &amp#27;[m
------------------------------------------------------------------------------------------------------------------------------------------------
                                            Starting execution of before method configuration method                                            
                                                         'GuiTests.SaTest.beforeMethod'                                                         
------------------------------------------------------------------------------------------------------------------------------------------------
 &amp#27;[m&amp#27;[90m| com.shaft.tools.io.ReportManager&amp#27;[m &amp#27;[90m- main&amp#27;[m &amp#27;[90m- 12:50:58 PM&amp#27;[m 
&amp#27;[38;2;0;96;168;1m[INFO]&amp#27;[m &amp#27;[mSetting "targetOperatingSystem" property with "WINDOWS". &amp#27;[m&amp#27;[90m| com.shaft.tools.io.ReportManager&amp#27;[m &amp#27;[90m- main&amp#27;[m &amp#27;[90m- 12:50:58 PM&amp#27;[m 
&amp#27;[38;2;0;96;168;1m[INFO]&amp#27;[m &amp#27;[mFile Action "DoesFileExist" successfully performed. With the following test data "File Path: "target/downloadedFiles/"". &amp#27;[m&amp#27;[90m| com.shaft.tools.io.ReportManager&amp#27;[m &amp#27;[90m- main&amp#27;[m &amp#27;[90m- 12:50:58 PM&amp#27;[m 
&amp#27;[38;2;0;96;168;1m[INFO]&amp#27;[m &amp#27;[mFile Action "GetAbsolutePath" successfully performed. With the following test data "Relative Folder Path: "src/test/resources/testDataFiles/target/downloadedFiles/"". &amp#27;[m&amp#27;[90m| com.shaft.tools.io.ReportManager&amp#27;[m &amp#27;[90m- main&amp#27;[m &amp#27;[90m- 12:50:58 PM&amp#27;[m 
&amp#27;[38;2;0;96;168;1m[INFO]&amp#27;[m &amp#27;[mFile Action "DoesFileExist" successfully performed. With the following test data "File Path: "target/downloadedFiles/"". &amp#27;[m&amp#27;[90m| com.shaft.tools.io.ReportManager&amp#27;[m &amp#27;[90m- main&amp#27;[m &amp#27;[90m- 12:50:58 PM&amp#27;[m 
&amp#27;[38;2;0;96;168;1m[INFO]&amp#27;[m &amp#27;[mFile Action "GetAbsolutePath" successfully performed. With the following test data "Relative Folder Path: "src/test/resources/testDataFiles/target/downloadedFiles/"". &amp#27;[m&amp#27;[90m| com.shaft.tools.io.ReportManager&amp#27;[m &amp#27;[90m- main&amp#27;[m &amp#27;[90m- 12:50:58 PM&amp#27;[m 
&amp#27;[38;2;0;96;168;1m[INFO]&amp#27;[m &amp#27;[mAttempting to run locally on: "WINDOWS | Chrome". &amp#27;[m&amp#27;[90m| com.shaft.tools.io.ReportManager&amp#27;[m &amp#27;[90m- main&amp#27;[m &amp#27;[90m- 12:50:58 PM&amp#27;[m 
&amp#27;[38;2;0;96;168;1m[INFO]&amp#27;[m &amp#27;[mIdentifying OS/Driver combination and selecting the correct driver version automatically. Please note that if a new driver executable will be downloaded it may take some time... &amp#27;[m&amp#27;[90m| com.shaft.tools.io.ReportManager&amp#27;[m &amp#27;[90m- main&amp#27;[m &amp#27;[90m- 12:50:58 PM&amp#27;[m 
&amp#27;[38;2;0;96;168;1m[INFO]&amp#27;[m &amp#27;[mUsing chromedriver 112.0.5615.49 (resolved driver for Chrome 112) &amp#27;[m&amp#27;[90m| io.github.bonigarcia.wdm.WebDriverManager&amp#27;[m &amp#27;[90m- main&amp#27;[m &amp#27;[90m- 12:50:58 PM&amp#27;[m 
&amp#27;[38;2;0;96;168;1m[INFO]&amp#27;[m &amp#27;[mExporting webdriver.chrome.driver as C:\Users\haide\.cache\selenium\chromedriver\win32\112.0.5615.49\chromedriver.exe &amp#27;[m&amp#27;[90m| io.github.bonigarcia.wdm.WebDriverManager&amp#27;[m &amp#27;[90m- main&amp#27;[m &amp#27;[90m- 12:50:58 PM&amp#27;[m 
&amp#27;[33;1m[WARN]&amp#27;[m &amp#27;[mStarting ChromeDriver 112.0.5615.49 (bd2a7bcb881c11e8cfe3078709382934e3916914-refs/branch-heads/5615@{#936}) on port 16110 &amp#27;[m&amp#27;[90m| com.shaft.tools.io.ReportManager&amp#27;[m &amp#27;[90m- Exec Stream Pumper&amp#27;[m &amp#27;[90m- 12:50:58 PM&amp#27;[m 
&amp#27;[33;1m[WARN]&amp#27;[m &amp#27;[mOnly local connections are allowed. &amp#27;[m&amp#27;[90m| com.shaft.tools.io.ReportManager&amp#27;[m &amp#27;[90m- Exec Stream Pumper&amp#27;[m &amp#27;[90m- 12:50:58 PM&amp#27;[m 
&amp#27;[33;1m[WARN]&amp#27;[m &amp#27;[mPlease see https://chromedriver.chromium.org/security-considerations for suggestions on keeping ChromeDriver safe. &amp#27;[m&amp#27;[90m| com.shaft.tools.io.ReportManager&amp#27;[m &amp#27;[90m- Exec Stream Pumper&amp#27;[m &amp#27;[90m- 12:50:58 PM&amp#27;[m 
&amp#27;[33;1m[WARN]&amp#27;[m &amp#27;[mChromeDriver was started successfully. &amp#27;[m&amp#27;[90m| com.shaft.tools.io.ReportManager&amp#27;[m &amp#27;[90m- Exec Stream Pumper&amp#27;[m &amp#27;[90m- 12:50:58 PM&amp#27;[m 
&amp#27;[38;2;0;96;168;1m[INFO]&amp#27;[m &amp#27;[mSuccessfully Opened: "WINDOWS | Chrome". &amp#27;[m&amp#27;[90m| com.shaft.tools.io.ReportManager&amp#27;[m &amp#27;[90m- main&amp#27;[m &amp#27;[90m- 12:50:59 PM&amp#27;[m 
&amp#27;[38;2;0;96;168;1m[INFO]&amp#27;[m &amp#27;[m
------------------------------------------------------------------------------------------------------------------------------------------------
                                        Starting Execution: '4 out of 4' test cases in the current suite                                        
                                            Test Method: 'GuiTests.SaTest.Validate_data_in_home_page'                                            
                                              Test Description: 'Price, Currency, Type are valid '                                              
------------------------------------------------------------------------------------------------------------------------------------------------
 &amp#27;[m&amp#27;[90m| com.shaft.tools.io.ReportManager&amp#27;[m &amp#27;[90m- main&amp#27;[m &amp#27;[90m- 12:50:59 PM&amp#27;[m 
&amp#27;[38;2;0;96;168;1m[INFO]&amp#27;[m &amp#27;[mTarget URL: "nullsa-en" &amp#27;[m&amp#27;[90m| com.shaft.tools.io.ReportManager&amp#27;[m &amp#27;[90m- main&amp#27;[m &amp#27;[90m- 12:50:59 PM&amp#27;[m 
&amp#27;[38;2;0;96;168;1m[INFO]&amp#27;[m &amp#27;[mNavigate to url "nullsa-en". &amp#27;[m&amp#27;[90m| com.shaft.tools.io.ReportManager&amp#27;[m &amp#27;[90m- main&amp#27;[m &amp#27;[90m- 12:50:59 PM&amp#27;[m 
&amp#27;[38;2;0;96;168;1m[INFO]&amp#27;[m &amp#27;[mFailed to Get text from "By.xpath: /html/body/div[1]/div[3]/div/div/div/div[1]/div[2]/h4". &amp#27;[m&amp#27;[90m| com.shaft.tools.io.ReportManager&amp#27;[m &amp#27;[90m- main&amp#27;[m &amp#27;[90m- 12:51:01 PM&amp#27;[m 
&amp#27;[31;1m[ERROR]&amp#27;[m &amp#27;[morg.openqa.selenium.NoSuchWindowException: no such window: target window already closed
from unknown error: web view not found
  (Session info: chrome=112.0.5615.138)
Build info: version: '4.9.0', revision: 'd7057100a6'
System info: os.name: 'Windows 11', os.arch: 'amd64', os.version: '10.0', java.version: '17.0.7'
Driver info: org.openqa.selenium.chrome.ChromeDriver
Command: [257b7a68d83b0190d06127743d61d8b0, screenshot {}]
Capabilities {acceptInsecureCerts: true, browserName: chrome, browserVersion: 112.0.5615.138, chrome: {chromedriverVersion: 112.0.5615.49 (bd2a7bcb881c..., userDataDir: C:\Users\haide\AppData\Loca...}, goog:chromeOptions: {debuggerAddress: localhost:56775}, networkConnectionEnabled: false, pageLoadStrategy: none, platformName: WINDOWS, proxy: Proxy(), se:cdp: ws://localhost:56775/devtoo..., se:cdpVersion: 112.0.5615.138, setWindowRect: true, strictFileInteractability: false, timeouts: {implicit: 0, pageLoad: 60000, script: 30000}, unhandledPromptBehavior: accept and notify, webauthn:extension:credBlob: true, webauthn:extension:largeBlob: true, webauthn:extension:minPinLength: true, webauthn:extension:prf: true, webauthn:virtualAuthenticators: true}
Session ID: 257b7a68d83b0190d06127743d61d8b0
 jdk.internal.reflect.GeneratedConstructorAccessor29.newInstance(Unknown Source)
 java.base/jdk.internal.reflect.DelegatingConstructorAccessorImpl.newInstance(DelegatingConstructorAccessorImpl.java:45)
 java.base/java.lang.reflect.Constructor.newInstanceWithCaller(Constructor.java:499)
 java.base/java.lang.reflect.Constructor.newInstance(Constructor.java:480)
 org.openqa.selenium.remote.codec.w3c.W3CHttpResponseCodec.createException(W3CHttpResponseCodec.java:200)
 org.openqa.selenium.remote.codec.w3c.W3CHttpResponseCodec.decode(W3CHttpResponseCodec.java:133)
 org.openqa.selenium.remote.codec.w3c.W3CHttpResponseCodec.decode(W3CHttpResponseCodec.java:53)
 org.openqa.selenium.remote.HttpCommandExecutor.execute(HttpCommandExecutor.java:193)
 org.openqa.selenium.remote.service.DriverCommandExecutor.invokeExecute(DriverCommandExecutor.java:183)
 org.openqa.selenium.remote.service.DriverCommandExecutor.execute(DriverCommandExecutor.java:158)
 org.openqa.selenium.remote.RemoteWebDriver.execute(RemoteWebDriver.java:543)
 org.openqa.selenium.remote.RemoteWebDriver.execute(RemoteWebDriver.java:598)
 org.openqa.selenium.remote.RemoteWebDriver.execute(RemoteWebDriver.java:602)
 org.openqa.selenium.remote.RemoteWebDriver.getScreenshotAs(RemoteWebDriver.java:318)
 com.shaft.gui.internal.image.ScreenshotManager.takeViewportScreenshot(ScreenshotManager.java:235)
 com.shaft.gui.internal.image.ScreenshotManager.takeScreenshot(ScreenshotManager.java:440)
 com.shaft.gui.internal.image.ScreenshotManager.internalCaptureScreenShot(ScreenshotManager.java:378)
 com.shaft.gui.internal.image.ScreenshotManager.captureScreenShot(ScreenshotManager.java:123)
 com.shaft.validation.internal.ValidationsHelper.reportValidationState(ValidationsHelper.java:688)
 com.shaft.validation.internal.ValidationsHelper.fail(ValidationsHelper.java:450)
 com.shaft.validation.internal.ValidationsHelper.validateElementAttribute(ValidationsHelper.java:165)
 com.shaft.validation.internal.ValidationsExecutor.perform(ValidationsExecutor.java:149)
 GuiTests.SaTest.Validate_data_in_home_page(SaTest.java:42)
 java.base/jdk.internal.reflect.NativeMethodAccessorImpl.invoke0(Native Method)
 java.base/jdk.internal.reflect.NativeMethodAccessorImpl.invoke(NativeMethodAccessorImpl.java:77)
 java.base/jdk.internal.reflect.DelegatingMethodAccessorImpl.invoke(DelegatingMethodAccessorImpl.java:43)
 java.base/java.lang.reflect.Method.invoke(Method.java:568)
 org.testng.internal.invokers.MethodInvocationHelper.invokeMethod(MethodInvocationHelper.java:139)
 org.testng.internal.invokers.TestInvoker.invokeMethod(TestInvoker.java:677)
 org.testng.internal.invokers.TestInvoker.invokeTestMethod(TestInvoker.java:221)
 org.testng.internal.invokers.MethodRunner.runInSequence(MethodRunner.java:50)
 org.testng.internal.invokers.TestInvoker$MethodInvocationAgent.invoke(TestInvoker.java:969)
 org.testng.internal.invokers.TestInvoker.invokeTestMethods(TestInvoker.java:194)
 org.testng.internal.invokers.TestMethodWorker.invokeTestMethods(TestMethodWorker.java:148)
 org.testng.internal.invokers.TestMethodWorker.run(TestMethodWorker.java:128)
 java.base/java.util.ArrayList.forEach(ArrayList.java:1511)
 org.testng.TestRunner.privateRun(TestRunner.java:829)
 org.testng.TestRunner.run(TestRunner.java:602)
 org.testng.SuiteRunner.runTest(SuiteRunner.java:437)
 org.testng.SuiteRunner.runSequentially(SuiteRunner.java:431)
 org.testng.SuiteRunner.privateRun(SuiteRunner.java:391)
 org.testng.SuiteRunner.run(SuiteRunner.java:330)
 org.testng.SuiteRunnerWorker.runSuite(SuiteRunnerWorker.java:52)
 org.testng.SuiteRunnerWorker.run(SuiteRunnerWorker.java:95)
 org.testng.TestNG.runSuitesSequentially(TestNG.java:1256)
 org.testng.TestNG.runSuitesLocally(TestNG.java:1176)
 org.testng.TestNG.runSuites(TestNG.java:1099)
 org.testng.TestNG.run(TestNG.java:1067)
 org.apache.maven.surefire.testng.TestNGExecutor.run(TestNGExecutor.java:155)
 org.apache.maven.surefire.testng.TestNGDirectoryTestSuite.executeMulti(TestNGDirectoryTestSuite.java:169)
 org.apache.maven.surefire.testng.TestNGDirectoryTestSuite.execute(TestNGDirectoryTestSuite.java:88)
 org.apache.maven.surefire.testng.TestNGProvider.invoke(TestNGProvider.java:137)
 org.apache.maven.surefire.booter.ForkedBooter.runSuitesInProcess(ForkedBooter.java:385)
 org.apache.maven.surefire.booter.ForkedBooter.execute(ForkedBooter.java:162)
 org.apache.maven.surefire.booter.ForkedBooter.run(ForkedBooter.java:507)
 org.apache.maven.surefire.booter.ForkedBooter.main(ForkedBooter.java:495) &amp#27;[m&amp#27;[90m| com.shaft.tools.io.ReportManager&amp#27;[m &amp#27;[90m- main&amp#27;[m &amp#27;[90m- 12:51:01 PM&amp#27;[m 
&amp#27;[38;2;0;96;168;1m[INFO]&amp#27;[m &amp#27;[mAssertion "ValidateElementAttribute" FAILED. Expected "Value Should be 'CLASSIC' for the 'text' attribute, element locator 'By.xpath: /html/body/div[1]/div[3]/div/div/div/div[1]/div[2]/h4'" and Actual "Failed to read the desired element attribute". Comparison Type "CONTAINS". Validation Type "POSITIVE". &amp#27;[m&amp#27;[90m| com.shaft.tools.io.ReportManager&amp#27;[m &amp#27;[90m- main&amp#27;[m &amp#27;[90m- 12:51:01 PM&amp#27;[m 
&amp#27;[38;2;0;96;168;1m[INFO]&amp#27;[m &amp#27;[mSuccessfully created attachment 'Validation Test Data - Failure Reason' &amp#27;[m&amp#27;[90m| com.shaft.tools.io.ReportManager&amp#27;[m &amp#27;[90m- main&amp#27;[m &amp#27;[90m- 12:51:01 PM&amp#27;[m 
&amp#27;[38;2;0;96;168;1m[INFO]&amp#27;[m &amp#27;[mSuccessfully created attachment 'Validations helper - Get  stack  trace - Exception Stacktrace' &amp#27;[m&amp#27;[90m| com.shaft.tools.io.ReportManager&amp#27;[m &amp#27;[90m- main&amp#27;[m &amp#27;[90m- 12:51:01 PM&amp#27;[m 
&amp#27;[38;2;0;96;168;1m[INFO]&amp#27;[m &amp#27;[mSuccessfully created attachment 'SHAFT Engine Logs - Current Method log: beforeMethod' &amp#27;[m&amp#27;[90m| com.shaft.tools.io.ReportManager&amp#27;[m &amp#27;[90m- main&amp#27;[m &amp#27;[90m- 12:51:01 PM&amp#27;[m 
&amp#27;[38;2;0;96;168;1m[INFO]&amp#27;[m &amp#27;[mSuccessfully created attachment 'SHAFT Engine Logs - Current Method log: Validate_data_in_home_page' &amp#27;[m&amp#27;[90m| com.shaft.tools.io.ReportManager&amp#27;[m &amp#27;[90m- main&amp#27;[m &amp#27;[90m- 12:51:01 PM&amp#27;[m 
]]></system-out>
  </testcase>
  <testcase name="AfterMethod" classname="GuiTests.SaTest" time="16.079">
    <failure type="java.lang.StackOverflowError"><![CDATA[java.lang.StackOverflowError
	at java.base/java.lang.StringBuilder.append(StringBuilder.java:209)
	at java.base/java.lang.StringBuilder.append(StringBuilder.java:91)
	at java.base/java.util.Formatter$FormatSpecifier.appendJustified(Formatter.java:3093)
	at java.base/java.util.Formatter$FormatSpecifier.print(Formatter.java:3083)
	at java.base/java.util.Formatter$FormatSpecifier.printString(Formatter.java:3056)
	at java.base/java.util.Formatter$FormatSpecifier.print(Formatter.java:2933)
	at java.base/java.util.Formatter.format(Formatter.java:2689)
	at java.base/java.util.Formatter.format(Formatter.java:2625)
	at java.base/java.lang.String.format(String.java:4141)
	at org.openqa.selenium.SharedCapabilitiesMethods.lambda$abbreviate$6(SharedCapabilitiesMethods.java:107)
	at java.base/java.util.stream.ReferencePipeline$3$1.accept(ReferencePipeline.java:197)
	at java.base/java.util.stream.SortedOps$SizedRefSortingSink.end(SortedOps.java:357)
	at java.base/java.util.stream.AbstractPipeline.copyInto(AbstractPipeline.java:510)
	at java.base/java.util.stream.AbstractPipeline.wrapAndCopyInto(AbstractPipeline.java:499)
	at java.base/java.util.stream.ReduceOps$ReduceOp.evaluateSequential(ReduceOps.java:921)
	at java.base/java.util.stream.AbstractPipeline.evaluate(AbstractPipeline.java:234)
	at java.base/java.util.stream.ReferencePipeline.collect(ReferencePipeline.java:682)
	at org.openqa.selenium.SharedCapabilitiesMethods.abbreviate(SharedCapabilitiesMethods.java:108)
	at org.openqa.selenium.SharedCapabilitiesMethods.lambda$abbreviate$6(SharedCapabilitiesMethods.java:107)
	at java.base/java.util.stream.ReferencePipeline$3$1.accept(ReferencePipeline.java:197)
	at java.base/java.util.stream.SortedOps$SizedRefSortingSink.end(SortedOps.java:357)
	at java.base/java.util.stream.AbstractPipeline.copyInto(AbstractPipeline.java:510)
	at java.base/java.util.stream.AbstractPipeline.wrapAndCopyInto(AbstractPipeline.java:499)
	at java.base/java.util.stream.ReduceOps$ReduceOp.evaluateSequential(ReduceOps.java:921)
	at java.base/java.util.stream.AbstractPipeline.evaluate(AbstractPipeline.java:234)
	at java.base/java.util.stream.ReferencePipeline.collect(ReferencePipeline.java:682)
	at org.openqa.selenium.SharedCapabilitiesMethods.abbreviate(SharedCapabilitiesMethods.java:108)
	at org.openqa.selenium.SharedCapabilitiesMethods.toString(SharedCapabilitiesMethods.java:78)
	at org.openqa.selenium.ImmutableCapabilities.toString(ImmutableCapabilities.java:195)
	at org.openqa.selenium.remote.RemoteWebDriver.populateWebDriverException(RemoteWebDriver.java:593)
	at org.openqa.selenium.remote.RemoteWebDriver.execute(RemoteWebDriver.java:570)
	at org.openqa.selenium.remote.RemoteWebDriver.execute(RemoteWebDriver.java:598)
	at org.openqa.selenium.remote.RemoteExecuteMethod.execute(RemoteExecuteMethod.java:40)
	at org.openqa.selenium.chromium.AddHasCdp$1.executeCdpCommand(AddHasCdp.java:58)
	at org.openqa.selenium.chromium.ChromiumDriver.executeCdpCommand(ChromiumDriver.java:212)
	at com.shaft.gui.browser.internal.BrowserActionsHelpers.capturePageSnapshot(BrowserActionsHelpers.java:255)
	at com.shaft.gui.browser.internal.BrowserActionsHelpers.capturePageSnapshot(BrowserActionsHelpers.java:268)
	at com.shaft.gui.browser.internal.BrowserActionsHelpers.capturePageSnapshot(BrowserActionsHelpers.java:268)
	at com.shaft.gui.browser.internal.BrowserActionsHelpers.capturePageSnapshot(BrowserActionsHelpers.java:268)
	at com.shaft.gui.browser.internal.BrowserActionsHelpers.capturePageSnapshot(BrowserActionsHelpers.java:268)
	at com.shaft.gui.browser.internal.BrowserActionsHelpers.capturePageSnapshot(BrowserActionsHelpers.java:268)
	at com.shaft.gui.browser.internal.BrowserActionsHelpers.capturePageSnapshot(BrowserActionsHelpers.java:268)
	at com.shaft.gui.browser.internal.BrowserActionsHelpers.capturePageSnapshot(BrowserActionsHelpers.java:268)
	at com.shaft.gui.browser.internal.BrowserActionsHelpers.capturePageSnapshot(BrowserActionsHelpers.java:268)
	at com.shaft.gui.browser.internal.BrowserActionsHelpers.capturePageSnapshot(BrowserActionsHelpers.java:268)
	at com.shaft.gui.browser.internal.BrowserActionsHelpers.capturePageSnapshot(BrowserActionsHelpers.java:268)
	at com.shaft.gui.browser.internal.BrowserActionsHelpers.capturePageSnapshot(BrowserActionsHelpers.java:268)
	at com.shaft.gui.browser.internal.BrowserActionsHelpers.capturePageSnapshot(BrowserActionsHelpers.java:268)
	at com.shaft.gui.browser.internal.BrowserActionsHelpers.capturePageSnapshot(BrowserActionsHelpers.java:268)
	at com.shaft.gui.browser.internal.BrowserActionsHelpers.capturePageSnapshot(BrowserActionsHelpers.java:268)
	at com.shaft.gui.browser.internal.BrowserActionsHelpers.capturePageSnapshot(BrowserActionsHelpers.java:268)
	at com.shaft.gui.browser.internal.BrowserActionsHelpers.capturePageSnapshot(BrowserActionsHelpers.java:268)
	at com.shaft.gui.browser.internal.BrowserActionsHelpers.capturePageSnapshot(BrowserActionsHelpers.java:268)
	at com.shaft.gui.browser.internal.BrowserActionsHelpers.capturePageSnapshot(BrowserActionsHelpers.java:268)
	at com.shaft.gui.browser.internal.BrowserActionsHelpers.capturePageSnapshot(BrowserActionsHelpers.java:268)
	at com.shaft.gui.browser.internal.BrowserActionsHelpers.capturePageSnapshot(BrowserActionsHelpers.java:268)
	at com.shaft.gui.browser.internal.BrowserActionsHelpers.capturePageSnapshot(BrowserActionsHelpers.java:268)
	at com.shaft.gui.browser.internal.BrowserActionsHelpers.capturePageSnapshot(BrowserActionsHelpers.java:268)
	at com.shaft.gui.browser.internal.BrowserActionsHelpers.capturePageSnapshot(BrowserActionsHelpers.java:268)
	at com.shaft.gui.browser.internal.BrowserActionsHelpers.capturePageSnapshot(BrowserActionsHelpers.java:268)
	at com.shaft.gui.browser.internal.BrowserActionsHelpers.capturePageSnapshot(BrowserActionsHelpers.java:268)
	at com.shaft.gui.browser.internal.BrowserActionsHelpers.capturePageSnapshot(BrowserActionsHelpers.java:268)
	at com.shaft.gui.browser.internal.BrowserActionsHelpers.capturePageSnapshot(BrowserActionsHelpers.java:268)
	at com.shaft.gui.browser.internal.BrowserActionsHelpers.capturePageSnapshot(BrowserActionsHelpers.java:268)
	at com.shaft.gui.browser.internal.BrowserActionsHelpers.capturePageSnapshot(BrowserActionsHelpers.java:268)
	at com.shaft.gui.browser.internal.BrowserActionsHelpers.capturePageSnapshot(BrowserActionsHelpers.java:268)
	at com.shaft.gui.browser.internal.BrowserActionsHelpers.capturePageSnapshot(BrowserActionsHelpers.java:268)
	at com.shaft.gui.browser.internal.BrowserActionsHelpers.capturePageSnapshot(BrowserActionsHelpers.java:268)
	at com.shaft.gui.browser.internal.BrowserActionsHelpers.capturePageSnapshot(BrowserActionsHelpers.java:268)
	at com.shaft.gui.browser.internal.BrowserActionsHelpers.capturePageSnapshot(BrowserActionsHelpers.java:268)
	at com.shaft.gui.browser.internal.BrowserActionsHelpers.capturePageSnapshot(BrowserActionsHelpers.java:268)
	at com.shaft.gui.browser.internal.BrowserActionsHelpers.capturePageSnapshot(BrowserActionsHelpers.java:268)
	at com.shaft.gui.browser.internal.BrowserActionsHelpers.capturePageSnapshot(BrowserActionsHelpers.java:268)
	at com.shaft.gui.browser.internal.BrowserActionsHelpers.capturePageSnapshot(BrowserActionsHelpers.java:268)
	at com.shaft.gui.browser.internal.BrowserActionsHelpers.capturePageSnapshot(BrowserActionsHelpers.java:268)
	at com.shaft.gui.browser.internal.BrowserActionsHelpers.capturePageSnapshot(BrowserActionsHelpers.java:268)
	at com.shaft.gui.browser.internal.BrowserActionsHelpers.capturePageSnapshot(BrowserActionsHelpers.java:268)
	at com.shaft.gui.browser.internal.BrowserActionsHelpers.capturePageSnapshot(BrowserActionsHelpers.java:268)
	at com.shaft.gui.browser.internal.BrowserActionsHelpers.capturePageSnapshot(BrowserActionsHelpers.java:268)
	at com.shaft.gui.browser.internal.BrowserActionsHelpers.capturePageSnapshot(BrowserActionsHelpers.java:268)
	at com.shaft.gui.browser.internal.BrowserActionsHelpers.capturePageSnapshot(BrowserActionsHelpers.java:268)
	at com.shaft.gui.browser.internal.BrowserActionsHelpers.capturePageSnapshot(BrowserActionsHelpers.java:268)
	at com.shaft.gui.browser.internal.BrowserActionsHelpers.capturePageSnapshot(BrowserActionsHelpers.java:268)
	at com.shaft.gui.browser.internal.BrowserActionsHelpers.capturePageSnapshot(BrowserActionsHelpers.java:268)
	at com.shaft.gui.browser.internal.BrowserActionsHelpers.capturePageSnapshot(BrowserActionsHelpers.java:268)
	at com.shaft.gui.browser.internal.BrowserActionsHelpers.capturePageSnapshot(BrowserActionsHelpers.java:268)
	at com.shaft.gui.browser.internal.BrowserActionsHelpers.capturePageSnapshot(BrowserActionsHelpers.java:268)
	at com.shaft.gui.browser.internal.BrowserActionsHelpers.capturePageSnapshot(BrowserActionsHelpers.java:268)
	at com.shaft.gui.browser.internal.BrowserActionsHelpers.capturePageSnapshot(BrowserActionsHelpers.java:268)
	at com.shaft.gui.browser.internal.BrowserActionsHelpers.capturePageSnapshot(BrowserActionsHelpers.java:268)
	at com.shaft.gui.browser.internal.BrowserActionsHelpers.capturePageSnapshot(BrowserActionsHelpers.java:268)
	at com.shaft.gui.browser.internal.BrowserActionsHelpers.capturePageSnapshot(BrowserActionsHelpers.java:268)
	at com.shaft.gui.browser.internal.BrowserActionsHelpers.capturePageSnapshot(BrowserActionsHelpers.java:268)
	at com.shaft.gui.browser.internal.BrowserActionsHelpers.capturePageSnapshot(BrowserActionsHelpers.java:268)
	at com.shaft.gui.browser.internal.BrowserActionsHelpers.capturePageSnapshot(BrowserActionsHelpers.java:268)
	at com.shaft.gui.browser.internal.BrowserActionsHelpers.capturePageSnapshot(BrowserActionsHelpers.java:268)
	at com.shaft.gui.browser.internal.BrowserActionsHelpers.capturePageSnapshot(BrowserActionsHelpers.java:268)
	at com.shaft.gui.browser.internal.BrowserActionsHelpers.capturePageSnapshot(BrowserActionsHelpers.java:268)
	at com.shaft.gui.browser.internal.BrowserActionsHelpers.capturePageSnapshot(BrowserActionsHelpers.java:268)
	at com.shaft.gui.browser.internal.BrowserActionsHelpers.capturePageSnapshot(BrowserActionsHelpers.java:268)
	at com.shaft.gui.browser.internal.BrowserActionsHelpers.capturePageSnapshot(BrowserActionsHelpers.java:268)
	at com.shaft.gui.browser.internal.BrowserActionsHelpers.capturePageSnapshot(BrowserActionsHelpers.java:268)
	at com.shaft.gui.browser.internal.BrowserActionsHelpers.capturePageSnapshot(BrowserActionsHelpers.java:268)
	at com.shaft.gui.browser.internal.BrowserActionsHelpers.capturePageSnapshot(BrowserActionsHelpers.java:268)
	at com.shaft.gui.browser.internal.BrowserActionsHelpers.capturePageSnapshot(BrowserActionsHelpers.java:268)
	at com.shaft.gui.browser.internal.BrowserActionsHelpers.capturePageSnapshot(BrowserActionsHelpers.java:268)
	at com.shaft.gui.browser.internal.BrowserActionsHelpers.capturePageSnapshot(BrowserActionsHelpers.java:268)
	at com.shaft.gui.browser.internal.BrowserActionsHelpers.capturePageSnapshot(BrowserActionsHelpers.java:268)
	at com.shaft.gui.browser.internal.BrowserActionsHelpers.capturePageSnapshot(BrowserActionsHelpers.java:268)
	at com.shaft.gui.browser.internal.BrowserActionsHelpers.capturePageSnapshot(BrowserActionsHelpers.java:268)
	at com.shaft.gui.browser.internal.BrowserActionsHelpers.capturePageSnapshot(BrowserActionsHelpers.java:268)
	at com.shaft.gui.browser.internal.BrowserActionsHelpers.capturePageSnapshot(BrowserActionsHelpers.java:268)
	at com.shaft.gui.browser.internal.BrowserActionsHelpers.capturePageSnapshot(BrowserActionsHelpers.java:268)
	at com.shaft.gui.browser.internal.BrowserActionsHelpers.capturePageSnapshot(BrowserActionsHelpers.java:268)
	at com.shaft.gui.browser.internal.BrowserActionsHelpers.capturePageSnapshot(BrowserActionsHelpers.java:268)
	at com.shaft.gui.browser.internal.BrowserActionsHelpers.capturePageSnapshot(BrowserActionsHelpers.java:268)
	at com.shaft.gui.browser.internal.BrowserActionsHelpers.capturePageSnapshot(BrowserActionsHelpers.java:268)
	at com.shaft.gui.browser.internal.BrowserActionsHelpers.capturePageSnapshot(BrowserActionsHelpers.java:268)
	at com.shaft.gui.browser.internal.BrowserActionsHelpers.capturePageSnapshot(BrowserActionsHelpers.java:268)
	at com.shaft.gui.browser.internal.BrowserActionsHelpers.capturePageSnapshot(BrowserActionsHelpers.java:268)
	at com.shaft.gui.browser.internal.BrowserActionsHelpers.capturePageSnapshot(BrowserActionsHelpers.java:268)
	at com.shaft.gui.browser.internal.BrowserActionsHelpers.capturePageSnapshot(BrowserActionsHelpers.java:268)
	at com.shaft.gui.browser.internal.BrowserActionsHelpers.capturePageSnapshot(BrowserActionsHelpers.java:268)
	at com.shaft.gui.browser.internal.BrowserActionsHelpers.capturePageSnapshot(BrowserActionsHelpers.java:268)
	at com.shaft.gui.browser.internal.BrowserActionsHelpers.capturePageSnapshot(BrowserActionsHelpers.java:268)
	at com.shaft.gui.browser.internal.BrowserActionsHelpers.capturePageSnapshot(BrowserActionsHelpers.java:268)
	at com.shaft.gui.browser.internal.BrowserActionsHelpers.capturePageSnapshot(BrowserActionsHelpers.java:268)
	at com.shaft.gui.browser.internal.BrowserActionsHelpers.capturePageSnapshot(BrowserActionsHelpers.java:268)
	at com.shaft.gui.browser.internal.BrowserActionsHelpers.capturePageSnapshot(BrowserActionsHelpers.java:268)
	at com.shaft.gui.browser.internal.BrowserActionsHelpers.capturePageSnapshot(BrowserActionsHelpers.java:268)
	at com.shaft.gui.browser.internal.BrowserActionsHelpers.capturePageSnapshot(BrowserActionsHelpers.java:268)
	at com.shaft.gui.browser.internal.BrowserActionsHelpers.capturePageSnapshot(BrowserActionsHelpers.java:268)
	at com.shaft.gui.browser.internal.BrowserActionsHelpers.capturePageSnapshot(BrowserActionsHelpers.java:268)
	at com.shaft.gui.browser.internal.BrowserActionsHelpers.capturePageSnapshot(BrowserActionsHelpers.java:268)
	at com.shaft.gui.browser.internal.BrowserActionsHelpers.capturePageSnapshot(BrowserActionsHelpers.java:268)
	at com.shaft.gui.browser.internal.BrowserActionsHelpers.capturePageSnapshot(BrowserActionsHelpers.java:268)
	at com.shaft.gui.browser.internal.BrowserActionsHelpers.capturePageSnapshot(BrowserActionsHelpers.java:268)
	at com.shaft.gui.browser.internal.BrowserActionsHelpers.capturePageSnapshot(BrowserActionsHelpers.java:268)
	at com.shaft.gui.browser.internal.BrowserActionsHelpers.capturePageSnapshot(BrowserActionsHelpers.java:268)
	at com.shaft.gui.browser.internal.BrowserActionsHelpers.capturePageSnapshot(BrowserActionsHelpers.java:268)
	at com.shaft.gui.browser.internal.BrowserActionsHelpers.capturePageSnapshot(BrowserActionsHelpers.java:268)
	at com.shaft.gui.browser.internal.BrowserActionsHelpers.capturePageSnapshot(BrowserActionsHelpers.java:268)
	at com.shaft.gui.browser.internal.BrowserActionsHelpers.capturePageSnapshot(BrowserActionsHelpers.java:268)
	at com.shaft.gui.browser.internal.BrowserActionsHelpers.capturePageSnapshot(BrowserActionsHelpers.java:268)
	at com.shaft.gui.browser.internal.BrowserActionsHelpers.capturePageSnapshot(BrowserActionsHelpers.java:268)
	at com.shaft.gui.browser.internal.BrowserActionsHelpers.capturePageSnapshot(BrowserActionsHelpers.java:268)
	at com.shaft.gui.browser.internal.BrowserActionsHelpers.capturePageSnapshot(BrowserActionsHelpers.java:268)
	at com.shaft.gui.browser.internal.BrowserActionsHelpers.capturePageSnapshot(BrowserActionsHelpers.java:268)
	at com.shaft.gui.browser.internal.BrowserActionsHelpers.capturePageSnapshot(BrowserActionsHelpers.java:268)
	at com.shaft.gui.browser.internal.BrowserActionsHelpers.capturePageSnapshot(BrowserActionsHelpers.java:268)
	at com.shaft.gui.browser.internal.BrowserActionsHelpers.capturePageSnapshot(BrowserActionsHelpers.java:268)
	at com.shaft.gui.browser.internal.BrowserActionsHelpers.capturePageSnapshot(BrowserActionsHelpers.java:268)
	at com.shaft.gui.browser.internal.BrowserActionsHelpers.capturePageSnapshot(BrowserActionsHelpers.java:268)
	at com.shaft.gui.browser.internal.BrowserActionsHelpers.capturePageSnapshot(BrowserActionsHelpers.java:268)
	at com.shaft.gui.browser.internal.BrowserActionsHelpers.capturePageSnapshot(BrowserActionsHelpers.java:268)
	at com.shaft.gui.browser.internal.BrowserActionsHelpers.capturePageSnapshot(BrowserActionsHelpers.java:268)
	at com.shaft.gui.browser.internal.BrowserActionsHelpers.capturePageSnapshot(BrowserActionsHelpers.java:268)
	at com.shaft.gui.browser.internal.BrowserActionsHelpers.capturePageSnapshot(BrowserActionsHelpers.java:268)
	at com.shaft.gui.browser.internal.BrowserActionsHelpers.capturePageSnapshot(BrowserActionsHelpers.java:268)
	at com.shaft.gui.browser.internal.BrowserActionsHelpers.capturePageSnapshot(BrowserActionsHelpers.java:268)
	at com.shaft.gui.browser.internal.BrowserActionsHelpers.capturePageSnapshot(BrowserActionsHelpers.java:268)
	at com.shaft.gui.browser.internal.BrowserActionsHelpers.capturePageSnapshot(BrowserActionsHelpers.java:268)
	at com.shaft.gui.browser.internal.BrowserActionsHelpers.capturePageSnapshot(BrowserActionsHelpers.java:268)
	at com.shaft.gui.browser.internal.BrowserActionsHelpers.capturePageSnapshot(BrowserActionsHelpers.java:268)
	at com.shaft.gui.browser.internal.BrowserActionsHelpers.capturePageSnapshot(BrowserActionsHelpers.java:268)
	at com.shaft.gui.browser.internal.BrowserActionsHelpers.capturePageSnapshot(BrowserActionsHelpers.java:268)
	at com.shaft.gui.browser.internal.BrowserActionsHelpers.capturePageSnapshot(BrowserActionsHelpers.java:268)
	at com.shaft.gui.browser.internal.BrowserActionsHelpers.capturePageSnapshot(BrowserActionsHelpers.java:268)
	at com.shaft.gui.browser.internal.BrowserActionsHelpers.capturePageSnapshot(BrowserActionsHelpers.java:268)
	at com.shaft.gui.browser.internal.BrowserActionsHelpers.capturePageSnapshot(BrowserActionsHelpers.java:268)
	at com.shaft.gui.browser.internal.BrowserActionsHelpers.capturePageSnapshot(BrowserActionsHelpers.java:268)
	at com.shaft.gui.browser.internal.BrowserActionsHelpers.capturePageSnapshot(BrowserActionsHelpers.java:268)
	at com.shaft.gui.browser.internal.BrowserActionsHelpers.capturePageSnapshot(BrowserActionsHelpers.java:268)
	at com.shaft.gui.browser.internal.BrowserActionsHelpers.capturePageSnapshot(BrowserActionsHelpers.java:268)
	at com.shaft.gui.browser.internal.BrowserActionsHelpers.capturePageSnapshot(BrowserActionsHelpers.java:268)
	at com.shaft.gui.browser.internal.BrowserActionsHelpers.capturePageSnapshot(BrowserActionsHelpers.java:268)
	at com.shaft.gui.browser.internal.BrowserActionsHelpers.capturePageSnapshot(BrowserActionsHelpers.java:268)
	at com.shaft.gui.browser.internal.BrowserActionsHelpers.capturePageSnapshot(BrowserActionsHelpers.java:268)
	at com.shaft.gui.browser.internal.BrowserActionsHelpers.capturePageSnapshot(BrowserActionsHelpers.java:268)
	at com.shaft.gui.browser.internal.BrowserActionsHelpers.capturePageSnapshot(BrowserActionsHelpers.java:268)
	at com.shaft.gui.browser.internal.BrowserActionsHelpers.capturePageSnapshot(BrowserActionsHelpers.java:268)
	at com.shaft.gui.browser.internal.BrowserActionsHelpers.capturePageSnapshot(BrowserActionsHelpers.java:268)
	at com.shaft.gui.browser.internal.BrowserActionsHelpers.capturePageSnapshot(BrowserActionsHelpers.java:268)
	at com.shaft.gui.browser.internal.BrowserActionsHelpers.capturePageSnapshot(BrowserActionsHelpers.java:268)
	at com.shaft.gui.browser.internal.BrowserActionsHelpers.capturePageSnapshot(BrowserActionsHelpers.java:268)
	at com.shaft.gui.browser.internal.BrowserActionsHelpers.capturePageSnapshot(BrowserActionsHelpers.java:268)
	at com.shaft.gui.browser.internal.BrowserActionsHelpers.capturePageSnapshot(BrowserActionsHelpers.java:268)
	at com.shaft.gui.browser.internal.BrowserActionsHelpers.capturePageSnapshot(BrowserActionsHelpers.java:268)
	at com.shaft.gui.browser.internal.BrowserActionsHelpers.capturePageSnapshot(BrowserActionsHelpers.java:268)
	at com.shaft.gui.browser.internal.BrowserActionsHelpers.capturePageSnapshot(BrowserActionsHelpers.java:268)
	at com.shaft.gui.browser.internal.BrowserActionsHelpers.capturePageSnapshot(BrowserActionsHelpers.java:268)
	at com.shaft.gui.browser.internal.BrowserActionsHelpers.capturePageSnapshot(BrowserActionsHelpers.java:268)
	at com.shaft.gui.browser.internal.BrowserActionsHelpers.capturePageSnapshot(BrowserActionsHelpers.java:268)
	at com.shaft.gui.browser.internal.BrowserActionsHelpers.capturePageSnapshot(BrowserActionsHelpers.java:268)
	at com.shaft.gui.browser.internal.BrowserActionsHelpers.capturePageSnapshot(BrowserActionsHelpers.java:268)
	at com.shaft.gui.browser.internal.BrowserActionsHelpers.capturePageSnapshot(BrowserActionsHelpers.java:268)
	at com.shaft.gui.browser.internal.BrowserActionsHelpers.capturePageSnapshot(BrowserActionsHelpers.java:268)
	at com.shaft.gui.browser.internal.BrowserActionsHelpers.capturePageSnapshot(BrowserActionsHelpers.java:268)
	at com.shaft.gui.browser.internal.BrowserActionsHelpers.capturePageSnapshot(BrowserActionsHelpers.java:268)
	at com.shaft.gui.browser.internal.BrowserActionsHelpers.capturePageSnapshot(BrowserActionsHelpers.java:268)
	at com.shaft.gui.browser.internal.BrowserActionsHelpers.capturePageSnapshot(BrowserActionsHelpers.java:268)
	at com.shaft.gui.browser.internal.BrowserActionsHelpers.capturePageSnapshot(BrowserActionsHelpers.java:268)
	at com.shaft.gui.browser.internal.BrowserActionsHelpers.capturePageSnapshot(BrowserActionsHelpers.java:268)
	at com.shaft.gui.browser.internal.BrowserActionsHelpers.capturePageSnapshot(BrowserActionsHelpers.java:268)
	at com.shaft.gui.browser.internal.BrowserActionsHelpers.capturePageSnapshot(BrowserActionsHelpers.java:268)
	at com.shaft.gui.browser.internal.BrowserActionsHelpers.capturePageSnapshot(BrowserActionsHelpers.java:268)
	at com.shaft.gui.browser.internal.BrowserActionsHelpers.capturePageSnapshot(BrowserActionsHelpers.java:268)
	at com.shaft.gui.browser.internal.BrowserActionsHelpers.capturePageSnapshot(BrowserActionsHelpers.java:268)
	at com.shaft.gui.browser.internal.BrowserActionsHelpers.capturePageSnapshot(BrowserActionsHelpers.java:268)
	at com.shaft.gui.browser.internal.BrowserActionsHelpers.capturePageSnapshot(BrowserActionsHelpers.java:268)
	at com.shaft.gui.browser.internal.BrowserActionsHelpers.capturePageSnapshot(BrowserActionsHelpers.java:268)
	at com.shaft.gui.browser.internal.BrowserActionsHelpers.capturePageSnapshot(BrowserActionsHelpers.java:268)
	at com.shaft.gui.browser.internal.BrowserActionsHelpers.capturePageSnapshot(BrowserActionsHelpers.java:268)
	at com.shaft.gui.browser.internal.BrowserActionsHelpers.capturePageSnapshot(BrowserActionsHelpers.java:268)
	at com.shaft.gui.browser.internal.BrowserActionsHelpers.capturePageSnapshot(BrowserActionsHelpers.java:268)
	at com.shaft.gui.browser.internal.BrowserActionsHelpers.capturePageSnapshot(BrowserActionsHelpers.java:268)
	at com.shaft.gui.browser.internal.BrowserActionsHelpers.capturePageSnapshot(BrowserActionsHelpers.java:268)
	at com.shaft.gui.browser.internal.BrowserActionsHelpers.capturePageSnapshot(BrowserActionsHelpers.java:268)
	at com.shaft.gui.browser.internal.BrowserActionsHelpers.capturePageSnapshot(BrowserActionsHelpers.java:268)
	at com.shaft.gui.browser.internal.BrowserActionsHelpers.capturePageSnapshot(BrowserActionsHelpers.java:268)
	at com.shaft.gui.browser.internal.BrowserActionsHelpers.capturePageSnapshot(BrowserActionsHelpers.java:268)
	at com.shaft.gui.browser.internal.BrowserActionsHelpers.capturePageSnapshot(BrowserActionsHelpers.java:268)
	at com.shaft.gui.browser.internal.BrowserActionsHelpers.capturePageSnapshot(BrowserActionsHelpers.java:268)
	at com.shaft.gui.browser.internal.BrowserActionsHelpers.capturePageSnapshot(BrowserActionsHelpers.java:268)
	at com.shaft.gui.browser.internal.BrowserActionsHelpers.capturePageSnapshot(BrowserActionsHelpers.java:268)
	at com.shaft.gui.browser.internal.BrowserActionsHelpers.capturePageSnapshot(BrowserActionsHelpers.java:268)
	at com.shaft.gui.browser.internal.BrowserActionsHelpers.capturePageSnapshot(BrowserActionsHelpers.java:268)
	at com.shaft.gui.browser.internal.BrowserActionsHelpers.capturePageSnapshot(BrowserActionsHelpers.java:268)
	at com.shaft.gui.browser.internal.BrowserActionsHelpers.capturePageSnapshot(BrowserActionsHelpers.java:268)
	at com.shaft.gui.browser.internal.BrowserActionsHelpers.capturePageSnapshot(BrowserActionsHelpers.java:268)
	at com.shaft.gui.browser.internal.BrowserActionsHelpers.capturePageSnapshot(BrowserActionsHelpers.java:268)
	at com.shaft.gui.browser.internal.BrowserActionsHelpers.capturePageSnapshot(BrowserActionsHelpers.java:268)
	at com.shaft.gui.browser.internal.BrowserActionsHelpers.capturePageSnapshot(BrowserActionsHelpers.java:268)
	at com.shaft.gui.browser.internal.BrowserActionsHelpers.capturePageSnapshot(BrowserActionsHelpers.java:268)
	at com.shaft.gui.browser.internal.BrowserActionsHelpers.capturePageSnapshot(BrowserActionsHelpers.java:268)
	at com.shaft.gui.browser.internal.BrowserActionsHelpers.capturePageSnapshot(BrowserActionsHelpers.java:268)
	at com.shaft.gui.browser.internal.BrowserActionsHelpers.capturePageSnapshot(BrowserActionsHelpers.java:268)
	at com.shaft.gui.browser.internal.BrowserActionsHelpers.capturePageSnapshot(BrowserActionsHelpers.java:268)
	at com.shaft.gui.browser.internal.BrowserActionsHelpers.capturePageSnapshot(BrowserActionsHelpers.java:268)
	at com.shaft.gui.browser.internal.BrowserActionsHelpers.capturePageSnapshot(BrowserActionsHelpers.java:268)
	at com.shaft.gui.browser.internal.BrowserActionsHelpers.capturePageSnapshot(BrowserActionsHelpers.java:268)
	at com.shaft.gui.browser.internal.BrowserActionsHelpers.capturePageSnapshot(BrowserActionsHelpers.java:268)
	at com.shaft.gui.browser.internal.BrowserActionsHelpers.capturePageSnapshot(BrowserActionsHelpers.java:268)
	at com.shaft.gui.browser.internal.BrowserActionsHelpers.capturePageSnapshot(BrowserActionsHelpers.java:268)
	at com.shaft.gui.browser.internal.BrowserActionsHelpers.capturePageSnapshot(BrowserActionsHelpers.java:268)
	at com.shaft.gui.browser.internal.BrowserActionsHelpers.capturePageSnapshot(BrowserActionsHelpers.java:268)
	at com.shaft.gui.browser.internal.BrowserActionsHelpers.capturePageSnapshot(BrowserActionsHelpers.java:268)
	at com.shaft.gui.browser.internal.BrowserActionsHelpers.capturePageSnapshot(BrowserActionsHelpers.java:268)
	at com.shaft.gui.browser.internal.BrowserActionsHelpers.capturePageSnapshot(BrowserActionsHelpers.java:268)
	at com.shaft.gui.browser.internal.BrowserActionsHelpers.capturePageSnapshot(BrowserActionsHelpers.java:268)
	at com.shaft.gui.browser.internal.BrowserActionsHelpers.capturePageSnapshot(BrowserActionsHelpers.java:268)
	at com.shaft.gui.browser.internal.BrowserActionsHelpers.capturePageSnapshot(BrowserActionsHelpers.java:268)
	at com.shaft.gui.browser.internal.BrowserActionsHelpers.capturePageSnapshot(BrowserActionsHelpers.java:268)
	at com.shaft.gui.browser.internal.BrowserActionsHelpers.capturePageSnapshot(BrowserActionsHelpers.java:268)
	at com.shaft.gui.browser.internal.BrowserActionsHelpers.capturePageSnapshot(BrowserActionsHelpers.java:268)
	at com.shaft.gui.browser.internal.BrowserActionsHelpers.capturePageSnapshot(BrowserActionsHelpers.java:268)
	at com.shaft.gui.browser.internal.BrowserActionsHelpers.capturePageSnapshot(BrowserActionsHelpers.java:268)
	at com.shaft.gui.browser.internal.BrowserActionsHelpers.capturePageSnapshot(BrowserActionsHelpers.java:268)
	at com.shaft.gui.browser.internal.BrowserActionsHelpers.capturePageSnapshot(BrowserActionsHelpers.java:268)
	at com.shaft.gui.browser.internal.BrowserActionsHelpers.capturePageSnapshot(BrowserActionsHelpers.java:268)
	at com.shaft.gui.browser.internal.BrowserActionsHelpers.capturePageSnapshot(BrowserActionsHelpers.java:268)
	at com.shaft.gui.browser.internal.BrowserActionsHelpers.capturePageSnapshot(BrowserActionsHelpers.java:268)
	at com.shaft.gui.browser.internal.BrowserActionsHelpers.capturePageSnapshot(BrowserActionsHelpers.java:268)
	at com.shaft.gui.browser.internal.BrowserActionsHelpers.capturePageSnapshot(BrowserActionsHelpers.java:268)
	at com.shaft.gui.browser.internal.BrowserActionsHelpers.capturePageSnapshot(BrowserActionsHelpers.java:268)
	at com.shaft.gui.browser.internal.BrowserActionsHelpers.capturePageSnapshot(BrowserActionsHelpers.java:268)
	at com.shaft.gui.browser.internal.BrowserActionsHelpers.capturePageSnapshot(BrowserActionsHelpers.java:268)
	at com.shaft.gui.browser.internal.BrowserActionsHelpers.capturePageSnapshot(BrowserActionsHelpers.java:268)
	at com.shaft.gui.browser.internal.BrowserActionsHelpers.capturePageSnapshot(BrowserActionsHelpers.java:268)
	at com.shaft.gui.browser.internal.BrowserActionsHelpers.capturePageSnapshot(BrowserActionsHelpers.java:268)
	at com.shaft.gui.browser.internal.BrowserActionsHelpers.capturePageSnapshot(BrowserActionsHelpers.java:268)
	at com.shaft.gui.browser.internal.BrowserActionsHelpers.capturePageSnapshot(BrowserActionsHelpers.java:268)
	at com.shaft.gui.browser.internal.BrowserActionsHelpers.capturePageSnapshot(BrowserActionsHelpers.java:268)
	at com.shaft.gui.browser.internal.BrowserActionsHelpers.capturePageSnapshot(BrowserActionsHelpers.java:268)
	at com.shaft.gui.browser.internal.BrowserActionsHelpers.capturePageSnapshot(BrowserActionsHelpers.java:268)
	at com.shaft.gui.browser.internal.BrowserActionsHelpers.capturePageSnapshot(BrowserActionsHelpers.java:268)
	at com.shaft.gui.browser.internal.BrowserActionsHelpers.capturePageSnapshot(BrowserActionsHelpers.java:268)
	at com.shaft.gui.browser.internal.BrowserActionsHelpers.capturePageSnapshot(BrowserActionsHelpers.java:268)
	at com.shaft.gui.browser.internal.BrowserActionsHelpers.capturePageSnapshot(BrowserActionsHelpers.java:268)
	at com.shaft.gui.browser.internal.BrowserActionsHelpers.capturePageSnapshot(BrowserActionsHelpers.java:268)
	at com.shaft.gui.browser.internal.BrowserActionsHelpers.capturePageSnapshot(BrowserActionsHelpers.java:268)
	at com.shaft.gui.browser.internal.BrowserActionsHelpers.capturePageSnapshot(BrowserActionsHelpers.java:268)
	at com.shaft.gui.browser.internal.BrowserActionsHelpers.capturePageSnapshot(BrowserActionsHelpers.java:268)
	at com.shaft.gui.browser.internal.BrowserActionsHelpers.capturePageSnapshot(BrowserActionsHelpers.java:268)
	at com.shaft.gui.browser.internal.BrowserActionsHelpers.capturePageSnapshot(BrowserActionsHelpers.java:268)
	at com.shaft.gui.browser.internal.BrowserActionsHelpers.capturePageSnapshot(BrowserActionsHelpers.java:268)
	at com.shaft.gui.browser.internal.BrowserActionsHelpers.capturePageSnapshot(BrowserActionsHelpers.java:268)
	at com.shaft.gui.browser.internal.BrowserActionsHelpers.capturePageSnapshot(BrowserActionsHelpers.java:268)
	at com.shaft.gui.browser.internal.BrowserActionsHelpers.capturePageSnapshot(BrowserActionsHelpers.java:268)
	at com.shaft.gui.browser.internal.BrowserActionsHelpers.capturePageSnapshot(BrowserActionsHelpers.java:268)
	at com.shaft.gui.browser.internal.BrowserActionsHelpers.capturePageSnapshot(BrowserActionsHelpers.java:268)
	at com.shaft.gui.browser.internal.BrowserActionsHelpers.capturePageSnapshot(BrowserActionsHelpers.java:268)
	at com.shaft.gui.browser.internal.BrowserActionsHelpers.capturePageSnapshot(BrowserActionsHelpers.java:268)
	at com.shaft.gui.browser.internal.BrowserActionsHelpers.capturePageSnapshot(BrowserActionsHelpers.java:268)
	at com.shaft.gui.browser.internal.BrowserActionsHelpers.capturePageSnapshot(BrowserActionsHelpers.java:268)
	at com.shaft.gui.browser.internal.BrowserActionsHelpers.capturePageSnapshot(BrowserActionsHelpers.java:268)
	at com.shaft.gui.browser.internal.BrowserActionsHelpers.capturePageSnapshot(BrowserActionsHelpers.java:268)
	at com.shaft.gui.browser.internal.BrowserActionsHelpers.capturePageSnapshot(BrowserActionsHelpers.java:268)
	at com.shaft.gui.browser.internal.BrowserActionsHelpers.capturePageSnapshot(BrowserActionsHelpers.java:268)
	at com.shaft.gui.browser.internal.BrowserActionsHelpers.capturePageSnapshot(BrowserActionsHelpers.java:268)
	at com.shaft.gui.browser.internal.BrowserActionsHelpers.capturePageSnapshot(BrowserActionsHelpers.java:268)
	at com.shaft.gui.browser.internal.BrowserActionsHelpers.capturePageSnapshot(BrowserActionsHelpers.java:268)
	at com.shaft.gui.browser.internal.BrowserActionsHelpers.capturePageSnapshot(BrowserActionsHelpers.java:268)
	at com.shaft.gui.browser.internal.BrowserActionsHelpers.capturePageSnapshot(BrowserActionsHelpers.java:268)
	at com.shaft.gui.browser.internal.BrowserActionsHelpers.capturePageSnapshot(BrowserActionsHelpers.java:268)
	at com.shaft.gui.browser.internal.BrowserActionsHelpers.capturePageSnapshot(BrowserActionsHelpers.java:268)
	at com.shaft.gui.browser.internal.BrowserActionsHelpers.capturePageSnapshot(BrowserActionsHelpers.java:268)
	at com.shaft.gui.browser.internal.BrowserActionsHelpers.capturePageSnapshot(BrowserActionsHelpers.java:268)
	at com.shaft.gui.browser.internal.BrowserActionsHelpers.capturePageSnapshot(BrowserActionsHelpers.java:268)
	at com.shaft.gui.browser.internal.BrowserActionsHelpers.capturePageSnapshot(BrowserActionsHelpers.java:268)
	at com.shaft.gui.browser.internal.BrowserActionsHelpers.capturePageSnapshot(BrowserActionsHelpers.java:268)
	at com.shaft.gui.browser.internal.BrowserActionsHelpers.capturePageSnapshot(BrowserActionsHelpers.java:268)
	at com.shaft.gui.browser.internal.BrowserActionsHelpers.capturePageSnapshot(BrowserActionsHelpers.java:268)
	at com.shaft.gui.browser.internal.BrowserActionsHelpers.capturePageSnapshot(BrowserActionsHelpers.java:268)
	at com.shaft.gui.browser.internal.BrowserActionsHelpers.capturePageSnapshot(BrowserActionsHelpers.java:268)
	at com.shaft.gui.browser.internal.BrowserActionsHelpers.capturePageSnapshot(BrowserActionsHelpers.java:268)
	at com.shaft.gui.browser.internal.BrowserActionsHelpers.capturePageSnapshot(BrowserActionsHelpers.java:268)
	at com.shaft.gui.browser.internal.BrowserActionsHelpers.capturePageSnapshot(BrowserActionsHelpers.java:268)
	at com.shaft.gui.browser.internal.BrowserActionsHelpers.capturePageSnapshot(BrowserActionsHelpers.java:268)
	at com.shaft.gui.browser.internal.BrowserActionsHelpers.capturePageSnapshot(BrowserActionsHelpers.java:268)
	at com.shaft.gui.browser.internal.BrowserActionsHelpers.capturePageSnapshot(BrowserActionsHelpers.java:268)
	at com.shaft.gui.browser.internal.BrowserActionsHelpers.capturePageSnapshot(BrowserActionsHelpers.java:268)
	at com.shaft.gui.browser.internal.BrowserActionsHelpers.capturePageSnapshot(BrowserActionsHelpers.java:268)
	at com.shaft.gui.browser.internal.BrowserActionsHelpers.capturePageSnapshot(BrowserActionsHelpers.java:268)
	at com.shaft.gui.browser.internal.BrowserActionsHelpers.capturePageSnapshot(BrowserActionsHelpers.java:268)
	at com.shaft.gui.browser.internal.BrowserActionsHelpers.capturePageSnapshot(BrowserActionsHelpers.java:268)
	at com.shaft.gui.browser.internal.BrowserActionsHelpers.capturePageSnapshot(BrowserActionsHelpers.java:268)
	at com.shaft.gui.browser.internal.BrowserActionsHelpers.capturePageSnapshot(BrowserActionsHelpers.java:268)
	at com.shaft.gui.browser.internal.BrowserActionsHelpers.capturePageSnapshot(BrowserActionsHelpers.java:268)
	at com.shaft.gui.browser.internal.BrowserActionsHelpers.capturePageSnapshot(BrowserActionsHelpers.java:268)
	at com.shaft.gui.browser.internal.BrowserActionsHelpers.capturePageSnapshot(BrowserActionsHelpers.java:268)
	at com.shaft.gui.browser.internal.BrowserActionsHelpers.capturePageSnapshot(BrowserActionsHelpers.java:268)
	at com.shaft.gui.browser.internal.BrowserActionsHelpers.capturePageSnapshot(BrowserActionsHelpers.java:268)
	at com.shaft.gui.browser.internal.BrowserActionsHelpers.capturePageSnapshot(BrowserActionsHelpers.java:268)
	at com.shaft.gui.browser.internal.BrowserActionsHelpers.capturePageSnapshot(BrowserActionsHelpers.java:268)
	at com.shaft.gui.browser.internal.BrowserActionsHelpers.capturePageSnapshot(BrowserActionsHelpers.java:268)
	at com.shaft.gui.browser.internal.BrowserActionsHelpers.capturePageSnapshot(BrowserActionsHelpers.java:268)
	at com.shaft.gui.browser.internal.BrowserActionsHelpers.capturePageSnapshot(BrowserActionsHelpers.java:268)
	at com.shaft.gui.browser.internal.BrowserActionsHelpers.capturePageSnapshot(BrowserActionsHelpers.java:268)
	at com.shaft.gui.browser.internal.BrowserActionsHelpers.capturePageSnapshot(BrowserActionsHelpers.java:268)
	at com.shaft.gui.browser.internal.BrowserActionsHelpers.capturePageSnapshot(BrowserActionsHelpers.java:268)
	at com.shaft.gui.browser.internal.BrowserActionsHelpers.capturePageSnapshot(BrowserActionsHelpers.java:268)
	at com.shaft.gui.browser.internal.BrowserActionsHelpers.capturePageSnapshot(BrowserActionsHelpers.java:268)
	at com.shaft.gui.browser.internal.BrowserActionsHelpers.capturePageSnapshot(BrowserActionsHelpers.java:268)
	at com.shaft.gui.browser.internal.BrowserActionsHelpers.capturePageSnapshot(BrowserActionsHelpers.java:268)
	at com.shaft.gui.browser.internal.BrowserActionsHelpers.capturePageSnapshot(BrowserActionsHelpers.java:268)
	at com.shaft.gui.browser.internal.BrowserActionsHelpers.capturePageSnapshot(BrowserActionsHelpers.java:268)
	at com.shaft.gui.browser.internal.BrowserActionsHelpers.capturePageSnapshot(BrowserActionsHelpers.java:268)
	at com.shaft.gui.browser.internal.BrowserActionsHelpers.capturePageSnapshot(BrowserActionsHelpers.java:268)
	at com.shaft.gui.browser.internal.BrowserActionsHelpers.capturePageSnapshot(BrowserActionsHelpers.java:268)
	at com.shaft.gui.browser.internal.BrowserActionsHelpers.capturePageSnapshot(BrowserActionsHelpers.java:268)
	at com.shaft.gui.browser.internal.BrowserActionsHelpers.capturePageSnapshot(BrowserActionsHelpers.java:268)
	at com.shaft.gui.browser.internal.BrowserActionsHelpers.capturePageSnapshot(BrowserActionsHelpers.java:268)
	at com.shaft.gui.browser.internal.BrowserActionsHelpers.capturePageSnapshot(BrowserActionsHelpers.java:268)
	at com.shaft.gui.browser.internal.BrowserActionsHelpers.capturePageSnapshot(BrowserActionsHelpers.java:268)
	at com.shaft.gui.browser.internal.BrowserActionsHelpers.capturePageSnapshot(BrowserActionsHelpers.java:268)
	at com.shaft.gui.browser.internal.BrowserActionsHelpers.capturePageSnapshot(BrowserActionsHelpers.java:268)
	at com.shaft.gui.browser.internal.BrowserActionsHelpers.capturePageSnapshot(BrowserActionsHelpers.java:268)
	at com.shaft.gui.browser.internal.BrowserActionsHelpers.capturePageSnapshot(BrowserActionsHelpers.java:268)
	at com.shaft.gui.browser.internal.BrowserActionsHelpers.capturePageSnapshot(BrowserActionsHelpers.java:268)
	at com.shaft.gui.browser.internal.BrowserActionsHelpers.capturePageSnapshot(BrowserActionsHelpers.java:268)
	at com.shaft.gui.browser.internal.BrowserActionsHelpers.capturePageSnapshot(BrowserActionsHelpers.java:268)
	at com.shaft.gui.browser.internal.BrowserActionsHelpers.capturePageSnapshot(BrowserActionsHelpers.java:268)
	at com.shaft.gui.browser.internal.BrowserActionsHelpers.capturePageSnapshot(BrowserActionsHelpers.java:268)
	at com.shaft.gui.browser.internal.BrowserActionsHelpers.capturePageSnapshot(BrowserActionsHelpers.java:268)
	at com.shaft.gui.browser.internal.BrowserActionsHelpers.capturePageSnapshot(BrowserActionsHelpers.java:268)
	at com.shaft.gui.browser.internal.BrowserActionsHelpers.capturePageSnapshot(BrowserActionsHelpers.java:268)
	at com.shaft.gui.browser.internal.BrowserActionsHelpers.capturePageSnapshot(BrowserActionsHelpers.java:268)
	at com.shaft.gui.browser.internal.BrowserActionsHelpers.capturePageSnapshot(BrowserActionsHelpers.java:268)
	at com.shaft.gui.browser.internal.BrowserActionsHelpers.capturePageSnapshot(BrowserActionsHelpers.java:268)
	at com.shaft.gui.browser.internal.BrowserActionsHelpers.capturePageSnapshot(BrowserActionsHelpers.java:268)
	at com.shaft.gui.browser.internal.BrowserActionsHelpers.capturePageSnapshot(BrowserActionsHelpers.java:268)
	at com.shaft.gui.browser.internal.BrowserActionsHelpers.capturePageSnapshot(BrowserActionsHelpers.java:268)
	at com.shaft.gui.browser.internal.BrowserActionsHelpers.capturePageSnapshot(BrowserActionsHelpers.java:268)
	at com.shaft.gui.browser.internal.BrowserActionsHelpers.capturePageSnapshot(BrowserActionsHelpers.java:268)
	at com.shaft.gui.browser.internal.BrowserActionsHelpers.capturePageSnapshot(BrowserActionsHelpers.java:268)
	at com.shaft.gui.browser.internal.BrowserActionsHelpers.capturePageSnapshot(BrowserActionsHelpers.java:268)
	at com.shaft.gui.browser.internal.BrowserActionsHelpers.capturePageSnapshot(BrowserActionsHelpers.java:268)
	at com.shaft.gui.browser.internal.BrowserActionsHelpers.capturePageSnapshot(BrowserActionsHelpers.java:268)
	at com.shaft.gui.browser.internal.BrowserActionsHelpers.capturePageSnapshot(BrowserActionsHelpers.java:268)
	at com.shaft.gui.browser.internal.BrowserActionsHelpers.capturePageSnapshot(BrowserActionsHelpers.java:268)
	at com.shaft.gui.browser.internal.BrowserActionsHelpers.capturePageSnapshot(BrowserActionsHelpers.java:268)
	at com.shaft.gui.browser.internal.BrowserActionsHelpers.capturePageSnapshot(BrowserActionsHelpers.java:268)
	at com.shaft.gui.browser.internal.BrowserActionsHelpers.capturePageSnapshot(BrowserActionsHelpers.java:268)
	at com.shaft.gui.browser.internal.BrowserActionsHelpers.capturePageSnapshot(BrowserActionsHelpers.java:268)
	at com.shaft.gui.browser.internal.BrowserActionsHelpers.capturePageSnapshot(BrowserActionsHelpers.java:268)
	at com.shaft.gui.browser.internal.BrowserActionsHelpers.capturePageSnapshot(BrowserActionsHelpers.java:268)
	at com.shaft.gui.browser.internal.BrowserActionsHelpers.capturePageSnapshot(BrowserActionsHelpers.java:268)
	at com.shaft.gui.browser.internal.BrowserActionsHelpers.capturePageSnapshot(BrowserActionsHelpers.java:268)
	at com.shaft.gui.browser.internal.BrowserActionsHelpers.capturePageSnapshot(BrowserActionsHelpers.java:268)
	at com.shaft.gui.browser.internal.BrowserActionsHelpers.capturePageSnapshot(BrowserActionsHelpers.java:268)
	at com.shaft.gui.browser.internal.BrowserActionsHelpers.capturePageSnapshot(BrowserActionsHelpers.java:268)
	at com.shaft.gui.browser.internal.BrowserActionsHelpers.capturePageSnapshot(BrowserActionsHelpers.java:268)
	at com.shaft.gui.browser.internal.BrowserActionsHelpers.capturePageSnapshot(BrowserActionsHelpers.java:268)
	at com.shaft.gui.browser.internal.BrowserActionsHelpers.capturePageSnapshot(BrowserActionsHelpers.java:268)
	at com.shaft.gui.browser.internal.BrowserActionsHelpers.capturePageSnapshot(BrowserActionsHelpers.java:268)
	at com.shaft.gui.browser.internal.BrowserActionsHelpers.capturePageSnapshot(BrowserActionsHelpers.java:268)
	at com.shaft.gui.browser.internal.BrowserActionsHelpers.capturePageSnapshot(BrowserActionsHelpers.java:268)
	at com.shaft.gui.browser.internal.BrowserActionsHelpers.capturePageSnapshot(BrowserActionsHelpers.java:268)
	at com.shaft.gui.browser.internal.BrowserActionsHelpers.capturePageSnapshot(BrowserActionsHelpers.java:268)
	at com.shaft.gui.browser.internal.BrowserActionsHelpers.capturePageSnapshot(BrowserActionsHelpers.java:268)
	at com.shaft.gui.browser.internal.BrowserActionsHelpers.capturePageSnapshot(BrowserActionsHelpers.java:268)
	at com.shaft.gui.browser.internal.BrowserActionsHelpers.capturePageSnapshot(BrowserActionsHelpers.java:268)
	at com.shaft.gui.browser.internal.BrowserActionsHelpers.capturePageSnapshot(BrowserActionsHelpers.java:268)
	at com.shaft.gui.browser.internal.BrowserActionsHelpers.capturePageSnapshot(BrowserActionsHelpers.java:268)
	at com.shaft.gui.browser.internal.BrowserActionsHelpers.capturePageSnapshot(BrowserActionsHelpers.java:268)
	at com.shaft.gui.browser.internal.BrowserActionsHelpers.capturePageSnapshot(BrowserActionsHelpers.java:268)
	at com.shaft.gui.browser.internal.BrowserActionsHelpers.capturePageSnapshot(BrowserActionsHelpers.java:268)
	at com.shaft.gui.browser.internal.BrowserActionsHelpers.capturePageSnapshot(BrowserActionsHelpers.java:268)
	at com.shaft.gui.browser.internal.BrowserActionsHelpers.capturePageSnapshot(BrowserActionsHelpers.java:268)
	at com.shaft.gui.browser.internal.BrowserActionsHelpers.capturePageSnapshot(BrowserActionsHelpers.java:268)
	at com.shaft.gui.browser.internal.BrowserActionsHelpers.capturePageSnapshot(BrowserActionsHelpers.java:268)
	at com.shaft.gui.browser.internal.BrowserActionsHelpers.capturePageSnapshot(BrowserActionsHelpers.java:268)
	at com.shaft.gui.browser.internal.BrowserActionsHelpers.capturePageSnapshot(BrowserActionsHelpers.java:268)
	at com.shaft.gui.browser.internal.BrowserActionsHelpers.capturePageSnapshot(BrowserActionsHelpers.java:268)
	at com.shaft.gui.browser.internal.BrowserActionsHelpers.capturePageSnapshot(BrowserActionsHelpers.java:268)
	at com.shaft.gui.browser.internal.BrowserActionsHelpers.capturePageSnapshot(BrowserActionsHelpers.java:268)
	at com.shaft.gui.browser.internal.BrowserActionsHelpers.capturePageSnapshot(BrowserActionsHelpers.java:268)
	at com.shaft.gui.browser.internal.BrowserActionsHelpers.capturePageSnapshot(BrowserActionsHelpers.java:268)
	at com.shaft.gui.browser.internal.BrowserActionsHelpers.capturePageSnapshot(BrowserActionsHelpers.java:268)
	at com.shaft.gui.browser.internal.BrowserActionsHelpers.capturePageSnapshot(BrowserActionsHelpers.java:268)
	at com.shaft.gui.browser.internal.BrowserActionsHelpers.capturePageSnapshot(BrowserActionsHelpers.java:268)
	at com.shaft.gui.browser.internal.BrowserActionsHelpers.capturePageSnapshot(BrowserActionsHelpers.java:268)
	at com.shaft.gui.browser.internal.BrowserActionsHelpers.capturePageSnapshot(BrowserActionsHelpers.java:268)
	at com.shaft.gui.browser.internal.BrowserActionsHelpers.capturePageSnapshot(BrowserActionsHelpers.java:268)
	at com.shaft.gui.browser.internal.BrowserActionsHelpers.capturePageSnapshot(BrowserActionsHelpers.java:268)
	at com.shaft.gui.browser.internal.BrowserActionsHelpers.capturePageSnapshot(BrowserActionsHelpers.java:268)
	at com.shaft.gui.browser.internal.BrowserActionsHelpers.capturePageSnapshot(BrowserActionsHelpers.java:268)
	at com.shaft.gui.browser.internal.BrowserActionsHelpers.capturePageSnapshot(BrowserActionsHelpers.java:268)
	at com.shaft.gui.browser.internal.BrowserActionsHelpers.capturePageSnapshot(BrowserActionsHelpers.java:268)
	at com.shaft.gui.browser.internal.BrowserActionsHelpers.capturePageSnapshot(BrowserActionsHelpers.java:268)
	at com.shaft.gui.browser.internal.BrowserActionsHelpers.capturePageSnapshot(BrowserActionsHelpers.java:268)
	at com.shaft.gui.browser.internal.BrowserActionsHelpers.capturePageSnapshot(BrowserActionsHelpers.java:268)
	at com.shaft.gui.browser.internal.BrowserActionsHelpers.capturePageSnapshot(BrowserActionsHelpers.java:268)
	at com.shaft.gui.browser.internal.BrowserActionsHelpers.capturePageSnapshot(BrowserActionsHelpers.java:268)
	at com.shaft.gui.browser.internal.BrowserActionsHelpers.capturePageSnapshot(BrowserActionsHelpers.java:268)
	at com.shaft.gui.browser.internal.BrowserActionsHelpers.capturePageSnapshot(BrowserActionsHelpers.java:268)
	at com.shaft.gui.browser.internal.BrowserActionsHelpers.capturePageSnapshot(BrowserActionsHelpers.java:268)
	at com.shaft.gui.browser.internal.BrowserActionsHelpers.capturePageSnapshot(BrowserActionsHelpers.java:268)
	at com.shaft.gui.browser.internal.BrowserActionsHelpers.capturePageSnapshot(BrowserActionsHelpers.java:268)
	at com.shaft.gui.browser.internal.BrowserActionsHelpers.capturePageSnapshot(BrowserActionsHelpers.java:268)
	at com.shaft.gui.browser.internal.BrowserActionsHelpers.capturePageSnapshot(BrowserActionsHelpers.java:268)
	at com.shaft.gui.browser.internal.BrowserActionsHelpers.capturePageSnapshot(BrowserActionsHelpers.java:268)
	at com.shaft.gui.browser.internal.BrowserActionsHelpers.capturePageSnapshot(BrowserActionsHelpers.java:268)
	at com.shaft.gui.browser.internal.BrowserActionsHelpers.capturePageSnapshot(BrowserActionsHelpers.java:268)
	at com.shaft.gui.browser.internal.BrowserActionsHelpers.capturePageSnapshot(BrowserActionsHelpers.java:268)
	at com.shaft.gui.browser.internal.BrowserActionsHelpers.capturePageSnapshot(BrowserActionsHelpers.java:268)
	at com.shaft.gui.browser.internal.BrowserActionsHelpers.capturePageSnapshot(BrowserActionsHelpers.java:268)
	at com.shaft.gui.browser.internal.BrowserActionsHelpers.capturePageSnapshot(BrowserActionsHelpers.java:268)
	at com.shaft.gui.browser.internal.BrowserActionsHelpers.capturePageSnapshot(BrowserActionsHelpers.java:268)
	at com.shaft.gui.browser.internal.BrowserActionsHelpers.capturePageSnapshot(BrowserActionsHelpers.java:268)
	at com.shaft.gui.browser.internal.BrowserActionsHelpers.capturePageSnapshot(BrowserActionsHelpers.java:268)
	at com.shaft.gui.browser.internal.BrowserActionsHelpers.capturePageSnapshot(BrowserActionsHelpers.java:268)
	at com.shaft.gui.browser.internal.BrowserActionsHelpers.capturePageSnapshot(BrowserActionsHelpers.java:268)
	at com.shaft.gui.browser.internal.BrowserActionsHelpers.capturePageSnapshot(BrowserActionsHelpers.java:268)
	at com.shaft.gui.browser.internal.BrowserActionsHelpers.capturePageSnapshot(BrowserActionsHelpers.java:268)
	at com.shaft.gui.browser.internal.BrowserActionsHelpers.capturePageSnapshot(BrowserActionsHelpers.java:268)
	at com.shaft.gui.browser.internal.BrowserActionsHelpers.capturePageSnapshot(BrowserActionsHelpers.java:268)
	at com.shaft.gui.browser.internal.BrowserActionsHelpers.capturePageSnapshot(BrowserActionsHelpers.java:268)
	at com.shaft.gui.browser.internal.BrowserActionsHelpers.capturePageSnapshot(BrowserActionsHelpers.java:268)
	at com.shaft.gui.browser.internal.BrowserActionsHelpers.capturePageSnapshot(BrowserActionsHelpers.java:268)
	at com.shaft.gui.browser.internal.BrowserActionsHelpers.capturePageSnapshot(BrowserActionsHelpers.java:268)
	at com.shaft.gui.browser.internal.BrowserActionsHelpers.capturePageSnapshot(BrowserActionsHelpers.java:268)
	at com.shaft.gui.browser.internal.BrowserActionsHelpers.capturePageSnapshot(BrowserActionsHelpers.java:268)
	at com.shaft.gui.browser.internal.BrowserActionsHelpers.capturePageSnapshot(BrowserActionsHelpers.java:268)
	at com.shaft.gui.browser.internal.BrowserActionsHelpers.capturePageSnapshot(BrowserActionsHelpers.java:268)
	at com.shaft.gui.browser.internal.BrowserActionsHelpers.capturePageSnapshot(BrowserActionsHelpers.java:268)
	at com.shaft.gui.browser.internal.BrowserActionsHelpers.capturePageSnapshot(BrowserActionsHelpers.java:268)
	at com.shaft.gui.browser.internal.BrowserActionsHelpers.capturePageSnapshot(BrowserActionsHelpers.java:268)
	at com.shaft.gui.browser.internal.BrowserActionsHelpers.capturePageSnapshot(BrowserActionsHelpers.java:268)
	at com.shaft.gui.browser.internal.BrowserActionsHelpers.capturePageSnapshot(BrowserActionsHelpers.java:268)
	at com.shaft.gui.browser.internal.BrowserActionsHelpers.capturePageSnapshot(BrowserActionsHelpers.java:268)
	at com.shaft.gui.browser.internal.BrowserActionsHelpers.capturePageSnapshot(BrowserActionsHelpers.java:268)
	at com.shaft.gui.browser.internal.BrowserActionsHelpers.capturePageSnapshot(BrowserActionsHelpers.java:268)
	at com.shaft.gui.browser.internal.BrowserActionsHelpers.capturePageSnapshot(BrowserActionsHelpers.java:268)
	at com.shaft.gui.browser.internal.BrowserActionsHelpers.capturePageSnapshot(BrowserActionsHelpers.java:268)
	at com.shaft.gui.browser.internal.BrowserActionsHelpers.capturePageSnapshot(BrowserActionsHelpers.java:268)
	at com.shaft.gui.browser.internal.BrowserActionsHelpers.capturePageSnapshot(BrowserActionsHelpers.java:268)
	at com.shaft.gui.browser.internal.BrowserActionsHelpers.capturePageSnapshot(BrowserActionsHelpers.java:268)
	at com.shaft.gui.browser.internal.BrowserActionsHelpers.capturePageSnapshot(BrowserActionsHelpers.java:268)
	at com.shaft.gui.browser.internal.BrowserActionsHelpers.capturePageSnapshot(BrowserActionsHelpers.java:268)
	at com.shaft.gui.browser.internal.BrowserActionsHelpers.capturePageSnapshot(BrowserActionsHelpers.java:268)
	at com.shaft.gui.browser.internal.BrowserActionsHelpers.capturePageSnapshot(BrowserActionsHelpers.java:268)
	at com.shaft.gui.browser.internal.BrowserActionsHelpers.capturePageSnapshot(BrowserActionsHelpers.java:268)
	at com.shaft.gui.browser.internal.BrowserActionsHelpers.capturePageSnapshot(BrowserActionsHelpers.java:268)
	at com.shaft.gui.browser.internal.BrowserActionsHelpers.capturePageSnapshot(BrowserActionsHelpers.java:268)
	at com.shaft.gui.browser.internal.BrowserActionsHelpers.capturePageSnapshot(BrowserActionsHelpers.java:268)
	at com.shaft.gui.browser.internal.BrowserActionsHelpers.capturePageSnapshot(BrowserActionsHelpers.java:268)
	at com.shaft.gui.browser.internal.BrowserActionsHelpers.capturePageSnapshot(BrowserActionsHelpers.java:268)
	at com.shaft.gui.browser.internal.BrowserActionsHelpers.capturePageSnapshot(BrowserActionsHelpers.java:268)
	at com.shaft.gui.browser.internal.BrowserActionsHelpers.capturePageSnapshot(BrowserActionsHelpers.java:268)
	at com.shaft.gui.browser.internal.BrowserActionsHelpers.capturePageSnapshot(BrowserActionsHelpers.java:268)
	at com.shaft.gui.browser.internal.BrowserActionsHelpers.capturePageSnapshot(BrowserActionsHelpers.java:268)
	at com.shaft.gui.browser.internal.BrowserActionsHelpers.capturePageSnapshot(BrowserActionsHelpers.java:268)
	at com.shaft.gui.browser.internal.BrowserActionsHelpers.capturePageSnapshot(BrowserActionsHelpers.java:268)
	at com.shaft.gui.browser.internal.BrowserActionsHelpers.capturePageSnapshot(BrowserActionsHelpers.java:268)
	at com.shaft.gui.browser.internal.BrowserActionsHelpers.capturePageSnapshot(BrowserActionsHelpers.java:268)
	at com.shaft.gui.browser.internal.BrowserActionsHelpers.capturePageSnapshot(BrowserActionsHelpers.java:268)
	at com.shaft.gui.browser.internal.BrowserActionsHelpers.capturePageSnapshot(BrowserActionsHelpers.java:268)
	at com.shaft.gui.browser.internal.BrowserActionsHelpers.capturePageSnapshot(BrowserActionsHelpers.java:268)
	at com.shaft.gui.browser.internal.BrowserActionsHelpers.capturePageSnapshot(BrowserActionsHelpers.java:268)
	at com.shaft.gui.browser.internal.BrowserActionsHelpers.capturePageSnapshot(BrowserActionsHelpers.java:268)
	at com.shaft.gui.browser.internal.BrowserActionsHelpers.capturePageSnapshot(BrowserActionsHelpers.java:268)
	at com.shaft.gui.browser.internal.BrowserActionsHelpers.capturePageSnapshot(BrowserActionsHelpers.java:268)
	at com.shaft.gui.browser.internal.BrowserActionsHelpers.capturePageSnapshot(BrowserActionsHelpers.java:268)
	at com.shaft.gui.browser.internal.BrowserActionsHelpers.capturePageSnapshot(BrowserActionsHelpers.java:268)
	at com.shaft.gui.browser.internal.BrowserActionsHelpers.capturePageSnapshot(BrowserActionsHelpers.java:268)
	at com.shaft.gui.browser.internal.BrowserActionsHelpers.capturePageSnapshot(BrowserActionsHelpers.java:268)
	at com.shaft.gui.browser.internal.BrowserActionsHelpers.capturePageSnapshot(BrowserActionsHelpers.java:268)
	at com.shaft.gui.browser.internal.BrowserActionsHelpers.capturePageSnapshot(BrowserActionsHelpers.java:268)
	at com.shaft.gui.browser.internal.BrowserActionsHelpers.capturePageSnapshot(BrowserActionsHelpers.java:268)
	at com.shaft.gui.browser.internal.BrowserActionsHelpers.capturePageSnapshot(BrowserActionsHelpers.java:268)
	at com.shaft.gui.browser.internal.BrowserActionsHelpers.capturePageSnapshot(BrowserActionsHelpers.java:268)
	at com.shaft.gui.browser.internal.BrowserActionsHelpers.capturePageSnapshot(BrowserActionsHelpers.java:268)
	at com.shaft.gui.browser.internal.BrowserActionsHelpers.capturePageSnapshot(BrowserActionsHelpers.java:268)
	at com.shaft.gui.browser.internal.BrowserActionsHelpers.capturePageSnapshot(BrowserActionsHelpers.java:268)
	at com.shaft.gui.browser.internal.BrowserActionsHelpers.capturePageSnapshot(BrowserActionsHelpers.java:268)
	at com.shaft.gui.browser.internal.BrowserActionsHelpers.capturePageSnapshot(BrowserActionsHelpers.java:268)
	at com.shaft.gui.browser.internal.BrowserActionsHelpers.capturePageSnapshot(BrowserActionsHelpers.java:268)
	at com.shaft.gui.browser.internal.BrowserActionsHelpers.capturePageSnapshot(BrowserActionsHelpers.java:268)
	at com.shaft.gui.browser.internal.BrowserActionsHelpers.capturePageSnapshot(BrowserActionsHelpers.java:268)
	at com.shaft.gui.browser.internal.BrowserActionsHelpers.capturePageSnapshot(BrowserActionsHelpers.java:268)
	at com.shaft.gui.browser.internal.BrowserActionsHelpers.capturePageSnapshot(BrowserActionsHelpers.java:268)
	at com.shaft.gui.browser.internal.BrowserActionsHelpers.capturePageSnapshot(BrowserActionsHelpers.java:268)
	at com.shaft.gui.browser.internal.BrowserActionsHelpers.capturePageSnapshot(BrowserActionsHelpers.java:268)
	at com.shaft.gui.browser.internal.BrowserActionsHelpers.capturePageSnapshot(BrowserActionsHelpers.java:268)
	at com.shaft.gui.browser.internal.BrowserActionsHelpers.capturePageSnapshot(BrowserActionsHelpers.java:268)
	at com.shaft.gui.browser.internal.BrowserActionsHelpers.capturePageSnapshot(BrowserActionsHelpers.java:268)
	at com.shaft.gui.browser.internal.BrowserActionsHelpers.capturePageSnapshot(BrowserActionsHelpers.java:268)
	at com.shaft.gui.browser.internal.BrowserActionsHelpers.capturePageSnapshot(BrowserActionsHelpers.java:268)
	at com.shaft.gui.browser.internal.BrowserActionsHelpers.capturePageSnapshot(BrowserActionsHelpers.java:268)
	at com.shaft.gui.browser.internal.BrowserActionsHelpers.capturePageSnapshot(BrowserActionsHelpers.java:268)
	at com.shaft.gui.browser.internal.BrowserActionsHelpers.capturePageSnapshot(BrowserActionsHelpers.java:268)
	at com.shaft.gui.browser.internal.BrowserActionsHelpers.capturePageSnapshot(BrowserActionsHelpers.java:268)
	at com.shaft.gui.browser.internal.BrowserActionsHelpers.capturePageSnapshot(BrowserActionsHelpers.java:268)
	at com.shaft.gui.browser.internal.BrowserActionsHelpers.capturePageSnapshot(BrowserActionsHelpers.java:268)
	at com.shaft.gui.browser.internal.BrowserActionsHelpers.capturePageSnapshot(BrowserActionsHelpers.java:268)
	at com.shaft.gui.browser.internal.BrowserActionsHelpers.capturePageSnapshot(BrowserActionsHelpers.java:268)
	at com.shaft.gui.browser.internal.BrowserActionsHelpers.capturePageSnapshot(BrowserActionsHelpers.java:268)
	at com.shaft.gui.browser.internal.BrowserActionsHelpers.capturePageSnapshot(BrowserActionsHelpers.java:268)
	at com.shaft.gui.browser.internal.BrowserActionsHelpers.capturePageSnapshot(BrowserActionsHelpers.java:268)
	at com.shaft.gui.browser.internal.BrowserActionsHelpers.capturePageSnapshot(BrowserActionsHelpers.java:268)
	at com.shaft.gui.browser.internal.BrowserActionsHelpers.capturePageSnapshot(BrowserActionsHelpers.java:268)
	at com.shaft.gui.browser.internal.BrowserActionsHelpers.capturePageSnapshot(BrowserActionsHelpers.java:268)
	at com.shaft.gui.browser.internal.BrowserActionsHelpers.capturePageSnapshot(BrowserActionsHelpers.java:268)
	at com.shaft.gui.browser.internal.BrowserActionsHelpers.capturePageSnapshot(BrowserActionsHelpers.java:268)
	at com.shaft.gui.browser.internal.BrowserActionsHelpers.capturePageSnapshot(BrowserActionsHelpers.java:268)
	at com.shaft.gui.browser.internal.BrowserActionsHelpers.capturePageSnapshot(BrowserActionsHelpers.java:268)
	at com.shaft.gui.browser.internal.BrowserActionsHelpers.capturePageSnapshot(BrowserActionsHelpers.java:268)
	at com.shaft.gui.browser.internal.BrowserActionsHelpers.capturePageSnapshot(BrowserActionsHelpers.java:268)
	at com.shaft.gui.browser.internal.BrowserActionsHelpers.capturePageSnapshot(BrowserActionsHelpers.java:268)
	at com.shaft.gui.browser.internal.BrowserActionsHelpers.capturePageSnapshot(BrowserActionsHelpers.java:268)
	at com.shaft.gui.browser.internal.BrowserActionsHelpers.capturePageSnapshot(BrowserActionsHelpers.java:268)
	at com.shaft.gui.browser.internal.BrowserActionsHelpers.capturePageSnapshot(BrowserActionsHelpers.java:268)
	at com.shaft.gui.browser.internal.BrowserActionsHelpers.capturePageSnapshot(BrowserActionsHelpers.java:268)
	at com.shaft.gui.browser.internal.BrowserActionsHelpers.capturePageSnapshot(BrowserActionsHelpers.java:268)
	at com.shaft.gui.browser.internal.BrowserActionsHelpers.capturePageSnapshot(BrowserActionsHelpers.java:268)
	at com.shaft.gui.browser.internal.BrowserActionsHelpers.capturePageSnapshot(BrowserActionsHelpers.java:268)
	at com.shaft.gui.browser.internal.BrowserActionsHelpers.capturePageSnapshot(BrowserActionsHelpers.java:268)
	at com.shaft.gui.browser.internal.BrowserActionsHelpers.capturePageSnapshot(BrowserActionsHelpers.java:268)
	at com.shaft.gui.browser.internal.BrowserActionsHelpers.capturePageSnapshot(BrowserActionsHelpers.java:268)
	at com.shaft.gui.browser.internal.BrowserActionsHelpers.capturePageSnapshot(BrowserActionsHelpers.java:268)
	at com.shaft.gui.browser.internal.BrowserActionsHelpers.capturePageSnapshot(BrowserActionsHelpers.java:268)
	at com.shaft.gui.browser.internal.BrowserActionsHelpers.capturePageSnapshot(BrowserActionsHelpers.java:268)
	at com.shaft.gui.browser.internal.BrowserActionsHelpers.capturePageSnapshot(BrowserActionsHelpers.java:268)
	at com.shaft.gui.browser.internal.BrowserActionsHelpers.capturePageSnapshot(BrowserActionsHelpers.java:268)
	at com.shaft.gui.browser.internal.BrowserActionsHelpers.capturePageSnapshot(BrowserActionsHelpers.java:268)
	at com.shaft.gui.browser.internal.BrowserActionsHelpers.capturePageSnapshot(BrowserActionsHelpers.java:268)
	at com.shaft.gui.browser.internal.BrowserActionsHelpers.capturePageSnapshot(BrowserActionsHelpers.java:268)
	at com.shaft.gui.browser.internal.BrowserActionsHelpers.capturePageSnapshot(BrowserActionsHelpers.java:268)
	at com.shaft.gui.browser.internal.BrowserActionsHelpers.capturePageSnapshot(BrowserActionsHelpers.java:268)
	at com.shaft.gui.browser.internal.BrowserActionsHelpers.capturePageSnapshot(BrowserActionsHelpers.java:268)
	at com.shaft.gui.browser.internal.BrowserActionsHelpers.capturePageSnapshot(BrowserActionsHelpers.java:268)
	at com.shaft.gui.browser.internal.BrowserActionsHelpers.capturePageSnapshot(BrowserActionsHelpers.java:268)
	at com.shaft.gui.browser.internal.BrowserActionsHelpers.capturePageSnapshot(BrowserActionsHelpers.java:268)
	at com.shaft.gui.browser.internal.BrowserActionsHelpers.capturePageSnapshot(BrowserActionsHelpers.java:268)
	at com.shaft.gui.browser.internal.BrowserActionsHelpers.capturePageSnapshot(BrowserActionsHelpers.java:268)
	at com.shaft.gui.browser.internal.BrowserActionsHelpers.capturePageSnapshot(BrowserActionsHelpers.java:268)
	at com.shaft.gui.browser.internal.BrowserActionsHelpers.capturePageSnapshot(BrowserActionsHelpers.java:268)
	at com.shaft.gui.browser.internal.BrowserActionsHelpers.capturePageSnapshot(BrowserActionsHelpers.java:268)
	at com.shaft.gui.browser.internal.BrowserActionsHelpers.capturePageSnapshot(BrowserActionsHelpers.java:268)
	at com.shaft.gui.browser.internal.BrowserActionsHelpers.capturePageSnapshot(BrowserActionsHelpers.java:268)
	at com.shaft.gui.browser.internal.BrowserActionsHelpers.capturePageSnapshot(BrowserActionsHelpers.java:268)
	at com.shaft.gui.browser.internal.BrowserActionsHelpers.capturePageSnapshot(BrowserActionsHelpers.java:268)
	at com.shaft.gui.browser.internal.BrowserActionsHelpers.capturePageSnapshot(BrowserActionsHelpers.java:268)
	at com.shaft.gui.browser.internal.BrowserActionsHelpers.capturePageSnapshot(BrowserActionsHelpers.java:268)
	at com.shaft.gui.browser.internal.BrowserActionsHelpers.capturePageSnapshot(BrowserActionsHelpers.java:268)
	at com.shaft.gui.browser.internal.BrowserActionsHelpers.capturePageSnapshot(BrowserActionsHelpers.java:268)
	at com.shaft.gui.browser.internal.BrowserActionsHelpers.capturePageSnapshot(BrowserActionsHelpers.java:268)
	at com.shaft.gui.browser.internal.BrowserActionsHelpers.capturePageSnapshot(BrowserActionsHelpers.java:268)
	at com.shaft.gui.browser.internal.BrowserActionsHelpers.capturePageSnapshot(BrowserActionsHelpers.java:268)
	at com.shaft.gui.browser.internal.BrowserActionsHelpers.capturePageSnapshot(BrowserActionsHelpers.java:268)
	at com.shaft.gui.browser.internal.BrowserActionsHelpers.capturePageSnapshot(BrowserActionsHelpers.java:268)
	at com.shaft.gui.browser.internal.BrowserActionsHelpers.capturePageSnapshot(BrowserActionsHelpers.java:268)
	at com.shaft.gui.browser.internal.BrowserActionsHelpers.capturePageSnapshot(BrowserActionsHelpers.java:268)
	at com.shaft.gui.browser.internal.BrowserActionsHelpers.capturePageSnapshot(BrowserActionsHelpers.java:268)
	at com.shaft.gui.browser.internal.BrowserActionsHelpers.capturePageSnapshot(BrowserActionsHelpers.java:268)
	at com.shaft.gui.browser.internal.BrowserActionsHelpers.capturePageSnapshot(BrowserActionsHelpers.java:268)
	at com.shaft.gui.browser.internal.BrowserActionsHelpers.capturePageSnapshot(BrowserActionsHelpers.java:268)
	at com.shaft.gui.browser.internal.BrowserActionsHelpers.capturePageSnapshot(BrowserActionsHelpers.java:268)
	at com.shaft.gui.browser.internal.BrowserActionsHelpers.capturePageSnapshot(BrowserActionsHelpers.java:268)
	at com.shaft.gui.browser.internal.BrowserActionsHelpers.capturePageSnapshot(BrowserActionsHelpers.java:268)
	at com.shaft.gui.browser.internal.BrowserActionsHelpers.capturePageSnapshot(BrowserActionsHelpers.java:268)
	at com.shaft.gui.browser.internal.BrowserActionsHelpers.capturePageSnapshot(BrowserActionsHelpers.java:268)
	at com.shaft.gui.browser.internal.BrowserActionsHelpers.capturePageSnapshot(BrowserActionsHelpers.java:268)
	at com.shaft.gui.browser.internal.BrowserActionsHelpers.capturePageSnapshot(BrowserActionsHelpers.java:268)
	at com.shaft.gui.browser.internal.BrowserActionsHelpers.capturePageSnapshot(BrowserActionsHelpers.java:268)
	at com.shaft.gui.browser.internal.BrowserActionsHelpers.capturePageSnapshot(BrowserActionsHelpers.java:268)
	at com.shaft.gui.browser.internal.BrowserActionsHelpers.capturePageSnapshot(BrowserActionsHelpers.java:268)
	at com.shaft.gui.browser.internal.BrowserActionsHelpers.capturePageSnapshot(BrowserActionsHelpers.java:268)
	at com.shaft.gui.browser.internal.BrowserActionsHelpers.capturePageSnapshot(BrowserActionsHelpers.java:268)
	at com.shaft.gui.browser.internal.BrowserActionsHelpers.capturePageSnapshot(BrowserActionsHelpers.java:268)
	at com.shaft.gui.browser.internal.BrowserActionsHelpers.capturePageSnapshot(BrowserActionsHelpers.java:268)
	at com.shaft.gui.browser.internal.BrowserActionsHelpers.capturePageSnapshot(BrowserActionsHelpers.java:268)
	at com.shaft.gui.browser.internal.BrowserActionsHelpers.capturePageSnapshot(BrowserActionsHelpers.java:268)
	at com.shaft.gui.browser.internal.BrowserActionsHelpers.capturePageSnapshot(BrowserActionsHelpers.java:268)
	at com.shaft.gui.browser.internal.BrowserActionsHelpers.capturePageSnapshot(BrowserActionsHelpers.java:268)
	at com.shaft.gui.browser.internal.BrowserActionsHelpers.capturePageSnapshot(BrowserActionsHelpers.java:268)
	at com.shaft.gui.browser.internal.BrowserActionsHelpers.capturePageSnapshot(BrowserActionsHelpers.java:268)
	at com.shaft.gui.browser.internal.BrowserActionsHelpers.capturePageSnapshot(BrowserActionsHelpers.java:268)
	at com.shaft.gui.browser.internal.BrowserActionsHelpers.capturePageSnapshot(BrowserActionsHelpers.java:268)
	at com.shaft.gui.browser.internal.BrowserActionsHelpers.capturePageSnapshot(BrowserActionsHelpers.java:268)
	at com.shaft.gui.browser.internal.BrowserActionsHelpers.capturePageSnapshot(BrowserActionsHelpers.java:268)
	at com.shaft.gui.browser.internal.BrowserActionsHelpers.capturePageSnapshot(BrowserActionsHelpers.java:268)
	at com.shaft.gui.browser.internal.BrowserActionsHelpers.capturePageSnapshot(BrowserActionsHelpers.java:268)
	at com.shaft.gui.browser.internal.BrowserActionsHelpers.capturePageSnapshot(BrowserActionsHelpers.java:268)
	at com.shaft.gui.browser.internal.BrowserActionsHelpers.capturePageSnapshot(BrowserActionsHelpers.java:268)
	at com.shaft.gui.browser.internal.BrowserActionsHelpers.capturePageSnapshot(BrowserActionsHelpers.java:268)
	at com.shaft.gui.browser.internal.BrowserActionsHelpers.capturePageSnapshot(BrowserActionsHelpers.java:268)
	at com.shaft.gui.browser.internal.BrowserActionsHelpers.capturePageSnapshot(BrowserActionsHelpers.java:268)
	at com.shaft.gui.browser.internal.BrowserActionsHelpers.capturePageSnapshot(BrowserActionsHelpers.java:268)
	at com.shaft.gui.browser.internal.BrowserActionsHelpers.capturePageSnapshot(BrowserActionsHelpers.java:268)
	at com.shaft.gui.browser.internal.BrowserActionsHelpers.capturePageSnapshot(BrowserActionsHelpers.java:268)
	at com.shaft.gui.browser.internal.BrowserActionsHelpers.capturePageSnapshot(BrowserActionsHelpers.java:268)
	at com.shaft.gui.browser.internal.BrowserActionsHelpers.capturePageSnapshot(BrowserActionsHelpers.java:268)
	at com.shaft.gui.browser.internal.BrowserActionsHelpers.capturePageSnapshot(BrowserActionsHelpers.java:268)
	at com.shaft.gui.browser.internal.BrowserActionsHelpers.capturePageSnapshot(BrowserActionsHelpers.java:268)
	at com.shaft.gui.browser.internal.BrowserActionsHelpers.capturePageSnapshot(BrowserActionsHelpers.java:268)
	at com.shaft.gui.browser.internal.BrowserActionsHelpers.capturePageSnapshot(BrowserActionsHelpers.java:268)
	at com.shaft.gui.browser.internal.BrowserActionsHelpers.capturePageSnapshot(BrowserActionsHelpers.java:268)
	at com.shaft.gui.browser.internal.BrowserActionsHelpers.capturePageSnapshot(BrowserActionsHelpers.java:268)
	at com.shaft.gui.browser.internal.BrowserActionsHelpers.capturePageSnapshot(BrowserActionsHelpers.java:268)
	at com.shaft.gui.browser.internal.BrowserActionsHelpers.capturePageSnapshot(BrowserActionsHelpers.java:268)
	at com.shaft.gui.browser.internal.BrowserActionsHelpers.capturePageSnapshot(BrowserActionsHelpers.java:268)
	at com.shaft.gui.browser.internal.BrowserActionsHelpers.capturePageSnapshot(BrowserActionsHelpers.java:268)
	at com.shaft.gui.browser.internal.BrowserActionsHelpers.capturePageSnapshot(BrowserActionsHelpers.java:268)
	at com.shaft.gui.browser.internal.BrowserActionsHelpers.capturePageSnapshot(BrowserActionsHelpers.java:268)
	at com.shaft.gui.browser.internal.BrowserActionsHelpers.capturePageSnapshot(BrowserActionsHelpers.java:268)
	at com.shaft.gui.browser.internal.BrowserActionsHelpers.capturePageSnapshot(BrowserActionsHelpers.java:268)
	at com.shaft.gui.browser.internal.BrowserActionsHelpers.capturePageSnapshot(BrowserActionsHelpers.java:268)
	at com.shaft.gui.browser.internal.BrowserActionsHelpers.capturePageSnapshot(BrowserActionsHelpers.java:268)
	at com.shaft.gui.browser.internal.BrowserActionsHelpers.capturePageSnapshot(BrowserActionsHelpers.java:268)
	at com.shaft.gui.browser.internal.BrowserActionsHelpers.capturePageSnapshot(BrowserActionsHelpers.java:268)
	at com.shaft.gui.browser.internal.BrowserActionsHelpers.capturePageSnapshot(BrowserActionsHelpers.java:268)
	at com.shaft.gui.browser.internal.BrowserActionsHelpers.capturePageSnapshot(BrowserActionsHelpers.java:268)
	at com.shaft.gui.browser.internal.BrowserActionsHelpers.capturePageSnapshot(BrowserActionsHelpers.java:268)
	at com.shaft.gui.browser.internal.BrowserActionsHelpers.capturePageSnapshot(BrowserActionsHelpers.java:268)
	at com.shaft.gui.browser.internal.BrowserActionsHelpers.capturePageSnapshot(BrowserActionsHelpers.java:268)
	at com.shaft.gui.browser.internal.BrowserActionsHelpers.capturePageSnapshot(BrowserActionsHelpers.java:268)
	at com.shaft.gui.browser.internal.BrowserActionsHelpers.capturePageSnapshot(BrowserActionsHelpers.java:268)
	at com.shaft.gui.browser.internal.BrowserActionsHelpers.capturePageSnapshot(BrowserActionsHelpers.java:268)
	at com.shaft.gui.browser.internal.BrowserActionsHelpers.capturePageSnapshot(BrowserActionsHelpers.java:268)
	at com.shaft.gui.browser.internal.BrowserActionsHelpers.capturePageSnapshot(BrowserActionsHelpers.java:268)
	at com.shaft.gui.browser.internal.BrowserActionsHelpers.capturePageSnapshot(BrowserActionsHelpers.java:268)
	at com.shaft.gui.browser.internal.BrowserActionsHelpers.capturePageSnapshot(BrowserActionsHelpers.java:268)
	at com.shaft.gui.browser.internal.BrowserActionsHelpers.capturePageSnapshot(BrowserActionsHelpers.java:268)
	at com.shaft.gui.browser.internal.BrowserActionsHelpers.capturePageSnapshot(BrowserActionsHelpers.java:268)
	at com.shaft.gui.browser.internal.BrowserActionsHelpers.capturePageSnapshot(BrowserActionsHelpers.java:268)
	at com.shaft.gui.browser.internal.BrowserActionsHelpers.capturePageSnapshot(BrowserActionsHelpers.java:268)
	at com.shaft.gui.browser.internal.BrowserActionsHelpers.capturePageSnapshot(BrowserActionsHelpers.java:268)
	at com.shaft.gui.browser.internal.BrowserActionsHelpers.capturePageSnapshot(BrowserActionsHelpers.java:268)
	at com.shaft.gui.browser.internal.BrowserActionsHelpers.capturePageSnapshot(BrowserActionsHelpers.java:268)
	at com.shaft.gui.browser.internal.BrowserActionsHelpers.capturePageSnapshot(BrowserActionsHelpers.java:268)
	at com.shaft.gui.browser.internal.BrowserActionsHelpers.capturePageSnapshot(BrowserActionsHelpers.java:268)
	at com.shaft.gui.browser.internal.BrowserActionsHelpers.capturePageSnapshot(BrowserActionsHelpers.java:268)
	at com.shaft.gui.browser.internal.BrowserActionsHelpers.capturePageSnapshot(BrowserActionsHelpers.java:268)
	at com.shaft.gui.browser.internal.BrowserActionsHelpers.capturePageSnapshot(BrowserActionsHelpers.java:268)
	at com.shaft.gui.browser.internal.BrowserActionsHelpers.capturePageSnapshot(BrowserActionsHelpers.java:268)
	at com.shaft.gui.browser.internal.BrowserActionsHelpers.capturePageSnapshot(BrowserActionsHelpers.java:268)
	at com.shaft.gui.browser.internal.BrowserActionsHelpers.capturePageSnapshot(BrowserActionsHelpers.java:268)
	at com.shaft.gui.browser.internal.BrowserActionsHelpers.capturePageSnapshot(BrowserActionsHelpers.java:268)
	at com.shaft.gui.browser.internal.BrowserActionsHelpers.capturePageSnapshot(BrowserActionsHelpers.java:268)
	at com.shaft.gui.browser.internal.BrowserActionsHelpers.capturePageSnapshot(BrowserActionsHelpers.java:268)
	at com.shaft.gui.browser.internal.BrowserActionsHelpers.capturePageSnapshot(BrowserActionsHelpers.java:268)
	at com.shaft.gui.browser.internal.BrowserActionsHelpers.capturePageSnapshot(BrowserActionsHelpers.java:268)
	at com.shaft.gui.browser.internal.BrowserActionsHelpers.capturePageSnapshot(BrowserActionsHelpers.java:268)
	at com.shaft.gui.browser.internal.BrowserActionsHelpers.capturePageSnapshot(BrowserActionsHelpers.java:268)
	at com.shaft.gui.browser.internal.BrowserActionsHelpers.capturePageSnapshot(BrowserActionsHelpers.java:268)
	at com.shaft.gui.browser.internal.BrowserActionsHelpers.capturePageSnapshot(BrowserActionsHelpers.java:268)
	at com.shaft.gui.browser.internal.BrowserActionsHelpers.capturePageSnapshot(BrowserActionsHelpers.java:268)
	at com.shaft.gui.browser.internal.BrowserActionsHelpers.capturePageSnapshot(BrowserActionsHelpers.java:268)
	at com.shaft.gui.browser.internal.BrowserActionsHelpers.capturePageSnapshot(BrowserActionsHelpers.java:268)
	at com.shaft.gui.browser.internal.BrowserActionsHelpers.capturePageSnapshot(BrowserActionsHelpers.java:268)
	at com.shaft.gui.browser.internal.BrowserActionsHelpers.capturePageSnapshot(BrowserActionsHelpers.java:268)
	at com.shaft.gui.browser.internal.BrowserActionsHelpers.capturePageSnapshot(BrowserActionsHelpers.java:268)
	at com.shaft.gui.browser.internal.BrowserActionsHelpers.capturePageSnapshot(BrowserActionsHelpers.java:268)
	at com.shaft.gui.browser.internal.BrowserActionsHelpers.capturePageSnapshot(BrowserActionsHelpers.java:268)
	at com.shaft.gui.browser.internal.BrowserActionsHelpers.capturePageSnapshot(BrowserActionsHelpers.java:268)
	at com.shaft.gui.browser.internal.BrowserActionsHelpers.capturePageSnapshot(BrowserActionsHelpers.java:268)
	at com.shaft.gui.browser.internal.BrowserActionsHelpers.capturePageSnapshot(BrowserActionsHelpers.java:268)
	at com.shaft.gui.browser.internal.BrowserActionsHelpers.capturePageSnapshot(BrowserActionsHelpers.java:268)
	at com.shaft.gui.browser.internal.BrowserActionsHelpers.capturePageSnapshot(BrowserActionsHelpers.java:268)
	at com.shaft.gui.browser.internal.BrowserActionsHelpers.capturePageSnapshot(BrowserActionsHelpers.java:268)
	at com.shaft.gui.browser.internal.BrowserActionsHelpers.capturePageSnapshot(BrowserActionsHelpers.java:268)
	at com.shaft.gui.browser.internal.BrowserActionsHelpers.capturePageSnapshot(BrowserActionsHelpers.java:268)
	at com.shaft.gui.browser.internal.BrowserActionsHelpers.capturePageSnapshot(BrowserActionsHelpers.java:268)
	at com.shaft.gui.browser.internal.BrowserActionsHelpers.capturePageSnapshot(BrowserActionsHelpers.java:268)
	at com.shaft.gui.browser.internal.BrowserActionsHelpers.capturePageSnapshot(BrowserActionsHelpers.java:268)
	at com.shaft.gui.browser.internal.BrowserActionsHelpers.capturePageSnapshot(BrowserActionsHelpers.java:268)
	at com.shaft.gui.browser.internal.BrowserActionsHelpers.capturePageSnapshot(BrowserActionsHelpers.java:268)
	at com.shaft.gui.browser.internal.BrowserActionsHelpers.capturePageSnapshot(BrowserActionsHelpers.java:268)
	at com.shaft.gui.browser.internal.BrowserActionsHelpers.capturePageSnapshot(BrowserActionsHelpers.java:268)
	at com.shaft.gui.browser.internal.BrowserActionsHelpers.capturePageSnapshot(BrowserActionsHelpers.java:268)
	at com.shaft.gui.browser.internal.BrowserActionsHelpers.capturePageSnapshot(BrowserActionsHelpers.java:268)
	at com.shaft.gui.browser.internal.BrowserActionsHelpers.capturePageSnapshot(BrowserActionsHelpers.java:268)
	at com.shaft.gui.browser.internal.BrowserActionsHelpers.capturePageSnapshot(BrowserActionsHelpers.java:268)
	at com.shaft.gui.browser.internal.BrowserActionsHelpers.capturePageSnapshot(BrowserActionsHelpers.java:268)
	at com.shaft.gui.browser.internal.BrowserActionsHelpers.capturePageSnapshot(BrowserActionsHelpers.java:268)
	at com.shaft.gui.browser.internal.BrowserActionsHelpers.capturePageSnapshot(BrowserActionsHelpers.java:268)
	at com.shaft.gui.browser.internal.BrowserActionsHelpers.capturePageSnapshot(BrowserActionsHelpers.java:268)
	at com.shaft.gui.browser.internal.BrowserActionsHelpers.capturePageSnapshot(BrowserActionsHelpers.java:268)
	at com.shaft.gui.browser.internal.BrowserActionsHelpers.capturePageSnapshot(BrowserActionsHelpers.java:268)
	at com.shaft.gui.browser.internal.BrowserActionsHelpers.capturePageSnapshot(BrowserActionsHelpers.java:268)
	at com.shaft.gui.browser.internal.BrowserActionsHelpers.capturePageSnapshot(BrowserActionsHelpers.java:268)
	at com.shaft.gui.browser.internal.BrowserActionsHelpers.capturePageSnapshot(BrowserActionsHelpers.java:268)
	at com.shaft.gui.browser.internal.BrowserActionsHelpers.capturePageSnapshot(BrowserActionsHelpers.java:268)
	at com.shaft.gui.browser.internal.BrowserActionsHelpers.capturePageSnapshot(BrowserActionsHelpers.java:268)
	at com.shaft.gui.browser.internal.BrowserActionsHelpers.capturePageSnapshot(BrowserActionsHelpers.java:268)
	at com.shaft.gui.browser.internal.BrowserActionsHelpers.capturePageSnapshot(BrowserActionsHelpers.java:268)
	at com.shaft.gui.browser.internal.BrowserActionsHelpers.capturePageSnapshot(BrowserActionsHelpers.java:268)
	at com.shaft.gui.browser.internal.BrowserActionsHelpers.capturePageSnapshot(BrowserActionsHelpers.java:268)
	at com.shaft.gui.browser.internal.BrowserActionsHelpers.capturePageSnapshot(BrowserActionsHelpers.java:268)
	at com.shaft.gui.browser.internal.BrowserActionsHelpers.capturePageSnapshot(BrowserActionsHelpers.java:268)
	at com.shaft.gui.browser.internal.BrowserActionsHelpers.capturePageSnapshot(BrowserActionsHelpers.java:268)
	at com.shaft.gui.browser.internal.BrowserActionsHelpers.capturePageSnapshot(BrowserActionsHelpers.java:268)
	at com.shaft.gui.browser.internal.BrowserActionsHelpers.capturePageSnapshot(BrowserActionsHelpers.java:268)
	at com.shaft.gui.browser.internal.BrowserActionsHelpers.capturePageSnapshot(BrowserActionsHelpers.java:268)
	at com.shaft.gui.browser.internal.BrowserActionsHelpers.capturePageSnapshot(BrowserActionsHelpers.java:268)
	at com.shaft.gui.browser.internal.BrowserActionsHelpers.capturePageSnapshot(BrowserActionsHelpers.java:268)
	at com.shaft.gui.browser.internal.BrowserActionsHelpers.capturePageSnapshot(BrowserActionsHelpers.java:268)
	at com.shaft.gui.browser.internal.BrowserActionsHelpers.capturePageSnapshot(BrowserActionsHelpers.java:268)
	at com.shaft.gui.browser.internal.BrowserActionsHelpers.capturePageSnapshot(BrowserActionsHelpers.java:268)
	at com.shaft.gui.browser.internal.BrowserActionsHelpers.capturePageSnapshot(BrowserActionsHelpers.java:268)
	at com.shaft.gui.browser.internal.BrowserActionsHelpers.capturePageSnapshot(BrowserActionsHelpers.java:268)
	at com.shaft.gui.browser.internal.BrowserActionsHelpers.capturePageSnapshot(BrowserActionsHelpers.java:268)
	at com.shaft.gui.browser.internal.BrowserActionsHelpers.capturePageSnapshot(BrowserActionsHelpers.java:268)
	at com.shaft.gui.browser.internal.BrowserActionsHelpers.capturePageSnapshot(BrowserActionsHelpers.java:268)
	at com.shaft.gui.browser.internal.BrowserActionsHelpers.capturePageSnapshot(BrowserActionsHelpers.java:268)
	at com.shaft.gui.browser.internal.BrowserActionsHelpers.capturePageSnapshot(BrowserActionsHelpers.java:268)
	at com.shaft.gui.browser.internal.BrowserActionsHelpers.capturePageSnapshot(BrowserActionsHelpers.java:268)
	at com.shaft.gui.browser.internal.BrowserActionsHelpers.capturePageSnapshot(BrowserActionsHelpers.java:268)
	at com.shaft.gui.browser.internal.BrowserActionsHelpers.capturePageSnapshot(BrowserActionsHelpers.java:268)
	at com.shaft.gui.browser.internal.BrowserActionsHelpers.capturePageSnapshot(BrowserActionsHelpers.java:268)
	at com.shaft.gui.browser.internal.BrowserActionsHelpers.capturePageSnapshot(BrowserActionsHelpers.java:268)
	at com.shaft.gui.browser.internal.BrowserActionsHelpers.capturePageSnapshot(BrowserActionsHelpers.java:268)
	at com.shaft.gui.browser.internal.BrowserActionsHelpers.capturePageSnapshot(BrowserActionsHelpers.java:268)
	at com.shaft.gui.browser.internal.BrowserActionsHelpers.capturePageSnapshot(BrowserActionsHelpers.java:268)
	at com.shaft.gui.browser.internal.BrowserActionsHelpers.capturePageSnapshot(BrowserActionsHelpers.java:268)
	at com.shaft.gui.browser.internal.BrowserActionsHelpers.capturePageSnapshot(BrowserActionsHelpers.java:268)
	at com.shaft.gui.browser.internal.BrowserActionsHelpers.capturePageSnapshot(BrowserActionsHelpers.java:268)
	at com.shaft.gui.browser.internal.BrowserActionsHelpers.capturePageSnapshot(BrowserActionsHelpers.java:268)
	at com.shaft.gui.browser.internal.BrowserActionsHelpers.capturePageSnapshot(BrowserActionsHelpers.java:268)
	at com.shaft.gui.browser.internal.BrowserActionsHelpers.capturePageSnapshot(BrowserActionsHelpers.java:268)
	at com.shaft.gui.browser.internal.BrowserActionsHelpers.capturePageSnapshot(BrowserActionsHelpers.java:268)
	at com.shaft.gui.browser.internal.BrowserActionsHelpers.capturePageSnapshot(BrowserActionsHelpers.java:268)
	at com.shaft.gui.browser.internal.BrowserActionsHelpers.capturePageSnapshot(BrowserActionsHelpers.java:268)
	at com.shaft.gui.browser.internal.BrowserActionsHelpers.capturePageSnapshot(BrowserActionsHelpers.java:268)
	at com.shaft.gui.browser.internal.BrowserActionsHelpers.capturePageSnapshot(BrowserActionsHelpers.java:268)
	at com.shaft.gui.browser.internal.BrowserActionsHelpers.capturePageSnapshot(BrowserActionsHelpers.java:268)
	at com.shaft.gui.browser.internal.BrowserActionsHelpers.capturePageSnapshot(BrowserActionsHelpers.java:268)
	at com.shaft.gui.browser.internal.BrowserActionsHelpers.capturePageSnapshot(BrowserActionsHelpers.java:268)
	at com.shaft.gui.browser.internal.BrowserActionsHelpers.capturePageSnapshot(BrowserActionsHelpers.java:268)
	at com.shaft.gui.browser.internal.BrowserActionsHelpers.capturePageSnapshot(BrowserActionsHelpers.java:268)
	at com.shaft.gui.browser.internal.BrowserActionsHelpers.capturePageSnapshot(BrowserActionsHelpers.java:268)
	at com.shaft.gui.browser.internal.BrowserActionsHelpers.capturePageSnapshot(BrowserActionsHelpers.java:268)
	at com.shaft.gui.browser.internal.BrowserActionsHelpers.capturePageSnapshot(BrowserActionsHelpers.java:268)
	at com.shaft.gui.browser.internal.BrowserActionsHelpers.capturePageSnapshot(BrowserActionsHelpers.java:268)
	at com.shaft.gui.browser.internal.BrowserActionsHelpers.capturePageSnapshot(BrowserActionsHelpers.java:268)
	at com.shaft.gui.browser.internal.BrowserActionsHelpers.capturePageSnapshot(BrowserActionsHelpers.java:268)
	at com.shaft.gui.browser.internal.BrowserActionsHelpers.capturePageSnapshot(BrowserActionsHelpers.java:268)
	at com.shaft.gui.browser.internal.BrowserActionsHelpers.capturePageSnapshot(BrowserActionsHelpers.java:268)
	at com.shaft.gui.browser.internal.BrowserActionsHelpers.capturePageSnapshot(BrowserActionsHelpers.java:268)
	at com.shaft.gui.browser.internal.BrowserActionsHelpers.capturePageSnapshot(BrowserActionsHelpers.java:268)
	at com.shaft.gui.browser.internal.BrowserActionsHelpers.capturePageSnapshot(BrowserActionsHelpers.java:268)
	at com.shaft.gui.browser.internal.BrowserActionsHelpers.capturePageSnapshot(BrowserActionsHelpers.java:268)
	at com.shaft.gui.browser.internal.BrowserActionsHelpers.capturePageSnapshot(BrowserActionsHelpers.java:268)
	at com.shaft.gui.browser.internal.BrowserActionsHelpers.capturePageSnapshot(BrowserActionsHelpers.java:268)
	at com.shaft.gui.browser.internal.BrowserActionsHelpers.capturePageSnapshot(BrowserActionsHelpers.java:268)
	at com.shaft.gui.browser.internal.BrowserActionsHelpers.capturePageSnapshot(BrowserActionsHelpers.java:268)
	at com.shaft.gui.browser.internal.BrowserActionsHelpers.capturePageSnapshot(BrowserActionsHelpers.java:268)
	at com.shaft.gui.browser.internal.BrowserActionsHelpers.capturePageSnapshot(BrowserActionsHelpers.java:268)
	at com.shaft.gui.browser.internal.BrowserActionsHelpers.capturePageSnapshot(BrowserActionsHelpers.java:268)
	at com.shaft.gui.browser.internal.BrowserActionsHelpers.capturePageSnapshot(BrowserActionsHelpers.java:268)
	at com.shaft.gui.browser.internal.BrowserActionsHelpers.capturePageSnapshot(BrowserActionsHelpers.java:268)
	at com.shaft.gui.browser.internal.BrowserActionsHelpers.capturePageSnapshot(BrowserActionsHelpers.java:268)
	at com.shaft.gui.browser.internal.BrowserActionsHelpers.capturePageSnapshot(BrowserActionsHelpers.java:268)
	at com.shaft.gui.browser.internal.BrowserActionsHelpers.capturePageSnapshot(BrowserActionsHelpers.java:268)
	at com.shaft.gui.browser.internal.BrowserActionsHelpers.capturePageSnapshot(BrowserActionsHelpers.java:268)
	at com.shaft.gui.browser.internal.BrowserActionsHelpers.capturePageSnapshot(BrowserActionsHelpers.java:268)
	at com.shaft.gui.browser.internal.BrowserActionsHelpers.capturePageSnapshot(BrowserActionsHelpers.java:268)
	at com.shaft.gui.browser.internal.BrowserActionsHelpers.capturePageSnapshot(BrowserActionsHelpers.java:268)
	at com.shaft.gui.browser.internal.BrowserActionsHelpers.capturePageSnapshot(BrowserActionsHelpers.java:268)
	at com.shaft.gui.browser.internal.BrowserActionsHelpers.capturePageSnapshot(BrowserActionsHelpers.java:268)
	at com.shaft.gui.browser.internal.BrowserActionsHelpers.capturePageSnapshot(BrowserActionsHelpers.java:268)
	at com.shaft.gui.browser.internal.BrowserActionsHelpers.capturePageSnapshot(BrowserActionsHelpers.java:268)
	at com.shaft.gui.browser.internal.BrowserActionsHelpers.capturePageSnapshot(BrowserActionsHelpers.java:268)
	at com.shaft.gui.browser.internal.BrowserActionsHelpers.capturePageSnapshot(BrowserActionsHelpers.java:268)
	at com.shaft.gui.browser.internal.BrowserActionsHelpers.capturePageSnapshot(BrowserActionsHelpers.java:268)
	at com.shaft.gui.browser.internal.BrowserActionsHelpers.capturePageSnapshot(BrowserActionsHelpers.java:268)
	at com.shaft.gui.browser.internal.BrowserActionsHelpers.capturePageSnapshot(BrowserActionsHelpers.java:268)
	at com.shaft.gui.browser.internal.BrowserActionsHelpers.capturePageSnapshot(BrowserActionsHelpers.java:268)
	at com.shaft.gui.browser.internal.BrowserActionsHelpers.capturePageSnapshot(BrowserActionsHelpers.java:268)
	at com.shaft.gui.browser.internal.BrowserActionsHelpers.capturePageSnapshot(BrowserActionsHelpers.java:268)
	at com.shaft.gui.browser.internal.BrowserActionsHelpers.capturePageSnapshot(BrowserActionsHelpers.java:268)
	at com.shaft.gui.browser.internal.BrowserActionsHelpers.capturePageSnapshot(BrowserActionsHelpers.java:268)
	at com.shaft.gui.browser.internal.BrowserActionsHelpers.capturePageSnapshot(BrowserActionsHelpers.java:268)
	at com.shaft.gui.browser.internal.BrowserActionsHelpers.capturePageSnapshot(BrowserActionsHelpers.java:268)
	at com.shaft.gui.browser.internal.BrowserActionsHelpers.capturePageSnapshot(BrowserActionsHelpers.java:268)
	at com.shaft.gui.browser.internal.BrowserActionsHelpers.capturePageSnapshot(BrowserActionsHelpers.java:268)
	at com.shaft.gui.browser.internal.BrowserActionsHelpers.capturePageSnapshot(BrowserActionsHelpers.java:268)
	at com.shaft.gui.browser.internal.BrowserActionsHelpers.capturePageSnapshot(BrowserActionsHelpers.java:268)
	at com.shaft.gui.browser.internal.BrowserActionsHelpers.capturePageSnapshot(BrowserActionsHelpers.java:268)
	at com.shaft.gui.browser.internal.BrowserActionsHelpers.capturePageSnapshot(BrowserActionsHelpers.java:268)
	at com.shaft.gui.browser.internal.BrowserActionsHelpers.capturePageSnapshot(BrowserActionsHelpers.java:268)
	at com.shaft.gui.browser.internal.BrowserActionsHelpers.capturePageSnapshot(BrowserActionsHelpers.java:268)
	at com.shaft.gui.browser.internal.BrowserActionsHelpers.capturePageSnapshot(BrowserActionsHelpers.java:268)
	at com.shaft.gui.browser.internal.BrowserActionsHelpers.capturePageSnapshot(BrowserActionsHelpers.java:268)
	at com.shaft.gui.browser.internal.BrowserActionsHelpers.capturePageSnapshot(BrowserActionsHelpers.java:268)
	at com.shaft.gui.browser.internal.BrowserActionsHelpers.capturePageSnapshot(BrowserActionsHelpers.java:268)
	at com.shaft.gui.browser.internal.BrowserActionsHelpers.capturePageSnapshot(BrowserActionsHelpers.java:268)
	at com.shaft.gui.browser.internal.BrowserActionsHelpers.capturePageSnapshot(BrowserActionsHelpers.java:268)
	at com.shaft.gui.browser.internal.BrowserActionsHelpers.capturePageSnapshot(BrowserActionsHelpers.java:268)
	at com.shaft.gui.browser.internal.BrowserActionsHelpers.capturePageSnapshot(BrowserActionsHelpers.java:268)
	at com.shaft.gui.browser.internal.BrowserActionsHelpers.capturePageSnapshot(BrowserActionsHelpers.java:268)
	at com.shaft.gui.browser.internal.BrowserActionsHelpers.capturePageSnapshot(BrowserActionsHelpers.java:268)
	at com.shaft.gui.browser.internal.BrowserActionsHelpers.capturePageSnapshot(BrowserActionsHelpers.java:268)
	at com.shaft.gui.browser.internal.BrowserActionsHelpers.capturePageSnapshot(BrowserActionsHelpers.java:268)
	at com.shaft.gui.browser.internal.BrowserActionsHelpers.capturePageSnapshot(BrowserActionsHelpers.java:268)
	at com.shaft.gui.browser.internal.BrowserActionsHelpers.capturePageSnapshot(BrowserActionsHelpers.java:268)
	at com.shaft.gui.browser.internal.BrowserActionsHelpers.capturePageSnapshot(BrowserActionsHelpers.java:268)
	at com.shaft.gui.browser.internal.BrowserActionsHelpers.capturePageSnapshot(BrowserActionsHelpers.java:268)
	at com.shaft.gui.browser.internal.BrowserActionsHelpers.capturePageSnapshot(BrowserActionsHelpers.java:268)
	at com.shaft.gui.browser.internal.BrowserActionsHelpers.capturePageSnapshot(BrowserActionsHelpers.java:268)
	at com.shaft.gui.browser.internal.BrowserActionsHelpers.capturePageSnapshot(BrowserActionsHelpers.java:268)
	at com.shaft.gui.browser.internal.BrowserActionsHelpers.capturePageSnapshot(BrowserActionsHelpers.java:268)
	at com.shaft.gui.browser.internal.BrowserActionsHelpers.capturePageSnapshot(BrowserActionsHelpers.java:268)
	at com.shaft.gui.browser.internal.BrowserActionsHelpers.capturePageSnapshot(BrowserActionsHelpers.java:268)
	at com.shaft.gui.browser.internal.BrowserActionsHelpers.capturePageSnapshot(BrowserActionsHelpers.java:268)
	at com.shaft.gui.browser.internal.BrowserActionsHelpers.capturePageSnapshot(BrowserActionsHelpers.java:268)
	at com.shaft.gui.browser.internal.BrowserActionsHelpers.capturePageSnapshot(BrowserActionsHelpers.java:268)
	at com.shaft.gui.browser.internal.BrowserActionsHelpers.capturePageSnapshot(BrowserActionsHelpers.java:268)
	at com.shaft.gui.browser.internal.BrowserActionsHelpers.capturePageSnapshot(BrowserActionsHelpers.java:268)
	at com.shaft.gui.browser.internal.BrowserActionsHelpers.capturePageSnapshot(BrowserActionsHelpers.java:268)
	at com.shaft.gui.browser.internal.BrowserActionsHelpers.capturePageSnapshot(BrowserActionsHelpers.java:268)
	at com.shaft.gui.browser.internal.BrowserActionsHelpers.capturePageSnapshot(BrowserActionsHelpers.java:268)
	at com.shaft.gui.browser.internal.BrowserActionsHelpers.capturePageSnapshot(BrowserActionsHelpers.java:268)
	at com.shaft.gui.browser.internal.BrowserActionsHelpers.capturePageSnapshot(BrowserActionsHelpers.java:268)
	at com.shaft.gui.browser.internal.BrowserActionsHelpers.capturePageSnapshot(BrowserActionsHelpers.java:268)
	at com.shaft.gui.browser.internal.BrowserActionsHelpers.capturePageSnapshot(BrowserActionsHelpers.java:268)
	at com.shaft.gui.browser.internal.BrowserActionsHelpers.capturePageSnapshot(BrowserActionsHelpers.java:268)
	at com.shaft.gui.browser.internal.BrowserActionsHelpers.capturePageSnapshot(BrowserActionsHelpers.java:268)
	at com.shaft.gui.browser.internal.BrowserActionsHelpers.capturePageSnapshot(BrowserActionsHelpers.java:268)
	at com.shaft.gui.browser.internal.BrowserActionsHelpers.capturePageSnapshot(BrowserActionsHelpers.java:268)
	at com.shaft.gui.browser.internal.BrowserActionsHelpers.capturePageSnapshot(BrowserActionsHelpers.java:268)
	at com.shaft.gui.browser.internal.BrowserActionsHelpers.capturePageSnapshot(BrowserActionsHelpers.java:268)
	at com.shaft.gui.browser.internal.BrowserActionsHelpers.capturePageSnapshot(BrowserActionsHelpers.java:268)
	at com.shaft.gui.browser.internal.BrowserActionsHelpers.capturePageSnapshot(BrowserActionsHelpers.java:268)
	at com.shaft.gui.browser.internal.BrowserActionsHelpers.capturePageSnapshot(BrowserActionsHelpers.java:268)
	at com.shaft.gui.browser.internal.BrowserActionsHelpers.capturePageSnapshot(BrowserActionsHelpers.java:268)
	at com.shaft.gui.browser.internal.BrowserActionsHelpers.capturePageSnapshot(BrowserActionsHelpers.java:268)
	at com.shaft.gui.browser.internal.BrowserActionsHelpers.capturePageSnapshot(BrowserActionsHelpers.java:268)
	at com.shaft.gui.browser.internal.BrowserActionsHelpers.capturePageSnapshot(BrowserActionsHelpers.java:268)
	at com.shaft.gui.browser.internal.BrowserActionsHelpers.capturePageSnapshot(BrowserActionsHelpers.java:268)
	at com.shaft.gui.browser.internal.BrowserActionsHelpers.capturePageSnapshot(BrowserActionsHelpers.java:268)
	at com.shaft.gui.browser.internal.BrowserActionsHelpers.capturePageSnapshot(BrowserActionsHelpers.java:268)
	at com.shaft.gui.browser.internal.BrowserActionsHelpers.capturePageSnapshot(BrowserActionsHelpers.java:268)
	at com.shaft.gui.browser.internal.BrowserActionsHelpers.capturePageSnapshot(BrowserActionsHelpers.java:268)
	at com.shaft.gui.browser.internal.BrowserActionsHelpers.capturePageSnapshot(BrowserActionsHelpers.java:268)
	at com.shaft.gui.browser.internal.BrowserActionsHelpers.capturePageSnapshot(BrowserActionsHelpers.java:268)
	at com.shaft.gui.browser.internal.BrowserActionsHelpers.capturePageSnapshot(BrowserActionsHelpers.java:268)
	at com.shaft.gui.browser.internal.BrowserActionsHelpers.capturePageSnapshot(BrowserActionsHelpers.java:268)
	at com.shaft.gui.browser.internal.BrowserActionsHelpers.capturePageSnapshot(BrowserActionsHelpers.java:268)
	at com.shaft.gui.browser.internal.BrowserActionsHelpers.capturePageSnapshot(BrowserActionsHelpers.java:268)
	at com.shaft.gui.browser.internal.BrowserActionsHelpers.capturePageSnapshot(BrowserActionsHelpers.java:268)
	at com.shaft.gui.browser.internal.BrowserActionsHelpers.capturePageSnapshot(BrowserActionsHelpers.java:268)
	at com.shaft.gui.browser.internal.BrowserActionsHelpers.capturePageSnapshot(BrowserActionsHelpers.java:268)
	at com.shaft.gui.browser.internal.BrowserActionsHelpers.capturePageSnapshot(BrowserActionsHelpers.java:268)
	at com.shaft.gui.browser.internal.BrowserActionsHelpers.capturePageSnapshot(BrowserActionsHelpers.java:268)
	at com.shaft.gui.browser.internal.BrowserActionsHelpers.capturePageSnapshot(BrowserActionsHelpers.java:268)
	at com.shaft.gui.browser.internal.BrowserActionsHelpers.capturePageSnapshot(BrowserActionsHelpers.java:268)
	at com.shaft.gui.browser.internal.BrowserActionsHelpers.capturePageSnapshot(BrowserActionsHelpers.java:268)
	at com.shaft.gui.browser.internal.BrowserActionsHelpers.capturePageSnapshot(BrowserActionsHelpers.java:268)
	at com.shaft.gui.browser.internal.BrowserActionsHelpers.capturePageSnapshot(BrowserActionsHelpers.java:268)
	at com.shaft.gui.browser.internal.BrowserActionsHelpers.capturePageSnapshot(BrowserActionsHelpers.java:268)
	at com.shaft.gui.browser.internal.BrowserActionsHelpers.capturePageSnapshot(BrowserActionsHelpers.java:268)
	at com.shaft.gui.browser.internal.BrowserActionsHelpers.capturePageSnapshot(BrowserActionsHelpers.java:268)
	at com.shaft.gui.browser.internal.BrowserActionsHelpers.capturePageSnapshot(BrowserActionsHelpers.java:268)
	at com.shaft.gui.browser.internal.BrowserActionsHelpers.capturePageSnapshot(BrowserActionsHelpers.java:268)
	at com.shaft.gui.browser.internal.BrowserActionsHelpers.capturePageSnapshot(BrowserActionsHelpers.java:268)
	at com.shaft.gui.browser.internal.BrowserActionsHelpers.capturePageSnapshot(BrowserActionsHelpers.java:268)
	at com.shaft.gui.browser.internal.BrowserActionsHelpers.capturePageSnapshot(BrowserActionsHelpers.java:268)
	at com.shaft.gui.browser.internal.BrowserActionsHelpers.capturePageSnapshot(BrowserActionsHelpers.java:268)
	at com.shaft.gui.browser.internal.BrowserActionsHelpers.capturePageSnapshot(BrowserActionsHelpers.java:268)
	at com.shaft.gui.browser.internal.BrowserActionsHelpers.capturePageSnapshot(BrowserActionsHelpers.java:268)
	at com.shaft.gui.browser.internal.BrowserActionsHelpers.capturePageSnapshot(BrowserActionsHelpers.java:268)
	at com.shaft.gui.browser.internal.BrowserActionsHelpers.capturePageSnapshot(BrowserActionsHelpers.java:268)
	at com.shaft.gui.browser.internal.BrowserActionsHelpers.capturePageSnapshot(BrowserActionsHelpers.java:268)
	at com.shaft.gui.browser.internal.BrowserActionsHelpers.capturePageSnapshot(BrowserActionsHelpers.java:268)
	at com.shaft.gui.browser.internal.BrowserActionsHelpers.capturePageSnapshot(BrowserActionsHelpers.java:268)
	at com.shaft.gui.browser.internal.BrowserActionsHelpers.capturePageSnapshot(BrowserActionsHelpers.java:268)
	at com.shaft.gui.browser.internal.BrowserActionsHelpers.capturePageSnapshot(BrowserActionsHelpers.java:268)
	at com.shaft.gui.browser.internal.BrowserActionsHelpers.capturePageSnapshot(BrowserActionsHelpers.java:268)
	at com.shaft.gui.browser.internal.BrowserActionsHelpers.capturePageSnapshot(BrowserActionsHelpers.java:268)
	at com.shaft.gui.browser.internal.BrowserActionsHelpers.capturePageSnapshot(BrowserActionsHelpers.java:268)
	at com.shaft.gui.browser.internal.BrowserActionsHelpers.capturePageSnapshot(BrowserActionsHelpers.java:268)
	at com.shaft.gui.browser.internal.BrowserActionsHelpers.capturePageSnapshot(BrowserActionsHelpers.java:268)
	at com.shaft.gui.browser.internal.BrowserActionsHelpers.capturePageSnapshot(BrowserActionsHelpers.java:268)
	at com.shaft.gui.browser.internal.BrowserActionsHelpers.capturePageSnapshot(BrowserActionsHelpers.java:268)
	at com.shaft.gui.browser.internal.BrowserActionsHelpers.capturePageSnapshot(BrowserActionsHelpers.java:268)
	at com.shaft.gui.browser.internal.BrowserActionsHelpers.capturePageSnapshot(BrowserActionsHelpers.java:268)
	at com.shaft.gui.browser.internal.BrowserActionsHelpers.capturePageSnapshot(BrowserActionsHelpers.java:268)
	at com.shaft.gui.browser.internal.BrowserActionsHelpers.capturePageSnapshot(BrowserActionsHelpers.java:268)
	at com.shaft.gui.browser.internal.BrowserActionsHelpers.capturePageSnapshot(BrowserActionsHelpers.java:268)
	at com.shaft.gui.browser.internal.BrowserActionsHelpers.capturePageSnapshot(BrowserActionsHelpers.java:268)
	at com.shaft.gui.browser.internal.BrowserActionsHelpers.capturePageSnapshot(BrowserActionsHelpers.java:268)
	at com.shaft.gui.browser.internal.BrowserActionsHelpers.capturePageSnapshot(BrowserActionsHelpers.java:268)
	at com.shaft.gui.browser.internal.BrowserActionsHelpers.capturePageSnapshot(BrowserActionsHelpers.java:268)
	at com.shaft.gui.browser.internal.BrowserActionsHelpers.capturePageSnapshot(BrowserActionsHelpers.java:268)
	at com.shaft.gui.browser.internal.BrowserActionsHelpers.capturePageSnapshot(BrowserActionsHelpers.java:268)
	at com.shaft.gui.browser.internal.BrowserActionsHelpers.capturePageSnapshot(BrowserActionsHelpers.java:268)
	at com.shaft.gui.browser.internal.BrowserActionsHelpers.capturePageSnapshot(BrowserActionsHelpers.java:268)
	at com.shaft.gui.browser.internal.BrowserActionsHelpers.capturePageSnapshot(BrowserActionsHelpers.java:268)
	at com.shaft.gui.browser.internal.BrowserActionsHelpers.capturePageSnapshot(BrowserActionsHelpers.java:268)
	at com.shaft.gui.browser.internal.BrowserActionsHelpers.capturePageSnapshot(BrowserActionsHelpers.java:268)
	at com.shaft.gui.browser.internal.BrowserActionsHelpers.capturePageSnapshot(BrowserActionsHelpers.java:268)
	at com.shaft.gui.browser.internal.BrowserActionsHelpers.capturePageSnapshot(BrowserActionsHelpers.java:268)
	at com.shaft.gui.browser.internal.BrowserActionsHelpers.capturePageSnapshot(BrowserActionsHelpers.java:268)
	at com.shaft.gui.browser.internal.BrowserActionsHelpers.capturePageSnapshot(BrowserActionsHelpers.java:268)
	at com.shaft.gui.browser.internal.BrowserActionsHelpers.capturePageSnapshot(BrowserActionsHelpers.java:268)
	at com.shaft.gui.browser.internal.BrowserActionsHelpers.capturePageSnapshot(BrowserActionsHelpers.java:268)
	at com.shaft.gui.browser.internal.BrowserActionsHelpers.capturePageSnapshot(BrowserActionsHelpers.java:268)
	at com.shaft.gui.browser.internal.BrowserActionsHelpers.capturePageSnapshot(BrowserActionsHelpers.java:268)
	at com.shaft.gui.browser.internal.BrowserActionsHelpers.capturePageSnapshot(BrowserActionsHelpers.java:268)
	at com.shaft.gui.browser.internal.BrowserActionsHelpers.capturePageSnapshot(BrowserActionsHelpers.java:268)
	at com.shaft.gui.browser.internal.BrowserActionsHelpers.capturePageSnapshot(BrowserActionsHelpers.java:268)
	at com.shaft.gui.browser.internal.BrowserActionsHelpers.capturePageSnapshot(BrowserActionsHelpers.java:268)
	at com.shaft.gui.browser.internal.BrowserActionsHelpers.capturePageSnapshot(BrowserActionsHelpers.java:268)
	at com.shaft.gui.browser.internal.BrowserActionsHelpers.capturePageSnapshot(BrowserActionsHelpers.java:268)
	at com.shaft.gui.browser.internal.BrowserActionsHelpers.capturePageSnapshot(BrowserActionsHelpers.java:268)
	at com.shaft.gui.browser.internal.BrowserActionsHelpers.capturePageSnapshot(BrowserActionsHelpers.java:268)
	at com.shaft.gui.browser.internal.BrowserActionsHelpers.capturePageSnapshot(BrowserActionsHelpers.java:268)
	at com.shaft.gui.browser.internal.BrowserActionsHelpers.capturePageSnapshot(BrowserActionsHelpers.java:268)
	at com.shaft.gui.browser.internal.BrowserActionsHelpers.capturePageSnapshot(BrowserActionsHelpers.java:268)
	at com.shaft.gui.browser.internal.BrowserActionsHelpers.capturePageSnapshot(BrowserActionsHelpers.java:268)
	at com.shaft.gui.browser.internal.BrowserActionsHelpers.capturePageSnapshot(BrowserActionsHelpers.java:268)
	at com.shaft.gui.browser.internal.BrowserActionsHelpers.capturePageSnapshot(BrowserActionsHelpers.java:268)
	at com.shaft.gui.browser.internal.BrowserActionsHelpers.capturePageSnapshot(BrowserActionsHelpers.java:268)
	at com.shaft.gui.browser.internal.BrowserActionsHelpers.capturePageSnapshot(BrowserActionsHelpers.java:268)
	at com.shaft.gui.browser.internal.BrowserActionsHelpers.capturePageSnapshot(BrowserActionsHelpers.java:268)
	at com.shaft.gui.browser.internal.BrowserActionsHelpers.capturePageSnapshot(BrowserActionsHelpers.java:268)
	at com.shaft.gui.browser.internal.BrowserActionsHelpers.capturePageSnapshot(BrowserActionsHelpers.java:268)
	at com.shaft.gui.browser.internal.BrowserActionsHelpers.capturePageSnapshot(BrowserActionsHelpers.java:268)
	at com.shaft.gui.browser.internal.BrowserActionsHelpers.capturePageSnapshot(BrowserActionsHelpers.java:268)
	at com.shaft.gui.browser.internal.BrowserActionsHelpers.capturePageSnapshot(BrowserActionsHelpers.java:268)
	at com.shaft.gui.browser.internal.BrowserActionsHelpers.capturePageSnapshot(BrowserActionsHelpers.java:268)
	at com.shaft.gui.browser.internal.BrowserActionsHelpers.capturePageSnapshot(BrowserActionsHelpers.java:268)
	at com.shaft.gui.browser.internal.BrowserActionsHelpers.capturePageSnapshot(BrowserActionsHelpers.java:268)
	at com.shaft.gui.browser.internal.BrowserActionsHelpers.capturePageSnapshot(BrowserActionsHelpers.java:268)
	at com.shaft.gui.browser.internal.BrowserActionsHelpers.capturePageSnapshot(BrowserActionsHelpers.java:268)
	at com.shaft.gui.browser.internal.BrowserActionsHelpers.capturePageSnapshot(BrowserActionsHelpers.java:268)
	at com.shaft.gui.browser.internal.BrowserActionsHelpers.capturePageSnapshot(BrowserActionsHelpers.java:268)
	at com.shaft.gui.browser.internal.BrowserActionsHelpers.capturePageSnapshot(BrowserActionsHelpers.java:268)
	at com.shaft.gui.browser.internal.BrowserActionsHelpers.capturePageSnapshot(BrowserActionsHelpers.java:268)
	at com.shaft.gui.browser.internal.BrowserActionsHelpers.capturePageSnapshot(BrowserActionsHelpers.java:268)
	at com.shaft.gui.browser.internal.BrowserActionsHelpers.capturePageSnapshot(BrowserActionsHelpers.java:268)
	at com.shaft.gui.browser.internal.BrowserActionsHelpers.capturePageSnapshot(BrowserActionsHelpers.java:268)
	at com.shaft.gui.browser.internal.BrowserActionsHelpers.capturePageSnapshot(BrowserActionsHelpers.java:268)
	at com.shaft.gui.browser.internal.BrowserActionsHelpers.capturePageSnapshot(BrowserActionsHelpers.java:268)
	at com.shaft.gui.browser.internal.BrowserActionsHelpers.capturePageSnapshot(BrowserActionsHelpers.java:268)
	at com.shaft.gui.browser.internal.BrowserActionsHelpers.capturePageSnapshot(BrowserActionsHelpers.java:268)
	at com.shaft.gui.browser.internal.BrowserActionsHelpers.capturePageSnapshot(BrowserActionsHelpers.java:268)
	at com.shaft.gui.browser.internal.BrowserActionsHelpers.capturePageSnapshot(BrowserActionsHelpers.java:268)
	at com.shaft.gui.browser.internal.BrowserActionsHelpers.capturePageSnapshot(BrowserActionsHelpers.java:268)
	at com.shaft.gui.browser.internal.BrowserActionsHelpers.capturePageSnapshot(BrowserActionsHelpers.java:268)
	at com.shaft.gui.browser.internal.BrowserActionsHelpers.capturePageSnapshot(BrowserActionsHelpers.java:268)
	at com.shaft.gui.browser.internal.BrowserActionsHelpers.capturePageSnapshot(BrowserActionsHelpers.java:268)
	at com.shaft.gui.browser.internal.BrowserActionsHelpers.capturePageSnapshot(BrowserActionsHelpers.java:268)
	at com.shaft.gui.browser.internal.BrowserActionsHelpers.capturePageSnapshot(BrowserActionsHelpers.java:268)
	at com.shaft.gui.browser.internal.BrowserActionsHelpers.capturePageSnapshot(BrowserActionsHelpers.java:268)
	at com.shaft.gui.browser.internal.BrowserActionsHelpers.capturePageSnapshot(BrowserActionsHelpers.java:268)
	at com.shaft.gui.browser.internal.BrowserActionsHelpers.capturePageSnapshot(BrowserActionsHelpers.java:268)
	at com.shaft.gui.browser.internal.BrowserActionsHelpers.capturePageSnapshot(BrowserActionsHelpers.java:268)
	at com.shaft.gui.browser.internal.BrowserActionsHelpers.capturePageSnapshot(BrowserActionsHelpers.java:268)
	at com.shaft.gui.browser.internal.BrowserActionsHelpers.capturePageSnapshot(BrowserActionsHelpers.java:268)
	at com.shaft.gui.browser.internal.BrowserActionsHelpers.capturePageSnapshot(BrowserActionsHelpers.java:268)
	at com.shaft.gui.browser.internal.BrowserActionsHelpers.capturePageSnapshot(BrowserActionsHelpers.java:268)
	at com.shaft.gui.browser.internal.BrowserActionsHelpers.capturePageSnapshot(BrowserActionsHelpers.java:268)
	at com.shaft.gui.browser.internal.BrowserActionsHelpers.capturePageSnapshot(BrowserActionsHelpers.java:268)
	at com.shaft.gui.browser.internal.BrowserActionsHelpers.capturePageSnapshot(BrowserActionsHelpers.java:268)
	at com.shaft.gui.browser.internal.BrowserActionsHelpers.capturePageSnapshot(BrowserActionsHelpers.java:268)
	at com.shaft.gui.browser.internal.BrowserActionsHelpers.capturePageSnapshot(BrowserActionsHelpers.java:268)
	at com.shaft.gui.browser.internal.BrowserActionsHelpers.capturePageSnapshot(BrowserActionsHelpers.java:268)
	at com.shaft.gui.browser.internal.BrowserActionsHelpers.capturePageSnapshot(BrowserActionsHelpers.java:268)
	at com.shaft.gui.browser.internal.BrowserActionsHelpers.capturePageSnapshot(BrowserActionsHelpers.java:268)
	at com.shaft.gui.browser.internal.BrowserActionsHelpers.capturePageSnapshot(BrowserActionsHelpers.java:268)
	at com.shaft.gui.browser.internal.BrowserActionsHelpers.capturePageSnapshot(BrowserActionsHelpers.java:268)
	at com.shaft.gui.browser.internal.BrowserActionsHelpers.capturePageSnapshot(BrowserActionsHelpers.java:268)
	at com.shaft.gui.browser.internal.BrowserActionsHelpers.capturePageSnapshot(BrowserActionsHelpers.java:268)
	at com.shaft.gui.browser.internal.BrowserActionsHelpers.capturePageSnapshot(BrowserActionsHelpers.java:268)
	at com.shaft.gui.browser.internal.BrowserActionsHelpers.capturePageSnapshot(BrowserActionsHelpers.java:268)
	at com.shaft.gui.browser.internal.BrowserActionsHelpers.capturePageSnapshot(BrowserActionsHelpers.java:268)
	at com.shaft.gui.browser.internal.BrowserActionsHelpers.capturePageSnapshot(BrowserActionsHelpers.java:268)
	at com.shaft.gui.browser.internal.BrowserActionsHelpers.capturePageSnapshot(BrowserActionsHelpers.java:268)
	at com.shaft.gui.browser.internal.BrowserActionsHelpers.capturePageSnapshot(BrowserActionsHelpers.java:268)
	at com.shaft.gui.browser.internal.BrowserActionsHelpers.capturePageSnapshot(BrowserActionsHelpers.java:268)
	at com.shaft.gui.browser.internal.BrowserActionsHelpers.capturePageSnapshot(BrowserActionsHelpers.java:268)
	at com.shaft.gui.browser.internal.BrowserActionsHelpers.capturePageSnapshot(BrowserActionsHelpers.java:268)
	at com.shaft.gui.browser.internal.BrowserActionsHelpers.capturePageSnapshot(BrowserActionsHelpers.java:268)
	at com.shaft.gui.browser.internal.BrowserActionsHelpers.capturePageSnapshot(BrowserActionsHelpers.java:268)
	at com.shaft.gui.browser.internal.BrowserActionsHelpers.capturePageSnapshot(BrowserActionsHelpers.java:268)
	at com.shaft.gui.browser.internal.BrowserActionsHelpers.capturePageSnapshot(BrowserActionsHelpers.java:268)
	at com.shaft.gui.browser.internal.BrowserActionsHelpers.capturePageSnapshot(BrowserActionsHelpers.java:268)
	at com.shaft.gui.browser.internal.BrowserActionsHelpers.capturePageSnapshot(BrowserActionsHelpers.java:268)
	at com.shaft.gui.browser.internal.BrowserActionsHelpers.capturePageSnapshot(BrowserActionsHelpers.java:268)
]]></failure>
    <system-out><![CDATA[&amp#27;[38;2;0;96;168;1m[INFO]&amp#27;[m &amp#27;[m
------------------------------------------------------------------------------------------------------------------------------------------------
                                             Starting execution of after method configuration method                                             
                                                          'GuiTests.SaTest.AfterMethod'                                                          
------------------------------------------------------------------------------------------------------------------------------------------------
 &amp#27;[m&amp#27;[90m| com.shaft.tools.io.ReportManager&amp#27;[m &amp#27;[90m- main&amp#27;[m &amp#27;[90m- 12:51:01 PM&amp#27;[m 
&amp#27;[38;2;0;96;168;1m[INFO]&amp#27;[m &amp#27;[mSuccessfully Closed Driver. &amp#27;[m&amp#27;[90m| com.shaft.tools.io.ReportManager&amp#27;[m &amp#27;[90m- main&amp#27;[m &amp#27;[90m- 12:51:15 PM&amp#27;[m 
&amp#27;[31;1m[ERROR]&amp#27;[m &amp#27;[mCould not add attachment: no test is running &amp#27;[m&amp#27;[90m| io.qameta.allure.AllureLifecycle&amp#27;[m &amp#27;[90m- main&amp#27;[m &amp#27;[90m- 12:51:15 PM&amp#27;[m 
&amp#27;[38;2;0;96;168;1m[INFO]&amp#27;[m &amp#27;[mSuccessfully created attachment 'SHAFT Engine Logs - Current Method log: AfterMethod' &amp#27;[m&amp#27;[90m| com.shaft.tools.io.ReportManager&amp#27;[m &amp#27;[90m- main&amp#27;[m &amp#27;[90m- 12:51:15 PM&amp#27;[m 
]]></system-out>
  </testcase>
</testsuite>